<?xml version="1.0" encoding="UTF-8"?>
<testsuite name="com.outreachmappingsolutions.Models.ClientBaseUnitTest" tests="3" skipped="0" failures="0" errors="0" timestamp="2023-07-28T14:40:45" hostname="Joshs-Air.lan" time="0.001">
  <properties/>
  <testcase name="testClientBaseConstructorParametrized()" classname="com.outreachmappingsolutions.Models.ClientBaseUnitTest" time="0.0"/>
  <testcase name="testClientBaseConstructorNoArgs()" classname="com.outreachmappingsolutions.Models.ClientBaseUnitTest" time="0.0"/>
  <testcase name="testClientBaseProperties()" classname="com.outreachmappingsolutions.Models.ClientBaseUnitTest" time="0.001"/>
  <system-out><![CDATA[]]></system-out>
  <system-err><![CDATA[]]></system-err>
</testsuite>
