<?xml version="1.0" encoding="UTF-8"?>
<testsuite name="com.outreachmappingsolutions.Controllers.ClientDemographicsControllerIntegrationTest" tests="6" skipped="0" failures="0" errors="0" timestamp="2023-07-28T14:40:44" hostname="Joshs-Air.lan" time="0.83">
  <properties/>
  <testcase name="testUpdateClientDemographicsSuccess()" classname="com.outreachmappingsolutions.Controllers.ClientDemographicsControllerIntegrationTest" time="0.027"/>
  <testcase name="testReturnAllClientDemographicsSuccess()" classname="com.outreachmappingsolutions.Controllers.ClientDemographicsControllerIntegrationTest" time="0.017"/>
  <testcase name="testUpdateClientDemographicsNotFound()" classname="com.outreachmappingsolutions.Controllers.ClientDemographicsControllerIntegrationTest" time="0.009"/>
  <testcase name="testReturnAllClientDemographicsNotFound()" classname="com.outreachmappingsolutions.Controllers.ClientDemographicsControllerIntegrationTest" time="0.008"/>
  <testcase name="testReturnClientDemographicsByClientIdSuccess()" classname="com.outreachmappingsolutions.Controllers.ClientDemographicsControllerIntegrationTest" time="0.013"/>
  <testcase name="testReturnClientDemographicsByClientIdNotFound()" classname="com.outreachmappingsolutions.Controllers.ClientDemographicsControllerIntegrationTest" time="0.009"/>
  <system-out><![CDATA[2023-07-28T09:40:44.431-05:00  INFO 69852 --- [    Test worker] t.c.s.AnnotationConfigContextLoaderUtils : Could not detect default configuration classes for test class [com.outreachmappingsolutions.Controllers.ClientDemographicsControllerIntegrationTest]: ClientDemographicsControllerIntegrationTest does not declare any static, non-private, non-final, nested classes annotated with @Configuration.
2023-07-28T09:40:44.432-05:00  INFO 69852 --- [    Test worker] .b.t.c.SpringBootTestContextBootstrapper : Found @SpringBootConfiguration com.outreachmappingsolutions.OutreachMappingSolutionsApplication for test class com.outreachmappingsolutions.Controllers.ClientDemographicsControllerIntegrationTest

  .   ____          _            __ _ _
 /\\ / ___'_ __ _ _(_)_ __  __ _ \ \ \ \
( ( )\___ | '_ | '_| | '_ \/ _` | \ \ \ \
 \\/  ___)| |_)| | | | | || (_| |  ) ) ) )
  '  |____| .__|_| |_|_| |_\__, | / / / /
 =========|_|==============|___/=/_/_/_/
 :: Spring Boot ::                (v3.1.1)

2023-07-28T09:40:44.441-05:00  INFO 69852 --- [    Test worker] entDemographicsControllerIntegrationTest : Starting ClientDemographicsControllerIntegrationTest using Java 17.0.7 with PID 69852 (started by joshjennemann in /Users/joshjennemann/Desktop/Personal_Projects/outreach-mapping-solutions-back-end/Outreach-Mapping-Solutions/outreach-mapping-solutions-BE)
2023-07-28T09:40:44.441-05:00  INFO 69852 --- [    Test worker] entDemographicsControllerIntegrationTest : No active profile set, falling back to 1 default profile: "default"
2023-07-28T09:40:44.482-05:00  INFO 69852 --- [    Test worker] .s.d.r.c.RepositoryConfigurationDelegate : Multiple Spring Data modules found, entering strict repository configuration mode
2023-07-28T09:40:44.482-05:00  INFO 69852 --- [    Test worker] .s.d.r.c.RepositoryConfigurationDelegate : Bootstrapping Spring Data JDBC repositories in DEFAULT mode.
2023-07-28T09:40:44.484-05:00  INFO 69852 --- [    Test worker] .RepositoryConfigurationExtensionSupport : Spring Data JDBC - Could not safely identify store assignment for repository candidate interface com.outreachmappingsolutions.repositories.ClientBaseRepository; If you want this repository to be a JDBC repository, consider annotating your entities with one of these annotations: org.springframework.data.relational.core.mapping.Table.
2023-07-28T09:40:44.484-05:00  INFO 69852 --- [    Test worker] .RepositoryConfigurationExtensionSupport : Spring Data JDBC - Could not safely identify store assignment for repository candidate interface com.outreachmappingsolutions.repositories.ClientContactInfoRepository; If you want this repository to be a JDBC repository, consider annotating your entities with one of these annotations: org.springframework.data.relational.core.mapping.Table.
2023-07-28T09:40:44.484-05:00  INFO 69852 --- [    Test worker] .RepositoryConfigurationExtensionSupport : Spring Data JDBC - Could not safely identify store assignment for repository candidate interface com.outreachmappingsolutions.repositories.ClientDemographicsRepository; If you want this repository to be a JDBC repository, consider annotating your entities with one of these annotations: org.springframework.data.relational.core.mapping.Table.
2023-07-28T09:40:44.485-05:00  INFO 69852 --- [    Test worker] .s.d.r.c.RepositoryConfigurationDelegate : Finished Spring Data repository scanning in 2 ms. Found 0 JDBC repository interfaces.
2023-07-28T09:40:44.485-05:00  INFO 69852 --- [    Test worker] .s.d.r.c.RepositoryConfigurationDelegate : Multiple Spring Data modules found, entering strict repository configuration mode
2023-07-28T09:40:44.485-05:00  INFO 69852 --- [    Test worker] .s.d.r.c.RepositoryConfigurationDelegate : Bootstrapping Spring Data JPA repositories in DEFAULT mode.
2023-07-28T09:40:44.488-05:00  INFO 69852 --- [    Test worker] .s.d.r.c.RepositoryConfigurationDelegate : Finished Spring Data repository scanning in 2 ms. Found 3 JPA repository interfaces.
2023-07-28T09:40:44.512-05:00  INFO 69852 --- [    Test worker] o.s.b.w.embedded.tomcat.TomcatWebServer  : Tomcat initialized with port(s): 0 (http)
2023-07-28T09:40:44.512-05:00  INFO 69852 --- [    Test worker] o.apache.catalina.core.StandardService   : Starting service [Tomcat]
2023-07-28T09:40:44.512-05:00  INFO 69852 --- [    Test worker] o.apache.catalina.core.StandardEngine    : Starting Servlet engine: [Apache Tomcat/10.1.10]
2023-07-28T09:40:44.519-05:00  INFO 69852 --- [    Test worker] o.a.c.c.C.[Tomcat].[localhost].[/]       : Initializing Spring embedded WebApplicationContext
2023-07-28T09:40:44.519-05:00  INFO 69852 --- [    Test worker] w.s.c.ServletWebServerApplicationContext : Root WebApplicationContext: initialization completed in 78 ms
2023-07-28T09:40:44.521-05:00  INFO 69852 --- [    Test worker] com.zaxxer.hikari.HikariDataSource       : HikariPool-16 - Starting...
2023-07-28T09:40:44.521-05:00  INFO 69852 --- [    Test worker] com.zaxxer.hikari.pool.HikariPool        : HikariPool-16 - Added connection conn51: url=jdbc:h2:mem:testdb user=SA
2023-07-28T09:40:44.521-05:00  INFO 69852 --- [    Test worker] com.zaxxer.hikari.HikariDataSource       : HikariPool-16 - Start completed.
2023-07-28T09:40:44.521-05:00  INFO 69852 --- [    Test worker] o.s.b.a.h2.H2ConsoleAutoConfiguration    : H2 console available at '/h2-console'. Database available at 'jdbc:h2:mem:testdb'
2023-07-28T09:40:44.529-05:00  INFO 69852 --- [    Test worker] o.hibernate.jpa.internal.util.LogHelper  : HHH000204: Processing PersistenceUnitInfo [name: default]
2023-07-28T09:40:44.532-05:00  INFO 69852 --- [    Test worker] o.h.b.i.BytecodeProviderInitiator        : HHH000021: Bytecode provider name : bytebuddy
2023-07-28T09:40:44.532-05:00  INFO 69852 --- [    Test worker] o.s.o.j.p.SpringPersistenceUnitInfo      : No LoadTimeWeaver setup: ignoring JPA class transformer
2023-07-28T09:40:44.536-05:00  INFO 69852 --- [    Test worker] o.h.b.i.BytecodeProviderInitiator        : HHH000021: Bytecode provider name : bytebuddy
2023-07-28T09:40:44.549-05:00  INFO 69852 --- [    Test worker] o.h.e.t.j.p.i.JtaPlatformInitiator       : HHH000490: Using JtaPlatform implementation: [org.hibernate.engine.transaction.jta.platform.internal.NoJtaPlatform]
2023-07-28T09:40:44.552-05:00  INFO 69852 --- [    Test worker] j.LocalContainerEntityManagerFactoryBean : Initialized JPA EntityManagerFactory for persistence unit 'default'
2023-07-28T09:40:44.569-05:00  WARN 69852 --- [    Test worker] JpaBaseConfiguration$JpaWebConfiguration : spring.jpa.open-in-view is enabled by default. Therefore, database queries may be performed during view rendering. Explicitly configure spring.jpa.open-in-view to disable this warning
2023-07-28T09:40:44.614-05:00  INFO 69852 --- [    Test worker] o.a.c.c.C.[Tomcat].[localhost].[/]       : Initializing Spring TestDispatcherServlet ''
2023-07-28T09:40:44.615-05:00  INFO 69852 --- [    Test worker] o.s.t.web.servlet.TestDispatcherServlet  : Initializing Servlet ''
2023-07-28T09:40:44.615-05:00  INFO 69852 --- [    Test worker] o.s.t.web.servlet.TestDispatcherServlet  : Completed initialization in 0 ms
2023-07-28T09:40:44.620-05:00  INFO 69852 --- [    Test worker] o.s.b.w.embedded.tomcat.TomcatWebServer  : Tomcat started on port(s): 54812 (http) with context path ''
2023-07-28T09:40:44.621-05:00  INFO 69852 --- [    Test worker] entDemographicsControllerIntegrationTest : Started ClientDemographicsControllerIntegrationTest in 0.187 seconds (process running for 6.005)

MockHttpServletRequest:
      HTTP Method = PUT
      Request URI = /clientDemographics/update/1
       Parameters = {}
          Headers = [Content-Type:"application/json;charset=UTF-8", Accept:"application/json", Content-Length:"159"]
             Body = {"id":null,"gender":"Female","racePrimary":"Asian/Pacific Islander","raceSecondary":"Not Applicable","ethnicity":"Non-Hispanic","veteranStatus":"Is a Veteran"}
    Session Attrs = {}

Handler:
             Type = com.outreachmappingsolutions.controllers.ClientDemographicsController
           Method = com.outreachmappingsolutions.controllers.ClientDemographicsController#updateClientDemographics(Integer, ClientDemographics)

Async:
    Async started = false
     Async result = null

Resolved Exception:
             Type = null

ModelAndView:
        View name = null
             View = null
            Model = null

FlashMap:
       Attributes = null

MockHttpServletResponse:
           Status = 200
    Error message = null
          Headers = [Content-Type:"application/json"]
     Content type = application/json
             Body = {"id":1,"gender":"Female","racePrimary":"Asian/Pacific Islander","raceSecondary":"Not Applicable","ethnicity":"Non-Hispanic","veteranStatus":"Is a Veteran"}
    Forwarded URL = null
   Redirected URL = null
          Cookies = []
2023-07-28T09:40:44.636-05:00  INFO 69852 --- [    Test worker] o.apache.catalina.core.StandardService   : Stopping service [Tomcat]
2023-07-28T09:40:44.637-05:00  INFO 69852 --- [    Test worker] j.LocalContainerEntityManagerFactoryBean : Closing JPA EntityManagerFactory for persistence unit 'default'
2023-07-28T09:40:44.638-05:00  INFO 69852 --- [    Test worker] com.zaxxer.hikari.HikariDataSource       : HikariPool-16 - Shutdown initiated...
2023-07-28T09:40:44.648-05:00  INFO 69852 --- [    Test worker] com.zaxxer.hikari.HikariDataSource       : HikariPool-16 - Shutdown completed.

  .   ____          _            __ _ _
 /\\ / ___'_ __ _ _(_)_ __  __ _ \ \ \ \
( ( )\___ | '_ | '_| | '_ \/ _` | \ \ \ \
 \\/  ___)| |_)| | | | | || (_| |  ) ) ) )
  '  |____| .__|_| |_|_| |_\__, | / / / /
 =========|_|==============|___/=/_/_/_/
 :: Spring Boot ::                (v3.1.1)

2023-07-28T09:40:44.655-05:00  INFO 69852 --- [    Test worker] entDemographicsControllerIntegrationTest : Starting ClientDemographicsControllerIntegrationTest using Java 17.0.7 with PID 69852 (started by joshjennemann in /Users/joshjennemann/Desktop/Personal_Projects/outreach-mapping-solutions-back-end/Outreach-Mapping-Solutions/outreach-mapping-solutions-BE)
2023-07-28T09:40:44.655-05:00  INFO 69852 --- [    Test worker] entDemographicsControllerIntegrationTest : No active profile set, falling back to 1 default profile: "default"
2023-07-28T09:40:44.696-05:00  INFO 69852 --- [    Test worker] .s.d.r.c.RepositoryConfigurationDelegate : Multiple Spring Data modules found, entering strict repository configuration mode
2023-07-28T09:40:44.696-05:00  INFO 69852 --- [    Test worker] .s.d.r.c.RepositoryConfigurationDelegate : Bootstrapping Spring Data JDBC repositories in DEFAULT mode.
2023-07-28T09:40:44.697-05:00  INFO 69852 --- [    Test worker] .RepositoryConfigurationExtensionSupport : Spring Data JDBC - Could not safely identify store assignment for repository candidate interface com.outreachmappingsolutions.repositories.ClientBaseRepository; If you want this repository to be a JDBC repository, consider annotating your entities with one of these annotations: org.springframework.data.relational.core.mapping.Table.
2023-07-28T09:40:44.698-05:00  INFO 69852 --- [    Test worker] .RepositoryConfigurationExtensionSupport : Spring Data JDBC - Could not safely identify store assignment for repository candidate interface com.outreachmappingsolutions.repositories.ClientContactInfoRepository; If you want this repository to be a JDBC repository, consider annotating your entities with one of these annotations: org.springframework.data.relational.core.mapping.Table.
2023-07-28T09:40:44.698-05:00  INFO 69852 --- [    Test worker] .RepositoryConfigurationExtensionSupport : Spring Data JDBC - Could not safely identify store assignment for repository candidate interface com.outreachmappingsolutions.repositories.ClientDemographicsRepository; If you want this repository to be a JDBC repository, consider annotating your entities with one of these annotations: org.springframework.data.relational.core.mapping.Table.
2023-07-28T09:40:44.698-05:00  INFO 69852 --- [    Test worker] .s.d.r.c.RepositoryConfigurationDelegate : Finished Spring Data repository scanning in 1 ms. Found 0 JDBC repository interfaces.
2023-07-28T09:40:44.699-05:00  INFO 69852 --- [    Test worker] .s.d.r.c.RepositoryConfigurationDelegate : Multiple Spring Data modules found, entering strict repository configuration mode
2023-07-28T09:40:44.699-05:00  INFO 69852 --- [    Test worker] .s.d.r.c.RepositoryConfigurationDelegate : Bootstrapping Spring Data JPA repositories in DEFAULT mode.
2023-07-28T09:40:44.702-05:00  INFO 69852 --- [    Test worker] .s.d.r.c.RepositoryConfigurationDelegate : Finished Spring Data repository scanning in 3 ms. Found 3 JPA repository interfaces.
2023-07-28T09:40:44.720-05:00  INFO 69852 --- [    Test worker] o.s.b.w.embedded.tomcat.TomcatWebServer  : Tomcat initialized with port(s): 0 (http)
2023-07-28T09:40:44.720-05:00  INFO 69852 --- [    Test worker] o.apache.catalina.core.StandardService   : Starting service [Tomcat]
2023-07-28T09:40:44.720-05:00  INFO 69852 --- [    Test worker] o.apache.catalina.core.StandardEngine    : Starting Servlet engine: [Apache Tomcat/10.1.10]
2023-07-28T09:40:44.726-05:00  INFO 69852 --- [    Test worker] o.a.c.c.C.[Tomcat].[localhost].[/]       : Initializing Spring embedded WebApplicationContext
2023-07-28T09:40:44.726-05:00  INFO 69852 --- [    Test worker] w.s.c.ServletWebServerApplicationContext : Root WebApplicationContext: initialization completed in 70 ms
2023-07-28T09:40:44.728-05:00  INFO 69852 --- [    Test worker] com.zaxxer.hikari.HikariDataSource       : HikariPool-17 - Starting...
2023-07-28T09:40:44.728-05:00  INFO 69852 --- [    Test worker] com.zaxxer.hikari.pool.HikariPool        : HikariPool-17 - Added connection conn54: url=jdbc:h2:mem:testdb user=SA
2023-07-28T09:40:44.728-05:00  INFO 69852 --- [    Test worker] com.zaxxer.hikari.HikariDataSource       : HikariPool-17 - Start completed.
2023-07-28T09:40:44.728-05:00  INFO 69852 --- [    Test worker] o.s.b.a.h2.H2ConsoleAutoConfiguration    : H2 console available at '/h2-console'. Database available at 'jdbc:h2:mem:testdb'
2023-07-28T09:40:44.736-05:00  INFO 69852 --- [    Test worker] o.hibernate.jpa.internal.util.LogHelper  : HHH000204: Processing PersistenceUnitInfo [name: default]
2023-07-28T09:40:44.740-05:00  INFO 69852 --- [    Test worker] o.h.b.i.BytecodeProviderInitiator        : HHH000021: Bytecode provider name : bytebuddy
2023-07-28T09:40:44.740-05:00  INFO 69852 --- [    Test worker] o.s.o.j.p.SpringPersistenceUnitInfo      : No LoadTimeWeaver setup: ignoring JPA class transformer
2023-07-28T09:40:44.745-05:00  INFO 69852 --- [    Test worker] o.h.b.i.BytecodeProviderInitiator        : HHH000021: Bytecode provider name : bytebuddy
2023-07-28T09:40:44.758-05:00  INFO 69852 --- [    Test worker] o.h.e.t.j.p.i.JtaPlatformInitiator       : HHH000490: Using JtaPlatform implementation: [org.hibernate.engine.transaction.jta.platform.internal.NoJtaPlatform]
2023-07-28T09:40:44.762-05:00  INFO 69852 --- [    Test worker] j.LocalContainerEntityManagerFactoryBean : Initialized JPA EntityManagerFactory for persistence unit 'default'
2023-07-28T09:40:44.776-05:00  WARN 69852 --- [    Test worker] JpaBaseConfiguration$JpaWebConfiguration : spring.jpa.open-in-view is enabled by default. Therefore, database queries may be performed during view rendering. Explicitly configure spring.jpa.open-in-view to disable this warning
2023-07-28T09:40:44.800-05:00  INFO 69852 --- [    Test worker] o.a.c.c.C.[Tomcat].[localhost].[/]       : Initializing Spring TestDispatcherServlet ''
2023-07-28T09:40:44.801-05:00  INFO 69852 --- [    Test worker] o.s.t.web.servlet.TestDispatcherServlet  : Initializing Servlet ''
2023-07-28T09:40:44.801-05:00  INFO 69852 --- [    Test worker] o.s.t.web.servlet.TestDispatcherServlet  : Completed initialization in 0 ms
2023-07-28T09:40:44.803-05:00  INFO 69852 --- [    Test worker] o.s.b.w.embedded.tomcat.TomcatWebServer  : Tomcat started on port(s): 54814 (http) with context path ''
2023-07-28T09:40:44.804-05:00  INFO 69852 --- [    Test worker] entDemographicsControllerIntegrationTest : Started ClientDemographicsControllerIntegrationTest in 0.154 seconds (process running for 6.188)

MockHttpServletRequest:
      HTTP Method = GET
      Request URI = /clientDemographics/returnAll
       Parameters = {}
          Headers = []
             Body = null
    Session Attrs = {}

Handler:
             Type = com.outreachmappingsolutions.controllers.ClientDemographicsController
           Method = com.outreachmappingsolutions.controllers.ClientDemographicsController#returnAllClientDemographics()

Async:
    Async started = false
     Async result = null

Resolved Exception:
             Type = null

ModelAndView:
        View name = null
             View = null
            Model = null

FlashMap:
       Attributes = null

MockHttpServletResponse:
           Status = 200
    Error message = null
          Headers = [Content-Type:"application/json"]
     Content type = application/json
             Body = [{"id":1,"gender":"Male","racePrimary":"White/Caucasian","raceSecondary":"Black/African-American","ethnicity":"Hispanic","veteranStatus":"Not a Veteran"},{"id":2,"gender":"Female","racePrimary":"Black/African-American","raceSecondary":"Asian/Pacific Islander","ethnicity":"Non-Hispanic","veteranStatus":"Is a Veteran"},{"id":3,"gender":"Male","racePrimary":"Asian/Pacific Islander","raceSecondary":"Not/Applicable","ethnicity":"Non-Hispanic","veteranStatus":"Not a Veteran"}]
    Forwarded URL = null
   Redirected URL = null
          Cookies = []
2023-07-28T09:40:44.820-05:00  INFO 69852 --- [    Test worker] o.apache.catalina.core.StandardService   : Stopping service [Tomcat]
2023-07-28T09:40:44.821-05:00  INFO 69852 --- [    Test worker] j.LocalContainerEntityManagerFactoryBean : Closing JPA EntityManagerFactory for persistence unit 'default'
2023-07-28T09:40:44.822-05:00  INFO 69852 --- [    Test worker] com.zaxxer.hikari.HikariDataSource       : HikariPool-17 - Shutdown initiated...
2023-07-28T09:40:44.822-05:00  INFO 69852 --- [    Test worker] com.zaxxer.hikari.HikariDataSource       : HikariPool-17 - Shutdown completed.

  .   ____          _            __ _ _
 /\\ / ___'_ __ _ _(_)_ __  __ _ \ \ \ \
( ( )\___ | '_ | '_| | '_ \/ _` | \ \ \ \
 \\/  ___)| |_)| | | | | || (_| |  ) ) ) )
  '  |____| .__|_| |_|_| |_\__, | / / / /
 =========|_|==============|___/=/_/_/_/
 :: Spring Boot ::                (v3.1.1)

2023-07-28T09:40:44.829-05:00  INFO 69852 --- [    Test worker] entDemographicsControllerIntegrationTest : Starting ClientDemographicsControllerIntegrationTest using Java 17.0.7 with PID 69852 (started by joshjennemann in /Users/joshjennemann/Desktop/Personal_Projects/outreach-mapping-solutions-back-end/Outreach-Mapping-Solutions/outreach-mapping-solutions-BE)
2023-07-28T09:40:44.829-05:00  INFO 69852 --- [    Test worker] entDemographicsControllerIntegrationTest : No active profile set, falling back to 1 default profile: "default"
2023-07-28T09:40:44.868-05:00  INFO 69852 --- [    Test worker] .s.d.r.c.RepositoryConfigurationDelegate : Multiple Spring Data modules found, entering strict repository configuration mode
2023-07-28T09:40:44.868-05:00  INFO 69852 --- [    Test worker] .s.d.r.c.RepositoryConfigurationDelegate : Bootstrapping Spring Data JDBC repositories in DEFAULT mode.
2023-07-28T09:40:44.869-05:00  INFO 69852 --- [    Test worker] .RepositoryConfigurationExtensionSupport : Spring Data JDBC - Could not safely identify store assignment for repository candidate interface com.outreachmappingsolutions.repositories.ClientBaseRepository; If you want this repository to be a JDBC repository, consider annotating your entities with one of these annotations: org.springframework.data.relational.core.mapping.Table.
2023-07-28T09:40:44.869-05:00  INFO 69852 --- [    Test worker] .RepositoryConfigurationExtensionSupport : Spring Data JDBC - Could not safely identify store assignment for repository candidate interface com.outreachmappingsolutions.repositories.ClientContactInfoRepository; If you want this repository to be a JDBC repository, consider annotating your entities with one of these annotations: org.springframework.data.relational.core.mapping.Table.
2023-07-28T09:40:44.869-05:00  INFO 69852 --- [    Test worker] .RepositoryConfigurationExtensionSupport : Spring Data JDBC - Could not safely identify store assignment for repository candidate interface com.outreachmappingsolutions.repositories.ClientDemographicsRepository; If you want this repository to be a JDBC repository, consider annotating your entities with one of these annotations: org.springframework.data.relational.core.mapping.Table.
2023-07-28T09:40:44.869-05:00  INFO 69852 --- [    Test worker] .s.d.r.c.RepositoryConfigurationDelegate : Finished Spring Data repository scanning in 1 ms. Found 0 JDBC repository interfaces.
2023-07-28T09:40:44.870-05:00  INFO 69852 --- [    Test worker] .s.d.r.c.RepositoryConfigurationDelegate : Multiple Spring Data modules found, entering strict repository configuration mode
2023-07-28T09:40:44.870-05:00  INFO 69852 --- [    Test worker] .s.d.r.c.RepositoryConfigurationDelegate : Bootstrapping Spring Data JPA repositories in DEFAULT mode.
2023-07-28T09:40:44.872-05:00  INFO 69852 --- [    Test worker] .s.d.r.c.RepositoryConfigurationDelegate : Finished Spring Data repository scanning in 2 ms. Found 3 JPA repository interfaces.
2023-07-28T09:40:44.890-05:00  INFO 69852 --- [    Test worker] o.s.b.w.embedded.tomcat.TomcatWebServer  : Tomcat initialized with port(s): 0 (http)
2023-07-28T09:40:44.890-05:00  INFO 69852 --- [    Test worker] o.apache.catalina.core.StandardService   : Starting service [Tomcat]
2023-07-28T09:40:44.890-05:00  INFO 69852 --- [    Test worker] o.apache.catalina.core.StandardEngine    : Starting Servlet engine: [Apache Tomcat/10.1.10]
2023-07-28T09:40:44.896-05:00  INFO 69852 --- [    Test worker] o.a.c.c.C.[Tomcat].[localhost].[/]       : Initializing Spring embedded WebApplicationContext
2023-07-28T09:40:44.896-05:00  INFO 69852 --- [    Test worker] w.s.c.ServletWebServerApplicationContext : Root WebApplicationContext: initialization completed in 67 ms
2023-07-28T09:40:44.897-05:00  INFO 69852 --- [    Test worker] com.zaxxer.hikari.HikariDataSource       : HikariPool-18 - Starting...
2023-07-28T09:40:44.897-05:00  INFO 69852 --- [    Test worker] com.zaxxer.hikari.pool.HikariPool        : HikariPool-18 - Added connection conn55: url=jdbc:h2:mem:testdb user=SA
2023-07-28T09:40:44.898-05:00  INFO 69852 --- [    Test worker] com.zaxxer.hikari.HikariDataSource       : HikariPool-18 - Start completed.
2023-07-28T09:40:44.898-05:00  INFO 69852 --- [    Test worker] o.s.b.a.h2.H2ConsoleAutoConfiguration    : H2 console available at '/h2-console'. Database available at 'jdbc:h2:mem:testdb'
2023-07-28T09:40:44.905-05:00  INFO 69852 --- [    Test worker] o.hibernate.jpa.internal.util.LogHelper  : HHH000204: Processing PersistenceUnitInfo [name: default]
2023-07-28T09:40:44.907-05:00  INFO 69852 --- [    Test worker] o.h.b.i.BytecodeProviderInitiator        : HHH000021: Bytecode provider name : bytebuddy
2023-07-28T09:40:44.907-05:00  INFO 69852 --- [    Test worker] o.s.o.j.p.SpringPersistenceUnitInfo      : No LoadTimeWeaver setup: ignoring JPA class transformer
2023-07-28T09:40:44.911-05:00  INFO 69852 --- [    Test worker] o.h.b.i.BytecodeProviderInitiator        : HHH000021: Bytecode provider name : bytebuddy
2023-07-28T09:40:44.923-05:00  INFO 69852 --- [    Test worker] o.h.e.t.j.p.i.JtaPlatformInitiator       : HHH000490: Using JtaPlatform implementation: [org.hibernate.engine.transaction.jta.platform.internal.NoJtaPlatform]
2023-07-28T09:40:44.926-05:00  INFO 69852 --- [    Test worker] j.LocalContainerEntityManagerFactoryBean : Initialized JPA EntityManagerFactory for persistence unit 'default'
2023-07-28T09:40:44.942-05:00  WARN 69852 --- [    Test worker] JpaBaseConfiguration$JpaWebConfiguration : spring.jpa.open-in-view is enabled by default. Therefore, database queries may be performed during view rendering. Explicitly configure spring.jpa.open-in-view to disable this warning
2023-07-28T09:40:44.966-05:00  INFO 69852 --- [    Test worker] o.a.c.c.C.[Tomcat].[localhost].[/]       : Initializing Spring TestDispatcherServlet ''
2023-07-28T09:40:44.966-05:00  INFO 69852 --- [    Test worker] o.s.t.web.servlet.TestDispatcherServlet  : Initializing Servlet ''
2023-07-28T09:40:44.966-05:00  INFO 69852 --- [    Test worker] o.s.t.web.servlet.TestDispatcherServlet  : Completed initialization in 0 ms
2023-07-28T09:40:44.969-05:00  INFO 69852 --- [    Test worker] o.s.b.w.embedded.tomcat.TomcatWebServer  : Tomcat started on port(s): 54816 (http) with context path ''
2023-07-28T09:40:44.970-05:00  INFO 69852 --- [    Test worker] entDemographicsControllerIntegrationTest : Started ClientDemographicsControllerIntegrationTest in 0.146 seconds (process running for 6.354)

MockHttpServletRequest:
      HTTP Method = PUT
      Request URI = /clientDemographics/update/1
       Parameters = {}
          Headers = [Content-Type:"application/json;charset=UTF-8", Accept:"application/json", Content-Length:"159"]
             Body = {"id":null,"gender":"Female","racePrimary":"Asian/Pacific Islander","raceSecondary":"Not Applicable","ethnicity":"Non-Hispanic","veteranStatus":"Is a Veteran"}
    Session Attrs = {}

Handler:
             Type = com.outreachmappingsolutions.controllers.ClientDemographicsController
           Method = com.outreachmappingsolutions.controllers.ClientDemographicsController#updateClientDemographics(Integer, ClientDemographics)

Async:
    Async started = false
     Async result = null

Resolved Exception:
             Type = null

ModelAndView:
        View name = null
             View = null
            Model = null

FlashMap:
       Attributes = null

MockHttpServletResponse:
           Status = 404
    Error message = null
          Headers = [Content-Type:"application/json", Content-Length:"56"]
     Content type = application/json
             Body = No client demographics matching your criteria were found
    Forwarded URL = null
   Redirected URL = null
          Cookies = []
2023-07-28T09:40:44.979-05:00  INFO 69852 --- [    Test worker] o.apache.catalina.core.StandardService   : Stopping service [Tomcat]
2023-07-28T09:40:44.980-05:00  INFO 69852 --- [    Test worker] j.LocalContainerEntityManagerFactoryBean : Closing JPA EntityManagerFactory for persistence unit 'default'
2023-07-28T09:40:44.980-05:00  INFO 69852 --- [    Test worker] com.zaxxer.hikari.HikariDataSource       : HikariPool-18 - Shutdown initiated...
2023-07-28T09:40:44.980-05:00  INFO 69852 --- [    Test worker] com.zaxxer.hikari.HikariDataSource       : HikariPool-18 - Shutdown completed.

  .   ____          _            __ _ _
 /\\ / ___'_ __ _ _(_)_ __  __ _ \ \ \ \
( ( )\___ | '_ | '_| | '_ \/ _` | \ \ \ \
 \\/  ___)| |_)| | | | | || (_| |  ) ) ) )
  '  |____| .__|_| |_|_| |_\__, | / / / /
 =========|_|==============|___/=/_/_/_/
 :: Spring Boot ::                (v3.1.1)

2023-07-28T09:40:44.987-05:00  INFO 69852 --- [    Test worker] entDemographicsControllerIntegrationTest : Starting ClientDemographicsControllerIntegrationTest using Java 17.0.7 with PID 69852 (started by joshjennemann in /Users/joshjennemann/Desktop/Personal_Projects/outreach-mapping-solutions-back-end/Outreach-Mapping-Solutions/outreach-mapping-solutions-BE)
2023-07-28T09:40:44.987-05:00  INFO 69852 --- [    Test worker] entDemographicsControllerIntegrationTest : No active profile set, falling back to 1 default profile: "default"
2023-07-28T09:40:45.025-05:00  INFO 69852 --- [    Test worker] .s.d.r.c.RepositoryConfigurationDelegate : Multiple Spring Data modules found, entering strict repository configuration mode
2023-07-28T09:40:45.025-05:00  INFO 69852 --- [    Test worker] .s.d.r.c.RepositoryConfigurationDelegate : Bootstrapping Spring Data JDBC repositories in DEFAULT mode.
2023-07-28T09:40:45.027-05:00  INFO 69852 --- [    Test worker] .RepositoryConfigurationExtensionSupport : Spring Data JDBC - Could not safely identify store assignment for repository candidate interface com.outreachmappingsolutions.repositories.ClientBaseRepository; If you want this repository to be a JDBC repository, consider annotating your entities with one of these annotations: org.springframework.data.relational.core.mapping.Table.
2023-07-28T09:40:45.027-05:00  INFO 69852 --- [    Test worker] .RepositoryConfigurationExtensionSupport : Spring Data JDBC - Could not safely identify store assignment for repository candidate interface com.outreachmappingsolutions.repositories.ClientContactInfoRepository; If you want this repository to be a JDBC repository, consider annotating your entities with one of these annotations: org.springframework.data.relational.core.mapping.Table.
2023-07-28T09:40:45.027-05:00  INFO 69852 --- [    Test worker] .RepositoryConfigurationExtensionSupport : Spring Data JDBC - Could not safely identify store assignment for repository candidate interface com.outreachmappingsolutions.repositories.ClientDemographicsRepository; If you want this repository to be a JDBC repository, consider annotating your entities with one of these annotations: org.springframework.data.relational.core.mapping.Table.
2023-07-28T09:40:45.027-05:00  INFO 69852 --- [    Test worker] .s.d.r.c.RepositoryConfigurationDelegate : Finished Spring Data repository scanning in 1 ms. Found 0 JDBC repository interfaces.
2023-07-28T09:40:45.027-05:00  INFO 69852 --- [    Test worker] .s.d.r.c.RepositoryConfigurationDelegate : Multiple Spring Data modules found, entering strict repository configuration mode
2023-07-28T09:40:45.027-05:00  INFO 69852 --- [    Test worker] .s.d.r.c.RepositoryConfigurationDelegate : Bootstrapping Spring Data JPA repositories in DEFAULT mode.
2023-07-28T09:40:45.030-05:00  INFO 69852 --- [    Test worker] .s.d.r.c.RepositoryConfigurationDelegate : Finished Spring Data repository scanning in 2 ms. Found 3 JPA repository interfaces.
2023-07-28T09:40:45.045-05:00  INFO 69852 --- [    Test worker] o.s.b.w.embedded.tomcat.TomcatWebServer  : Tomcat initialized with port(s): 0 (http)
2023-07-28T09:40:45.046-05:00  INFO 69852 --- [    Test worker] o.apache.catalina.core.StandardService   : Starting service [Tomcat]
2023-07-28T09:40:45.046-05:00  INFO 69852 --- [    Test worker] o.apache.catalina.core.StandardEngine    : Starting Servlet engine: [Apache Tomcat/10.1.10]
2023-07-28T09:40:45.052-05:00  INFO 69852 --- [    Test worker] o.a.c.c.C.[Tomcat].[localhost].[/]       : Initializing Spring embedded WebApplicationContext
2023-07-28T09:40:45.052-05:00  INFO 69852 --- [    Test worker] w.s.c.ServletWebServerApplicationContext : Root WebApplicationContext: initialization completed in 65 ms
2023-07-28T09:40:45.053-05:00  INFO 69852 --- [    Test worker] com.zaxxer.hikari.HikariDataSource       : HikariPool-19 - Starting...
2023-07-28T09:40:45.054-05:00  INFO 69852 --- [    Test worker] com.zaxxer.hikari.pool.HikariPool        : HikariPool-19 - Added connection conn56: url=jdbc:h2:mem:testdb user=SA
2023-07-28T09:40:45.054-05:00  INFO 69852 --- [    Test worker] com.zaxxer.hikari.HikariDataSource       : HikariPool-19 - Start completed.
2023-07-28T09:40:45.054-05:00  INFO 69852 --- [    Test worker] o.s.b.a.h2.H2ConsoleAutoConfiguration    : H2 console available at '/h2-console'. Database available at 'jdbc:h2:mem:testdb'
2023-07-28T09:40:45.060-05:00  INFO 69852 --- [    Test worker] o.hibernate.jpa.internal.util.LogHelper  : HHH000204: Processing PersistenceUnitInfo [name: default]
2023-07-28T09:40:45.062-05:00  INFO 69852 --- [    Test worker] o.h.b.i.BytecodeProviderInitiator        : HHH000021: Bytecode provider name : bytebuddy
2023-07-28T09:40:45.062-05:00  INFO 69852 --- [    Test worker] o.s.o.j.p.SpringPersistenceUnitInfo      : No LoadTimeWeaver setup: ignoring JPA class transformer
2023-07-28T09:40:45.066-05:00  INFO 69852 --- [    Test worker] o.h.b.i.BytecodeProviderInitiator        : HHH000021: Bytecode provider name : bytebuddy
2023-07-28T09:40:45.078-05:00  INFO 69852 --- [    Test worker] o.h.e.t.j.p.i.JtaPlatformInitiator       : HHH000490: Using JtaPlatform implementation: [org.hibernate.engine.transaction.jta.platform.internal.NoJtaPlatform]
2023-07-28T09:40:45.080-05:00  INFO 69852 --- [    Test worker] j.LocalContainerEntityManagerFactoryBean : Initialized JPA EntityManagerFactory for persistence unit 'default'
2023-07-28T09:40:45.099-05:00  WARN 69852 --- [    Test worker] JpaBaseConfiguration$JpaWebConfiguration : spring.jpa.open-in-view is enabled by default. Therefore, database queries may be performed during view rendering. Explicitly configure spring.jpa.open-in-view to disable this warning
2023-07-28T09:40:45.126-05:00  INFO 69852 --- [    Test worker] o.a.c.c.C.[Tomcat].[localhost].[/]       : Initializing Spring TestDispatcherServlet ''
2023-07-28T09:40:45.126-05:00  INFO 69852 --- [    Test worker] o.s.t.web.servlet.TestDispatcherServlet  : Initializing Servlet ''
2023-07-28T09:40:45.126-05:00  INFO 69852 --- [    Test worker] o.s.t.web.servlet.TestDispatcherServlet  : Completed initialization in 0 ms
2023-07-28T09:40:45.129-05:00  INFO 69852 --- [    Test worker] o.s.b.w.embedded.tomcat.TomcatWebServer  : Tomcat started on port(s): 54818 (http) with context path ''
2023-07-28T09:40:45.130-05:00  INFO 69852 --- [    Test worker] entDemographicsControllerIntegrationTest : Started ClientDemographicsControllerIntegrationTest in 0.148 seconds (process running for 6.514)

MockHttpServletRequest:
      HTTP Method = GET
      Request URI = /clientDemographics/returnAll
       Parameters = {}
          Headers = []
             Body = null
    Session Attrs = {}

Handler:
             Type = com.outreachmappingsolutions.controllers.ClientDemographicsController
           Method = com.outreachmappingsolutions.controllers.ClientDemographicsController#returnAllClientDemographics()

Async:
    Async started = false
     Async result = null

Resolved Exception:
             Type = null

ModelAndView:
        View name = null
             View = null
            Model = null

FlashMap:
       Attributes = null

MockHttpServletResponse:
           Status = 404
    Error message = null
          Headers = [Content-Type:"text/plain;charset=UTF-8", Content-Length:"56"]
     Content type = text/plain;charset=UTF-8
             Body = No client demographics matching your criteria were found
    Forwarded URL = null
   Redirected URL = null
          Cookies = []
2023-07-28T09:40:45.137-05:00  INFO 69852 --- [    Test worker] o.apache.catalina.core.StandardService   : Stopping service [Tomcat]
2023-07-28T09:40:45.138-05:00  INFO 69852 --- [    Test worker] j.LocalContainerEntityManagerFactoryBean : Closing JPA EntityManagerFactory for persistence unit 'default'
2023-07-28T09:40:45.139-05:00  INFO 69852 --- [    Test worker] com.zaxxer.hikari.HikariDataSource       : HikariPool-19 - Shutdown initiated...
2023-07-28T09:40:45.139-05:00  INFO 69852 --- [    Test worker] com.zaxxer.hikari.HikariDataSource       : HikariPool-19 - Shutdown completed.

  .   ____          _            __ _ _
 /\\ / ___'_ __ _ _(_)_ __  __ _ \ \ \ \
( ( )\___ | '_ | '_| | '_ \/ _` | \ \ \ \
 \\/  ___)| |_)| | | | | || (_| |  ) ) ) )
  '  |____| .__|_| |_|_| |_\__, | / / / /
 =========|_|==============|___/=/_/_/_/
 :: Spring Boot ::                (v3.1.1)

2023-07-28T09:40:45.145-05:00  INFO 69852 --- [    Test worker] entDemographicsControllerIntegrationTest : Starting ClientDemographicsControllerIntegrationTest using Java 17.0.7 with PID 69852 (started by joshjennemann in /Users/joshjennemann/Desktop/Personal_Projects/outreach-mapping-solutions-back-end/Outreach-Mapping-Solutions/outreach-mapping-solutions-BE)
2023-07-28T09:40:45.145-05:00  INFO 69852 --- [    Test worker] entDemographicsControllerIntegrationTest : No active profile set, falling back to 1 default profile: "default"
2023-07-28T09:40:45.184-05:00  INFO 69852 --- [    Test worker] .s.d.r.c.RepositoryConfigurationDelegate : Multiple Spring Data modules found, entering strict repository configuration mode
2023-07-28T09:40:45.184-05:00  INFO 69852 --- [    Test worker] .s.d.r.c.RepositoryConfigurationDelegate : Bootstrapping Spring Data JDBC repositories in DEFAULT mode.
2023-07-28T09:40:45.186-05:00  INFO 69852 --- [    Test worker] .RepositoryConfigurationExtensionSupport : Spring Data JDBC - Could not safely identify store assignment for repository candidate interface com.outreachmappingsolutions.repositories.ClientBaseRepository; If you want this repository to be a JDBC repository, consider annotating your entities with one of these annotations: org.springframework.data.relational.core.mapping.Table.
2023-07-28T09:40:45.186-05:00  INFO 69852 --- [    Test worker] .RepositoryConfigurationExtensionSupport : Spring Data JDBC - Could not safely identify store assignment for repository candidate interface com.outreachmappingsolutions.repositories.ClientContactInfoRepository; If you want this repository to be a JDBC repository, consider annotating your entities with one of these annotations: org.springframework.data.relational.core.mapping.Table.
2023-07-28T09:40:45.186-05:00  INFO 69852 --- [    Test worker] .RepositoryConfigurationExtensionSupport : Spring Data JDBC - Could not safely identify store assignment for repository candidate interface com.outreachmappingsolutions.repositories.ClientDemographicsRepository; If you want this repository to be a JDBC repository, consider annotating your entities with one of these annotations: org.springframework.data.relational.core.mapping.Table.
2023-07-28T09:40:45.186-05:00  INFO 69852 --- [    Test worker] .s.d.r.c.RepositoryConfigurationDelegate : Finished Spring Data repository scanning in 1 ms. Found 0 JDBC repository interfaces.
2023-07-28T09:40:45.186-05:00  INFO 69852 --- [    Test worker] .s.d.r.c.RepositoryConfigurationDelegate : Multiple Spring Data modules found, entering strict repository configuration mode
2023-07-28T09:40:45.186-05:00  INFO 69852 --- [    Test worker] .s.d.r.c.RepositoryConfigurationDelegate : Bootstrapping Spring Data JPA repositories in DEFAULT mode.
2023-07-28T09:40:45.189-05:00  INFO 69852 --- [    Test worker] .s.d.r.c.RepositoryConfigurationDelegate : Finished Spring Data repository scanning in 2 ms. Found 3 JPA repository interfaces.
2023-07-28T09:40:45.205-05:00  INFO 69852 --- [    Test worker] o.s.b.w.embedded.tomcat.TomcatWebServer  : Tomcat initialized with port(s): 0 (http)
2023-07-28T09:40:45.206-05:00  INFO 69852 --- [    Test worker] o.apache.catalina.core.StandardService   : Starting service [Tomcat]
2023-07-28T09:40:45.206-05:00  INFO 69852 --- [    Test worker] o.apache.catalina.core.StandardEngine    : Starting Servlet engine: [Apache Tomcat/10.1.10]
2023-07-28T09:40:45.211-05:00  INFO 69852 --- [    Test worker] o.a.c.c.C.[Tomcat].[localhost].[/]       : Initializing Spring embedded WebApplicationContext
2023-07-28T09:40:45.212-05:00  INFO 69852 --- [    Test worker] w.s.c.ServletWebServerApplicationContext : Root WebApplicationContext: initialization completed in 66 ms
2023-07-28T09:40:45.213-05:00  INFO 69852 --- [    Test worker] com.zaxxer.hikari.HikariDataSource       : HikariPool-20 - Starting...
2023-07-28T09:40:45.213-05:00  INFO 69852 --- [    Test worker] com.zaxxer.hikari.pool.HikariPool        : HikariPool-20 - Added connection conn57: url=jdbc:h2:mem:testdb user=SA
2023-07-28T09:40:45.213-05:00  INFO 69852 --- [    Test worker] com.zaxxer.hikari.HikariDataSource       : HikariPool-20 - Start completed.
2023-07-28T09:40:45.213-05:00  INFO 69852 --- [    Test worker] o.s.b.a.h2.H2ConsoleAutoConfiguration    : H2 console available at '/h2-console'. Database available at 'jdbc:h2:mem:testdb'
2023-07-28T09:40:45.220-05:00  INFO 69852 --- [    Test worker] o.hibernate.jpa.internal.util.LogHelper  : HHH000204: Processing PersistenceUnitInfo [name: default]
2023-07-28T09:40:45.222-05:00  INFO 69852 --- [    Test worker] o.h.b.i.BytecodeProviderInitiator        : HHH000021: Bytecode provider name : bytebuddy
2023-07-28T09:40:45.222-05:00  INFO 69852 --- [    Test worker] o.s.o.j.p.SpringPersistenceUnitInfo      : No LoadTimeWeaver setup: ignoring JPA class transformer
2023-07-28T09:40:45.226-05:00  INFO 69852 --- [    Test worker] o.h.b.i.BytecodeProviderInitiator        : HHH000021: Bytecode provider name : bytebuddy
2023-07-28T09:40:45.238-05:00  INFO 69852 --- [    Test worker] o.h.e.t.j.p.i.JtaPlatformInitiator       : HHH000490: Using JtaPlatform implementation: [org.hibernate.engine.transaction.jta.platform.internal.NoJtaPlatform]
2023-07-28T09:40:45.241-05:00  INFO 69852 --- [    Test worker] j.LocalContainerEntityManagerFactoryBean : Initialized JPA EntityManagerFactory for persistence unit 'default'
2023-07-28T09:40:45.254-05:00  WARN 69852 --- [    Test worker] JpaBaseConfiguration$JpaWebConfiguration : spring.jpa.open-in-view is enabled by default. Therefore, database queries may be performed during view rendering. Explicitly configure spring.jpa.open-in-view to disable this warning
2023-07-28T09:40:45.279-05:00  INFO 69852 --- [    Test worker] o.a.c.c.C.[Tomcat].[localhost].[/]       : Initializing Spring TestDispatcherServlet ''
2023-07-28T09:40:45.279-05:00  INFO 69852 --- [    Test worker] o.s.t.web.servlet.TestDispatcherServlet  : Initializing Servlet ''
2023-07-28T09:40:45.280-05:00  INFO 69852 --- [    Test worker] o.s.t.web.servlet.TestDispatcherServlet  : Completed initialization in 0 ms
2023-07-28T09:40:45.283-05:00  INFO 69852 --- [    Test worker] o.s.b.w.embedded.tomcat.TomcatWebServer  : Tomcat started on port(s): 54824 (http) with context path ''
2023-07-28T09:40:45.284-05:00  INFO 69852 --- [    Test worker] entDemographicsControllerIntegrationTest : Started ClientDemographicsControllerIntegrationTest in 0.143 seconds (process running for 6.668)

MockHttpServletRequest:
      HTTP Method = GET
      Request URI = /clientDemographics/return/1
       Parameters = {}
          Headers = []
             Body = null
    Session Attrs = {}

Handler:
             Type = com.outreachmappingsolutions.controllers.ClientDemographicsController
           Method = com.outreachmappingsolutions.controllers.ClientDemographicsController#returnClientDemographicsByClientId(Integer)

Async:
    Async started = false
     Async result = null

Resolved Exception:
             Type = null

ModelAndView:
        View name = null
             View = null
            Model = null

FlashMap:
       Attributes = null

MockHttpServletResponse:
           Status = 200
    Error message = null
          Headers = [Content-Type:"application/json"]
     Content type = application/json
             Body = {"id":1,"gender":"Male","racePrimary":"White/Caucasian","raceSecondary":"Black/African-American","ethnicity":"Hispanic","veteranStatus":"Not a Veteran"}
    Forwarded URL = null
   Redirected URL = null
          Cookies = []
2023-07-28T09:40:45.295-05:00  INFO 69852 --- [    Test worker] o.apache.catalina.core.StandardService   : Stopping service [Tomcat]
2023-07-28T09:40:45.296-05:00  INFO 69852 --- [    Test worker] j.LocalContainerEntityManagerFactoryBean : Closing JPA EntityManagerFactory for persistence unit 'default'
2023-07-28T09:40:45.297-05:00  INFO 69852 --- [    Test worker] com.zaxxer.hikari.HikariDataSource       : HikariPool-20 - Shutdown initiated...
2023-07-28T09:40:45.297-05:00  INFO 69852 --- [    Test worker] com.zaxxer.hikari.HikariDataSource       : HikariPool-20 - Shutdown completed.

  .   ____          _            __ _ _
 /\\ / ___'_ __ _ _(_)_ __  __ _ \ \ \ \
( ( )\___ | '_ | '_| | '_ \/ _` | \ \ \ \
 \\/  ___)| |_)| | | | | || (_| |  ) ) ) )
  '  |____| .__|_| |_|_| |_\__, | / / / /
 =========|_|==============|___/=/_/_/_/
 :: Spring Boot ::                (v3.1.1)

2023-07-28T09:40:45.303-05:00  INFO 69852 --- [    Test worker] entDemographicsControllerIntegrationTest : Starting ClientDemographicsControllerIntegrationTest using Java 17.0.7 with PID 69852 (started by joshjennemann in /Users/joshjennemann/Desktop/Personal_Projects/outreach-mapping-solutions-back-end/Outreach-Mapping-Solutions/outreach-mapping-solutions-BE)
2023-07-28T09:40:45.303-05:00  INFO 69852 --- [    Test worker] entDemographicsControllerIntegrationTest : No active profile set, falling back to 1 default profile: "default"
2023-07-28T09:40:45.340-05:00  INFO 69852 --- [    Test worker] .s.d.r.c.RepositoryConfigurationDelegate : Multiple Spring Data modules found, entering strict repository configuration mode
2023-07-28T09:40:45.340-05:00  INFO 69852 --- [    Test worker] .s.d.r.c.RepositoryConfigurationDelegate : Bootstrapping Spring Data JDBC repositories in DEFAULT mode.
2023-07-28T09:40:45.342-05:00  INFO 69852 --- [    Test worker] .RepositoryConfigurationExtensionSupport : Spring Data JDBC - Could not safely identify store assignment for repository candidate interface com.outreachmappingsolutions.repositories.ClientBaseRepository; If you want this repository to be a JDBC repository, consider annotating your entities with one of these annotations: org.springframework.data.relational.core.mapping.Table.
2023-07-28T09:40:45.342-05:00  INFO 69852 --- [    Test worker] .RepositoryConfigurationExtensionSupport : Spring Data JDBC - Could not safely identify store assignment for repository candidate interface com.outreachmappingsolutions.repositories.ClientContactInfoRepository; If you want this repository to be a JDBC repository, consider annotating your entities with one of these annotations: org.springframework.data.relational.core.mapping.Table.
2023-07-28T09:40:45.342-05:00  INFO 69852 --- [    Test worker] .RepositoryConfigurationExtensionSupport : Spring Data JDBC - Could not safely identify store assignment for repository candidate interface com.outreachmappingsolutions.repositories.ClientDemographicsRepository; If you want this repository to be a JDBC repository, consider annotating your entities with one of these annotations: org.springframework.data.relational.core.mapping.Table.
2023-07-28T09:40:45.342-05:00  INFO 69852 --- [    Test worker] .s.d.r.c.RepositoryConfigurationDelegate : Finished Spring Data repository scanning in 1 ms. Found 0 JDBC repository interfaces.
2023-07-28T09:40:45.343-05:00  INFO 69852 --- [    Test worker] .s.d.r.c.RepositoryConfigurationDelegate : Multiple Spring Data modules found, entering strict repository configuration mode
2023-07-28T09:40:45.343-05:00  INFO 69852 --- [    Test worker] .s.d.r.c.RepositoryConfigurationDelegate : Bootstrapping Spring Data JPA repositories in DEFAULT mode.
2023-07-28T09:40:45.345-05:00  INFO 69852 --- [    Test worker] .s.d.r.c.RepositoryConfigurationDelegate : Finished Spring Data repository scanning in 2 ms. Found 3 JPA repository interfaces.
2023-07-28T09:40:45.359-05:00  INFO 69852 --- [    Test worker] o.s.b.w.embedded.tomcat.TomcatWebServer  : Tomcat initialized with port(s): 0 (http)
2023-07-28T09:40:45.360-05:00  INFO 69852 --- [    Test worker] o.apache.catalina.core.StandardService   : Starting service [Tomcat]
2023-07-28T09:40:45.360-05:00  INFO 69852 --- [    Test worker] o.apache.catalina.core.StandardEngine    : Starting Servlet engine: [Apache Tomcat/10.1.10]
2023-07-28T09:40:45.366-05:00  INFO 69852 --- [    Test worker] o.a.c.c.C.[Tomcat].[localhost].[/]       : Initializing Spring embedded WebApplicationContext
2023-07-28T09:40:45.366-05:00  INFO 69852 --- [    Test worker] w.s.c.ServletWebServerApplicationContext : Root WebApplicationContext: initialization completed in 62 ms
2023-07-28T09:40:45.367-05:00  INFO 69852 --- [    Test worker] com.zaxxer.hikari.HikariDataSource       : HikariPool-21 - Starting...
2023-07-28T09:40:45.368-05:00  INFO 69852 --- [    Test worker] com.zaxxer.hikari.pool.HikariPool        : HikariPool-21 - Added connection conn58: url=jdbc:h2:mem:testdb user=SA
2023-07-28T09:40:45.368-05:00  INFO 69852 --- [    Test worker] com.zaxxer.hikari.HikariDataSource       : HikariPool-21 - Start completed.
2023-07-28T09:40:45.368-05:00  INFO 69852 --- [    Test worker] o.s.b.a.h2.H2ConsoleAutoConfiguration    : H2 console available at '/h2-console'. Database available at 'jdbc:h2:mem:testdb'
2023-07-28T09:40:45.374-05:00  INFO 69852 --- [    Test worker] o.hibernate.jpa.internal.util.LogHelper  : HHH000204: Processing PersistenceUnitInfo [name: default]
2023-07-28T09:40:45.376-05:00  INFO 69852 --- [    Test worker] o.h.b.i.BytecodeProviderInitiator        : HHH000021: Bytecode provider name : bytebuddy
2023-07-28T09:40:45.377-05:00  INFO 69852 --- [    Test worker] o.s.o.j.p.SpringPersistenceUnitInfo      : No LoadTimeWeaver setup: ignoring JPA class transformer
2023-07-28T09:40:45.381-05:00  INFO 69852 --- [    Test worker] o.h.b.i.BytecodeProviderInitiator        : HHH000021: Bytecode provider name : bytebuddy
2023-07-28T09:40:45.393-05:00  INFO 69852 --- [    Test worker] o.h.e.t.j.p.i.JtaPlatformInitiator       : HHH000490: Using JtaPlatform implementation: [org.hibernate.engine.transaction.jta.platform.internal.NoJtaPlatform]
2023-07-28T09:40:45.396-05:00  INFO 69852 --- [    Test worker] j.LocalContainerEntityManagerFactoryBean : Initialized JPA EntityManagerFactory for persistence unit 'default'
2023-07-28T09:40:45.408-05:00  WARN 69852 --- [    Test worker] JpaBaseConfiguration$JpaWebConfiguration : spring.jpa.open-in-view is enabled by default. Therefore, database queries may be performed during view rendering. Explicitly configure spring.jpa.open-in-view to disable this warning
2023-07-28T09:40:45.438-05:00  INFO 69852 --- [    Test worker] o.a.c.c.C.[Tomcat].[localhost].[/]       : Initializing Spring TestDispatcherServlet ''
2023-07-28T09:40:45.438-05:00  INFO 69852 --- [    Test worker] o.s.t.web.servlet.TestDispatcherServlet  : Initializing Servlet ''
2023-07-28T09:40:45.438-05:00  INFO 69852 --- [    Test worker] o.s.t.web.servlet.TestDispatcherServlet  : Completed initialization in 0 ms
2023-07-28T09:40:45.441-05:00  INFO 69852 --- [    Test worker] o.s.b.w.embedded.tomcat.TomcatWebServer  : Tomcat started on port(s): 54826 (http) with context path ''
2023-07-28T09:40:45.442-05:00  INFO 69852 --- [    Test worker] entDemographicsControllerIntegrationTest : Started ClientDemographicsControllerIntegrationTest in 0.143 seconds (process running for 6.826)

MockHttpServletRequest:
      HTTP Method = GET
      Request URI = /clientDemographics/return/1
       Parameters = {}
          Headers = []
             Body = null
    Session Attrs = {}

Handler:
             Type = com.outreachmappingsolutions.controllers.ClientDemographicsController
           Method = com.outreachmappingsolutions.controllers.ClientDemographicsController#returnClientDemographicsByClientId(Integer)

Async:
    Async started = false
     Async result = null

Resolved Exception:
             Type = null

ModelAndView:
        View name = null
             View = null
            Model = null

FlashMap:
       Attributes = null

MockHttpServletResponse:
           Status = 404
    Error message = null
          Headers = [Content-Type:"text/plain;charset=UTF-8", Content-Length:"56"]
     Content type = text/plain;charset=UTF-8
             Body = No client demographics matching your criteria were found
    Forwarded URL = null
   Redirected URL = null
          Cookies = []
2023-07-28T09:40:45.450-05:00  INFO 69852 --- [    Test worker] o.apache.catalina.core.StandardService   : Stopping service [Tomcat]
2023-07-28T09:40:45.452-05:00  INFO 69852 --- [    Test worker] j.LocalContainerEntityManagerFactoryBean : Closing JPA EntityManagerFactory for persistence unit 'default'
2023-07-28T09:40:45.452-05:00  INFO 69852 --- [    Test worker] com.zaxxer.hikari.HikariDataSource       : HikariPool-21 - Shutdown initiated...
2023-07-28T09:40:45.452-05:00  INFO 69852 --- [    Test worker] com.zaxxer.hikari.HikariDataSource       : HikariPool-21 - Shutdown completed.
]]></system-out>
  <system-err><![CDATA[]]></system-err>
</testsuite>
