<?xml version="1.0" encoding="UTF-8"?>
<testsuite name="com.outreachmappingsolutions.Controllers.CilentBaseControllerUnitTest" tests="9" skipped="0" failures="0" errors="0" timestamp="2023-07-22T20:20:56" hostname="Joshs-Air.lan" time="0.444">
  <properties/>
  <testcase name="testReturnClientByIdNotFound()" classname="com.outreachmappingsolutions.Controllers.CilentBaseControllerUnitTest" time="0.416"/>
  <testcase name="testReturnClientByIdSuccess()" classname="com.outreachmappingsolutions.Controllers.CilentBaseControllerUnitTest" time="0.003"/>
  <testcase name="testUpdateClientNotFound()" classname="com.outreachmappingsolutions.Controllers.CilentBaseControllerUnitTest" time="0.003"/>
  <testcase name="testReturnAllClientsSuccess()" classname="com.outreachmappingsolutions.Controllers.CilentBaseControllerUnitTest" time="0.003"/>
  <testcase name="testDeleteClientNotFound()" classname="com.outreachmappingsolutions.Controllers.CilentBaseControllerUnitTest" time="0.002"/>
  <testcase name="testCreateNewClientSuccess()" classname="com.outreachmappingsolutions.Controllers.CilentBaseControllerUnitTest" time="0.002"/>
  <testcase name="testReturnAllClientsNotFound()" classname="com.outreachmappingsolutions.Controllers.CilentBaseControllerUnitTest" time="0.002"/>
  <testcase name="testDeleteClientSuccess()" classname="com.outreachmappingsolutions.Controllers.CilentBaseControllerUnitTest" time="0.003"/>
  <testcase name="testUpdateClientSuccess()" classname="com.outreachmappingsolutions.Controllers.CilentBaseControllerUnitTest" time="0.002"/>
  <system-out><![CDATA[]]></system-out>
  <system-err><![CDATA[]]></system-err>
</testsuite>
