<?xml version="1.0" encoding="UTF-8"?>
<testsuite name="com.outreachmappingsolutions.Controllers.ClientBaseControllerUnitTest" tests="9" skipped="0" failures="0" errors="0" timestamp="2023-07-28T17:01:04" hostname="Joshs-Air.lan" time="0.044">
  <properties/>
  <testcase name="testReturnClientByIdNotFound()" classname="com.outreachmappingsolutions.Controllers.ClientBaseControllerUnitTest" time="0.035"/>
  <testcase name="testReturnClientByIdSuccess()" classname="com.outreachmappingsolutions.Controllers.ClientBaseControllerUnitTest" time="0.001"/>
  <testcase name="testUpdateClientNotFound()" classname="com.outreachmappingsolutions.Controllers.ClientBaseControllerUnitTest" time="0.001"/>
  <testcase name="testReturnAllClientsSuccess()" classname="com.outreachmappingsolutions.Controllers.ClientBaseControllerUnitTest" time="0.001"/>
  <testcase name="testDeleteClientNotFound()" classname="com.outreachmappingsolutions.Controllers.ClientBaseControllerUnitTest" time="0.001"/>
  <testcase name="testCreateNewClientSuccess()" classname="com.outreachmappingsolutions.Controllers.ClientBaseControllerUnitTest" time="0.001"/>
  <testcase name="testReturnAllClientsNotFound()" classname="com.outreachmappingsolutions.Controllers.ClientBaseControllerUnitTest" time="0.001"/>
  <testcase name="testDeleteClientSuccess()" classname="com.outreachmappingsolutions.Controllers.ClientBaseControllerUnitTest" time="0.001"/>
  <testcase name="testUpdateClientSuccess()" classname="com.outreachmappingsolutions.Controllers.ClientBaseControllerUnitTest" time="0.001"/>
  <system-out><![CDATA[]]></system-out>
  <system-err><![CDATA[]]></system-err>
</testsuite>
