<?xml version="1.0" encoding="UTF-8"?>
<testsuite name="com.outreachmappingsolutions.Controllers.ClientContactInfoControllerIntegrationTest" tests="6" skipped="0" failures="0" errors="0" timestamp="2023-07-28T14:40:43" hostname="Joshs-Air.lan" time="0.937">
  <properties/>
  <testcase name="testUpdateClientContactInfoNotFound()" classname="com.outreachmappingsolutions.Controllers.ClientContactInfoControllerIntegrationTest" time="0.045"/>
  <testcase name="testReturnAllClientContactInfoNotFound()" classname="com.outreachmappingsolutions.Controllers.ClientContactInfoControllerIntegrationTest" time="0.01"/>
  <testcase name="testReturnClientContactInfoByIdNotFound()" classname="com.outreachmappingsolutions.Controllers.ClientContactInfoControllerIntegrationTest" time="0.014"/>
  <testcase name="testUpdateClientContactInfoSuccess()" classname="com.outreachmappingsolutions.Controllers.ClientContactInfoControllerIntegrationTest" time="0.029"/>
  <testcase name="testReturnClientContactInfoByIdSuccess()" classname="com.outreachmappingsolutions.Controllers.ClientContactInfoControllerIntegrationTest" time="0.012"/>
  <testcase name="testReturnAllClientContactInfoSuccess()" classname="com.outreachmappingsolutions.Controllers.ClientContactInfoControllerIntegrationTest" time="0.017"/>
  <system-out><![CDATA[2023-07-28T09:40:43.280-05:00  INFO 69852 --- [    Test worker] t.c.s.AnnotationConfigContextLoaderUtils : Could not detect default configuration classes for test class [com.outreachmappingsolutions.Controllers.ClientContactInfoControllerIntegrationTest]: ClientContactInfoControllerIntegrationTest does not declare any static, non-private, non-final, nested classes annotated with @Configuration.
2023-07-28T09:40:43.281-05:00  INFO 69852 --- [    Test worker] .b.t.c.SpringBootTestContextBootstrapper : Found @SpringBootConfiguration com.outreachmappingsolutions.OutreachMappingSolutionsApplication for test class com.outreachmappingsolutions.Controllers.ClientContactInfoControllerIntegrationTest

  .   ____          _            __ _ _
 /\\ / ___'_ __ _ _(_)_ __  __ _ \ \ \ \
( ( )\___ | '_ | '_| | '_ \/ _` | \ \ \ \
 \\/  ___)| |_)| | | | | || (_| |  ) ) ) )
  '  |____| .__|_| |_|_| |_\__, | / / / /
 =========|_|==============|___/=/_/_/_/
 :: Spring Boot ::                (v3.1.1)

2023-07-28T09:40:43.289-05:00  INFO 69852 --- [    Test worker] ientContactInfoControllerIntegrationTest : Starting ClientContactInfoControllerIntegrationTest using Java 17.0.7 with PID 69852 (started by joshjennemann in /Users/joshjennemann/Desktop/Personal_Projects/outreach-mapping-solutions-back-end/Outreach-Mapping-Solutions/outreach-mapping-solutions-BE)
2023-07-28T09:40:43.289-05:00  INFO 69852 --- [    Test worker] ientContactInfoControllerIntegrationTest : No active profile set, falling back to 1 default profile: "default"
2023-07-28T09:40:43.341-05:00  INFO 69852 --- [    Test worker] .s.d.r.c.RepositoryConfigurationDelegate : Multiple Spring Data modules found, entering strict repository configuration mode
2023-07-28T09:40:43.341-05:00  INFO 69852 --- [    Test worker] .s.d.r.c.RepositoryConfigurationDelegate : Bootstrapping Spring Data JDBC repositories in DEFAULT mode.
2023-07-28T09:40:43.342-05:00  INFO 69852 --- [    Test worker] .RepositoryConfigurationExtensionSupport : Spring Data JDBC - Could not safely identify store assignment for repository candidate interface com.outreachmappingsolutions.repositories.ClientBaseRepository; If you want this repository to be a JDBC repository, consider annotating your entities with one of these annotations: org.springframework.data.relational.core.mapping.Table.
2023-07-28T09:40:43.343-05:00  INFO 69852 --- [    Test worker] .RepositoryConfigurationExtensionSupport : Spring Data JDBC - Could not safely identify store assignment for repository candidate interface com.outreachmappingsolutions.repositories.ClientContactInfoRepository; If you want this repository to be a JDBC repository, consider annotating your entities with one of these annotations: org.springframework.data.relational.core.mapping.Table.
2023-07-28T09:40:43.343-05:00  INFO 69852 --- [    Test worker] .RepositoryConfigurationExtensionSupport : Spring Data JDBC - Could not safely identify store assignment for repository candidate interface com.outreachmappingsolutions.repositories.ClientDemographicsRepository; If you want this repository to be a JDBC repository, consider annotating your entities with one of these annotations: org.springframework.data.relational.core.mapping.Table.
2023-07-28T09:40:43.343-05:00  INFO 69852 --- [    Test worker] .s.d.r.c.RepositoryConfigurationDelegate : Finished Spring Data repository scanning in 1 ms. Found 0 JDBC repository interfaces.
2023-07-28T09:40:43.343-05:00  INFO 69852 --- [    Test worker] .s.d.r.c.RepositoryConfigurationDelegate : Multiple Spring Data modules found, entering strict repository configuration mode
2023-07-28T09:40:43.343-05:00  INFO 69852 --- [    Test worker] .s.d.r.c.RepositoryConfigurationDelegate : Bootstrapping Spring Data JPA repositories in DEFAULT mode.
2023-07-28T09:40:43.346-05:00  INFO 69852 --- [    Test worker] .s.d.r.c.RepositoryConfigurationDelegate : Finished Spring Data repository scanning in 2 ms. Found 3 JPA repository interfaces.
2023-07-28T09:40:43.375-05:00  INFO 69852 --- [    Test worker] o.s.b.w.embedded.tomcat.TomcatWebServer  : Tomcat initialized with port(s): 0 (http)
2023-07-28T09:40:43.375-05:00  INFO 69852 --- [    Test worker] o.apache.catalina.core.StandardService   : Starting service [Tomcat]
2023-07-28T09:40:43.375-05:00  INFO 69852 --- [    Test worker] o.apache.catalina.core.StandardEngine    : Starting Servlet engine: [Apache Tomcat/10.1.10]
2023-07-28T09:40:43.382-05:00  INFO 69852 --- [    Test worker] o.a.c.c.C.[Tomcat].[localhost].[/]       : Initializing Spring embedded WebApplicationContext
2023-07-28T09:40:43.383-05:00  INFO 69852 --- [    Test worker] w.s.c.ServletWebServerApplicationContext : Root WebApplicationContext: initialization completed in 94 ms
2023-07-28T09:40:43.384-05:00  INFO 69852 --- [    Test worker] com.zaxxer.hikari.HikariDataSource       : HikariPool-10 - Starting...
2023-07-28T09:40:43.385-05:00  INFO 69852 --- [    Test worker] com.zaxxer.hikari.pool.HikariPool        : HikariPool-10 - Added connection conn41: url=jdbc:h2:mem:testdb user=SA
2023-07-28T09:40:43.385-05:00  INFO 69852 --- [    Test worker] com.zaxxer.hikari.HikariDataSource       : HikariPool-10 - Start completed.
2023-07-28T09:40:43.385-05:00  INFO 69852 --- [    Test worker] o.s.b.a.h2.H2ConsoleAutoConfiguration    : H2 console available at '/h2-console'. Database available at 'jdbc:h2:mem:testdb'
2023-07-28T09:40:43.393-05:00  INFO 69852 --- [    Test worker] o.hibernate.jpa.internal.util.LogHelper  : HHH000204: Processing PersistenceUnitInfo [name: default]
2023-07-28T09:40:43.395-05:00  INFO 69852 --- [    Test worker] o.h.b.i.BytecodeProviderInitiator        : HHH000021: Bytecode provider name : bytebuddy
2023-07-28T09:40:43.395-05:00  INFO 69852 --- [    Test worker] o.s.o.j.p.SpringPersistenceUnitInfo      : No LoadTimeWeaver setup: ignoring JPA class transformer
2023-07-28T09:40:43.400-05:00  INFO 69852 --- [    Test worker] o.h.b.i.BytecodeProviderInitiator        : HHH000021: Bytecode provider name : bytebuddy
2023-07-28T09:40:43.414-05:00  INFO 69852 --- [    Test worker] o.h.e.t.j.p.i.JtaPlatformInitiator       : HHH000490: Using JtaPlatform implementation: [org.hibernate.engine.transaction.jta.platform.internal.NoJtaPlatform]
2023-07-28T09:40:43.418-05:00  INFO 69852 --- [    Test worker] j.LocalContainerEntityManagerFactoryBean : Initialized JPA EntityManagerFactory for persistence unit 'default'
2023-07-28T09:40:43.441-05:00  WARN 69852 --- [    Test worker] JpaBaseConfiguration$JpaWebConfiguration : spring.jpa.open-in-view is enabled by default. Therefore, database queries may be performed during view rendering. Explicitly configure spring.jpa.open-in-view to disable this warning
2023-07-28T09:40:43.472-05:00  INFO 69852 --- [    Test worker] o.a.c.c.C.[Tomcat].[localhost].[/]       : Initializing Spring TestDispatcherServlet ''
2023-07-28T09:40:43.472-05:00  INFO 69852 --- [    Test worker] o.s.t.web.servlet.TestDispatcherServlet  : Initializing Servlet ''
2023-07-28T09:40:43.472-05:00  INFO 69852 --- [    Test worker] o.s.t.web.servlet.TestDispatcherServlet  : Completed initialization in 0 ms
2023-07-28T09:40:43.478-05:00  INFO 69852 --- [    Test worker] o.s.b.w.embedded.tomcat.TomcatWebServer  : Tomcat started on port(s): 54796 (http) with context path ''
2023-07-28T09:40:43.480-05:00  INFO 69852 --- [    Test worker] ientContactInfoControllerIntegrationTest : Started ClientContactInfoControllerIntegrationTest in 0.197 seconds (process running for 4.863)

MockHttpServletRequest:
      HTTP Method = PUT
      Request URI = /clientContactInfo/update/1
       Parameters = {}
          Headers = [Content-Type:"application/json;charset=UTF-8", Accept:"application/json", Content-Length:"248"]
             Body = {"id":null,"phonePrimary":"111-111-1115","phoneSecondary":"111-111-1116","email":"miles@test.com","iceName":"Julian Bashir","iceRelationship":"Friend","icePhonePrimary":"111-111-1117","icePhoneSecondary":"111-111-1118","iceEmail":"julian@test.com"}
    Session Attrs = {}

Handler:
             Type = com.outreachmappingsolutions.controllers.ClientContactInfoController
           Method = com.outreachmappingsolutions.controllers.ClientContactInfoController#updateClientContactInfo(Integer, ClientContactInfo)

Async:
    Async started = false
     Async result = null

Resolved Exception:
             Type = null

ModelAndView:
        View name = null
             View = null
            Model = null

FlashMap:
       Attributes = null

MockHttpServletResponse:
           Status = 404
    Error message = null
          Headers = [Content-Type:"application/json", Content-Length:"62"]
     Content type = application/json
             Body = No client contact information matching your criteria was found
    Forwarded URL = null
   Redirected URL = null
          Cookies = []
2023-07-28T09:40:43.523-05:00  INFO 69852 --- [    Test worker] o.apache.catalina.core.StandardService   : Stopping service [Tomcat]
2023-07-28T09:40:43.524-05:00  INFO 69852 --- [    Test worker] j.LocalContainerEntityManagerFactoryBean : Closing JPA EntityManagerFactory for persistence unit 'default'
2023-07-28T09:40:43.525-05:00  INFO 69852 --- [    Test worker] com.zaxxer.hikari.HikariDataSource       : HikariPool-10 - Shutdown initiated...
2023-07-28T09:40:43.526-05:00  INFO 69852 --- [    Test worker] com.zaxxer.hikari.HikariDataSource       : HikariPool-10 - Shutdown completed.

  .   ____          _            __ _ _
 /\\ / ___'_ __ _ _(_)_ __  __ _ \ \ \ \
( ( )\___ | '_ | '_| | '_ \/ _` | \ \ \ \
 \\/  ___)| |_)| | | | | || (_| |  ) ) ) )
  '  |____| .__|_| |_|_| |_\__, | / / / /
 =========|_|==============|___/=/_/_/_/
 :: Spring Boot ::                (v3.1.1)

2023-07-28T09:40:43.534-05:00  INFO 69852 --- [    Test worker] ientContactInfoControllerIntegrationTest : Starting ClientContactInfoControllerIntegrationTest using Java 17.0.7 with PID 69852 (started by joshjennemann in /Users/joshjennemann/Desktop/Personal_Projects/outreach-mapping-solutions-back-end/Outreach-Mapping-Solutions/outreach-mapping-solutions-BE)
2023-07-28T09:40:43.534-05:00  INFO 69852 --- [    Test worker] ientContactInfoControllerIntegrationTest : No active profile set, falling back to 1 default profile: "default"
2023-07-28T09:40:43.574-05:00  INFO 69852 --- [    Test worker] .s.d.r.c.RepositoryConfigurationDelegate : Multiple Spring Data modules found, entering strict repository configuration mode
2023-07-28T09:40:43.574-05:00  INFO 69852 --- [    Test worker] .s.d.r.c.RepositoryConfigurationDelegate : Bootstrapping Spring Data JDBC repositories in DEFAULT mode.
2023-07-28T09:40:43.576-05:00  INFO 69852 --- [    Test worker] .RepositoryConfigurationExtensionSupport : Spring Data JDBC - Could not safely identify store assignment for repository candidate interface com.outreachmappingsolutions.repositories.ClientBaseRepository; If you want this repository to be a JDBC repository, consider annotating your entities with one of these annotations: org.springframework.data.relational.core.mapping.Table.
2023-07-28T09:40:43.576-05:00  INFO 69852 --- [    Test worker] .RepositoryConfigurationExtensionSupport : Spring Data JDBC - Could not safely identify store assignment for repository candidate interface com.outreachmappingsolutions.repositories.ClientContactInfoRepository; If you want this repository to be a JDBC repository, consider annotating your entities with one of these annotations: org.springframework.data.relational.core.mapping.Table.
2023-07-28T09:40:43.576-05:00  INFO 69852 --- [    Test worker] .RepositoryConfigurationExtensionSupport : Spring Data JDBC - Could not safely identify store assignment for repository candidate interface com.outreachmappingsolutions.repositories.ClientDemographicsRepository; If you want this repository to be a JDBC repository, consider annotating your entities with one of these annotations: org.springframework.data.relational.core.mapping.Table.
2023-07-28T09:40:43.576-05:00  INFO 69852 --- [    Test worker] .s.d.r.c.RepositoryConfigurationDelegate : Finished Spring Data repository scanning in 1 ms. Found 0 JDBC repository interfaces.
2023-07-28T09:40:43.577-05:00  INFO 69852 --- [    Test worker] .s.d.r.c.RepositoryConfigurationDelegate : Multiple Spring Data modules found, entering strict repository configuration mode
2023-07-28T09:40:43.577-05:00  INFO 69852 --- [    Test worker] .s.d.r.c.RepositoryConfigurationDelegate : Bootstrapping Spring Data JPA repositories in DEFAULT mode.
2023-07-28T09:40:43.581-05:00  INFO 69852 --- [    Test worker] .s.d.r.c.RepositoryConfigurationDelegate : Finished Spring Data repository scanning in 3 ms. Found 3 JPA repository interfaces.
2023-07-28T09:40:43.602-05:00  INFO 69852 --- [    Test worker] o.s.b.w.embedded.tomcat.TomcatWebServer  : Tomcat initialized with port(s): 0 (http)
2023-07-28T09:40:43.603-05:00  INFO 69852 --- [    Test worker] o.apache.catalina.core.StandardService   : Starting service [Tomcat]
2023-07-28T09:40:43.603-05:00  INFO 69852 --- [    Test worker] o.apache.catalina.core.StandardEngine    : Starting Servlet engine: [Apache Tomcat/10.1.10]
2023-07-28T09:40:43.612-05:00  INFO 69852 --- [    Test worker] o.a.c.c.C.[Tomcat].[localhost].[/]       : Initializing Spring embedded WebApplicationContext
2023-07-28T09:40:43.612-05:00  INFO 69852 --- [    Test worker] w.s.c.ServletWebServerApplicationContext : Root WebApplicationContext: initialization completed in 77 ms
2023-07-28T09:40:43.614-05:00  INFO 69852 --- [    Test worker] com.zaxxer.hikari.HikariDataSource       : HikariPool-11 - Starting...
2023-07-28T09:40:43.614-05:00  INFO 69852 --- [    Test worker] com.zaxxer.hikari.pool.HikariPool        : HikariPool-11 - Added connection conn45: url=jdbc:h2:mem:testdb user=SA
2023-07-28T09:40:43.614-05:00  INFO 69852 --- [    Test worker] com.zaxxer.hikari.HikariDataSource       : HikariPool-11 - Start completed.
2023-07-28T09:40:43.614-05:00  INFO 69852 --- [    Test worker] o.s.b.a.h2.H2ConsoleAutoConfiguration    : H2 console available at '/h2-console'. Database available at 'jdbc:h2:mem:testdb'
2023-07-28T09:40:43.622-05:00  INFO 69852 --- [    Test worker] o.hibernate.jpa.internal.util.LogHelper  : HHH000204: Processing PersistenceUnitInfo [name: default]
2023-07-28T09:40:43.627-05:00  INFO 69852 --- [    Test worker] o.h.b.i.BytecodeProviderInitiator        : HHH000021: Bytecode provider name : bytebuddy
2023-07-28T09:40:43.627-05:00  INFO 69852 --- [    Test worker] o.s.o.j.p.SpringPersistenceUnitInfo      : No LoadTimeWeaver setup: ignoring JPA class transformer
2023-07-28T09:40:43.632-05:00  INFO 69852 --- [    Test worker] o.h.b.i.BytecodeProviderInitiator        : HHH000021: Bytecode provider name : bytebuddy
2023-07-28T09:40:43.651-05:00  INFO 69852 --- [    Test worker] o.h.e.t.j.p.i.JtaPlatformInitiator       : HHH000490: Using JtaPlatform implementation: [org.hibernate.engine.transaction.jta.platform.internal.NoJtaPlatform]
2023-07-28T09:40:43.654-05:00  INFO 69852 --- [    Test worker] j.LocalContainerEntityManagerFactoryBean : Initialized JPA EntityManagerFactory for persistence unit 'default'
2023-07-28T09:40:43.671-05:00  WARN 69852 --- [    Test worker] JpaBaseConfiguration$JpaWebConfiguration : spring.jpa.open-in-view is enabled by default. Therefore, database queries may be performed during view rendering. Explicitly configure spring.jpa.open-in-view to disable this warning
2023-07-28T09:40:43.697-05:00  INFO 69852 --- [    Test worker] o.a.c.c.C.[Tomcat].[localhost].[/]       : Initializing Spring TestDispatcherServlet ''
2023-07-28T09:40:43.697-05:00  INFO 69852 --- [    Test worker] o.s.t.web.servlet.TestDispatcherServlet  : Initializing Servlet ''
2023-07-28T09:40:43.697-05:00  INFO 69852 --- [    Test worker] o.s.t.web.servlet.TestDispatcherServlet  : Completed initialization in 0 ms
2023-07-28T09:40:43.701-05:00  INFO 69852 --- [    Test worker] o.s.b.w.embedded.tomcat.TomcatWebServer  : Tomcat started on port(s): 54798 (http) with context path ''
2023-07-28T09:40:43.702-05:00  INFO 69852 --- [    Test worker] ientContactInfoControllerIntegrationTest : Started ClientContactInfoControllerIntegrationTest in 0.175 seconds (process running for 5.086)

MockHttpServletRequest:
      HTTP Method = GET
      Request URI = /clientContactInfo/returnAll
       Parameters = {}
          Headers = []
             Body = null
    Session Attrs = {}

Handler:
             Type = com.outreachmappingsolutions.controllers.ClientContactInfoController
           Method = com.outreachmappingsolutions.controllers.ClientContactInfoController#returnAllClientContactInfo()

Async:
    Async started = false
     Async result = null

Resolved Exception:
             Type = null

ModelAndView:
        View name = null
             View = null
            Model = null

FlashMap:
       Attributes = null

MockHttpServletResponse:
           Status = 404
    Error message = null
          Headers = [Content-Type:"text/plain;charset=UTF-8", Content-Length:"62"]
     Content type = text/plain;charset=UTF-8
             Body = No client contact information matching your criteria was found
    Forwarded URL = null
   Redirected URL = null
          Cookies = []
2023-07-28T09:40:43.709-05:00  INFO 69852 --- [    Test worker] o.apache.catalina.core.StandardService   : Stopping service [Tomcat]
2023-07-28T09:40:43.711-05:00  INFO 69852 --- [    Test worker] j.LocalContainerEntityManagerFactoryBean : Closing JPA EntityManagerFactory for persistence unit 'default'
2023-07-28T09:40:43.712-05:00  INFO 69852 --- [    Test worker] com.zaxxer.hikari.HikariDataSource       : HikariPool-11 - Shutdown initiated...
2023-07-28T09:40:43.712-05:00  INFO 69852 --- [    Test worker] com.zaxxer.hikari.HikariDataSource       : HikariPool-11 - Shutdown completed.

  .   ____          _            __ _ _
 /\\ / ___'_ __ _ _(_)_ __  __ _ \ \ \ \
( ( )\___ | '_ | '_| | '_ \/ _` | \ \ \ \
 \\/  ___)| |_)| | | | | || (_| |  ) ) ) )
  '  |____| .__|_| |_|_| |_\__, | / / / /
 =========|_|==============|___/=/_/_/_/
 :: Spring Boot ::                (v3.1.1)

2023-07-28T09:40:43.719-05:00  INFO 69852 --- [    Test worker] ientContactInfoControllerIntegrationTest : Starting ClientContactInfoControllerIntegrationTest using Java 17.0.7 with PID 69852 (started by joshjennemann in /Users/joshjennemann/Desktop/Personal_Projects/outreach-mapping-solutions-back-end/Outreach-Mapping-Solutions/outreach-mapping-solutions-BE)
2023-07-28T09:40:43.719-05:00  INFO 69852 --- [    Test worker] ientContactInfoControllerIntegrationTest : No active profile set, falling back to 1 default profile: "default"
2023-07-28T09:40:43.762-05:00  INFO 69852 --- [    Test worker] .s.d.r.c.RepositoryConfigurationDelegate : Multiple Spring Data modules found, entering strict repository configuration mode
2023-07-28T09:40:43.762-05:00  INFO 69852 --- [    Test worker] .s.d.r.c.RepositoryConfigurationDelegate : Bootstrapping Spring Data JDBC repositories in DEFAULT mode.
2023-07-28T09:40:43.764-05:00  INFO 69852 --- [    Test worker] .RepositoryConfigurationExtensionSupport : Spring Data JDBC - Could not safely identify store assignment for repository candidate interface com.outreachmappingsolutions.repositories.ClientBaseRepository; If you want this repository to be a JDBC repository, consider annotating your entities with one of these annotations: org.springframework.data.relational.core.mapping.Table.
2023-07-28T09:40:43.764-05:00  INFO 69852 --- [    Test worker] .RepositoryConfigurationExtensionSupport : Spring Data JDBC - Could not safely identify store assignment for repository candidate interface com.outreachmappingsolutions.repositories.ClientContactInfoRepository; If you want this repository to be a JDBC repository, consider annotating your entities with one of these annotations: org.springframework.data.relational.core.mapping.Table.
2023-07-28T09:40:43.764-05:00  INFO 69852 --- [    Test worker] .RepositoryConfigurationExtensionSupport : Spring Data JDBC - Could not safely identify store assignment for repository candidate interface com.outreachmappingsolutions.repositories.ClientDemographicsRepository; If you want this repository to be a JDBC repository, consider annotating your entities with one of these annotations: org.springframework.data.relational.core.mapping.Table.
2023-07-28T09:40:43.764-05:00  INFO 69852 --- [    Test worker] .s.d.r.c.RepositoryConfigurationDelegate : Finished Spring Data repository scanning in 1 ms. Found 0 JDBC repository interfaces.
2023-07-28T09:40:43.765-05:00  INFO 69852 --- [    Test worker] .s.d.r.c.RepositoryConfigurationDelegate : Multiple Spring Data modules found, entering strict repository configuration mode
2023-07-28T09:40:43.765-05:00  INFO 69852 --- [    Test worker] .s.d.r.c.RepositoryConfigurationDelegate : Bootstrapping Spring Data JPA repositories in DEFAULT mode.
2023-07-28T09:40:43.768-05:00  INFO 69852 --- [    Test worker] .s.d.r.c.RepositoryConfigurationDelegate : Finished Spring Data repository scanning in 2 ms. Found 3 JPA repository interfaces.
2023-07-28T09:40:43.786-05:00  INFO 69852 --- [    Test worker] o.s.b.w.embedded.tomcat.TomcatWebServer  : Tomcat initialized with port(s): 0 (http)
2023-07-28T09:40:43.787-05:00  INFO 69852 --- [    Test worker] o.apache.catalina.core.StandardService   : Starting service [Tomcat]
2023-07-28T09:40:43.787-05:00  INFO 69852 --- [    Test worker] o.apache.catalina.core.StandardEngine    : Starting Servlet engine: [Apache Tomcat/10.1.10]
2023-07-28T09:40:43.793-05:00  INFO 69852 --- [    Test worker] o.a.c.c.C.[Tomcat].[localhost].[/]       : Initializing Spring embedded WebApplicationContext
2023-07-28T09:40:43.793-05:00  INFO 69852 --- [    Test worker] w.s.c.ServletWebServerApplicationContext : Root WebApplicationContext: initialization completed in 73 ms
2023-07-28T09:40:43.794-05:00  INFO 69852 --- [    Test worker] com.zaxxer.hikari.HikariDataSource       : HikariPool-12 - Starting...
2023-07-28T09:40:43.795-05:00  INFO 69852 --- [    Test worker] com.zaxxer.hikari.pool.HikariPool        : HikariPool-12 - Added connection conn46: url=jdbc:h2:mem:testdb user=SA
2023-07-28T09:40:43.795-05:00  INFO 69852 --- [    Test worker] com.zaxxer.hikari.HikariDataSource       : HikariPool-12 - Start completed.
2023-07-28T09:40:43.795-05:00  INFO 69852 --- [    Test worker] o.s.b.a.h2.H2ConsoleAutoConfiguration    : H2 console available at '/h2-console'. Database available at 'jdbc:h2:mem:testdb'
2023-07-28T09:40:43.803-05:00  INFO 69852 --- [    Test worker] o.hibernate.jpa.internal.util.LogHelper  : HHH000204: Processing PersistenceUnitInfo [name: default]
2023-07-28T09:40:43.804-05:00  INFO 69852 --- [    Test worker] o.h.b.i.BytecodeProviderInitiator        : HHH000021: Bytecode provider name : bytebuddy
2023-07-28T09:40:43.804-05:00  INFO 69852 --- [    Test worker] o.s.o.j.p.SpringPersistenceUnitInfo      : No LoadTimeWeaver setup: ignoring JPA class transformer
2023-07-28T09:40:43.809-05:00  INFO 69852 --- [    Test worker] o.h.b.i.BytecodeProviderInitiator        : HHH000021: Bytecode provider name : bytebuddy
2023-07-28T09:40:43.823-05:00  INFO 69852 --- [    Test worker] o.h.e.t.j.p.i.JtaPlatformInitiator       : HHH000490: Using JtaPlatform implementation: [org.hibernate.engine.transaction.jta.platform.internal.NoJtaPlatform]
2023-07-28T09:40:43.826-05:00  INFO 69852 --- [    Test worker] j.LocalContainerEntityManagerFactoryBean : Initialized JPA EntityManagerFactory for persistence unit 'default'
2023-07-28T09:40:43.840-05:00  WARN 69852 --- [    Test worker] JpaBaseConfiguration$JpaWebConfiguration : spring.jpa.open-in-view is enabled by default. Therefore, database queries may be performed during view rendering. Explicitly configure spring.jpa.open-in-view to disable this warning
2023-07-28T09:40:43.865-05:00  INFO 69852 --- [    Test worker] o.a.c.c.C.[Tomcat].[localhost].[/]       : Initializing Spring TestDispatcherServlet ''
2023-07-28T09:40:43.865-05:00  INFO 69852 --- [    Test worker] o.s.t.web.servlet.TestDispatcherServlet  : Initializing Servlet ''
2023-07-28T09:40:43.865-05:00  INFO 69852 --- [    Test worker] o.s.t.web.servlet.TestDispatcherServlet  : Completed initialization in 0 ms
2023-07-28T09:40:43.868-05:00  INFO 69852 --- [    Test worker] o.s.b.w.embedded.tomcat.TomcatWebServer  : Tomcat started on port(s): 54800 (http) with context path ''
2023-07-28T09:40:43.869-05:00  INFO 69852 --- [    Test worker] ientContactInfoControllerIntegrationTest : Started ClientContactInfoControllerIntegrationTest in 0.156 seconds (process running for 5.253)

MockHttpServletRequest:
      HTTP Method = GET
      Request URI = /clientContactInfo/return/1
       Parameters = {}
          Headers = []
             Body = null
    Session Attrs = {}

Handler:
             Type = com.outreachmappingsolutions.controllers.ClientContactInfoController
           Method = com.outreachmappingsolutions.controllers.ClientContactInfoController#returnClientContactInfoByClientId(Integer)

Async:
    Async started = false
     Async result = null

Resolved Exception:
             Type = null

ModelAndView:
        View name = null
             View = null
            Model = null

FlashMap:
       Attributes = null

MockHttpServletResponse:
           Status = 404
    Error message = null
          Headers = [Content-Type:"text/plain;charset=UTF-8", Content-Length:"62"]
     Content type = text/plain;charset=UTF-8
             Body = No client contact information matching your criteria was found
    Forwarded URL = null
   Redirected URL = null
          Cookies = []
2023-07-28T09:40:43.879-05:00  INFO 69852 --- [    Test worker] o.apache.catalina.core.StandardService   : Stopping service [Tomcat]
2023-07-28T09:40:43.883-05:00  INFO 69852 --- [    Test worker] j.LocalContainerEntityManagerFactoryBean : Closing JPA EntityManagerFactory for persistence unit 'default'
2023-07-28T09:40:43.883-05:00  INFO 69852 --- [    Test worker] com.zaxxer.hikari.HikariDataSource       : HikariPool-12 - Shutdown initiated...
2023-07-28T09:40:43.884-05:00  INFO 69852 --- [    Test worker] com.zaxxer.hikari.HikariDataSource       : HikariPool-12 - Shutdown completed.

  .   ____          _            __ _ _
 /\\ / ___'_ __ _ _(_)_ __  __ _ \ \ \ \
( ( )\___ | '_ | '_| | '_ \/ _` | \ \ \ \
 \\/  ___)| |_)| | | | | || (_| |  ) ) ) )
  '  |____| .__|_| |_|_| |_\__, | / / / /
 =========|_|==============|___/=/_/_/_/
 :: Spring Boot ::                (v3.1.1)

2023-07-28T09:40:43.890-05:00  INFO 69852 --- [    Test worker] ientContactInfoControllerIntegrationTest : Starting ClientContactInfoControllerIntegrationTest using Java 17.0.7 with PID 69852 (started by joshjennemann in /Users/joshjennemann/Desktop/Personal_Projects/outreach-mapping-solutions-back-end/Outreach-Mapping-Solutions/outreach-mapping-solutions-BE)
2023-07-28T09:40:43.890-05:00  INFO 69852 --- [    Test worker] ientContactInfoControllerIntegrationTest : No active profile set, falling back to 1 default profile: "default"
2023-07-28T09:40:43.931-05:00  INFO 69852 --- [    Test worker] .s.d.r.c.RepositoryConfigurationDelegate : Multiple Spring Data modules found, entering strict repository configuration mode
2023-07-28T09:40:43.931-05:00  INFO 69852 --- [    Test worker] .s.d.r.c.RepositoryConfigurationDelegate : Bootstrapping Spring Data JDBC repositories in DEFAULT mode.
2023-07-28T09:40:43.933-05:00  INFO 69852 --- [    Test worker] .RepositoryConfigurationExtensionSupport : Spring Data JDBC - Could not safely identify store assignment for repository candidate interface com.outreachmappingsolutions.repositories.ClientBaseRepository; If you want this repository to be a JDBC repository, consider annotating your entities with one of these annotations: org.springframework.data.relational.core.mapping.Table.
2023-07-28T09:40:43.933-05:00  INFO 69852 --- [    Test worker] .RepositoryConfigurationExtensionSupport : Spring Data JDBC - Could not safely identify store assignment for repository candidate interface com.outreachmappingsolutions.repositories.ClientContactInfoRepository; If you want this repository to be a JDBC repository, consider annotating your entities with one of these annotations: org.springframework.data.relational.core.mapping.Table.
2023-07-28T09:40:43.933-05:00  INFO 69852 --- [    Test worker] .RepositoryConfigurationExtensionSupport : Spring Data JDBC - Could not safely identify store assignment for repository candidate interface com.outreachmappingsolutions.repositories.ClientDemographicsRepository; If you want this repository to be a JDBC repository, consider annotating your entities with one of these annotations: org.springframework.data.relational.core.mapping.Table.
2023-07-28T09:40:43.933-05:00  INFO 69852 --- [    Test worker] .s.d.r.c.RepositoryConfigurationDelegate : Finished Spring Data repository scanning in 1 ms. Found 0 JDBC repository interfaces.
2023-07-28T09:40:43.934-05:00  INFO 69852 --- [    Test worker] .s.d.r.c.RepositoryConfigurationDelegate : Multiple Spring Data modules found, entering strict repository configuration mode
2023-07-28T09:40:43.934-05:00  INFO 69852 --- [    Test worker] .s.d.r.c.RepositoryConfigurationDelegate : Bootstrapping Spring Data JPA repositories in DEFAULT mode.
2023-07-28T09:40:43.936-05:00  INFO 69852 --- [    Test worker] .s.d.r.c.RepositoryConfigurationDelegate : Finished Spring Data repository scanning in 2 ms. Found 3 JPA repository interfaces.
2023-07-28T09:40:43.953-05:00  INFO 69852 --- [    Test worker] o.s.b.w.embedded.tomcat.TomcatWebServer  : Tomcat initialized with port(s): 0 (http)
2023-07-28T09:40:43.953-05:00  INFO 69852 --- [    Test worker] o.apache.catalina.core.StandardService   : Starting service [Tomcat]
2023-07-28T09:40:43.954-05:00  INFO 69852 --- [    Test worker] o.apache.catalina.core.StandardEngine    : Starting Servlet engine: [Apache Tomcat/10.1.10]
2023-07-28T09:40:43.959-05:00  INFO 69852 --- [    Test worker] o.a.c.c.C.[Tomcat].[localhost].[/]       : Initializing Spring embedded WebApplicationContext
2023-07-28T09:40:43.959-05:00  INFO 69852 --- [    Test worker] w.s.c.ServletWebServerApplicationContext : Root WebApplicationContext: initialization completed in 68 ms
2023-07-28T09:40:43.961-05:00  INFO 69852 --- [    Test worker] com.zaxxer.hikari.HikariDataSource       : HikariPool-13 - Starting...
2023-07-28T09:40:43.961-05:00  INFO 69852 --- [    Test worker] com.zaxxer.hikari.pool.HikariPool        : HikariPool-13 - Added connection conn47: url=jdbc:h2:mem:testdb user=SA
2023-07-28T09:40:43.961-05:00  INFO 69852 --- [    Test worker] com.zaxxer.hikari.HikariDataSource       : HikariPool-13 - Start completed.
2023-07-28T09:40:43.961-05:00  INFO 69852 --- [    Test worker] o.s.b.a.h2.H2ConsoleAutoConfiguration    : H2 console available at '/h2-console'. Database available at 'jdbc:h2:mem:testdb'
2023-07-28T09:40:43.969-05:00  INFO 69852 --- [    Test worker] o.hibernate.jpa.internal.util.LogHelper  : HHH000204: Processing PersistenceUnitInfo [name: default]
2023-07-28T09:40:43.971-05:00  INFO 69852 --- [    Test worker] o.h.b.i.BytecodeProviderInitiator        : HHH000021: Bytecode provider name : bytebuddy
2023-07-28T09:40:43.971-05:00  INFO 69852 --- [    Test worker] o.s.o.j.p.SpringPersistenceUnitInfo      : No LoadTimeWeaver setup: ignoring JPA class transformer
2023-07-28T09:40:43.976-05:00  INFO 69852 --- [    Test worker] o.h.b.i.BytecodeProviderInitiator        : HHH000021: Bytecode provider name : bytebuddy
2023-07-28T09:40:43.990-05:00  INFO 69852 --- [    Test worker] o.h.e.t.j.p.i.JtaPlatformInitiator       : HHH000490: Using JtaPlatform implementation: [org.hibernate.engine.transaction.jta.platform.internal.NoJtaPlatform]
2023-07-28T09:40:43.993-05:00  INFO 69852 --- [    Test worker] j.LocalContainerEntityManagerFactoryBean : Initialized JPA EntityManagerFactory for persistence unit 'default'
2023-07-28T09:40:44.009-05:00  WARN 69852 --- [    Test worker] JpaBaseConfiguration$JpaWebConfiguration : spring.jpa.open-in-view is enabled by default. Therefore, database queries may be performed during view rendering. Explicitly configure spring.jpa.open-in-view to disable this warning
2023-07-28T09:40:44.039-05:00  INFO 69852 --- [    Test worker] o.a.c.c.C.[Tomcat].[localhost].[/]       : Initializing Spring TestDispatcherServlet ''
2023-07-28T09:40:44.039-05:00  INFO 69852 --- [    Test worker] o.s.t.web.servlet.TestDispatcherServlet  : Initializing Servlet ''
2023-07-28T09:40:44.039-05:00  INFO 69852 --- [    Test worker] o.s.t.web.servlet.TestDispatcherServlet  : Completed initialization in 0 ms
2023-07-28T09:40:44.042-05:00  INFO 69852 --- [    Test worker] o.s.b.w.embedded.tomcat.TomcatWebServer  : Tomcat started on port(s): 54802 (http) with context path ''
2023-07-28T09:40:44.043-05:00  INFO 69852 --- [    Test worker] ientContactInfoControllerIntegrationTest : Started ClientContactInfoControllerIntegrationTest in 0.158 seconds (process running for 5.427)

MockHttpServletRequest:
      HTTP Method = PUT
      Request URI = /clientContactInfo/update/1
       Parameters = {}
          Headers = [Content-Type:"application/json;charset=UTF-8", Accept:"application/json", Content-Length:"248"]
             Body = {"id":null,"phonePrimary":"111-111-1115","phoneSecondary":"111-111-1116","email":"miles@test.com","iceName":"Julian Bashir","iceRelationship":"Friend","icePhonePrimary":"111-111-1117","icePhoneSecondary":"111-111-1118","iceEmail":"julian@test.com"}
    Session Attrs = {}

Handler:
             Type = com.outreachmappingsolutions.controllers.ClientContactInfoController
           Method = com.outreachmappingsolutions.controllers.ClientContactInfoController#updateClientContactInfo(Integer, ClientContactInfo)

Async:
    Async started = false
     Async result = null

Resolved Exception:
             Type = null

ModelAndView:
        View name = null
             View = null
            Model = null

FlashMap:
       Attributes = null

MockHttpServletResponse:
           Status = 200
    Error message = null
          Headers = [Content-Type:"application/json"]
     Content type = application/json
             Body = {"id":1,"phonePrimary":"111-111-1115","phoneSecondary":"111-111-1116","email":"miles@test.com","iceName":"Julian Bashir","iceRelationship":"Friend","icePhonePrimary":"111-111-1117","icePhoneSecondary":"111-111-1118","iceEmail":"julian@test.com"}
    Forwarded URL = null
   Redirected URL = null
          Cookies = []
2023-07-28T09:40:44.062-05:00  INFO 69852 --- [    Test worker] o.apache.catalina.core.StandardService   : Stopping service [Tomcat]
2023-07-28T09:40:44.063-05:00  INFO 69852 --- [    Test worker] j.LocalContainerEntityManagerFactoryBean : Closing JPA EntityManagerFactory for persistence unit 'default'
2023-07-28T09:40:44.064-05:00  INFO 69852 --- [    Test worker] com.zaxxer.hikari.HikariDataSource       : HikariPool-13 - Shutdown initiated...
2023-07-28T09:40:44.073-05:00  INFO 69852 --- [    Test worker] com.zaxxer.hikari.HikariDataSource       : HikariPool-13 - Shutdown completed.

  .   ____          _            __ _ _
 /\\ / ___'_ __ _ _(_)_ __  __ _ \ \ \ \
( ( )\___ | '_ | '_| | '_ \/ _` | \ \ \ \
 \\/  ___)| |_)| | | | | || (_| |  ) ) ) )
  '  |____| .__|_| |_|_| |_\__, | / / / /
 =========|_|==============|___/=/_/_/_/
 :: Spring Boot ::                (v3.1.1)

2023-07-28T09:40:44.081-05:00  INFO 69852 --- [    Test worker] ientContactInfoControllerIntegrationTest : Starting ClientContactInfoControllerIntegrationTest using Java 17.0.7 with PID 69852 (started by joshjennemann in /Users/joshjennemann/Desktop/Personal_Projects/outreach-mapping-solutions-back-end/Outreach-Mapping-Solutions/outreach-mapping-solutions-BE)
2023-07-28T09:40:44.081-05:00  INFO 69852 --- [    Test worker] ientContactInfoControllerIntegrationTest : No active profile set, falling back to 1 default profile: "default"
2023-07-28T09:40:44.122-05:00  INFO 69852 --- [    Test worker] .s.d.r.c.RepositoryConfigurationDelegate : Multiple Spring Data modules found, entering strict repository configuration mode
2023-07-28T09:40:44.122-05:00  INFO 69852 --- [    Test worker] .s.d.r.c.RepositoryConfigurationDelegate : Bootstrapping Spring Data JDBC repositories in DEFAULT mode.
2023-07-28T09:40:44.123-05:00  INFO 69852 --- [    Test worker] .RepositoryConfigurationExtensionSupport : Spring Data JDBC - Could not safely identify store assignment for repository candidate interface com.outreachmappingsolutions.repositories.ClientBaseRepository; If you want this repository to be a JDBC repository, consider annotating your entities with one of these annotations: org.springframework.data.relational.core.mapping.Table.
2023-07-28T09:40:44.123-05:00  INFO 69852 --- [    Test worker] .RepositoryConfigurationExtensionSupport : Spring Data JDBC - Could not safely identify store assignment for repository candidate interface com.outreachmappingsolutions.repositories.ClientContactInfoRepository; If you want this repository to be a JDBC repository, consider annotating your entities with one of these annotations: org.springframework.data.relational.core.mapping.Table.
2023-07-28T09:40:44.123-05:00  INFO 69852 --- [    Test worker] .RepositoryConfigurationExtensionSupport : Spring Data JDBC - Could not safely identify store assignment for repository candidate interface com.outreachmappingsolutions.repositories.ClientDemographicsRepository; If you want this repository to be a JDBC repository, consider annotating your entities with one of these annotations: org.springframework.data.relational.core.mapping.Table.
2023-07-28T09:40:44.123-05:00  INFO 69852 --- [    Test worker] .s.d.r.c.RepositoryConfigurationDelegate : Finished Spring Data repository scanning in 1 ms. Found 0 JDBC repository interfaces.
2023-07-28T09:40:44.124-05:00  INFO 69852 --- [    Test worker] .s.d.r.c.RepositoryConfigurationDelegate : Multiple Spring Data modules found, entering strict repository configuration mode
2023-07-28T09:40:44.124-05:00  INFO 69852 --- [    Test worker] .s.d.r.c.RepositoryConfigurationDelegate : Bootstrapping Spring Data JPA repositories in DEFAULT mode.
2023-07-28T09:40:44.127-05:00  INFO 69852 --- [    Test worker] .s.d.r.c.RepositoryConfigurationDelegate : Finished Spring Data repository scanning in 3 ms. Found 3 JPA repository interfaces.
2023-07-28T09:40:44.144-05:00  INFO 69852 --- [    Test worker] o.s.b.w.embedded.tomcat.TomcatWebServer  : Tomcat initialized with port(s): 0 (http)
2023-07-28T09:40:44.144-05:00  INFO 69852 --- [    Test worker] o.apache.catalina.core.StandardService   : Starting service [Tomcat]
2023-07-28T09:40:44.144-05:00  INFO 69852 --- [    Test worker] o.apache.catalina.core.StandardEngine    : Starting Servlet engine: [Apache Tomcat/10.1.10]
2023-07-28T09:40:44.150-05:00  INFO 69852 --- [    Test worker] o.a.c.c.C.[Tomcat].[localhost].[/]       : Initializing Spring embedded WebApplicationContext
2023-07-28T09:40:44.150-05:00  INFO 69852 --- [    Test worker] w.s.c.ServletWebServerApplicationContext : Root WebApplicationContext: initialization completed in 68 ms
2023-07-28T09:40:44.155-05:00  INFO 69852 --- [    Test worker] com.zaxxer.hikari.HikariDataSource       : HikariPool-14 - Starting...
2023-07-28T09:40:44.155-05:00  INFO 69852 --- [    Test worker] com.zaxxer.hikari.pool.HikariPool        : HikariPool-14 - Added connection conn49: url=jdbc:h2:mem:testdb user=SA
2023-07-28T09:40:44.156-05:00  INFO 69852 --- [    Test worker] com.zaxxer.hikari.HikariDataSource       : HikariPool-14 - Start completed.
2023-07-28T09:40:44.156-05:00  INFO 69852 --- [    Test worker] o.s.b.a.h2.H2ConsoleAutoConfiguration    : H2 console available at '/h2-console'. Database available at 'jdbc:h2:mem:testdb'
2023-07-28T09:40:44.163-05:00  INFO 69852 --- [    Test worker] o.hibernate.jpa.internal.util.LogHelper  : HHH000204: Processing PersistenceUnitInfo [name: default]
2023-07-28T09:40:44.165-05:00  INFO 69852 --- [    Test worker] o.h.b.i.BytecodeProviderInitiator        : HHH000021: Bytecode provider name : bytebuddy
2023-07-28T09:40:44.165-05:00  INFO 69852 --- [    Test worker] o.s.o.j.p.SpringPersistenceUnitInfo      : No LoadTimeWeaver setup: ignoring JPA class transformer
2023-07-28T09:40:44.170-05:00  INFO 69852 --- [    Test worker] o.h.b.i.BytecodeProviderInitiator        : HHH000021: Bytecode provider name : bytebuddy
2023-07-28T09:40:44.183-05:00  INFO 69852 --- [    Test worker] o.h.e.t.j.p.i.JtaPlatformInitiator       : HHH000490: Using JtaPlatform implementation: [org.hibernate.engine.transaction.jta.platform.internal.NoJtaPlatform]
2023-07-28T09:40:44.186-05:00  INFO 69852 --- [    Test worker] j.LocalContainerEntityManagerFactoryBean : Initialized JPA EntityManagerFactory for persistence unit 'default'
2023-07-28T09:40:44.199-05:00  WARN 69852 --- [    Test worker] JpaBaseConfiguration$JpaWebConfiguration : spring.jpa.open-in-view is enabled by default. Therefore, database queries may be performed during view rendering. Explicitly configure spring.jpa.open-in-view to disable this warning
2023-07-28T09:40:44.224-05:00  INFO 69852 --- [    Test worker] o.a.c.c.C.[Tomcat].[localhost].[/]       : Initializing Spring TestDispatcherServlet ''
2023-07-28T09:40:44.225-05:00  INFO 69852 --- [    Test worker] o.s.t.web.servlet.TestDispatcherServlet  : Initializing Servlet ''
2023-07-28T09:40:44.225-05:00  INFO 69852 --- [    Test worker] o.s.t.web.servlet.TestDispatcherServlet  : Completed initialization in 0 ms
2023-07-28T09:40:44.228-05:00  INFO 69852 --- [    Test worker] o.s.b.w.embedded.tomcat.TomcatWebServer  : Tomcat started on port(s): 54808 (http) with context path ''
2023-07-28T09:40:44.231-05:00  INFO 69852 --- [    Test worker] ientContactInfoControllerIntegrationTest : Started ClientContactInfoControllerIntegrationTest in 0.156 seconds (process running for 5.615)

MockHttpServletRequest:
      HTTP Method = GET
      Request URI = /clientContactInfo/return/1
       Parameters = {}
          Headers = []
             Body = null
    Session Attrs = {}

Handler:
             Type = com.outreachmappingsolutions.controllers.ClientContactInfoController
           Method = com.outreachmappingsolutions.controllers.ClientContactInfoController#returnClientContactInfoByClientId(Integer)

Async:
    Async started = false
     Async result = null

Resolved Exception:
             Type = null

ModelAndView:
        View name = null
             View = null
            Model = null

FlashMap:
       Attributes = null

MockHttpServletResponse:
           Status = 200
    Error message = null
          Headers = [Content-Type:"application/json"]
     Content type = application/json
             Body = {"id":1,"phonePrimary":"111-111-1111","phoneSecondary":"111-111-1112","email":"miles@test.com","iceName":"Keiko O'Brien","iceRelationship":"Ex-Wife","icePhonePrimary":"111-111-1113","icePhoneSecondary":"111-111-1114","iceEmail":"keiko@test.com"}
    Forwarded URL = null
   Redirected URL = null
          Cookies = []
2023-07-28T09:40:44.242-05:00  INFO 69852 --- [    Test worker] o.apache.catalina.core.StandardService   : Stopping service [Tomcat]
2023-07-28T09:40:44.243-05:00  INFO 69852 --- [    Test worker] j.LocalContainerEntityManagerFactoryBean : Closing JPA EntityManagerFactory for persistence unit 'default'
2023-07-28T09:40:44.244-05:00  INFO 69852 --- [    Test worker] com.zaxxer.hikari.HikariDataSource       : HikariPool-14 - Shutdown initiated...
2023-07-28T09:40:44.244-05:00  INFO 69852 --- [    Test worker] com.zaxxer.hikari.HikariDataSource       : HikariPool-14 - Shutdown completed.

  .   ____          _            __ _ _
 /\\ / ___'_ __ _ _(_)_ __  __ _ \ \ \ \
( ( )\___ | '_ | '_| | '_ \/ _` | \ \ \ \
 \\/  ___)| |_)| | | | | || (_| |  ) ) ) )
  '  |____| .__|_| |_|_| |_\__, | / / / /
 =========|_|==============|___/=/_/_/_/
 :: Spring Boot ::                (v3.1.1)

2023-07-28T09:40:44.251-05:00  INFO 69852 --- [    Test worker] ientContactInfoControllerIntegrationTest : Starting ClientContactInfoControllerIntegrationTest using Java 17.0.7 with PID 69852 (started by joshjennemann in /Users/joshjennemann/Desktop/Personal_Projects/outreach-mapping-solutions-back-end/Outreach-Mapping-Solutions/outreach-mapping-solutions-BE)
2023-07-28T09:40:44.251-05:00  INFO 69852 --- [    Test worker] ientContactInfoControllerIntegrationTest : No active profile set, falling back to 1 default profile: "default"
2023-07-28T09:40:44.292-05:00  INFO 69852 --- [    Test worker] .s.d.r.c.RepositoryConfigurationDelegate : Multiple Spring Data modules found, entering strict repository configuration mode
2023-07-28T09:40:44.292-05:00  INFO 69852 --- [    Test worker] .s.d.r.c.RepositoryConfigurationDelegate : Bootstrapping Spring Data JDBC repositories in DEFAULT mode.
2023-07-28T09:40:44.294-05:00  INFO 69852 --- [    Test worker] .RepositoryConfigurationExtensionSupport : Spring Data JDBC - Could not safely identify store assignment for repository candidate interface com.outreachmappingsolutions.repositories.ClientBaseRepository; If you want this repository to be a JDBC repository, consider annotating your entities with one of these annotations: org.springframework.data.relational.core.mapping.Table.
2023-07-28T09:40:44.294-05:00  INFO 69852 --- [    Test worker] .RepositoryConfigurationExtensionSupport : Spring Data JDBC - Could not safely identify store assignment for repository candidate interface com.outreachmappingsolutions.repositories.ClientContactInfoRepository; If you want this repository to be a JDBC repository, consider annotating your entities with one of these annotations: org.springframework.data.relational.core.mapping.Table.
2023-07-28T09:40:44.294-05:00  INFO 69852 --- [    Test worker] .RepositoryConfigurationExtensionSupport : Spring Data JDBC - Could not safely identify store assignment for repository candidate interface com.outreachmappingsolutions.repositories.ClientDemographicsRepository; If you want this repository to be a JDBC repository, consider annotating your entities with one of these annotations: org.springframework.data.relational.core.mapping.Table.
2023-07-28T09:40:44.294-05:00  INFO 69852 --- [    Test worker] .s.d.r.c.RepositoryConfigurationDelegate : Finished Spring Data repository scanning in 1 ms. Found 0 JDBC repository interfaces.
2023-07-28T09:40:44.295-05:00  INFO 69852 --- [    Test worker] .s.d.r.c.RepositoryConfigurationDelegate : Multiple Spring Data modules found, entering strict repository configuration mode
2023-07-28T09:40:44.295-05:00  INFO 69852 --- [    Test worker] .s.d.r.c.RepositoryConfigurationDelegate : Bootstrapping Spring Data JPA repositories in DEFAULT mode.
2023-07-28T09:40:44.297-05:00  INFO 69852 --- [    Test worker] .s.d.r.c.RepositoryConfigurationDelegate : Finished Spring Data repository scanning in 2 ms. Found 3 JPA repository interfaces.
2023-07-28T09:40:44.313-05:00  INFO 69852 --- [    Test worker] o.s.b.w.embedded.tomcat.TomcatWebServer  : Tomcat initialized with port(s): 0 (http)
2023-07-28T09:40:44.314-05:00  INFO 69852 --- [    Test worker] o.apache.catalina.core.StandardService   : Starting service [Tomcat]
2023-07-28T09:40:44.314-05:00  INFO 69852 --- [    Test worker] o.apache.catalina.core.StandardEngine    : Starting Servlet engine: [Apache Tomcat/10.1.10]
2023-07-28T09:40:44.320-05:00  INFO 69852 --- [    Test worker] o.a.c.c.C.[Tomcat].[localhost].[/]       : Initializing Spring embedded WebApplicationContext
2023-07-28T09:40:44.320-05:00  INFO 69852 --- [    Test worker] w.s.c.ServletWebServerApplicationContext : Root WebApplicationContext: initialization completed in 68 ms
2023-07-28T09:40:44.321-05:00  INFO 69852 --- [    Test worker] com.zaxxer.hikari.HikariDataSource       : HikariPool-15 - Starting...
2023-07-28T09:40:44.322-05:00  INFO 69852 --- [    Test worker] com.zaxxer.hikari.pool.HikariPool        : HikariPool-15 - Added connection conn50: url=jdbc:h2:mem:testdb user=SA
2023-07-28T09:40:44.322-05:00  INFO 69852 --- [    Test worker] com.zaxxer.hikari.HikariDataSource       : HikariPool-15 - Start completed.
2023-07-28T09:40:44.322-05:00  INFO 69852 --- [    Test worker] o.s.b.a.h2.H2ConsoleAutoConfiguration    : H2 console available at '/h2-console'. Database available at 'jdbc:h2:mem:testdb'
2023-07-28T09:40:44.330-05:00  INFO 69852 --- [    Test worker] o.hibernate.jpa.internal.util.LogHelper  : HHH000204: Processing PersistenceUnitInfo [name: default]
2023-07-28T09:40:44.335-05:00  INFO 69852 --- [    Test worker] o.h.b.i.BytecodeProviderInitiator        : HHH000021: Bytecode provider name : bytebuddy
2023-07-28T09:40:44.335-05:00  INFO 69852 --- [    Test worker] o.s.o.j.p.SpringPersistenceUnitInfo      : No LoadTimeWeaver setup: ignoring JPA class transformer
2023-07-28T09:40:44.339-05:00  INFO 69852 --- [    Test worker] o.h.b.i.BytecodeProviderInitiator        : HHH000021: Bytecode provider name : bytebuddy
2023-07-28T09:40:44.352-05:00  INFO 69852 --- [    Test worker] o.h.e.t.j.p.i.JtaPlatformInitiator       : HHH000490: Using JtaPlatform implementation: [org.hibernate.engine.transaction.jta.platform.internal.NoJtaPlatform]
2023-07-28T09:40:44.354-05:00  INFO 69852 --- [    Test worker] j.LocalContainerEntityManagerFactoryBean : Initialized JPA EntityManagerFactory for persistence unit 'default'
2023-07-28T09:40:44.368-05:00  WARN 69852 --- [    Test worker] JpaBaseConfiguration$JpaWebConfiguration : spring.jpa.open-in-view is enabled by default. Therefore, database queries may be performed during view rendering. Explicitly configure spring.jpa.open-in-view to disable this warning
2023-07-28T09:40:44.395-05:00  INFO 69852 --- [    Test worker] o.a.c.c.C.[Tomcat].[localhost].[/]       : Initializing Spring TestDispatcherServlet ''
2023-07-28T09:40:44.395-05:00  INFO 69852 --- [    Test worker] o.s.t.web.servlet.TestDispatcherServlet  : Initializing Servlet ''
2023-07-28T09:40:44.396-05:00  INFO 69852 --- [    Test worker] o.s.t.web.servlet.TestDispatcherServlet  : Completed initialization in 1 ms
2023-07-28T09:40:44.399-05:00  INFO 69852 --- [    Test worker] o.s.b.w.embedded.tomcat.TomcatWebServer  : Tomcat started on port(s): 54810 (http) with context path ''
2023-07-28T09:40:44.400-05:00  INFO 69852 --- [    Test worker] ientContactInfoControllerIntegrationTest : Started ClientContactInfoControllerIntegrationTest in 0.154 seconds (process running for 5.784)

MockHttpServletRequest:
      HTTP Method = GET
      Request URI = /clientContactInfo/returnAll
       Parameters = {}
          Headers = []
             Body = null
    Session Attrs = {}

Handler:
             Type = com.outreachmappingsolutions.controllers.ClientContactInfoController
           Method = com.outreachmappingsolutions.controllers.ClientContactInfoController#returnAllClientContactInfo()

Async:
    Async started = false
     Async result = null

Resolved Exception:
             Type = null

ModelAndView:
        View name = null
             View = null
            Model = null

FlashMap:
       Attributes = null

MockHttpServletResponse:
           Status = 200
    Error message = null
          Headers = [Content-Type:"application/json"]
     Content type = application/json
             Body = [{"id":1,"phonePrimary":"111-111-1111","phoneSecondary":"111-111-1112","email":"miles@test.com","iceName":"Keiko O'Brien","iceRelationship":"Ex-Wife","icePhonePrimary":"111-111-1113","icePhoneSecondary":"111-111-1114","iceEmail":"keiko@test.com"},{"id":2,"phonePrimary":"222-222-2221","phoneSecondary":"222-222-2222","email":"wesley@test.com","iceName":"Beverly Crusher","iceRelationship":"Mother","icePhonePrimary":"222-222-2223","icePhoneSecondary":"222-222-2224","iceEmail":"dr.crusher@email.com"},{"id":3,"phonePrimary":"111-111-1111","phoneSecondary":"222-222-2222","email":"thomas@test.com","iceName":"Will Riker","iceRelationship":"Brother","icePhonePrimary":"333-333-3333","icePhoneSecondary":"444-444-4444","iceEmail":"will@email.com"}]
    Forwarded URL = null
   Redirected URL = null
          Cookies = []
2023-07-28T09:40:44.416-05:00  INFO 69852 --- [    Test worker] o.apache.catalina.core.StandardService   : Stopping service [Tomcat]
2023-07-28T09:40:44.417-05:00  INFO 69852 --- [    Test worker] j.LocalContainerEntityManagerFactoryBean : Closing JPA EntityManagerFactory for persistence unit 'default'
2023-07-28T09:40:44.418-05:00  INFO 69852 --- [    Test worker] com.zaxxer.hikari.HikariDataSource       : HikariPool-15 - Shutdown initiated...
2023-07-28T09:40:44.418-05:00  INFO 69852 --- [    Test worker] com.zaxxer.hikari.HikariDataSource       : HikariPool-15 - Shutdown completed.
]]></system-out>
  <system-err><![CDATA[]]></system-err>
</testsuite>
