<?xml version="1.0" encoding="UTF-8"?>
<testsuite name="com.outreachmappingsolutions.Services.ClientBaseServiceIntegrationTest" tests="9" skipped="0" failures="0" errors="0" timestamp="2023-07-28T14:40:45" hostname="Joshs-Air.lan" time="0.026">
  <properties/>
  <testcase name="testReturnClientByIdNotFound()" classname="com.outreachmappingsolutions.Services.ClientBaseServiceIntegrationTest" time="0.004"/>
  <testcase name="testReturnClientByIdSuccess()" classname="com.outreachmappingsolutions.Services.ClientBaseServiceIntegrationTest" time="0.002"/>
  <testcase name="testUpdateClientNotFound()" classname="com.outreachmappingsolutions.Services.ClientBaseServiceIntegrationTest" time="0.002"/>
  <testcase name="testReturnAllClientsSuccess()" classname="com.outreachmappingsolutions.Services.ClientBaseServiceIntegrationTest" time="0.004"/>
  <testcase name="testDeleteClientNotFound()" classname="com.outreachmappingsolutions.Services.ClientBaseServiceIntegrationTest" time="0.001"/>
  <testcase name="testCreateNewClientSuccess()" classname="com.outreachmappingsolutions.Services.ClientBaseServiceIntegrationTest" time="0.002"/>
  <testcase name="testReturnAllClientsNotFound()" classname="com.outreachmappingsolutions.Services.ClientBaseServiceIntegrationTest" time="0.003"/>
  <testcase name="testDeleteClientSuccess()" classname="com.outreachmappingsolutions.Services.ClientBaseServiceIntegrationTest" time="0.003"/>
  <testcase name="testUpdateClientSuccess()" classname="com.outreachmappingsolutions.Services.ClientBaseServiceIntegrationTest" time="0.002"/>
  <system-out><![CDATA[2023-07-28T09:40:45.465-05:00  INFO 69852 --- [    Test worker] t.c.s.AnnotationConfigContextLoaderUtils : Could not detect default configuration classes for test class [com.outreachmappingsolutions.Services.ClientBaseServiceIntegrationTest]: ClientBaseServiceIntegrationTest does not declare any static, non-private, non-final, nested classes annotated with @Configuration.
2023-07-28T09:40:45.467-05:00  INFO 69852 --- [    Test worker] .b.t.c.SpringBootTestContextBootstrapper : Found @SpringBootConfiguration com.outreachmappingsolutions.OutreachMappingSolutionsApplication for test class com.outreachmappingsolutions.Services.ClientBaseServiceIntegrationTest

  .   ____          _            __ _ _
 /\\ / ___'_ __ _ _(_)_ __  __ _ \ \ \ \
( ( )\___ | '_ | '_| | '_ \/ _` | \ \ \ \
 \\/  ___)| |_)| | | | | || (_| |  ) ) ) )
  '  |____| .__|_| |_|_| |_\__, | / / / /
 =========|_|==============|___/=/_/_/_/
 :: Spring Boot ::                (v3.1.1)

2023-07-28T09:40:45.473-05:00  INFO 69852 --- [    Test worker] c.o.S.ClientBaseServiceIntegrationTest   : Starting ClientBaseServiceIntegrationTest using Java 17.0.7 with PID 69852 (started by joshjennemann in /Users/joshjennemann/Desktop/Personal_Projects/outreach-mapping-solutions-back-end/Outreach-Mapping-Solutions/outreach-mapping-solutions-BE)
2023-07-28T09:40:45.473-05:00  INFO 69852 --- [    Test worker] c.o.S.ClientBaseServiceIntegrationTest   : No active profile set, falling back to 1 default profile: "default"
2023-07-28T09:40:45.509-05:00  INFO 69852 --- [    Test worker] .s.d.r.c.RepositoryConfigurationDelegate : Multiple Spring Data modules found, entering strict repository configuration mode
2023-07-28T09:40:45.509-05:00  INFO 69852 --- [    Test worker] .s.d.r.c.RepositoryConfigurationDelegate : Bootstrapping Spring Data JDBC repositories in DEFAULT mode.
2023-07-28T09:40:45.511-05:00  INFO 69852 --- [    Test worker] .RepositoryConfigurationExtensionSupport : Spring Data JDBC - Could not safely identify store assignment for repository candidate interface com.outreachmappingsolutions.repositories.ClientBaseRepository; If you want this repository to be a JDBC repository, consider annotating your entities with one of these annotations: org.springframework.data.relational.core.mapping.Table.
2023-07-28T09:40:45.511-05:00  INFO 69852 --- [    Test worker] .RepositoryConfigurationExtensionSupport : Spring Data JDBC - Could not safely identify store assignment for repository candidate interface com.outreachmappingsolutions.repositories.ClientContactInfoRepository; If you want this repository to be a JDBC repository, consider annotating your entities with one of these annotations: org.springframework.data.relational.core.mapping.Table.
2023-07-28T09:40:45.511-05:00  INFO 69852 --- [    Test worker] .RepositoryConfigurationExtensionSupport : Spring Data JDBC - Could not safely identify store assignment for repository candidate interface com.outreachmappingsolutions.repositories.ClientDemographicsRepository; If you want this repository to be a JDBC repository, consider annotating your entities with one of these annotations: org.springframework.data.relational.core.mapping.Table.
2023-07-28T09:40:45.511-05:00  INFO 69852 --- [    Test worker] .s.d.r.c.RepositoryConfigurationDelegate : Finished Spring Data repository scanning in 1 ms. Found 0 JDBC repository interfaces.
2023-07-28T09:40:45.512-05:00  INFO 69852 --- [    Test worker] .s.d.r.c.RepositoryConfigurationDelegate : Multiple Spring Data modules found, entering strict repository configuration mode
2023-07-28T09:40:45.512-05:00  INFO 69852 --- [    Test worker] .s.d.r.c.RepositoryConfigurationDelegate : Bootstrapping Spring Data JPA repositories in DEFAULT mode.
2023-07-28T09:40:45.514-05:00  INFO 69852 --- [    Test worker] .s.d.r.c.RepositoryConfigurationDelegate : Finished Spring Data repository scanning in 2 ms. Found 3 JPA repository interfaces.
2023-07-28T09:40:45.529-05:00  INFO 69852 --- [    Test worker] o.s.b.w.embedded.tomcat.TomcatWebServer  : Tomcat initialized with port(s): 0 (http)
2023-07-28T09:40:45.530-05:00  INFO 69852 --- [    Test worker] o.apache.catalina.core.StandardService   : Starting service [Tomcat]
2023-07-28T09:40:45.530-05:00  INFO 69852 --- [    Test worker] o.apache.catalina.core.StandardEngine    : Starting Servlet engine: [Apache Tomcat/10.1.10]
2023-07-28T09:40:45.536-05:00  INFO 69852 --- [    Test worker] o.a.c.c.C.[Tomcat].[localhost].[/]       : Initializing Spring embedded WebApplicationContext
2023-07-28T09:40:45.536-05:00  INFO 69852 --- [    Test worker] w.s.c.ServletWebServerApplicationContext : Root WebApplicationContext: initialization completed in 63 ms
2023-07-28T09:40:45.539-05:00  INFO 69852 --- [    Test worker] com.zaxxer.hikari.HikariDataSource       : HikariPool-22 - Starting...
2023-07-28T09:40:45.539-05:00  INFO 69852 --- [    Test worker] com.zaxxer.hikari.pool.HikariPool        : HikariPool-22 - Added connection conn59: url=jdbc:h2:mem:testdb user=SA
2023-07-28T09:40:45.539-05:00  INFO 69852 --- [    Test worker] com.zaxxer.hikari.HikariDataSource       : HikariPool-22 - Start completed.
2023-07-28T09:40:45.539-05:00  INFO 69852 --- [    Test worker] o.s.b.a.h2.H2ConsoleAutoConfiguration    : H2 console available at '/h2-console'. Database available at 'jdbc:h2:mem:testdb'
2023-07-28T09:40:45.546-05:00  INFO 69852 --- [    Test worker] o.hibernate.jpa.internal.util.LogHelper  : HHH000204: Processing PersistenceUnitInfo [name: default]
2023-07-28T09:40:45.548-05:00  INFO 69852 --- [    Test worker] o.h.b.i.BytecodeProviderInitiator        : HHH000021: Bytecode provider name : bytebuddy
2023-07-28T09:40:45.548-05:00  INFO 69852 --- [    Test worker] o.s.o.j.p.SpringPersistenceUnitInfo      : No LoadTimeWeaver setup: ignoring JPA class transformer
2023-07-28T09:40:45.552-05:00  INFO 69852 --- [    Test worker] o.h.b.i.BytecodeProviderInitiator        : HHH000021: Bytecode provider name : bytebuddy
2023-07-28T09:40:45.565-05:00  INFO 69852 --- [    Test worker] o.h.e.t.j.p.i.JtaPlatformInitiator       : HHH000490: Using JtaPlatform implementation: [org.hibernate.engine.transaction.jta.platform.internal.NoJtaPlatform]
2023-07-28T09:40:45.568-05:00  INFO 69852 --- [    Test worker] j.LocalContainerEntityManagerFactoryBean : Initialized JPA EntityManagerFactory for persistence unit 'default'
2023-07-28T09:40:45.583-05:00  WARN 69852 --- [    Test worker] JpaBaseConfiguration$JpaWebConfiguration : spring.jpa.open-in-view is enabled by default. Therefore, database queries may be performed during view rendering. Explicitly configure spring.jpa.open-in-view to disable this warning
2023-07-28T09:40:45.610-05:00  INFO 69852 --- [    Test worker] o.s.b.w.embedded.tomcat.TomcatWebServer  : Tomcat started on port(s): 54828 (http) with context path ''
2023-07-28T09:40:45.611-05:00  INFO 69852 --- [    Test worker] c.o.S.ClientBaseServiceIntegrationTest   : Started ClientBaseServiceIntegrationTest in 0.143 seconds (process running for 6.995)
]]></system-out>
  <system-err><![CDATA[]]></system-err>
</testsuite>
