<?xml version="1.0" encoding="UTF-8"?>
<testsuite name="com.outreachmappingsolutions.Controllers.ClientDemographicsControllerUnitTest" tests="6" skipped="0" failures="0" errors="0" timestamp="2023-09-28T19:06:48" hostname="Joshs-Air.lan" time="0.009">
  <properties/>
  <testcase name="testUpdateClientDemographicsSuccess()" classname="com.outreachmappingsolutions.Controllers.ClientDemographicsControllerUnitTest" time="0.005"/>
  <testcase name="testReturnAllClientDemographicsSuccess()" classname="com.outreachmappingsolutions.Controllers.ClientDemographicsControllerUnitTest" time="0.001"/>
  <testcase name="testUpdateClientDemographicsNotFound()" classname="com.outreachmappingsolutions.Controllers.ClientDemographicsControllerUnitTest" time="0.001"/>
  <testcase name="testReturnAllClientDemographicsNotFound()" classname="com.outreachmappingsolutions.Controllers.ClientDemographicsControllerUnitTest" time="0.001"/>
  <testcase name="testReturnClientDemographicsByClientIdSuccess()" classname="com.outreachmappingsolutions.Controllers.ClientDemographicsControllerUnitTest" time="0.001"/>
  <testcase name="testReturnClientDemographicsByClientIdNotFound()" classname="com.outreachmappingsolutions.Controllers.ClientDemographicsControllerUnitTest" time="0.0"/>
  <system-out><![CDATA[]]></system-out>
  <system-err><![CDATA[]]></system-err>
</testsuite>
