<?xml version="1.0" encoding="UTF-8"?>
<testsuite name="com.outreachmappingsolutions.Controllers.ClientBaseControllerIntegrationTest" tests="9" skipped="0" failures="0" errors="0" timestamp="2023-09-28T19:06:43" hostname="Joshs-Air.lan" time="2.339">
  <properties/>
  <testcase name="testReturnClientByIdNotFound()" classname="com.outreachmappingsolutions.Controllers.ClientBaseControllerIntegrationTest" time="0.174"/>
  <testcase name="testReturnClientByIdSuccess()" classname="com.outreachmappingsolutions.Controllers.ClientBaseControllerIntegrationTest" time="0.061"/>
  <testcase name="testUpdateClientNotFound()" classname="com.outreachmappingsolutions.Controllers.ClientBaseControllerIntegrationTest" time="0.048"/>
  <testcase name="testReturnAllClientsSuccess()" classname="com.outreachmappingsolutions.Controllers.ClientBaseControllerIntegrationTest" time="0.081"/>
  <testcase name="testCreateNewClientTestSuccess()" classname="com.outreachmappingsolutions.Controllers.ClientBaseControllerIntegrationTest" time="0.028"/>
  <testcase name="testDeleteClientNotFound()" classname="com.outreachmappingsolutions.Controllers.ClientBaseControllerIntegrationTest" time="0.021"/>
  <testcase name="testReturnAllClientsNotFound()" classname="com.outreachmappingsolutions.Controllers.ClientBaseControllerIntegrationTest" time="0.02"/>
  <testcase name="testDeleteClientSuccess()" classname="com.outreachmappingsolutions.Controllers.ClientBaseControllerIntegrationTest" time="0.033"/>
  <testcase name="testUpdateClientSuccess()" classname="com.outreachmappingsolutions.Controllers.ClientBaseControllerIntegrationTest" time="0.032"/>
  <system-out><![CDATA[14:06:41.260 [Test worker] INFO org.springframework.test.context.support.AnnotationConfigContextLoaderUtils -- Could not detect default configuration classes for test class [com.outreachmappingsolutions.Controllers.ClientBaseControllerIntegrationTest]: ClientBaseControllerIntegrationTest does not declare any static, non-private, non-final, nested classes annotated with @Configuration.
14:06:41.332 [Test worker] INFO org.springframework.boot.test.context.SpringBootTestContextBootstrapper -- Found @SpringBootConfiguration com.outreachmappingsolutions.OutreachMappingSolutionsApplication for test class com.outreachmappingsolutions.Controllers.ClientBaseControllerIntegrationTest

  .   ____          _            __ _ _
 /\\ / ___'_ __ _ _(_)_ __  __ _ \ \ \ \
( ( )\___ | '_ | '_| | '_ \/ _` | \ \ \ \
 \\/  ___)| |_)| | | | | || (_| |  ) ) ) )
  '  |____| .__|_| |_|_| |_\__, | / / / /
 =========|_|==============|___/=/_/_/_/
 :: Spring Boot ::                (v3.1.1)

2023-09-28T14:06:41.522-05:00  INFO 44934 --- [    Test worker] .o.C.ClientBaseControllerIntegrationTest : Starting ClientBaseControllerIntegrationTest using Java 17.0.7 with PID 44934 (started by joshjennemann in /Users/joshjennemann/Desktop/Personal_Projects/outreach-mapping-solutions-back-end/Outreach-Mapping-Solutions/outreach-mapping-solutions-BE)
2023-09-28T14:06:41.523-05:00  INFO 44934 --- [    Test worker] .o.C.ClientBaseControllerIntegrationTest : No active profile set, falling back to 1 default profile: "default"
2023-09-28T14:06:41.833-05:00  INFO 44934 --- [    Test worker] .s.d.r.c.RepositoryConfigurationDelegate : Multiple Spring Data modules found, entering strict repository configuration mode
2023-09-28T14:06:41.834-05:00  INFO 44934 --- [    Test worker] .s.d.r.c.RepositoryConfigurationDelegate : Bootstrapping Spring Data JDBC repositories in DEFAULT mode.
2023-09-28T14:06:41.849-05:00  INFO 44934 --- [    Test worker] .RepositoryConfigurationExtensionSupport : Spring Data JDBC - Could not safely identify store assignment for repository candidate interface com.outreachmappingsolutions.repositories.ClientBaseRepository; If you want this repository to be a JDBC repository, consider annotating your entities with one of these annotations: org.springframework.data.relational.core.mapping.Table.
2023-09-28T14:06:41.849-05:00  INFO 44934 --- [    Test worker] .RepositoryConfigurationExtensionSupport : Spring Data JDBC - Could not safely identify store assignment for repository candidate interface com.outreachmappingsolutions.repositories.ClientContactInfoRepository; If you want this repository to be a JDBC repository, consider annotating your entities with one of these annotations: org.springframework.data.relational.core.mapping.Table.
2023-09-28T14:06:41.850-05:00  INFO 44934 --- [    Test worker] .RepositoryConfigurationExtensionSupport : Spring Data JDBC - Could not safely identify store assignment for repository candidate interface com.outreachmappingsolutions.repositories.ClientDemographicsRepository; If you want this repository to be a JDBC repository, consider annotating your entities with one of these annotations: org.springframework.data.relational.core.mapping.Table.
2023-09-28T14:06:41.850-05:00  INFO 44934 --- [    Test worker] .s.d.r.c.RepositoryConfigurationDelegate : Finished Spring Data repository scanning in 14 ms. Found 0 JDBC repository interfaces.
2023-09-28T14:06:41.856-05:00  INFO 44934 --- [    Test worker] .s.d.r.c.RepositoryConfigurationDelegate : Multiple Spring Data modules found, entering strict repository configuration mode
2023-09-28T14:06:41.857-05:00  INFO 44934 --- [    Test worker] .s.d.r.c.RepositoryConfigurationDelegate : Bootstrapping Spring Data JPA repositories in DEFAULT mode.
2023-09-28T14:06:41.872-05:00  INFO 44934 --- [    Test worker] .s.d.r.c.RepositoryConfigurationDelegate : Finished Spring Data repository scanning in 12 ms. Found 3 JPA repository interfaces.
2023-09-28T14:06:42.122-05:00  INFO 44934 --- [    Test worker] o.s.b.w.embedded.tomcat.TomcatWebServer  : Tomcat initialized with port(s): 0 (http)
2023-09-28T14:06:42.128-05:00  INFO 44934 --- [    Test worker] o.apache.catalina.core.StandardService   : Starting service [Tomcat]
2023-09-28T14:06:42.128-05:00  INFO 44934 --- [    Test worker] o.apache.catalina.core.StandardEngine    : Starting Servlet engine: [Apache Tomcat/10.1.10]
2023-09-28T14:06:42.189-05:00  INFO 44934 --- [    Test worker] o.a.c.c.C.[Tomcat].[localhost].[/]       : Initializing Spring embedded WebApplicationContext
2023-09-28T14:06:42.190-05:00  INFO 44934 --- [    Test worker] w.s.c.ServletWebServerApplicationContext : Root WebApplicationContext: initialization completed in 659 ms
2023-09-28T14:06:42.207-05:00  INFO 44934 --- [    Test worker] com.zaxxer.hikari.HikariDataSource       : HikariPool-1 - Starting...
2023-09-28T14:06:42.322-05:00  INFO 44934 --- [    Test worker] com.zaxxer.hikari.pool.HikariPool        : HikariPool-1 - Added connection conn0: url=jdbc:h2:mem:testdb user=SA
2023-09-28T14:06:42.323-05:00  INFO 44934 --- [    Test worker] com.zaxxer.hikari.HikariDataSource       : HikariPool-1 - Start completed.
2023-09-28T14:06:42.329-05:00  INFO 44934 --- [    Test worker] o.s.b.a.h2.H2ConsoleAutoConfiguration    : H2 console available at '/h2-console'. Database available at 'jdbc:h2:mem:testdb'
2023-09-28T14:06:42.404-05:00  INFO 44934 --- [    Test worker] o.hibernate.jpa.internal.util.LogHelper  : HHH000204: Processing PersistenceUnitInfo [name: default]
2023-09-28T14:06:42.435-05:00  INFO 44934 --- [    Test worker] org.hibernate.Version                    : HHH000412: Hibernate ORM core version 6.2.5.Final
2023-09-28T14:06:42.436-05:00  INFO 44934 --- [    Test worker] org.hibernate.cfg.Environment            : HHH000406: Using bytecode reflection optimizer
2023-09-28T14:06:42.504-05:00  INFO 44934 --- [    Test worker] o.h.b.i.BytecodeProviderInitiator        : HHH000021: Bytecode provider name : bytebuddy
2023-09-28T14:06:42.572-05:00  INFO 44934 --- [    Test worker] o.s.o.j.p.SpringPersistenceUnitInfo      : No LoadTimeWeaver setup: ignoring JPA class transformer
2023-09-28T14:06:42.676-05:00  INFO 44934 --- [    Test worker] o.h.b.i.BytecodeProviderInitiator        : HHH000021: Bytecode provider name : bytebuddy
2023-09-28T14:06:42.991-05:00  INFO 44934 --- [    Test worker] o.h.e.t.j.p.i.JtaPlatformInitiator       : HHH000490: Using JtaPlatform implementation: [org.hibernate.engine.transaction.jta.platform.internal.NoJtaPlatform]
2023-09-28T14:06:43.013-05:00  INFO 44934 --- [    Test worker] j.LocalContainerEntityManagerFactoryBean : Initialized JPA EntityManagerFactory for persistence unit 'default'
2023-09-28T14:06:43.180-05:00  WARN 44934 --- [    Test worker] JpaBaseConfiguration$JpaWebConfiguration : spring.jpa.open-in-view is enabled by default. Therefore, database queries may be performed during view rendering. Explicitly configure spring.jpa.open-in-view to disable this warning
2023-09-28T14:06:43.359-05:00  INFO 44934 --- [    Test worker] o.a.c.c.C.[Tomcat].[localhost].[/]       : Initializing Spring TestDispatcherServlet ''
2023-09-28T14:06:43.359-05:00  INFO 44934 --- [    Test worker] o.s.t.web.servlet.TestDispatcherServlet  : Initializing Servlet ''
2023-09-28T14:06:43.359-05:00  INFO 44934 --- [    Test worker] o.s.t.web.servlet.TestDispatcherServlet  : Completed initialization in 0 ms
2023-09-28T14:06:43.386-05:00  INFO 44934 --- [    Test worker] o.s.b.w.embedded.tomcat.TomcatWebServer  : Tomcat started on port(s): 52057 (http) with context path ''
2023-09-28T14:06:43.394-05:00  INFO 44934 --- [    Test worker] .o.C.ClientBaseControllerIntegrationTest : Started ClientBaseControllerIntegrationTest in 1.992 seconds (process running for 2.709)

MockHttpServletRequest:
      HTTP Method = GET
      Request URI = /clientBase/return/1
       Parameters = {}
          Headers = []
             Body = null
    Session Attrs = {}

Handler:
             Type = com.outreachmappingsolutions.controllers.ClientBaseController
           Method = com.outreachmappingsolutions.controllers.ClientBaseController#returnClientById(Integer)

Async:
    Async started = false
     Async result = null

Resolved Exception:
             Type = null

ModelAndView:
        View name = null
             View = null
            Model = null

FlashMap:
       Attributes = null

MockHttpServletResponse:
           Status = 404
    Error message = null
          Headers = [Content-Type:"text/plain;charset=UTF-8", Content-Length:"44"]
     Content type = text/plain;charset=UTF-8
             Body = No clients matching your criteria were found
    Forwarded URL = null
   Redirected URL = null
          Cookies = []
2023-09-28T14:06:43.556-05:00  INFO 44934 --- [    Test worker] o.apache.catalina.core.StandardService   : Stopping service [Tomcat]
2023-09-28T14:06:43.563-05:00  INFO 44934 --- [    Test worker] j.LocalContainerEntityManagerFactoryBean : Closing JPA EntityManagerFactory for persistence unit 'default'
2023-09-28T14:06:43.567-05:00  INFO 44934 --- [    Test worker] com.zaxxer.hikari.HikariDataSource       : HikariPool-1 - Shutdown initiated...
2023-09-28T14:06:43.568-05:00  INFO 44934 --- [    Test worker] com.zaxxer.hikari.HikariDataSource       : HikariPool-1 - Shutdown completed.

  .   ____          _            __ _ _
 /\\ / ___'_ __ _ _(_)_ __  __ _ \ \ \ \
( ( )\___ | '_ | '_| | '_ \/ _` | \ \ \ \
 \\/  ___)| |_)| | | | | || (_| |  ) ) ) )
  '  |____| .__|_| |_|_| |_\__, | / / / /
 =========|_|==============|___/=/_/_/_/
 :: Spring Boot ::                (v3.1.1)

2023-09-28T14:06:43.585-05:00  INFO 44934 --- [    Test worker] .o.C.ClientBaseControllerIntegrationTest : Starting ClientBaseControllerIntegrationTest using Java 17.0.7 with PID 44934 (started by joshjennemann in /Users/joshjennemann/Desktop/Personal_Projects/outreach-mapping-solutions-back-end/Outreach-Mapping-Solutions/outreach-mapping-solutions-BE)
2023-09-28T14:06:43.586-05:00  INFO 44934 --- [    Test worker] .o.C.ClientBaseControllerIntegrationTest : No active profile set, falling back to 1 default profile: "default"
2023-09-28T14:06:43.662-05:00  INFO 44934 --- [    Test worker] .s.d.r.c.RepositoryConfigurationDelegate : Multiple Spring Data modules found, entering strict repository configuration mode
2023-09-28T14:06:43.662-05:00  INFO 44934 --- [    Test worker] .s.d.r.c.RepositoryConfigurationDelegate : Bootstrapping Spring Data JDBC repositories in DEFAULT mode.
2023-09-28T14:06:43.665-05:00  INFO 44934 --- [    Test worker] .RepositoryConfigurationExtensionSupport : Spring Data JDBC - Could not safely identify store assignment for repository candidate interface com.outreachmappingsolutions.repositories.ClientBaseRepository; If you want this repository to be a JDBC repository, consider annotating your entities with one of these annotations: org.springframework.data.relational.core.mapping.Table.
2023-09-28T14:06:43.665-05:00  INFO 44934 --- [    Test worker] .RepositoryConfigurationExtensionSupport : Spring Data JDBC - Could not safely identify store assignment for repository candidate interface com.outreachmappingsolutions.repositories.ClientContactInfoRepository; If you want this repository to be a JDBC repository, consider annotating your entities with one of these annotations: org.springframework.data.relational.core.mapping.Table.
2023-09-28T14:06:43.665-05:00  INFO 44934 --- [    Test worker] .RepositoryConfigurationExtensionSupport : Spring Data JDBC - Could not safely identify store assignment for repository candidate interface com.outreachmappingsolutions.repositories.ClientDemographicsRepository; If you want this repository to be a JDBC repository, consider annotating your entities with one of these annotations: org.springframework.data.relational.core.mapping.Table.
2023-09-28T14:06:43.665-05:00  INFO 44934 --- [    Test worker] .s.d.r.c.RepositoryConfigurationDelegate : Finished Spring Data repository scanning in 2 ms. Found 0 JDBC repository interfaces.
2023-09-28T14:06:43.666-05:00  INFO 44934 --- [    Test worker] .s.d.r.c.RepositoryConfigurationDelegate : Multiple Spring Data modules found, entering strict repository configuration mode
2023-09-28T14:06:43.667-05:00  INFO 44934 --- [    Test worker] .s.d.r.c.RepositoryConfigurationDelegate : Bootstrapping Spring Data JPA repositories in DEFAULT mode.
2023-09-28T14:06:43.671-05:00  INFO 44934 --- [    Test worker] .s.d.r.c.RepositoryConfigurationDelegate : Finished Spring Data repository scanning in 4 ms. Found 3 JPA repository interfaces.
2023-09-28T14:06:43.709-05:00  INFO 44934 --- [    Test worker] o.s.b.w.embedded.tomcat.TomcatWebServer  : Tomcat initialized with port(s): 0 (http)
2023-09-28T14:06:43.709-05:00  INFO 44934 --- [    Test worker] o.apache.catalina.core.StandardService   : Starting service [Tomcat]
2023-09-28T14:06:43.710-05:00  INFO 44934 --- [    Test worker] o.apache.catalina.core.StandardEngine    : Starting Servlet engine: [Apache Tomcat/10.1.10]
2023-09-28T14:06:43.718-05:00  INFO 44934 --- [    Test worker] o.a.c.c.C.[Tomcat].[localhost].[/]       : Initializing Spring embedded WebApplicationContext
2023-09-28T14:06:43.719-05:00  INFO 44934 --- [    Test worker] w.s.c.ServletWebServerApplicationContext : Root WebApplicationContext: initialization completed in 132 ms
2023-09-28T14:06:43.726-05:00  INFO 44934 --- [    Test worker] com.zaxxer.hikari.HikariDataSource       : HikariPool-2 - Starting...
2023-09-28T14:06:43.727-05:00  INFO 44934 --- [    Test worker] com.zaxxer.hikari.pool.HikariPool        : HikariPool-2 - Added connection conn10: url=jdbc:h2:mem:testdb user=SA
2023-09-28T14:06:43.727-05:00  INFO 44934 --- [    Test worker] com.zaxxer.hikari.HikariDataSource       : HikariPool-2 - Start completed.
2023-09-28T14:06:43.727-05:00  INFO 44934 --- [    Test worker] o.s.b.a.h2.H2ConsoleAutoConfiguration    : H2 console available at '/h2-console'. Database available at 'jdbc:h2:mem:testdb'
2023-09-28T14:06:43.742-05:00  INFO 44934 --- [    Test worker] o.hibernate.jpa.internal.util.LogHelper  : HHH000204: Processing PersistenceUnitInfo [name: default]
2023-09-28T14:06:43.747-05:00  INFO 44934 --- [    Test worker] o.h.b.i.BytecodeProviderInitiator        : HHH000021: Bytecode provider name : bytebuddy
2023-09-28T14:06:43.748-05:00  INFO 44934 --- [    Test worker] o.s.o.j.p.SpringPersistenceUnitInfo      : No LoadTimeWeaver setup: ignoring JPA class transformer
2023-09-28T14:06:43.759-05:00  INFO 44934 --- [    Test worker] o.h.b.i.BytecodeProviderInitiator        : HHH000021: Bytecode provider name : bytebuddy
2023-09-28T14:06:43.799-05:00  INFO 44934 --- [    Test worker] o.h.e.t.j.p.i.JtaPlatformInitiator       : HHH000490: Using JtaPlatform implementation: [org.hibernate.engine.transaction.jta.platform.internal.NoJtaPlatform]
2023-09-28T14:06:43.804-05:00  INFO 44934 --- [    Test worker] j.LocalContainerEntityManagerFactoryBean : Initialized JPA EntityManagerFactory for persistence unit 'default'
2023-09-28T14:06:43.830-05:00  WARN 44934 --- [    Test worker] JpaBaseConfiguration$JpaWebConfiguration : spring.jpa.open-in-view is enabled by default. Therefore, database queries may be performed during view rendering. Explicitly configure spring.jpa.open-in-view to disable this warning
2023-09-28T14:06:43.881-05:00  INFO 44934 --- [    Test worker] o.a.c.c.C.[Tomcat].[localhost].[/]       : Initializing Spring TestDispatcherServlet ''
2023-09-28T14:06:43.881-05:00  INFO 44934 --- [    Test worker] o.s.t.web.servlet.TestDispatcherServlet  : Initializing Servlet ''
2023-09-28T14:06:43.882-05:00  INFO 44934 --- [    Test worker] o.s.t.web.servlet.TestDispatcherServlet  : Completed initialization in 1 ms
2023-09-28T14:06:43.888-05:00  INFO 44934 --- [    Test worker] o.s.b.w.embedded.tomcat.TomcatWebServer  : Tomcat started on port(s): 52063 (http) with context path ''
2023-09-28T14:06:43.890-05:00  INFO 44934 --- [    Test worker] .o.C.ClientBaseControllerIntegrationTest : Started ClientBaseControllerIntegrationTest in 0.316 seconds (process running for 3.205)

MockHttpServletRequest:
      HTTP Method = GET
      Request URI = /clientBase/return/1
       Parameters = {}
          Headers = []
             Body = null
    Session Attrs = {}

Handler:
             Type = com.outreachmappingsolutions.controllers.ClientBaseController
           Method = com.outreachmappingsolutions.controllers.ClientBaseController#returnClientById(Integer)

Async:
    Async started = false
     Async result = null

Resolved Exception:
             Type = null

ModelAndView:
        View name = null
             View = null
            Model = null

FlashMap:
       Attributes = null

MockHttpServletResponse:
           Status = 200
    Error message = null
          Headers = [Content-Type:"application/json"]
     Content type = application/json
             Body = {"id":1,"firstName":"Chief","middleName":null,"lastName":null,"nameDataQuality":"Partially Complete","dobMonth":null,"dobDay":null,"dobYear":null,"dobDataQuality":"Client Refused","firstThreeSsn":null,"middleTwoSsn":null,"lastFourSsn":null,"ssnDataQuality":"Client Refused","clientDemographics":{"id":1,"gender":null,"racePrimary":null,"raceSecondary":null,"ethnicity":null,"veteranStatus":null},"clientContactInfo":{"id":1,"phonePrimary":null,"phoneSecondary":null,"email":null,"iceName":null,"iceRelationship":null,"icePhonePrimary":null,"icePhoneSecondary":null,"iceEmail":null}}
    Forwarded URL = null
   Redirected URL = null
          Cookies = []
2023-09-28T14:06:43.948-05:00  INFO 44934 --- [    Test worker] o.apache.catalina.core.StandardService   : Stopping service [Tomcat]
2023-09-28T14:06:43.950-05:00  INFO 44934 --- [    Test worker] j.LocalContainerEntityManagerFactoryBean : Closing JPA EntityManagerFactory for persistence unit 'default'
2023-09-28T14:06:43.952-05:00  INFO 44934 --- [    Test worker] com.zaxxer.hikari.HikariDataSource       : HikariPool-2 - Shutdown initiated...
2023-09-28T14:06:43.952-05:00  INFO 44934 --- [    Test worker] com.zaxxer.hikari.HikariDataSource       : HikariPool-2 - Shutdown completed.

  .   ____          _            __ _ _
 /\\ / ___'_ __ _ _(_)_ __  __ _ \ \ \ \
( ( )\___ | '_ | '_| | '_ \/ _` | \ \ \ \
 \\/  ___)| |_)| | | | | || (_| |  ) ) ) )
  '  |____| .__|_| |_|_| |_\__, | / / / /
 =========|_|==============|___/=/_/_/_/
 :: Spring Boot ::                (v3.1.1)

2023-09-28T14:06:43.964-05:00  INFO 44934 --- [    Test worker] .o.C.ClientBaseControllerIntegrationTest : Starting ClientBaseControllerIntegrationTest using Java 17.0.7 with PID 44934 (started by joshjennemann in /Users/joshjennemann/Desktop/Personal_Projects/outreach-mapping-solutions-back-end/Outreach-Mapping-Solutions/outreach-mapping-solutions-BE)
2023-09-28T14:06:43.964-05:00  INFO 44934 --- [    Test worker] .o.C.ClientBaseControllerIntegrationTest : No active profile set, falling back to 1 default profile: "default"
2023-09-28T14:06:44.024-05:00  INFO 44934 --- [    Test worker] .s.d.r.c.RepositoryConfigurationDelegate : Multiple Spring Data modules found, entering strict repository configuration mode
2023-09-28T14:06:44.024-05:00  INFO 44934 --- [    Test worker] .s.d.r.c.RepositoryConfigurationDelegate : Bootstrapping Spring Data JDBC repositories in DEFAULT mode.
2023-09-28T14:06:44.026-05:00  INFO 44934 --- [    Test worker] .RepositoryConfigurationExtensionSupport : Spring Data JDBC - Could not safely identify store assignment for repository candidate interface com.outreachmappingsolutions.repositories.ClientBaseRepository; If you want this repository to be a JDBC repository, consider annotating your entities with one of these annotations: org.springframework.data.relational.core.mapping.Table.
2023-09-28T14:06:44.026-05:00  INFO 44934 --- [    Test worker] .RepositoryConfigurationExtensionSupport : Spring Data JDBC - Could not safely identify store assignment for repository candidate interface com.outreachmappingsolutions.repositories.ClientContactInfoRepository; If you want this repository to be a JDBC repository, consider annotating your entities with one of these annotations: org.springframework.data.relational.core.mapping.Table.
2023-09-28T14:06:44.026-05:00  INFO 44934 --- [    Test worker] .RepositoryConfigurationExtensionSupport : Spring Data JDBC - Could not safely identify store assignment for repository candidate interface com.outreachmappingsolutions.repositories.ClientDemographicsRepository; If you want this repository to be a JDBC repository, consider annotating your entities with one of these annotations: org.springframework.data.relational.core.mapping.Table.
2023-09-28T14:06:44.026-05:00  INFO 44934 --- [    Test worker] .s.d.r.c.RepositoryConfigurationDelegate : Finished Spring Data repository scanning in 2 ms. Found 0 JDBC repository interfaces.
2023-09-28T14:06:44.027-05:00  INFO 44934 --- [    Test worker] .s.d.r.c.RepositoryConfigurationDelegate : Multiple Spring Data modules found, entering strict repository configuration mode
2023-09-28T14:06:44.028-05:00  INFO 44934 --- [    Test worker] .s.d.r.c.RepositoryConfigurationDelegate : Bootstrapping Spring Data JPA repositories in DEFAULT mode.
2023-09-28T14:06:44.032-05:00  INFO 44934 --- [    Test worker] .s.d.r.c.RepositoryConfigurationDelegate : Finished Spring Data repository scanning in 3 ms. Found 3 JPA repository interfaces.
2023-09-28T14:06:44.065-05:00  INFO 44934 --- [    Test worker] o.s.b.w.embedded.tomcat.TomcatWebServer  : Tomcat initialized with port(s): 0 (http)
2023-09-28T14:06:44.066-05:00  INFO 44934 --- [    Test worker] o.apache.catalina.core.StandardService   : Starting service [Tomcat]
2023-09-28T14:06:44.066-05:00  INFO 44934 --- [    Test worker] o.apache.catalina.core.StandardEngine    : Starting Servlet engine: [Apache Tomcat/10.1.10]
2023-09-28T14:06:44.075-05:00  INFO 44934 --- [    Test worker] o.a.c.c.C.[Tomcat].[localhost].[/]       : Initializing Spring embedded WebApplicationContext
2023-09-28T14:06:44.075-05:00  INFO 44934 --- [    Test worker] w.s.c.ServletWebServerApplicationContext : Root WebApplicationContext: initialization completed in 110 ms
2023-09-28T14:06:44.081-05:00  INFO 44934 --- [    Test worker] com.zaxxer.hikari.HikariDataSource       : HikariPool-3 - Starting...
2023-09-28T14:06:44.081-05:00  INFO 44934 --- [    Test worker] com.zaxxer.hikari.pool.HikariPool        : HikariPool-3 - Added connection conn20: url=jdbc:h2:mem:testdb user=SA
2023-09-28T14:06:44.081-05:00  INFO 44934 --- [    Test worker] com.zaxxer.hikari.HikariDataSource       : HikariPool-3 - Start completed.
2023-09-28T14:06:44.081-05:00  INFO 44934 --- [    Test worker] o.s.b.a.h2.H2ConsoleAutoConfiguration    : H2 console available at '/h2-console'. Database available at 'jdbc:h2:mem:testdb'
2023-09-28T14:06:44.094-05:00  INFO 44934 --- [    Test worker] o.hibernate.jpa.internal.util.LogHelper  : HHH000204: Processing PersistenceUnitInfo [name: default]
2023-09-28T14:06:44.097-05:00  INFO 44934 --- [    Test worker] o.h.b.i.BytecodeProviderInitiator        : HHH000021: Bytecode provider name : bytebuddy
2023-09-28T14:06:44.097-05:00  INFO 44934 --- [    Test worker] o.s.o.j.p.SpringPersistenceUnitInfo      : No LoadTimeWeaver setup: ignoring JPA class transformer
2023-09-28T14:06:44.106-05:00  INFO 44934 --- [    Test worker] o.h.b.i.BytecodeProviderInitiator        : HHH000021: Bytecode provider name : bytebuddy
2023-09-28T14:06:44.137-05:00  INFO 44934 --- [    Test worker] o.h.e.t.j.p.i.JtaPlatformInitiator       : HHH000490: Using JtaPlatform implementation: [org.hibernate.engine.transaction.jta.platform.internal.NoJtaPlatform]
2023-09-28T14:06:44.142-05:00  INFO 44934 --- [    Test worker] j.LocalContainerEntityManagerFactoryBean : Initialized JPA EntityManagerFactory for persistence unit 'default'
2023-09-28T14:06:44.166-05:00  WARN 44934 --- [    Test worker] JpaBaseConfiguration$JpaWebConfiguration : spring.jpa.open-in-view is enabled by default. Therefore, database queries may be performed during view rendering. Explicitly configure spring.jpa.open-in-view to disable this warning
2023-09-28T14:06:44.202-05:00  INFO 44934 --- [    Test worker] o.a.c.c.C.[Tomcat].[localhost].[/]       : Initializing Spring TestDispatcherServlet ''
2023-09-28T14:06:44.202-05:00  INFO 44934 --- [    Test worker] o.s.t.web.servlet.TestDispatcherServlet  : Initializing Servlet ''
2023-09-28T14:06:44.202-05:00  INFO 44934 --- [    Test worker] o.s.t.web.servlet.TestDispatcherServlet  : Completed initialization in 0 ms
2023-09-28T14:06:44.206-05:00  INFO 44934 --- [    Test worker] o.s.b.w.embedded.tomcat.TomcatWebServer  : Tomcat started on port(s): 52065 (http) with context path ''
2023-09-28T14:06:44.208-05:00  INFO 44934 --- [    Test worker] .o.C.ClientBaseControllerIntegrationTest : Started ClientBaseControllerIntegrationTest in 0.254 seconds (process running for 3.523)

MockHttpServletRequest:
      HTTP Method = PUT
      Request URI = /clientBase/update/1
       Parameters = {}
          Headers = [Content-Type:"application/json;charset=UTF-8", Accept:"application/json", Content-Length:"354"]
             Body = {"id":null,"firstName":"Miles","middleName":"Edward","lastName":"O'Brien","nameDataQuality":"Data Quality Complete","dobMonth":"June","dobDay":"9","dobYear":"1959","dobDataQuality":"Data Quality Complete","firstThreeSsn":111,"middleTwoSsn":11,"lastFourSsn":1111,"ssnDataQuality":"Data Quality Complete","clientDemographics":null,"clientContactInfo":null}
    Session Attrs = {}

Handler:
             Type = com.outreachmappingsolutions.controllers.ClientBaseController
           Method = com.outreachmappingsolutions.controllers.ClientBaseController#updateClient(Integer, ClientBase)

Async:
    Async started = false
     Async result = null

Resolved Exception:
             Type = null

ModelAndView:
        View name = null
             View = null
            Model = null

FlashMap:
       Attributes = null

MockHttpServletResponse:
           Status = 404
    Error message = null
          Headers = [Content-Type:"application/json", Content-Length:"44"]
     Content type = application/json
             Body = No clients matching your criteria were found
    Forwarded URL = null
   Redirected URL = null
          Cookies = []
2023-09-28T14:06:44.246-05:00  INFO 44934 --- [    Test worker] o.apache.catalina.core.StandardService   : Stopping service [Tomcat]
2023-09-28T14:06:44.249-05:00  INFO 44934 --- [    Test worker] j.LocalContainerEntityManagerFactoryBean : Closing JPA EntityManagerFactory for persistence unit 'default'
2023-09-28T14:06:44.252-05:00  INFO 44934 --- [    Test worker] com.zaxxer.hikari.HikariDataSource       : HikariPool-3 - Shutdown initiated...
2023-09-28T14:06:44.257-05:00  INFO 44934 --- [    Test worker] com.zaxxer.hikari.HikariDataSource       : HikariPool-3 - Shutdown completed.

  .   ____          _            __ _ _
 /\\ / ___'_ __ _ _(_)_ __  __ _ \ \ \ \
( ( )\___ | '_ | '_| | '_ \/ _` | \ \ \ \
 \\/  ___)| |_)| | | | | || (_| |  ) ) ) )
  '  |____| .__|_| |_|_| |_\__, | / / / /
 =========|_|==============|___/=/_/_/_/
 :: Spring Boot ::                (v3.1.1)

2023-09-28T14:06:44.267-05:00  INFO 44934 --- [    Test worker] .o.C.ClientBaseControllerIntegrationTest : Starting ClientBaseControllerIntegrationTest using Java 17.0.7 with PID 44934 (started by joshjennemann in /Users/joshjennemann/Desktop/Personal_Projects/outreach-mapping-solutions-back-end/Outreach-Mapping-Solutions/outreach-mapping-solutions-BE)
2023-09-28T14:06:44.268-05:00  INFO 44934 --- [    Test worker] .o.C.ClientBaseControllerIntegrationTest : No active profile set, falling back to 1 default profile: "default"
2023-09-28T14:06:44.330-05:00  INFO 44934 --- [    Test worker] .s.d.r.c.RepositoryConfigurationDelegate : Multiple Spring Data modules found, entering strict repository configuration mode
2023-09-28T14:06:44.331-05:00  INFO 44934 --- [    Test worker] .s.d.r.c.RepositoryConfigurationDelegate : Bootstrapping Spring Data JDBC repositories in DEFAULT mode.
2023-09-28T14:06:44.333-05:00  INFO 44934 --- [    Test worker] .RepositoryConfigurationExtensionSupport : Spring Data JDBC - Could not safely identify store assignment for repository candidate interface com.outreachmappingsolutions.repositories.ClientBaseRepository; If you want this repository to be a JDBC repository, consider annotating your entities with one of these annotations: org.springframework.data.relational.core.mapping.Table.
2023-09-28T14:06:44.333-05:00  INFO 44934 --- [    Test worker] .RepositoryConfigurationExtensionSupport : Spring Data JDBC - Could not safely identify store assignment for repository candidate interface com.outreachmappingsolutions.repositories.ClientContactInfoRepository; If you want this repository to be a JDBC repository, consider annotating your entities with one of these annotations: org.springframework.data.relational.core.mapping.Table.
2023-09-28T14:06:44.333-05:00  INFO 44934 --- [    Test worker] .RepositoryConfigurationExtensionSupport : Spring Data JDBC - Could not safely identify store assignment for repository candidate interface com.outreachmappingsolutions.repositories.ClientDemographicsRepository; If you want this repository to be a JDBC repository, consider annotating your entities with one of these annotations: org.springframework.data.relational.core.mapping.Table.
2023-09-28T14:06:44.333-05:00  INFO 44934 --- [    Test worker] .s.d.r.c.RepositoryConfigurationDelegate : Finished Spring Data repository scanning in 2 ms. Found 0 JDBC repository interfaces.
2023-09-28T14:06:44.334-05:00  INFO 44934 --- [    Test worker] .s.d.r.c.RepositoryConfigurationDelegate : Multiple Spring Data modules found, entering strict repository configuration mode
2023-09-28T14:06:44.334-05:00  INFO 44934 --- [    Test worker] .s.d.r.c.RepositoryConfigurationDelegate : Bootstrapping Spring Data JPA repositories in DEFAULT mode.
2023-09-28T14:06:44.338-05:00  INFO 44934 --- [    Test worker] .s.d.r.c.RepositoryConfigurationDelegate : Finished Spring Data repository scanning in 3 ms. Found 3 JPA repository interfaces.
2023-09-28T14:06:44.366-05:00  INFO 44934 --- [    Test worker] o.s.b.w.embedded.tomcat.TomcatWebServer  : Tomcat initialized with port(s): 0 (http)
2023-09-28T14:06:44.366-05:00  INFO 44934 --- [    Test worker] o.apache.catalina.core.StandardService   : Starting service [Tomcat]
2023-09-28T14:06:44.366-05:00  INFO 44934 --- [    Test worker] o.apache.catalina.core.StandardEngine    : Starting Servlet engine: [Apache Tomcat/10.1.10]
2023-09-28T14:06:44.377-05:00  INFO 44934 --- [    Test worker] o.a.c.c.C.[Tomcat].[localhost].[/]       : Initializing Spring embedded WebApplicationContext
2023-09-28T14:06:44.377-05:00  INFO 44934 --- [    Test worker] w.s.c.ServletWebServerApplicationContext : Root WebApplicationContext: initialization completed in 108 ms
2023-09-28T14:06:44.382-05:00  INFO 44934 --- [    Test worker] com.zaxxer.hikari.HikariDataSource       : HikariPool-4 - Starting...
2023-09-28T14:06:44.383-05:00  INFO 44934 --- [    Test worker] com.zaxxer.hikari.pool.HikariPool        : HikariPool-4 - Added connection conn27: url=jdbc:h2:mem:testdb user=SA
2023-09-28T14:06:44.383-05:00  INFO 44934 --- [    Test worker] com.zaxxer.hikari.HikariDataSource       : HikariPool-4 - Start completed.
2023-09-28T14:06:44.383-05:00  INFO 44934 --- [    Test worker] o.s.b.a.h2.H2ConsoleAutoConfiguration    : H2 console available at '/h2-console'. Database available at 'jdbc:h2:mem:testdb'
2023-09-28T14:06:44.396-05:00  INFO 44934 --- [    Test worker] o.hibernate.jpa.internal.util.LogHelper  : HHH000204: Processing PersistenceUnitInfo [name: default]
2023-09-28T14:06:44.399-05:00  INFO 44934 --- [    Test worker] o.h.b.i.BytecodeProviderInitiator        : HHH000021: Bytecode provider name : bytebuddy
2023-09-28T14:06:44.399-05:00  INFO 44934 --- [    Test worker] o.s.o.j.p.SpringPersistenceUnitInfo      : No LoadTimeWeaver setup: ignoring JPA class transformer
2023-09-28T14:06:44.406-05:00  INFO 44934 --- [    Test worker] o.h.b.i.BytecodeProviderInitiator        : HHH000021: Bytecode provider name : bytebuddy
2023-09-28T14:06:44.429-05:00  INFO 44934 --- [    Test worker] o.h.e.t.j.p.i.JtaPlatformInitiator       : HHH000490: Using JtaPlatform implementation: [org.hibernate.engine.transaction.jta.platform.internal.NoJtaPlatform]
2023-09-28T14:06:44.434-05:00  INFO 44934 --- [    Test worker] j.LocalContainerEntityManagerFactoryBean : Initialized JPA EntityManagerFactory for persistence unit 'default'
2023-09-28T14:06:44.454-05:00  WARN 44934 --- [    Test worker] JpaBaseConfiguration$JpaWebConfiguration : spring.jpa.open-in-view is enabled by default. Therefore, database queries may be performed during view rendering. Explicitly configure spring.jpa.open-in-view to disable this warning
2023-09-28T14:06:44.485-05:00  INFO 44934 --- [    Test worker] o.a.c.c.C.[Tomcat].[localhost].[/]       : Initializing Spring TestDispatcherServlet ''
2023-09-28T14:06:44.486-05:00  INFO 44934 --- [    Test worker] o.s.t.web.servlet.TestDispatcherServlet  : Initializing Servlet ''
2023-09-28T14:06:44.486-05:00  INFO 44934 --- [    Test worker] o.s.t.web.servlet.TestDispatcherServlet  : Completed initialization in 0 ms
2023-09-28T14:06:44.489-05:00  INFO 44934 --- [    Test worker] o.s.b.w.embedded.tomcat.TomcatWebServer  : Tomcat started on port(s): 52067 (http) with context path ''
2023-09-28T14:06:44.491-05:00  INFO 44934 --- [    Test worker] .o.C.ClientBaseControllerIntegrationTest : Started ClientBaseControllerIntegrationTest in 0.232 seconds (process running for 3.806)

MockHttpServletRequest:
      HTTP Method = GET
      Request URI = /clientBase/returnAll
       Parameters = {}
          Headers = []
             Body = null
    Session Attrs = {}

Handler:
             Type = com.outreachmappingsolutions.controllers.ClientBaseController
           Method = com.outreachmappingsolutions.controllers.ClientBaseController#returnAllClients()

Async:
    Async started = false
     Async result = null

Resolved Exception:
             Type = null

ModelAndView:
        View name = null
             View = null
            Model = null

FlashMap:
       Attributes = null

MockHttpServletResponse:
           Status = 200
    Error message = null
          Headers = [Content-Type:"application/json"]
     Content type = application/json
             Body = [{"id":1,"firstName":"Chief","middleName":null,"lastName":null,"nameDataQuality":"Partially Complete","dobMonth":null,"dobDay":null,"dobYear":null,"dobDataQuality":"Client Refused","firstThreeSsn":null,"middleTwoSsn":null,"lastFourSsn":null,"ssnDataQuality":"Client Refused","clientDemographics":{"id":1,"gender":null,"racePrimary":null,"raceSecondary":null,"ethnicity":null,"veteranStatus":null},"clientContactInfo":{"id":1,"phonePrimary":null,"phoneSecondary":null,"email":null,"iceName":null,"iceRelationship":null,"icePhonePrimary":null,"icePhoneSecondary":null,"iceEmail":null}},{"id":2,"firstName":"Wesley","middleName":null,"lastName":"Crusher","nameDataQuality":"Partially Complete","dobMonth":null,"dobDay":null,"dobYear":null,"dobDataQuality":"Client Refused","firstThreeSsn":null,"middleTwoSsn":null,"lastFourSsn":null,"ssnDataQuality":"Client Refused","clientDemographics":{"id":2,"gender":null,"racePrimary":null,"raceSecondary":null,"ethnicity":null,"veteranStatus":null},"clientContactInfo":{"id":2,"phonePrimary":null,"phoneSecondary":null,"email":null,"iceName":null,"iceRelationship":null,"icePhonePrimary":null,"icePhoneSecondary":null,"iceEmail":null}},{"id":3,"firstName":"Tom","middleName":null,"lastName":null,"nameDataQuality":"Partially Complete","dobMonth":"August","dobDay":"19","dobYear":"1952","dobDataQuality":"Data Quality Complete","firstThreeSsn":null,"middleTwoSsn":null,"lastFourSsn":null,"ssnDataQuality":"Client Refused","clientDemographics":{"id":3,"gender":null,"racePrimary":null,"raceSecondary":null,"ethnicity":null,"veteranStatus":null},"clientContactInfo":{"id":3,"phonePrimary":null,"phoneSecondary":null,"email":null,"iceName":null,"iceRelationship":null,"icePhonePrimary":null,"icePhoneSecondary":null,"iceEmail":null}}]
    Forwarded URL = null
   Redirected URL = null
          Cookies = []
2023-09-28T14:06:44.566-05:00  INFO 44934 --- [    Test worker] o.apache.catalina.core.StandardService   : Stopping service [Tomcat]
2023-09-28T14:06:44.568-05:00  INFO 44934 --- [    Test worker] j.LocalContainerEntityManagerFactoryBean : Closing JPA EntityManagerFactory for persistence unit 'default'
2023-09-28T14:06:44.569-05:00  INFO 44934 --- [    Test worker] com.zaxxer.hikari.HikariDataSource       : HikariPool-4 - Shutdown initiated...
2023-09-28T14:06:44.573-05:00  INFO 44934 --- [    Test worker] com.zaxxer.hikari.HikariDataSource       : HikariPool-4 - Shutdown completed.

  .   ____          _            __ _ _
 /\\ / ___'_ __ _ _(_)_ __  __ _ \ \ \ \
( ( )\___ | '_ | '_| | '_ \/ _` | \ \ \ \
 \\/  ___)| |_)| | | | | || (_| |  ) ) ) )
  '  |____| .__|_| |_|_| |_\__, | / / / /
 =========|_|==============|___/=/_/_/_/
 :: Spring Boot ::                (v3.1.1)

2023-09-28T14:06:44.582-05:00  INFO 44934 --- [    Test worker] .o.C.ClientBaseControllerIntegrationTest : Starting ClientBaseControllerIntegrationTest using Java 17.0.7 with PID 44934 (started by joshjennemann in /Users/joshjennemann/Desktop/Personal_Projects/outreach-mapping-solutions-back-end/Outreach-Mapping-Solutions/outreach-mapping-solutions-BE)
2023-09-28T14:06:44.582-05:00  INFO 44934 --- [    Test worker] .o.C.ClientBaseControllerIntegrationTest : No active profile set, falling back to 1 default profile: "default"
2023-09-28T14:06:44.638-05:00  INFO 44934 --- [    Test worker] .s.d.r.c.RepositoryConfigurationDelegate : Multiple Spring Data modules found, entering strict repository configuration mode
2023-09-28T14:06:44.638-05:00  INFO 44934 --- [    Test worker] .s.d.r.c.RepositoryConfigurationDelegate : Bootstrapping Spring Data JDBC repositories in DEFAULT mode.
2023-09-28T14:06:44.640-05:00  INFO 44934 --- [    Test worker] .RepositoryConfigurationExtensionSupport : Spring Data JDBC - Could not safely identify store assignment for repository candidate interface com.outreachmappingsolutions.repositories.ClientBaseRepository; If you want this repository to be a JDBC repository, consider annotating your entities with one of these annotations: org.springframework.data.relational.core.mapping.Table.
2023-09-28T14:06:44.640-05:00  INFO 44934 --- [    Test worker] .RepositoryConfigurationExtensionSupport : Spring Data JDBC - Could not safely identify store assignment for repository candidate interface com.outreachmappingsolutions.repositories.ClientContactInfoRepository; If you want this repository to be a JDBC repository, consider annotating your entities with one of these annotations: org.springframework.data.relational.core.mapping.Table.
2023-09-28T14:06:44.640-05:00  INFO 44934 --- [    Test worker] .RepositoryConfigurationExtensionSupport : Spring Data JDBC - Could not safely identify store assignment for repository candidate interface com.outreachmappingsolutions.repositories.ClientDemographicsRepository; If you want this repository to be a JDBC repository, consider annotating your entities with one of these annotations: org.springframework.data.relational.core.mapping.Table.
2023-09-28T14:06:44.640-05:00  INFO 44934 --- [    Test worker] .s.d.r.c.RepositoryConfigurationDelegate : Finished Spring Data repository scanning in 1 ms. Found 0 JDBC repository interfaces.
2023-09-28T14:06:44.641-05:00  INFO 44934 --- [    Test worker] .s.d.r.c.RepositoryConfigurationDelegate : Multiple Spring Data modules found, entering strict repository configuration mode
2023-09-28T14:06:44.641-05:00  INFO 44934 --- [    Test worker] .s.d.r.c.RepositoryConfigurationDelegate : Bootstrapping Spring Data JPA repositories in DEFAULT mode.
2023-09-28T14:06:44.644-05:00  INFO 44934 --- [    Test worker] .s.d.r.c.RepositoryConfigurationDelegate : Finished Spring Data repository scanning in 3 ms. Found 3 JPA repository interfaces.
2023-09-28T14:06:44.665-05:00  INFO 44934 --- [    Test worker] o.s.b.w.embedded.tomcat.TomcatWebServer  : Tomcat initialized with port(s): 0 (http)
2023-09-28T14:06:44.666-05:00  INFO 44934 --- [    Test worker] o.apache.catalina.core.StandardService   : Starting service [Tomcat]
2023-09-28T14:06:44.666-05:00  INFO 44934 --- [    Test worker] o.apache.catalina.core.StandardEngine    : Starting Servlet engine: [Apache Tomcat/10.1.10]
2023-09-28T14:06:44.673-05:00  INFO 44934 --- [    Test worker] o.a.c.c.C.[Tomcat].[localhost].[/]       : Initializing Spring embedded WebApplicationContext
2023-09-28T14:06:44.673-05:00  INFO 44934 --- [    Test worker] w.s.c.ServletWebServerApplicationContext : Root WebApplicationContext: initialization completed in 90 ms
2023-09-28T14:06:44.678-05:00  INFO 44934 --- [    Test worker] com.zaxxer.hikari.HikariDataSource       : HikariPool-5 - Starting...
2023-09-28T14:06:44.679-05:00  INFO 44934 --- [    Test worker] com.zaxxer.hikari.pool.HikariPool        : HikariPool-5 - Added connection conn35: url=jdbc:h2:mem:testdb user=SA
2023-09-28T14:06:44.679-05:00  INFO 44934 --- [    Test worker] com.zaxxer.hikari.HikariDataSource       : HikariPool-5 - Start completed.
2023-09-28T14:06:44.679-05:00  INFO 44934 --- [    Test worker] o.s.b.a.h2.H2ConsoleAutoConfiguration    : H2 console available at '/h2-console'. Database available at 'jdbc:h2:mem:testdb'
2023-09-28T14:06:44.689-05:00  INFO 44934 --- [    Test worker] o.hibernate.jpa.internal.util.LogHelper  : HHH000204: Processing PersistenceUnitInfo [name: default]
2023-09-28T14:06:44.691-05:00  INFO 44934 --- [    Test worker] o.h.b.i.BytecodeProviderInitiator        : HHH000021: Bytecode provider name : bytebuddy
2023-09-28T14:06:44.692-05:00  INFO 44934 --- [    Test worker] o.s.o.j.p.SpringPersistenceUnitInfo      : No LoadTimeWeaver setup: ignoring JPA class transformer
2023-09-28T14:06:44.699-05:00  INFO 44934 --- [    Test worker] o.h.b.i.BytecodeProviderInitiator        : HHH000021: Bytecode provider name : bytebuddy
2023-09-28T14:06:44.723-05:00  INFO 44934 --- [    Test worker] o.h.e.t.j.p.i.JtaPlatformInitiator       : HHH000490: Using JtaPlatform implementation: [org.hibernate.engine.transaction.jta.platform.internal.NoJtaPlatform]
2023-09-28T14:06:44.733-05:00  INFO 44934 --- [    Test worker] j.LocalContainerEntityManagerFactoryBean : Initialized JPA EntityManagerFactory for persistence unit 'default'
2023-09-28T14:06:44.753-05:00  WARN 44934 --- [    Test worker] JpaBaseConfiguration$JpaWebConfiguration : spring.jpa.open-in-view is enabled by default. Therefore, database queries may be performed during view rendering. Explicitly configure spring.jpa.open-in-view to disable this warning
2023-09-28T14:06:44.784-05:00  INFO 44934 --- [    Test worker] o.a.c.c.C.[Tomcat].[localhost].[/]       : Initializing Spring TestDispatcherServlet ''
2023-09-28T14:06:44.784-05:00  INFO 44934 --- [    Test worker] o.s.t.web.servlet.TestDispatcherServlet  : Initializing Servlet ''
2023-09-28T14:06:44.785-05:00  INFO 44934 --- [    Test worker] o.s.t.web.servlet.TestDispatcherServlet  : Completed initialization in 0 ms
2023-09-28T14:06:44.788-05:00  INFO 44934 --- [    Test worker] o.s.b.w.embedded.tomcat.TomcatWebServer  : Tomcat started on port(s): 52069 (http) with context path ''
2023-09-28T14:06:44.790-05:00  INFO 44934 --- [    Test worker] .o.C.ClientBaseControllerIntegrationTest : Started ClientBaseControllerIntegrationTest in 0.215 seconds (process running for 4.105)

MockHttpServletRequest:
      HTTP Method = POST
      Request URI = /clientBase/create
       Parameters = {}
          Headers = [Content-Type:"application/json;charset=UTF-8", Accept:"application/json", Content-Length:"328"]
             Body = {"id":null,"firstName":"Chief","middleName":null,"lastName":null,"nameDataQuality":"Partially Complete","dobMonth":null,"dobDay":null,"dobYear":null,"dobDataQuality":"Client Refused","firstThreeSsn":null,"middleTwoSsn":null,"lastFourSsn":null,"ssnDataQuality":"Client Refused","clientDemographics":null,"clientContactInfo":null}
    Session Attrs = {}

Handler:
             Type = com.outreachmappingsolutions.controllers.ClientBaseController
           Method = com.outreachmappingsolutions.controllers.ClientBaseController#createNewClient(ClientBase)

Async:
    Async started = false
     Async result = null

Resolved Exception:
             Type = null

ModelAndView:
        View name = null
             View = null
            Model = null

FlashMap:
       Attributes = null

MockHttpServletResponse:
           Status = 201
    Error message = null
          Headers = [Content-Type:"application/json"]
     Content type = application/json
             Body = {"id":1,"firstName":"Chief","middleName":null,"lastName":null,"nameDataQuality":"Partially Complete","dobMonth":null,"dobDay":null,"dobYear":null,"dobDataQuality":"Client Refused","firstThreeSsn":null,"middleTwoSsn":null,"lastFourSsn":null,"ssnDataQuality":"Client Refused","clientDemographics":{"id":1,"gender":null,"racePrimary":null,"raceSecondary":null,"ethnicity":null,"veteranStatus":null},"clientContactInfo":{"id":1,"phonePrimary":null,"phoneSecondary":null,"email":null,"iceName":null,"iceRelationship":null,"icePhonePrimary":null,"icePhoneSecondary":null,"iceEmail":null}}
    Forwarded URL = null
   Redirected URL = null
          Cookies = []
2023-09-28T14:06:44.810-05:00  INFO 44934 --- [    Test worker] o.apache.catalina.core.StandardService   : Stopping service [Tomcat]
2023-09-28T14:06:44.813-05:00  INFO 44934 --- [    Test worker] j.LocalContainerEntityManagerFactoryBean : Closing JPA EntityManagerFactory for persistence unit 'default'
2023-09-28T14:06:44.814-05:00  INFO 44934 --- [    Test worker] com.zaxxer.hikari.HikariDataSource       : HikariPool-5 - Shutdown initiated...
2023-09-28T14:06:44.819-05:00  INFO 44934 --- [    Test worker] com.zaxxer.hikari.HikariDataSource       : HikariPool-5 - Shutdown completed.

  .   ____          _            __ _ _
 /\\ / ___'_ __ _ _(_)_ __  __ _ \ \ \ \
( ( )\___ | '_ | '_| | '_ \/ _` | \ \ \ \
 \\/  ___)| |_)| | | | | || (_| |  ) ) ) )
  '  |____| .__|_| |_|_| |_\__, | / / / /
 =========|_|==============|___/=/_/_/_/
 :: Spring Boot ::                (v3.1.1)

2023-09-28T14:06:44.827-05:00  INFO 44934 --- [    Test worker] .o.C.ClientBaseControllerIntegrationTest : Starting ClientBaseControllerIntegrationTest using Java 17.0.7 with PID 44934 (started by joshjennemann in /Users/joshjennemann/Desktop/Personal_Projects/outreach-mapping-solutions-back-end/Outreach-Mapping-Solutions/outreach-mapping-solutions-BE)
2023-09-28T14:06:44.828-05:00  INFO 44934 --- [    Test worker] .o.C.ClientBaseControllerIntegrationTest : No active profile set, falling back to 1 default profile: "default"
2023-09-28T14:06:44.874-05:00  INFO 44934 --- [    Test worker] .s.d.r.c.RepositoryConfigurationDelegate : Multiple Spring Data modules found, entering strict repository configuration mode
2023-09-28T14:06:44.875-05:00  INFO 44934 --- [    Test worker] .s.d.r.c.RepositoryConfigurationDelegate : Bootstrapping Spring Data JDBC repositories in DEFAULT mode.
2023-09-28T14:06:44.876-05:00  INFO 44934 --- [    Test worker] .RepositoryConfigurationExtensionSupport : Spring Data JDBC - Could not safely identify store assignment for repository candidate interface com.outreachmappingsolutions.repositories.ClientBaseRepository; If you want this repository to be a JDBC repository, consider annotating your entities with one of these annotations: org.springframework.data.relational.core.mapping.Table.
2023-09-28T14:06:44.876-05:00  INFO 44934 --- [    Test worker] .RepositoryConfigurationExtensionSupport : Spring Data JDBC - Could not safely identify store assignment for repository candidate interface com.outreachmappingsolutions.repositories.ClientContactInfoRepository; If you want this repository to be a JDBC repository, consider annotating your entities with one of these annotations: org.springframework.data.relational.core.mapping.Table.
2023-09-28T14:06:44.876-05:00  INFO 44934 --- [    Test worker] .RepositoryConfigurationExtensionSupport : Spring Data JDBC - Could not safely identify store assignment for repository candidate interface com.outreachmappingsolutions.repositories.ClientDemographicsRepository; If you want this repository to be a JDBC repository, consider annotating your entities with one of these annotations: org.springframework.data.relational.core.mapping.Table.
2023-09-28T14:06:44.876-05:00  INFO 44934 --- [    Test worker] .s.d.r.c.RepositoryConfigurationDelegate : Finished Spring Data repository scanning in 1 ms. Found 0 JDBC repository interfaces.
2023-09-28T14:06:44.878-05:00  INFO 44934 --- [    Test worker] .s.d.r.c.RepositoryConfigurationDelegate : Multiple Spring Data modules found, entering strict repository configuration mode
2023-09-28T14:06:44.878-05:00  INFO 44934 --- [    Test worker] .s.d.r.c.RepositoryConfigurationDelegate : Bootstrapping Spring Data JPA repositories in DEFAULT mode.
2023-09-28T14:06:44.881-05:00  INFO 44934 --- [    Test worker] .s.d.r.c.RepositoryConfigurationDelegate : Finished Spring Data repository scanning in 3 ms. Found 3 JPA repository interfaces.
2023-09-28T14:06:44.904-05:00  INFO 44934 --- [    Test worker] o.s.b.w.embedded.tomcat.TomcatWebServer  : Tomcat initialized with port(s): 0 (http)
2023-09-28T14:06:44.904-05:00  INFO 44934 --- [    Test worker] o.apache.catalina.core.StandardService   : Starting service [Tomcat]
2023-09-28T14:06:44.904-05:00  INFO 44934 --- [    Test worker] o.apache.catalina.core.StandardEngine    : Starting Servlet engine: [Apache Tomcat/10.1.10]
2023-09-28T14:06:44.912-05:00  INFO 44934 --- [    Test worker] o.a.c.c.C.[Tomcat].[localhost].[/]       : Initializing Spring embedded WebApplicationContext
2023-09-28T14:06:44.912-05:00  INFO 44934 --- [    Test worker] w.s.c.ServletWebServerApplicationContext : Root WebApplicationContext: initialization completed in 84 ms
2023-09-28T14:06:44.917-05:00  INFO 44934 --- [    Test worker] com.zaxxer.hikari.HikariDataSource       : HikariPool-6 - Starting...
2023-09-28T14:06:44.918-05:00  INFO 44934 --- [    Test worker] com.zaxxer.hikari.pool.HikariPool        : HikariPool-6 - Added connection conn39: url=jdbc:h2:mem:testdb user=SA
2023-09-28T14:06:44.918-05:00  INFO 44934 --- [    Test worker] com.zaxxer.hikari.HikariDataSource       : HikariPool-6 - Start completed.
2023-09-28T14:06:44.918-05:00  INFO 44934 --- [    Test worker] o.s.b.a.h2.H2ConsoleAutoConfiguration    : H2 console available at '/h2-console'. Database available at 'jdbc:h2:mem:testdb'
2023-09-28T14:06:44.926-05:00  INFO 44934 --- [    Test worker] o.hibernate.jpa.internal.util.LogHelper  : HHH000204: Processing PersistenceUnitInfo [name: default]
2023-09-28T14:06:44.929-05:00  INFO 44934 --- [    Test worker] o.h.b.i.BytecodeProviderInitiator        : HHH000021: Bytecode provider name : bytebuddy
2023-09-28T14:06:44.929-05:00  INFO 44934 --- [    Test worker] o.s.o.j.p.SpringPersistenceUnitInfo      : No LoadTimeWeaver setup: ignoring JPA class transformer
2023-09-28T14:06:44.935-05:00  INFO 44934 --- [    Test worker] o.h.b.i.BytecodeProviderInitiator        : HHH000021: Bytecode provider name : bytebuddy
2023-09-28T14:06:44.954-05:00  INFO 44934 --- [    Test worker] o.h.e.t.j.p.i.JtaPlatformInitiator       : HHH000490: Using JtaPlatform implementation: [org.hibernate.engine.transaction.jta.platform.internal.NoJtaPlatform]
2023-09-28T14:06:44.958-05:00  INFO 44934 --- [    Test worker] j.LocalContainerEntityManagerFactoryBean : Initialized JPA EntityManagerFactory for persistence unit 'default'
2023-09-28T14:06:44.975-05:00  WARN 44934 --- [    Test worker] JpaBaseConfiguration$JpaWebConfiguration : spring.jpa.open-in-view is enabled by default. Therefore, database queries may be performed during view rendering. Explicitly configure spring.jpa.open-in-view to disable this warning
2023-09-28T14:06:45.009-05:00  INFO 44934 --- [    Test worker] o.a.c.c.C.[Tomcat].[localhost].[/]       : Initializing Spring TestDispatcherServlet ''
2023-09-28T14:06:45.009-05:00  INFO 44934 --- [    Test worker] o.s.t.web.servlet.TestDispatcherServlet  : Initializing Servlet ''
2023-09-28T14:06:45.009-05:00  INFO 44934 --- [    Test worker] o.s.t.web.servlet.TestDispatcherServlet  : Completed initialization in 0 ms
2023-09-28T14:06:45.013-05:00  INFO 44934 --- [    Test worker] o.s.b.w.embedded.tomcat.TomcatWebServer  : Tomcat started on port(s): 52075 (http) with context path ''
2023-09-28T14:06:45.014-05:00  INFO 44934 --- [    Test worker] .o.C.ClientBaseControllerIntegrationTest : Started ClientBaseControllerIntegrationTest in 0.193 seconds (process running for 4.329)

MockHttpServletRequest:
      HTTP Method = DELETE
      Request URI = /clientBase/delete/1
       Parameters = {}
          Headers = []
             Body = null
    Session Attrs = {}

Handler:
             Type = com.outreachmappingsolutions.controllers.ClientBaseController
           Method = com.outreachmappingsolutions.controllers.ClientBaseController#deleteClient(Integer)

Async:
    Async started = false
     Async result = null

Resolved Exception:
             Type = null

ModelAndView:
        View name = null
             View = null
            Model = null

FlashMap:
       Attributes = null

MockHttpServletResponse:
           Status = 404
    Error message = null
          Headers = [Content-Type:"text/plain;charset=UTF-8", Content-Length:"44"]
     Content type = text/plain;charset=UTF-8
             Body = No clients matching your criteria were found
    Forwarded URL = null
   Redirected URL = null
          Cookies = []
2023-09-28T14:06:45.023-05:00  INFO 44934 --- [    Test worker] o.apache.catalina.core.StandardService   : Stopping service [Tomcat]
2023-09-28T14:06:45.025-05:00  INFO 44934 --- [    Test worker] j.LocalContainerEntityManagerFactoryBean : Closing JPA EntityManagerFactory for persistence unit 'default'
2023-09-28T14:06:45.026-05:00  INFO 44934 --- [    Test worker] com.zaxxer.hikari.HikariDataSource       : HikariPool-6 - Shutdown initiated...
2023-09-28T14:06:45.036-05:00  INFO 44934 --- [    Test worker] com.zaxxer.hikari.HikariDataSource       : HikariPool-6 - Shutdown completed.

  .   ____          _            __ _ _
 /\\ / ___'_ __ _ _(_)_ __  __ _ \ \ \ \
( ( )\___ | '_ | '_| | '_ \/ _` | \ \ \ \
 \\/  ___)| |_)| | | | | || (_| |  ) ) ) )
  '  |____| .__|_| |_|_| |_\__, | / / / /
 =========|_|==============|___/=/_/_/_/
 :: Spring Boot ::                (v3.1.1)

2023-09-28T14:06:45.043-05:00  INFO 44934 --- [    Test worker] .o.C.ClientBaseControllerIntegrationTest : Starting ClientBaseControllerIntegrationTest using Java 17.0.7 with PID 44934 (started by joshjennemann in /Users/joshjennemann/Desktop/Personal_Projects/outreach-mapping-solutions-back-end/Outreach-Mapping-Solutions/outreach-mapping-solutions-BE)
2023-09-28T14:06:45.043-05:00  INFO 44934 --- [    Test worker] .o.C.ClientBaseControllerIntegrationTest : No active profile set, falling back to 1 default profile: "default"
2023-09-28T14:06:45.094-05:00  INFO 44934 --- [    Test worker] .s.d.r.c.RepositoryConfigurationDelegate : Multiple Spring Data modules found, entering strict repository configuration mode
2023-09-28T14:06:45.094-05:00  INFO 44934 --- [    Test worker] .s.d.r.c.RepositoryConfigurationDelegate : Bootstrapping Spring Data JDBC repositories in DEFAULT mode.
2023-09-28T14:06:45.096-05:00  INFO 44934 --- [    Test worker] .RepositoryConfigurationExtensionSupport : Spring Data JDBC - Could not safely identify store assignment for repository candidate interface com.outreachmappingsolutions.repositories.ClientBaseRepository; If you want this repository to be a JDBC repository, consider annotating your entities with one of these annotations: org.springframework.data.relational.core.mapping.Table.
2023-09-28T14:06:45.096-05:00  INFO 44934 --- [    Test worker] .RepositoryConfigurationExtensionSupport : Spring Data JDBC - Could not safely identify store assignment for repository candidate interface com.outreachmappingsolutions.repositories.ClientContactInfoRepository; If you want this repository to be a JDBC repository, consider annotating your entities with one of these annotations: org.springframework.data.relational.core.mapping.Table.
2023-09-28T14:06:45.096-05:00  INFO 44934 --- [    Test worker] .RepositoryConfigurationExtensionSupport : Spring Data JDBC - Could not safely identify store assignment for repository candidate interface com.outreachmappingsolutions.repositories.ClientDemographicsRepository; If you want this repository to be a JDBC repository, consider annotating your entities with one of these annotations: org.springframework.data.relational.core.mapping.Table.
2023-09-28T14:06:45.096-05:00  INFO 44934 --- [    Test worker] .s.d.r.c.RepositoryConfigurationDelegate : Finished Spring Data repository scanning in 2 ms. Found 0 JDBC repository interfaces.
2023-09-28T14:06:45.097-05:00  INFO 44934 --- [    Test worker] .s.d.r.c.RepositoryConfigurationDelegate : Multiple Spring Data modules found, entering strict repository configuration mode
2023-09-28T14:06:45.097-05:00  INFO 44934 --- [    Test worker] .s.d.r.c.RepositoryConfigurationDelegate : Bootstrapping Spring Data JPA repositories in DEFAULT mode.
2023-09-28T14:06:45.101-05:00  INFO 44934 --- [    Test worker] .s.d.r.c.RepositoryConfigurationDelegate : Finished Spring Data repository scanning in 3 ms. Found 3 JPA repository interfaces.
2023-09-28T14:06:45.124-05:00  INFO 44934 --- [    Test worker] o.s.b.w.embedded.tomcat.TomcatWebServer  : Tomcat initialized with port(s): 0 (http)
2023-09-28T14:06:45.124-05:00  INFO 44934 --- [    Test worker] o.apache.catalina.core.StandardService   : Starting service [Tomcat]
2023-09-28T14:06:45.124-05:00  INFO 44934 --- [    Test worker] o.apache.catalina.core.StandardEngine    : Starting Servlet engine: [Apache Tomcat/10.1.10]
2023-09-28T14:06:45.134-05:00  INFO 44934 --- [    Test worker] o.a.c.c.C.[Tomcat].[localhost].[/]       : Initializing Spring embedded WebApplicationContext
2023-09-28T14:06:45.134-05:00  INFO 44934 --- [    Test worker] w.s.c.ServletWebServerApplicationContext : Root WebApplicationContext: initialization completed in 90 ms
2023-09-28T14:06:45.139-05:00  INFO 44934 --- [    Test worker] com.zaxxer.hikari.HikariDataSource       : HikariPool-7 - Starting...
2023-09-28T14:06:45.139-05:00  INFO 44934 --- [    Test worker] com.zaxxer.hikari.pool.HikariPool        : HikariPool-7 - Added connection conn41: url=jdbc:h2:mem:testdb user=SA
2023-09-28T14:06:45.139-05:00  INFO 44934 --- [    Test worker] com.zaxxer.hikari.HikariDataSource       : HikariPool-7 - Start completed.
2023-09-28T14:06:45.139-05:00  INFO 44934 --- [    Test worker] o.s.b.a.h2.H2ConsoleAutoConfiguration    : H2 console available at '/h2-console'. Database available at 'jdbc:h2:mem:testdb'
2023-09-28T14:06:45.149-05:00  INFO 44934 --- [    Test worker] o.hibernate.jpa.internal.util.LogHelper  : HHH000204: Processing PersistenceUnitInfo [name: default]
2023-09-28T14:06:45.152-05:00  INFO 44934 --- [    Test worker] o.h.b.i.BytecodeProviderInitiator        : HHH000021: Bytecode provider name : bytebuddy
2023-09-28T14:06:45.152-05:00  INFO 44934 --- [    Test worker] o.s.o.j.p.SpringPersistenceUnitInfo      : No LoadTimeWeaver setup: ignoring JPA class transformer
2023-09-28T14:06:45.159-05:00  INFO 44934 --- [    Test worker] o.h.b.i.BytecodeProviderInitiator        : HHH000021: Bytecode provider name : bytebuddy
2023-09-28T14:06:45.188-05:00  INFO 44934 --- [    Test worker] o.h.e.t.j.p.i.JtaPlatformInitiator       : HHH000490: Using JtaPlatform implementation: [org.hibernate.engine.transaction.jta.platform.internal.NoJtaPlatform]
2023-09-28T14:06:45.196-05:00  INFO 44934 --- [    Test worker] j.LocalContainerEntityManagerFactoryBean : Initialized JPA EntityManagerFactory for persistence unit 'default'
2023-09-28T14:06:45.215-05:00  WARN 44934 --- [    Test worker] JpaBaseConfiguration$JpaWebConfiguration : spring.jpa.open-in-view is enabled by default. Therefore, database queries may be performed during view rendering. Explicitly configure spring.jpa.open-in-view to disable this warning
2023-09-28T14:06:45.245-05:00  INFO 44934 --- [    Test worker] o.a.c.c.C.[Tomcat].[localhost].[/]       : Initializing Spring TestDispatcherServlet ''
2023-09-28T14:06:45.245-05:00  INFO 44934 --- [    Test worker] o.s.t.web.servlet.TestDispatcherServlet  : Initializing Servlet ''
2023-09-28T14:06:45.245-05:00  INFO 44934 --- [    Test worker] o.s.t.web.servlet.TestDispatcherServlet  : Completed initialization in 0 ms
2023-09-28T14:06:45.248-05:00  INFO 44934 --- [    Test worker] o.s.b.w.embedded.tomcat.TomcatWebServer  : Tomcat started on port(s): 52077 (http) with context path ''
2023-09-28T14:06:45.250-05:00  INFO 44934 --- [    Test worker] .o.C.ClientBaseControllerIntegrationTest : Started ClientBaseControllerIntegrationTest in 0.213 seconds (process running for 4.565)

MockHttpServletRequest:
      HTTP Method = GET
      Request URI = /clientBase/returnAll
       Parameters = {}
          Headers = []
             Body = null
    Session Attrs = {}

Handler:
             Type = com.outreachmappingsolutions.controllers.ClientBaseController
           Method = com.outreachmappingsolutions.controllers.ClientBaseController#returnAllClients()

Async:
    Async started = false
     Async result = null

Resolved Exception:
             Type = null

ModelAndView:
        View name = null
             View = null
            Model = null

FlashMap:
       Attributes = null

MockHttpServletResponse:
           Status = 404
    Error message = null
          Headers = [Content-Type:"text/plain;charset=UTF-8", Content-Length:"44"]
     Content type = text/plain;charset=UTF-8
             Body = No clients matching your criteria were found
    Forwarded URL = null
   Redirected URL = null
          Cookies = []
2023-09-28T14:06:45.258-05:00  INFO 44934 --- [    Test worker] o.apache.catalina.core.StandardService   : Stopping service [Tomcat]
2023-09-28T14:06:45.260-05:00  INFO 44934 --- [    Test worker] j.LocalContainerEntityManagerFactoryBean : Closing JPA EntityManagerFactory for persistence unit 'default'
2023-09-28T14:06:45.262-05:00  INFO 44934 --- [    Test worker] com.zaxxer.hikari.HikariDataSource       : HikariPool-7 - Shutdown initiated...
2023-09-28T14:06:45.271-05:00  INFO 44934 --- [    Test worker] com.zaxxer.hikari.HikariDataSource       : HikariPool-7 - Shutdown completed.

  .   ____          _            __ _ _
 /\\ / ___'_ __ _ _(_)_ __  __ _ \ \ \ \
( ( )\___ | '_ | '_| | '_ \/ _` | \ \ \ \
 \\/  ___)| |_)| | | | | || (_| |  ) ) ) )
  '  |____| .__|_| |_|_| |_\__, | / / / /
 =========|_|==============|___/=/_/_/_/
 :: Spring Boot ::                (v3.1.1)

2023-09-28T14:06:45.280-05:00  INFO 44934 --- [    Test worker] .o.C.ClientBaseControllerIntegrationTest : Starting ClientBaseControllerIntegrationTest using Java 17.0.7 with PID 44934 (started by joshjennemann in /Users/joshjennemann/Desktop/Personal_Projects/outreach-mapping-solutions-back-end/Outreach-Mapping-Solutions/outreach-mapping-solutions-BE)
2023-09-28T14:06:45.280-05:00  INFO 44934 --- [    Test worker] .o.C.ClientBaseControllerIntegrationTest : No active profile set, falling back to 1 default profile: "default"
2023-09-28T14:06:45.333-05:00  INFO 44934 --- [    Test worker] .s.d.r.c.RepositoryConfigurationDelegate : Multiple Spring Data modules found, entering strict repository configuration mode
2023-09-28T14:06:45.333-05:00  INFO 44934 --- [    Test worker] .s.d.r.c.RepositoryConfigurationDelegate : Bootstrapping Spring Data JDBC repositories in DEFAULT mode.
2023-09-28T14:06:45.335-05:00  INFO 44934 --- [    Test worker] .RepositoryConfigurationExtensionSupport : Spring Data JDBC - Could not safely identify store assignment for repository candidate interface com.outreachmappingsolutions.repositories.ClientBaseRepository; If you want this repository to be a JDBC repository, consider annotating your entities with one of these annotations: org.springframework.data.relational.core.mapping.Table.
2023-09-28T14:06:45.335-05:00  INFO 44934 --- [    Test worker] .RepositoryConfigurationExtensionSupport : Spring Data JDBC - Could not safely identify store assignment for repository candidate interface com.outreachmappingsolutions.repositories.ClientContactInfoRepository; If you want this repository to be a JDBC repository, consider annotating your entities with one of these annotations: org.springframework.data.relational.core.mapping.Table.
2023-09-28T14:06:45.335-05:00  INFO 44934 --- [    Test worker] .RepositoryConfigurationExtensionSupport : Spring Data JDBC - Could not safely identify store assignment for repository candidate interface com.outreachmappingsolutions.repositories.ClientDemographicsRepository; If you want this repository to be a JDBC repository, consider annotating your entities with one of these annotations: org.springframework.data.relational.core.mapping.Table.
2023-09-28T14:06:45.335-05:00  INFO 44934 --- [    Test worker] .s.d.r.c.RepositoryConfigurationDelegate : Finished Spring Data repository scanning in 1 ms. Found 0 JDBC repository interfaces.
2023-09-28T14:06:45.337-05:00  INFO 44934 --- [    Test worker] .s.d.r.c.RepositoryConfigurationDelegate : Multiple Spring Data modules found, entering strict repository configuration mode
2023-09-28T14:06:45.337-05:00  INFO 44934 --- [    Test worker] .s.d.r.c.RepositoryConfigurationDelegate : Bootstrapping Spring Data JPA repositories in DEFAULT mode.
2023-09-28T14:06:45.340-05:00  INFO 44934 --- [    Test worker] .s.d.r.c.RepositoryConfigurationDelegate : Finished Spring Data repository scanning in 3 ms. Found 3 JPA repository interfaces.
2023-09-28T14:06:45.365-05:00  INFO 44934 --- [    Test worker] o.s.b.w.embedded.tomcat.TomcatWebServer  : Tomcat initialized with port(s): 0 (http)
2023-09-28T14:06:45.366-05:00  INFO 44934 --- [    Test worker] o.apache.catalina.core.StandardService   : Starting service [Tomcat]
2023-09-28T14:06:45.366-05:00  INFO 44934 --- [    Test worker] o.apache.catalina.core.StandardEngine    : Starting Servlet engine: [Apache Tomcat/10.1.10]
2023-09-28T14:06:45.373-05:00  INFO 44934 --- [    Test worker] o.a.c.c.C.[Tomcat].[localhost].[/]       : Initializing Spring embedded WebApplicationContext
2023-09-28T14:06:45.373-05:00  INFO 44934 --- [    Test worker] w.s.c.ServletWebServerApplicationContext : Root WebApplicationContext: initialization completed in 92 ms
2023-09-28T14:06:45.377-05:00  INFO 44934 --- [    Test worker] com.zaxxer.hikari.HikariDataSource       : HikariPool-8 - Starting...
2023-09-28T14:06:45.378-05:00  INFO 44934 --- [    Test worker] com.zaxxer.hikari.pool.HikariPool        : HikariPool-8 - Added connection conn44: url=jdbc:h2:mem:testdb user=SA
2023-09-28T14:06:45.379-05:00  INFO 44934 --- [    Test worker] com.zaxxer.hikari.HikariDataSource       : HikariPool-8 - Start completed.
2023-09-28T14:06:45.379-05:00  INFO 44934 --- [    Test worker] o.s.b.a.h2.H2ConsoleAutoConfiguration    : H2 console available at '/h2-console'. Database available at 'jdbc:h2:mem:testdb'
2023-09-28T14:06:45.388-05:00  INFO 44934 --- [    Test worker] o.hibernate.jpa.internal.util.LogHelper  : HHH000204: Processing PersistenceUnitInfo [name: default]
2023-09-28T14:06:45.391-05:00  INFO 44934 --- [    Test worker] o.h.b.i.BytecodeProviderInitiator        : HHH000021: Bytecode provider name : bytebuddy
2023-09-28T14:06:45.391-05:00  INFO 44934 --- [    Test worker] o.s.o.j.p.SpringPersistenceUnitInfo      : No LoadTimeWeaver setup: ignoring JPA class transformer
2023-09-28T14:06:45.397-05:00  INFO 44934 --- [    Test worker] o.h.b.i.BytecodeProviderInitiator        : HHH000021: Bytecode provider name : bytebuddy
2023-09-28T14:06:45.417-05:00  INFO 44934 --- [    Test worker] o.h.e.t.j.p.i.JtaPlatformInitiator       : HHH000490: Using JtaPlatform implementation: [org.hibernate.engine.transaction.jta.platform.internal.NoJtaPlatform]
2023-09-28T14:06:45.420-05:00  INFO 44934 --- [    Test worker] j.LocalContainerEntityManagerFactoryBean : Initialized JPA EntityManagerFactory for persistence unit 'default'
2023-09-28T14:06:45.437-05:00  WARN 44934 --- [    Test worker] JpaBaseConfiguration$JpaWebConfiguration : spring.jpa.open-in-view is enabled by default. Therefore, database queries may be performed during view rendering. Explicitly configure spring.jpa.open-in-view to disable this warning
2023-09-28T14:06:45.469-05:00  INFO 44934 --- [    Test worker] o.a.c.c.C.[Tomcat].[localhost].[/]       : Initializing Spring TestDispatcherServlet ''
2023-09-28T14:06:45.469-05:00  INFO 44934 --- [    Test worker] o.s.t.web.servlet.TestDispatcherServlet  : Initializing Servlet ''
2023-09-28T14:06:45.469-05:00  INFO 44934 --- [    Test worker] o.s.t.web.servlet.TestDispatcherServlet  : Completed initialization in 0 ms
2023-09-28T14:06:45.472-05:00  INFO 44934 --- [    Test worker] o.s.b.w.embedded.tomcat.TomcatWebServer  : Tomcat started on port(s): 52079 (http) with context path ''
2023-09-28T14:06:45.474-05:00  INFO 44934 --- [    Test worker] .o.C.ClientBaseControllerIntegrationTest : Started ClientBaseControllerIntegrationTest in 0.202 seconds (process running for 4.789)

MockHttpServletRequest:
      HTTP Method = DELETE
      Request URI = /clientBase/delete/2
       Parameters = {}
          Headers = []
             Body = null
    Session Attrs = {}

Handler:
             Type = com.outreachmappingsolutions.controllers.ClientBaseController
           Method = com.outreachmappingsolutions.controllers.ClientBaseController#deleteClient(Integer)

Async:
    Async started = false
     Async result = null

Resolved Exception:
             Type = null

ModelAndView:
        View name = null
             View = null
            Model = null

FlashMap:
       Attributes = null

MockHttpServletResponse:
           Status = 200
    Error message = null
          Headers = [Content-Type:"text/plain;charset=UTF-8", Content-Length:"31"]
     Content type = text/plain;charset=UTF-8
             Body = Client was successfully deleted
    Forwarded URL = null
   Redirected URL = null
          Cookies = []
2023-09-28T14:06:45.494-05:00  INFO 44934 --- [    Test worker] o.apache.catalina.core.StandardService   : Stopping service [Tomcat]
2023-09-28T14:06:45.496-05:00  INFO 44934 --- [    Test worker] j.LocalContainerEntityManagerFactoryBean : Closing JPA EntityManagerFactory for persistence unit 'default'
2023-09-28T14:06:45.497-05:00  INFO 44934 --- [    Test worker] com.zaxxer.hikari.HikariDataSource       : HikariPool-8 - Shutdown initiated...
2023-09-28T14:06:45.507-05:00  INFO 44934 --- [    Test worker] com.zaxxer.hikari.HikariDataSource       : HikariPool-8 - Shutdown completed.

  .   ____          _            __ _ _
 /\\ / ___'_ __ _ _(_)_ __  __ _ \ \ \ \
( ( )\___ | '_ | '_| | '_ \/ _` | \ \ \ \
 \\/  ___)| |_)| | | | | || (_| |  ) ) ) )
  '  |____| .__|_| |_|_| |_\__, | / / / /
 =========|_|==============|___/=/_/_/_/
 :: Spring Boot ::                (v3.1.1)

2023-09-28T14:06:45.516-05:00  INFO 44934 --- [    Test worker] .o.C.ClientBaseControllerIntegrationTest : Starting ClientBaseControllerIntegrationTest using Java 17.0.7 with PID 44934 (started by joshjennemann in /Users/joshjennemann/Desktop/Personal_Projects/outreach-mapping-solutions-back-end/Outreach-Mapping-Solutions/outreach-mapping-solutions-BE)
2023-09-28T14:06:45.516-05:00  INFO 44934 --- [    Test worker] .o.C.ClientBaseControllerIntegrationTest : No active profile set, falling back to 1 default profile: "default"
2023-09-28T14:06:45.567-05:00  INFO 44934 --- [    Test worker] .s.d.r.c.RepositoryConfigurationDelegate : Multiple Spring Data modules found, entering strict repository configuration mode
2023-09-28T14:06:45.567-05:00  INFO 44934 --- [    Test worker] .s.d.r.c.RepositoryConfigurationDelegate : Bootstrapping Spring Data JDBC repositories in DEFAULT mode.
2023-09-28T14:06:45.570-05:00  INFO 44934 --- [    Test worker] .RepositoryConfigurationExtensionSupport : Spring Data JDBC - Could not safely identify store assignment for repository candidate interface com.outreachmappingsolutions.repositories.ClientBaseRepository; If you want this repository to be a JDBC repository, consider annotating your entities with one of these annotations: org.springframework.data.relational.core.mapping.Table.
2023-09-28T14:06:45.570-05:00  INFO 44934 --- [    Test worker] .RepositoryConfigurationExtensionSupport : Spring Data JDBC - Could not safely identify store assignment for repository candidate interface com.outreachmappingsolutions.repositories.ClientContactInfoRepository; If you want this repository to be a JDBC repository, consider annotating your entities with one of these annotations: org.springframework.data.relational.core.mapping.Table.
2023-09-28T14:06:45.571-05:00  INFO 44934 --- [    Test worker] .RepositoryConfigurationExtensionSupport : Spring Data JDBC - Could not safely identify store assignment for repository candidate interface com.outreachmappingsolutions.repositories.ClientDemographicsRepository; If you want this repository to be a JDBC repository, consider annotating your entities with one of these annotations: org.springframework.data.relational.core.mapping.Table.
2023-09-28T14:06:45.571-05:00  INFO 44934 --- [    Test worker] .s.d.r.c.RepositoryConfigurationDelegate : Finished Spring Data repository scanning in 3 ms. Found 0 JDBC repository interfaces.
2023-09-28T14:06:45.572-05:00  INFO 44934 --- [    Test worker] .s.d.r.c.RepositoryConfigurationDelegate : Multiple Spring Data modules found, entering strict repository configuration mode
2023-09-28T14:06:45.573-05:00  INFO 44934 --- [    Test worker] .s.d.r.c.RepositoryConfigurationDelegate : Bootstrapping Spring Data JPA repositories in DEFAULT mode.
2023-09-28T14:06:45.576-05:00  INFO 44934 --- [    Test worker] .s.d.r.c.RepositoryConfigurationDelegate : Finished Spring Data repository scanning in 3 ms. Found 3 JPA repository interfaces.
2023-09-28T14:06:45.597-05:00  INFO 44934 --- [    Test worker] o.s.b.w.embedded.tomcat.TomcatWebServer  : Tomcat initialized with port(s): 0 (http)
2023-09-28T14:06:45.597-05:00  INFO 44934 --- [    Test worker] o.apache.catalina.core.StandardService   : Starting service [Tomcat]
2023-09-28T14:06:45.597-05:00  INFO 44934 --- [    Test worker] o.apache.catalina.core.StandardEngine    : Starting Servlet engine: [Apache Tomcat/10.1.10]
2023-09-28T14:06:45.604-05:00  INFO 44934 --- [    Test worker] o.a.c.c.C.[Tomcat].[localhost].[/]       : Initializing Spring embedded WebApplicationContext
2023-09-28T14:06:45.604-05:00  INFO 44934 --- [    Test worker] w.s.c.ServletWebServerApplicationContext : Root WebApplicationContext: initialization completed in 87 ms
2023-09-28T14:06:45.609-05:00  INFO 44934 --- [    Test worker] com.zaxxer.hikari.HikariDataSource       : HikariPool-9 - Starting...
2023-09-28T14:06:45.609-05:00  INFO 44934 --- [    Test worker] com.zaxxer.hikari.pool.HikariPool        : HikariPool-9 - Added connection conn47: url=jdbc:h2:mem:testdb user=SA
2023-09-28T14:06:45.609-05:00  INFO 44934 --- [    Test worker] com.zaxxer.hikari.HikariDataSource       : HikariPool-9 - Start completed.
2023-09-28T14:06:45.610-05:00  INFO 44934 --- [    Test worker] o.s.b.a.h2.H2ConsoleAutoConfiguration    : H2 console available at '/h2-console'. Database available at 'jdbc:h2:mem:testdb'
2023-09-28T14:06:45.618-05:00  INFO 44934 --- [    Test worker] o.hibernate.jpa.internal.util.LogHelper  : HHH000204: Processing PersistenceUnitInfo [name: default]
2023-09-28T14:06:45.620-05:00  INFO 44934 --- [    Test worker] o.h.b.i.BytecodeProviderInitiator        : HHH000021: Bytecode provider name : bytebuddy
2023-09-28T14:06:45.620-05:00  INFO 44934 --- [    Test worker] o.s.o.j.p.SpringPersistenceUnitInfo      : No LoadTimeWeaver setup: ignoring JPA class transformer
2023-09-28T14:06:45.625-05:00  INFO 44934 --- [    Test worker] o.h.b.i.BytecodeProviderInitiator        : HHH000021: Bytecode provider name : bytebuddy
2023-09-28T14:06:45.642-05:00  INFO 44934 --- [    Test worker] o.h.e.t.j.p.i.JtaPlatformInitiator       : HHH000490: Using JtaPlatform implementation: [org.hibernate.engine.transaction.jta.platform.internal.NoJtaPlatform]
2023-09-28T14:06:45.645-05:00  INFO 44934 --- [    Test worker] j.LocalContainerEntityManagerFactoryBean : Initialized JPA EntityManagerFactory for persistence unit 'default'
2023-09-28T14:06:45.666-05:00  WARN 44934 --- [    Test worker] JpaBaseConfiguration$JpaWebConfiguration : spring.jpa.open-in-view is enabled by default. Therefore, database queries may be performed during view rendering. Explicitly configure spring.jpa.open-in-view to disable this warning
2023-09-28T14:06:45.696-05:00  INFO 44934 --- [    Test worker] o.a.c.c.C.[Tomcat].[localhost].[/]       : Initializing Spring TestDispatcherServlet ''
2023-09-28T14:06:45.696-05:00  INFO 44934 --- [    Test worker] o.s.t.web.servlet.TestDispatcherServlet  : Initializing Servlet ''
2023-09-28T14:06:45.697-05:00  INFO 44934 --- [    Test worker] o.s.t.web.servlet.TestDispatcherServlet  : Completed initialization in 1 ms
2023-09-28T14:06:45.703-05:00  INFO 44934 --- [    Test worker] o.s.b.w.embedded.tomcat.TomcatWebServer  : Tomcat started on port(s): 52081 (http) with context path ''
2023-09-28T14:06:45.704-05:00  INFO 44934 --- [    Test worker] .o.C.ClientBaseControllerIntegrationTest : Started ClientBaseControllerIntegrationTest in 0.195 seconds (process running for 5.019)

MockHttpServletRequest:
      HTTP Method = PUT
      Request URI = /clientBase/update/1
       Parameters = {}
          Headers = [Content-Type:"application/json;charset=UTF-8", Accept:"application/json", Content-Length:"354"]
             Body = {"id":null,"firstName":"Miles","middleName":"Edward","lastName":"O'Brien","nameDataQuality":"Data Quality Complete","dobMonth":"June","dobDay":"9","dobYear":"1959","dobDataQuality":"Data Quality Complete","firstThreeSsn":111,"middleTwoSsn":11,"lastFourSsn":1111,"ssnDataQuality":"Data Quality Complete","clientDemographics":null,"clientContactInfo":null}
    Session Attrs = {}

Handler:
             Type = com.outreachmappingsolutions.controllers.ClientBaseController
           Method = com.outreachmappingsolutions.controllers.ClientBaseController#updateClient(Integer, ClientBase)

Async:
    Async started = false
     Async result = null

Resolved Exception:
             Type = null

ModelAndView:
        View name = null
             View = null
            Model = null

FlashMap:
       Attributes = null

MockHttpServletResponse:
           Status = 200
    Error message = null
          Headers = [Content-Type:"application/json"]
     Content type = application/json
             Body = {"id":1,"firstName":"Miles","middleName":"Edward","lastName":"O'Brien","nameDataQuality":"Data Quality Complete","dobMonth":"June","dobDay":"9","dobYear":"1959","dobDataQuality":"Data Quality Complete","firstThreeSsn":111,"middleTwoSsn":11,"lastFourSsn":1111,"ssnDataQuality":"Data Quality Complete","clientDemographics":{"id":1,"gender":null,"racePrimary":null,"raceSecondary":null,"ethnicity":null,"veteranStatus":null},"clientContactInfo":{"id":1,"phonePrimary":null,"phoneSecondary":null,"email":null,"iceName":null,"iceRelationship":null,"icePhonePrimary":null,"icePhoneSecondary":null,"iceEmail":null}}
    Forwarded URL = null
   Redirected URL = null
          Cookies = []
2023-09-28T14:06:45.728-05:00  INFO 44934 --- [    Test worker] o.apache.catalina.core.StandardService   : Stopping service [Tomcat]
2023-09-28T14:06:45.730-05:00  INFO 44934 --- [    Test worker] j.LocalContainerEntityManagerFactoryBean : Closing JPA EntityManagerFactory for persistence unit 'default'
2023-09-28T14:06:45.731-05:00  INFO 44934 --- [    Test worker] com.zaxxer.hikari.HikariDataSource       : HikariPool-9 - Shutdown initiated...
2023-09-28T14:06:45.737-05:00  INFO 44934 --- [    Test worker] com.zaxxer.hikari.HikariDataSource       : HikariPool-9 - Shutdown completed.
]]></system-out>
  <system-err><![CDATA[]]></system-err>
</testsuite>
