<?xml version="1.0" encoding="UTF-8"?>
<testsuite name="com.outreachmappingsolutions.Controllers.ClientContactInfoControllerIntegrationTest" tests="6" skipped="0" failures="0" errors="0" timestamp="2023-07-27T18:12:00" hostname="Joshs-Air.lan" time="2.59">
  <properties/>
  <testcase name="testUpdateClientContactInfoNotFound()" classname="com.outreachmappingsolutions.Controllers.ClientContactInfoControllerIntegrationTest" time="0.363"/>
  <testcase name="testReturnAllClientContactInfoNotFound()" classname="com.outreachmappingsolutions.Controllers.ClientContactInfoControllerIntegrationTest" time="0.025"/>
  <testcase name="testReturnClientContactInfoByIdNotFound()" classname="com.outreachmappingsolutions.Controllers.ClientContactInfoControllerIntegrationTest" time="0.018"/>
  <testcase name="testUpdateClientContactInfoSuccess()" classname="com.outreachmappingsolutions.Controllers.ClientContactInfoControllerIntegrationTest" time="0.056"/>
  <testcase name="testReturnClientContactInfoByIdSuccess()" classname="com.outreachmappingsolutions.Controllers.ClientContactInfoControllerIntegrationTest" time="0.033"/>
  <testcase name="testReturnAllClientContactInfoSuccess()" classname="com.outreachmappingsolutions.Controllers.ClientContactInfoControllerIntegrationTest" time="0.049"/>
  <system-out><![CDATA[13:11:57.686 [Test worker] INFO org.springframework.test.context.support.AnnotationConfigContextLoaderUtils -- Could not detect default configuration classes for test class [com.outreachmappingsolutions.Controllers.ClientContactInfoControllerIntegrationTest]: ClientContactInfoControllerIntegrationTest does not declare any static, non-private, non-final, nested classes annotated with @Configuration.
13:11:57.774 [Test worker] INFO org.springframework.boot.test.context.SpringBootTestContextBootstrapper -- Found @SpringBootConfiguration com.outreachmappingsolutions.OutreachMappingSolutionsApplication for test class com.outreachmappingsolutions.Controllers.ClientContactInfoControllerIntegrationTest

  .   ____          _            __ _ _
 /\\ / ___'_ __ _ _(_)_ __  __ _ \ \ \ \
( ( )\___ | '_ | '_| | '_ \/ _` | \ \ \ \
 \\/  ___)| |_)| | | | | || (_| |  ) ) ) )
  '  |____| .__|_| |_|_| |_\__, | / / / /
 =========|_|==============|___/=/_/_/_/
 :: Spring Boot ::                (v3.1.1)

2023-07-27T13:11:58.045-05:00  INFO 64364 --- [    Test worker] ientContactInfoControllerIntegrationTest : Starting ClientContactInfoControllerIntegrationTest using Java 17.0.7 with PID 64364 (started by joshjennemann in /Users/joshjennemann/Desktop/Personal_Projects/outreach-mapping-solutions-back-end/Outreach-Mapping-Solutions/outreach-mapping-solutions-BE)
2023-07-27T13:11:58.046-05:00  INFO 64364 --- [    Test worker] ientContactInfoControllerIntegrationTest : No active profile set, falling back to 1 default profile: "default"
2023-07-27T13:11:58.607-05:00  INFO 64364 --- [    Test worker] .s.d.r.c.RepositoryConfigurationDelegate : Multiple Spring Data modules found, entering strict repository configuration mode
2023-07-27T13:11:58.608-05:00  INFO 64364 --- [    Test worker] .s.d.r.c.RepositoryConfigurationDelegate : Bootstrapping Spring Data JDBC repositories in DEFAULT mode.
2023-07-27T13:11:58.634-05:00  INFO 64364 --- [    Test worker] .RepositoryConfigurationExtensionSupport : Spring Data JDBC - Could not safely identify store assignment for repository candidate interface com.outreachmappingsolutions.repositories.ClientBaseRepository; If you want this repository to be a JDBC repository, consider annotating your entities with one of these annotations: org.springframework.data.relational.core.mapping.Table.
2023-07-27T13:11:58.634-05:00  INFO 64364 --- [    Test worker] .RepositoryConfigurationExtensionSupport : Spring Data JDBC - Could not safely identify store assignment for repository candidate interface com.outreachmappingsolutions.repositories.ClientContactInfoRepository; If you want this repository to be a JDBC repository, consider annotating your entities with one of these annotations: org.springframework.data.relational.core.mapping.Table.
2023-07-27T13:11:58.635-05:00  INFO 64364 --- [    Test worker] .RepositoryConfigurationExtensionSupport : Spring Data JDBC - Could not safely identify store assignment for repository candidate interface com.outreachmappingsolutions.repositories.ClientDemographicsRepository; If you want this repository to be a JDBC repository, consider annotating your entities with one of these annotations: org.springframework.data.relational.core.mapping.Table.
2023-07-27T13:11:58.636-05:00  INFO 64364 --- [    Test worker] .s.d.r.c.RepositoryConfigurationDelegate : Finished Spring Data repository scanning in 23 ms. Found 0 JDBC repository interfaces.
2023-07-27T13:11:58.646-05:00  INFO 64364 --- [    Test worker] .s.d.r.c.RepositoryConfigurationDelegate : Multiple Spring Data modules found, entering strict repository configuration mode
2023-07-27T13:11:58.647-05:00  INFO 64364 --- [    Test worker] .s.d.r.c.RepositoryConfigurationDelegate : Bootstrapping Spring Data JPA repositories in DEFAULT mode.
2023-07-27T13:11:58.672-05:00  INFO 64364 --- [    Test worker] .s.d.r.c.RepositoryConfigurationDelegate : Finished Spring Data repository scanning in 22 ms. Found 3 JPA repository interfaces.
2023-07-27T13:11:59.031-05:00  INFO 64364 --- [    Test worker] o.s.b.w.embedded.tomcat.TomcatWebServer  : Tomcat initialized with port(s): 0 (http)
2023-07-27T13:11:59.038-05:00  INFO 64364 --- [    Test worker] o.apache.catalina.core.StandardService   : Starting service [Tomcat]
2023-07-27T13:11:59.039-05:00  INFO 64364 --- [    Test worker] o.apache.catalina.core.StandardEngine    : Starting Servlet engine: [Apache Tomcat/10.1.10]
2023-07-27T13:11:59.116-05:00  INFO 64364 --- [    Test worker] o.a.c.c.C.[Tomcat].[localhost].[/]       : Initializing Spring embedded WebApplicationContext
2023-07-27T13:11:59.117-05:00  INFO 64364 --- [    Test worker] w.s.c.ServletWebServerApplicationContext : Root WebApplicationContext: initialization completed in 1060 ms
2023-07-27T13:11:59.130-05:00  INFO 64364 --- [    Test worker] com.zaxxer.hikari.HikariDataSource       : HikariPool-1 - Starting...
2023-07-27T13:11:59.265-05:00  INFO 64364 --- [    Test worker] com.zaxxer.hikari.pool.HikariPool        : HikariPool-1 - Added connection conn0: url=jdbc:h2:mem:testdb user=SA
2023-07-27T13:11:59.266-05:00  INFO 64364 --- [    Test worker] com.zaxxer.hikari.HikariDataSource       : HikariPool-1 - Start completed.
2023-07-27T13:11:59.274-05:00  INFO 64364 --- [    Test worker] o.s.b.a.h2.H2ConsoleAutoConfiguration    : H2 console available at '/h2-console'. Database available at 'jdbc:h2:mem:testdb'
2023-07-27T13:11:59.370-05:00  INFO 64364 --- [    Test worker] o.hibernate.jpa.internal.util.LogHelper  : HHH000204: Processing PersistenceUnitInfo [name: default]
2023-07-27T13:11:59.403-05:00  INFO 64364 --- [    Test worker] org.hibernate.Version                    : HHH000412: Hibernate ORM core version 6.2.5.Final
2023-07-27T13:11:59.405-05:00  INFO 64364 --- [    Test worker] org.hibernate.cfg.Environment            : HHH000406: Using bytecode reflection optimizer
2023-07-27T13:11:59.490-05:00  INFO 64364 --- [    Test worker] o.h.b.i.BytecodeProviderInitiator        : HHH000021: Bytecode provider name : bytebuddy
2023-07-27T13:11:59.581-05:00  INFO 64364 --- [    Test worker] o.s.o.j.p.SpringPersistenceUnitInfo      : No LoadTimeWeaver setup: ignoring JPA class transformer
2023-07-27T13:11:59.732-05:00  INFO 64364 --- [    Test worker] o.h.b.i.BytecodeProviderInitiator        : HHH000021: Bytecode provider name : bytebuddy
2023-07-27T13:12:00.177-05:00  INFO 64364 --- [    Test worker] o.h.e.t.j.p.i.JtaPlatformInitiator       : HHH000490: Using JtaPlatform implementation: [org.hibernate.engine.transaction.jta.platform.internal.NoJtaPlatform]
2023-07-27T13:12:00.207-05:00  INFO 64364 --- [    Test worker] j.LocalContainerEntityManagerFactoryBean : Initialized JPA EntityManagerFactory for persistence unit 'default'
2023-07-27T13:12:00.440-05:00  WARN 64364 --- [    Test worker] JpaBaseConfiguration$JpaWebConfiguration : spring.jpa.open-in-view is enabled by default. Therefore, database queries may be performed during view rendering. Explicitly configure spring.jpa.open-in-view to disable this warning
2023-07-27T13:12:00.683-05:00  INFO 64364 --- [    Test worker] o.a.c.c.C.[Tomcat].[localhost].[/]       : Initializing Spring TestDispatcherServlet ''
2023-07-27T13:12:00.684-05:00  INFO 64364 --- [    Test worker] o.s.t.web.servlet.TestDispatcherServlet  : Initializing Servlet ''
2023-07-27T13:12:00.684-05:00  INFO 64364 --- [    Test worker] o.s.t.web.servlet.TestDispatcherServlet  : Completed initialization in 0 ms
2023-07-27T13:12:00.719-05:00  INFO 64364 --- [    Test worker] o.s.b.w.embedded.tomcat.TomcatWebServer  : Tomcat started on port(s): 50026 (http) with context path ''
2023-07-27T13:12:00.727-05:00  INFO 64364 --- [    Test worker] ientContactInfoControllerIntegrationTest : Started ClientContactInfoControllerIntegrationTest in 2.866 seconds (process running for 3.647)

MockHttpServletRequest:
      HTTP Method = PUT
      Request URI = /clientContactInfo/update/1
       Parameters = {}
          Headers = [Content-Type:"application/json;charset=UTF-8", Accept:"application/json", Content-Length:"248"]
             Body = {"id":null,"phonePrimary":"111-111-1115","phoneSecondary":"111-111-1116","email":"miles@test.com","iceName":"Julian Bashir","iceRelationship":"Friend","icePhonePrimary":"111-111-1117","icePhoneSecondary":"111-111-1118","iceEmail":"julian@test.com"}
    Session Attrs = {}

Handler:
             Type = com.outreachmappingsolutions.controllers.ClientContactInfoController
           Method = com.outreachmappingsolutions.controllers.ClientContactInfoController#updateClientContactInfo(Integer, ClientContactInfo)

Async:
    Async started = false
     Async result = null

Resolved Exception:
             Type = null

ModelAndView:
        View name = null
             View = null
            Model = null

FlashMap:
       Attributes = null

MockHttpServletResponse:
           Status = 404
    Error message = null
          Headers = [Content-Type:"application/json", Content-Length:"62"]
     Content type = application/json
             Body = No client contact information matching your criteria was found
    Forwarded URL = null
   Redirected URL = null
          Cookies = []
2023-07-27T13:12:01.083-05:00  INFO 64364 --- [    Test worker] o.apache.catalina.core.StandardService   : Stopping service [Tomcat]
2023-07-27T13:12:01.089-05:00  INFO 64364 --- [    Test worker] j.LocalContainerEntityManagerFactoryBean : Closing JPA EntityManagerFactory for persistence unit 'default'
2023-07-27T13:12:01.093-05:00  INFO 64364 --- [    Test worker] com.zaxxer.hikari.HikariDataSource       : HikariPool-1 - Shutdown initiated...
2023-07-27T13:12:01.095-05:00  INFO 64364 --- [    Test worker] com.zaxxer.hikari.HikariDataSource       : HikariPool-1 - Shutdown completed.

  .   ____          _            __ _ _
 /\\ / ___'_ __ _ _(_)_ __  __ _ \ \ \ \
( ( )\___ | '_ | '_| | '_ \/ _` | \ \ \ \
 \\/  ___)| |_)| | | | | || (_| |  ) ) ) )
  '  |____| .__|_| |_|_| |_\__, | / / / /
 =========|_|==============|___/=/_/_/_/
 :: Spring Boot ::                (v3.1.1)

2023-07-27T13:12:01.115-05:00  INFO 64364 --- [    Test worker] ientContactInfoControllerIntegrationTest : Starting ClientContactInfoControllerIntegrationTest using Java 17.0.7 with PID 64364 (started by joshjennemann in /Users/joshjennemann/Desktop/Personal_Projects/outreach-mapping-solutions-back-end/Outreach-Mapping-Solutions/outreach-mapping-solutions-BE)
2023-07-27T13:12:01.115-05:00  INFO 64364 --- [    Test worker] ientContactInfoControllerIntegrationTest : No active profile set, falling back to 1 default profile: "default"
2023-07-27T13:12:01.206-05:00  INFO 64364 --- [    Test worker] .s.d.r.c.RepositoryConfigurationDelegate : Multiple Spring Data modules found, entering strict repository configuration mode
2023-07-27T13:12:01.206-05:00  INFO 64364 --- [    Test worker] .s.d.r.c.RepositoryConfigurationDelegate : Bootstrapping Spring Data JDBC repositories in DEFAULT mode.
2023-07-27T13:12:01.209-05:00  INFO 64364 --- [    Test worker] .RepositoryConfigurationExtensionSupport : Spring Data JDBC - Could not safely identify store assignment for repository candidate interface com.outreachmappingsolutions.repositories.ClientBaseRepository; If you want this repository to be a JDBC repository, consider annotating your entities with one of these annotations: org.springframework.data.relational.core.mapping.Table.
2023-07-27T13:12:01.209-05:00  INFO 64364 --- [    Test worker] .RepositoryConfigurationExtensionSupport : Spring Data JDBC - Could not safely identify store assignment for repository candidate interface com.outreachmappingsolutions.repositories.ClientContactInfoRepository; If you want this repository to be a JDBC repository, consider annotating your entities with one of these annotations: org.springframework.data.relational.core.mapping.Table.
2023-07-27T13:12:01.209-05:00  INFO 64364 --- [    Test worker] .RepositoryConfigurationExtensionSupport : Spring Data JDBC - Could not safely identify store assignment for repository candidate interface com.outreachmappingsolutions.repositories.ClientDemographicsRepository; If you want this repository to be a JDBC repository, consider annotating your entities with one of these annotations: org.springframework.data.relational.core.mapping.Table.
2023-07-27T13:12:01.209-05:00  INFO 64364 --- [    Test worker] .s.d.r.c.RepositoryConfigurationDelegate : Finished Spring Data repository scanning in 3 ms. Found 0 JDBC repository interfaces.
2023-07-27T13:12:01.211-05:00  INFO 64364 --- [    Test worker] .s.d.r.c.RepositoryConfigurationDelegate : Multiple Spring Data modules found, entering strict repository configuration mode
2023-07-27T13:12:01.211-05:00  INFO 64364 --- [    Test worker] .s.d.r.c.RepositoryConfigurationDelegate : Bootstrapping Spring Data JPA repositories in DEFAULT mode.
2023-07-27T13:12:01.217-05:00  INFO 64364 --- [    Test worker] .s.d.r.c.RepositoryConfigurationDelegate : Finished Spring Data repository scanning in 5 ms. Found 3 JPA repository interfaces.
2023-07-27T13:12:01.285-05:00  INFO 64364 --- [    Test worker] o.s.b.w.embedded.tomcat.TomcatWebServer  : Tomcat initialized with port(s): 0 (http)
2023-07-27T13:12:01.285-05:00  INFO 64364 --- [    Test worker] o.apache.catalina.core.StandardService   : Starting service [Tomcat]
2023-07-27T13:12:01.285-05:00  INFO 64364 --- [    Test worker] o.apache.catalina.core.StandardEngine    : Starting Servlet engine: [Apache Tomcat/10.1.10]
2023-07-27T13:12:01.298-05:00  INFO 64364 --- [    Test worker] o.a.c.c.C.[Tomcat].[localhost].[/]       : Initializing Spring embedded WebApplicationContext
2023-07-27T13:12:01.298-05:00  INFO 64364 --- [    Test worker] w.s.c.ServletWebServerApplicationContext : Root WebApplicationContext: initialization completed in 182 ms
2023-07-27T13:12:01.302-05:00  INFO 64364 --- [    Test worker] com.zaxxer.hikari.HikariDataSource       : HikariPool-2 - Starting...
2023-07-27T13:12:01.302-05:00  INFO 64364 --- [    Test worker] com.zaxxer.hikari.pool.HikariPool        : HikariPool-2 - Added connection conn10: url=jdbc:h2:mem:testdb user=SA
2023-07-27T13:12:01.302-05:00  INFO 64364 --- [    Test worker] com.zaxxer.hikari.HikariDataSource       : HikariPool-2 - Start completed.
2023-07-27T13:12:01.303-05:00  INFO 64364 --- [    Test worker] o.s.b.a.h2.H2ConsoleAutoConfiguration    : H2 console available at '/h2-console'. Database available at 'jdbc:h2:mem:testdb'
2023-07-27T13:12:01.323-05:00  INFO 64364 --- [    Test worker] o.hibernate.jpa.internal.util.LogHelper  : HHH000204: Processing PersistenceUnitInfo [name: default]
2023-07-27T13:12:01.327-05:00  INFO 64364 --- [    Test worker] o.h.b.i.BytecodeProviderInitiator        : HHH000021: Bytecode provider name : bytebuddy
2023-07-27T13:12:01.327-05:00  INFO 64364 --- [    Test worker] o.s.o.j.p.SpringPersistenceUnitInfo      : No LoadTimeWeaver setup: ignoring JPA class transformer
2023-07-27T13:12:01.339-05:00  INFO 64364 --- [    Test worker] o.h.b.i.BytecodeProviderInitiator        : HHH000021: Bytecode provider name : bytebuddy
2023-07-27T13:12:01.384-05:00  INFO 64364 --- [    Test worker] o.h.e.t.j.p.i.JtaPlatformInitiator       : HHH000490: Using JtaPlatform implementation: [org.hibernate.engine.transaction.jta.platform.internal.NoJtaPlatform]
2023-07-27T13:12:01.392-05:00  INFO 64364 --- [    Test worker] j.LocalContainerEntityManagerFactoryBean : Initialized JPA EntityManagerFactory for persistence unit 'default'
2023-07-27T13:12:01.426-05:00  WARN 64364 --- [    Test worker] JpaBaseConfiguration$JpaWebConfiguration : spring.jpa.open-in-view is enabled by default. Therefore, database queries may be performed during view rendering. Explicitly configure spring.jpa.open-in-view to disable this warning
2023-07-27T13:12:01.499-05:00  INFO 64364 --- [    Test worker] o.a.c.c.C.[Tomcat].[localhost].[/]       : Initializing Spring TestDispatcherServlet ''
2023-07-27T13:12:01.499-05:00  INFO 64364 --- [    Test worker] o.s.t.web.servlet.TestDispatcherServlet  : Initializing Servlet ''
2023-07-27T13:12:01.499-05:00  INFO 64364 --- [    Test worker] o.s.t.web.servlet.TestDispatcherServlet  : Completed initialization in 0 ms
2023-07-27T13:12:01.506-05:00  INFO 64364 --- [    Test worker] o.s.b.w.embedded.tomcat.TomcatWebServer  : Tomcat started on port(s): 50028 (http) with context path ''
2023-07-27T13:12:01.509-05:00  INFO 64364 --- [    Test worker] ientContactInfoControllerIntegrationTest : Started ClientContactInfoControllerIntegrationTest in 0.41 seconds (process running for 4.429)

MockHttpServletRequest:
      HTTP Method = GET
      Request URI = /clientContactInfo/returnAll
       Parameters = {}
          Headers = []
             Body = null
    Session Attrs = {}

Handler:
             Type = com.outreachmappingsolutions.controllers.ClientContactInfoController
           Method = com.outreachmappingsolutions.controllers.ClientContactInfoController#returnAllClientContactInfo()

Async:
    Async started = false
     Async result = null

Resolved Exception:
             Type = null

ModelAndView:
        View name = null
             View = null
            Model = null

FlashMap:
       Attributes = null

MockHttpServletResponse:
           Status = 404
    Error message = null
          Headers = [Content-Type:"text/plain;charset=UTF-8", Content-Length:"62"]
     Content type = text/plain;charset=UTF-8
             Body = No client contact information matching your criteria was found
    Forwarded URL = null
   Redirected URL = null
          Cookies = []
2023-07-27T13:12:01.532-05:00  INFO 64364 --- [    Test worker] o.apache.catalina.core.StandardService   : Stopping service [Tomcat]
2023-07-27T13:12:01.535-05:00  INFO 64364 --- [    Test worker] j.LocalContainerEntityManagerFactoryBean : Closing JPA EntityManagerFactory for persistence unit 'default'
2023-07-27T13:12:01.537-05:00  INFO 64364 --- [    Test worker] com.zaxxer.hikari.HikariDataSource       : HikariPool-2 - Shutdown initiated...
2023-07-27T13:12:01.538-05:00  INFO 64364 --- [    Test worker] com.zaxxer.hikari.HikariDataSource       : HikariPool-2 - Shutdown completed.

  .   ____          _            __ _ _
 /\\ / ___'_ __ _ _(_)_ __  __ _ \ \ \ \
( ( )\___ | '_ | '_| | '_ \/ _` | \ \ \ \
 \\/  ___)| |_)| | | | | || (_| |  ) ) ) )
  '  |____| .__|_| |_|_| |_\__, | / / / /
 =========|_|==============|___/=/_/_/_/
 :: Spring Boot ::                (v3.1.1)

2023-07-27T13:12:01.554-05:00  INFO 64364 --- [    Test worker] ientContactInfoControllerIntegrationTest : Starting ClientContactInfoControllerIntegrationTest using Java 17.0.7 with PID 64364 (started by joshjennemann in /Users/joshjennemann/Desktop/Personal_Projects/outreach-mapping-solutions-back-end/Outreach-Mapping-Solutions/outreach-mapping-solutions-BE)
2023-07-27T13:12:01.554-05:00  INFO 64364 --- [    Test worker] ientContactInfoControllerIntegrationTest : No active profile set, falling back to 1 default profile: "default"
2023-07-27T13:12:01.660-05:00  INFO 64364 --- [    Test worker] .s.d.r.c.RepositoryConfigurationDelegate : Multiple Spring Data modules found, entering strict repository configuration mode
2023-07-27T13:12:01.661-05:00  INFO 64364 --- [    Test worker] .s.d.r.c.RepositoryConfigurationDelegate : Bootstrapping Spring Data JDBC repositories in DEFAULT mode.
2023-07-27T13:12:01.664-05:00  INFO 64364 --- [    Test worker] .RepositoryConfigurationExtensionSupport : Spring Data JDBC - Could not safely identify store assignment for repository candidate interface com.outreachmappingsolutions.repositories.ClientBaseRepository; If you want this repository to be a JDBC repository, consider annotating your entities with one of these annotations: org.springframework.data.relational.core.mapping.Table.
2023-07-27T13:12:01.665-05:00  INFO 64364 --- [    Test worker] .RepositoryConfigurationExtensionSupport : Spring Data JDBC - Could not safely identify store assignment for repository candidate interface com.outreachmappingsolutions.repositories.ClientContactInfoRepository; If you want this repository to be a JDBC repository, consider annotating your entities with one of these annotations: org.springframework.data.relational.core.mapping.Table.
2023-07-27T13:12:01.665-05:00  INFO 64364 --- [    Test worker] .RepositoryConfigurationExtensionSupport : Spring Data JDBC - Could not safely identify store assignment for repository candidate interface com.outreachmappingsolutions.repositories.ClientDemographicsRepository; If you want this repository to be a JDBC repository, consider annotating your entities with one of these annotations: org.springframework.data.relational.core.mapping.Table.
2023-07-27T13:12:01.665-05:00  INFO 64364 --- [    Test worker] .s.d.r.c.RepositoryConfigurationDelegate : Finished Spring Data repository scanning in 4 ms. Found 0 JDBC repository interfaces.
2023-07-27T13:12:01.667-05:00  INFO 64364 --- [    Test worker] .s.d.r.c.RepositoryConfigurationDelegate : Multiple Spring Data modules found, entering strict repository configuration mode
2023-07-27T13:12:01.668-05:00  INFO 64364 --- [    Test worker] .s.d.r.c.RepositoryConfigurationDelegate : Bootstrapping Spring Data JPA repositories in DEFAULT mode.
2023-07-27T13:12:01.675-05:00  INFO 64364 --- [    Test worker] .s.d.r.c.RepositoryConfigurationDelegate : Finished Spring Data repository scanning in 7 ms. Found 3 JPA repository interfaces.
2023-07-27T13:12:01.734-05:00  INFO 64364 --- [    Test worker] o.s.b.w.embedded.tomcat.TomcatWebServer  : Tomcat initialized with port(s): 0 (http)
2023-07-27T13:12:01.734-05:00  INFO 64364 --- [    Test worker] o.apache.catalina.core.StandardService   : Starting service [Tomcat]
2023-07-27T13:12:01.734-05:00  INFO 64364 --- [    Test worker] o.apache.catalina.core.StandardEngine    : Starting Servlet engine: [Apache Tomcat/10.1.10]
2023-07-27T13:12:01.749-05:00  INFO 64364 --- [    Test worker] o.a.c.c.C.[Tomcat].[localhost].[/]       : Initializing Spring embedded WebApplicationContext
2023-07-27T13:12:01.749-05:00  INFO 64364 --- [    Test worker] w.s.c.ServletWebServerApplicationContext : Root WebApplicationContext: initialization completed in 194 ms
2023-07-27T13:12:01.753-05:00  INFO 64364 --- [    Test worker] com.zaxxer.hikari.HikariDataSource       : HikariPool-3 - Starting...
2023-07-27T13:12:01.754-05:00  INFO 64364 --- [    Test worker] com.zaxxer.hikari.pool.HikariPool        : HikariPool-3 - Added connection conn20: url=jdbc:h2:mem:testdb user=SA
2023-07-27T13:12:01.754-05:00  INFO 64364 --- [    Test worker] com.zaxxer.hikari.HikariDataSource       : HikariPool-3 - Start completed.
2023-07-27T13:12:01.754-05:00  INFO 64364 --- [    Test worker] o.s.b.a.h2.H2ConsoleAutoConfiguration    : H2 console available at '/h2-console'. Database available at 'jdbc:h2:mem:testdb'
2023-07-27T13:12:01.776-05:00  INFO 64364 --- [    Test worker] o.hibernate.jpa.internal.util.LogHelper  : HHH000204: Processing PersistenceUnitInfo [name: default]
2023-07-27T13:12:01.780-05:00  INFO 64364 --- [    Test worker] o.h.b.i.BytecodeProviderInitiator        : HHH000021: Bytecode provider name : bytebuddy
2023-07-27T13:12:01.781-05:00  INFO 64364 --- [    Test worker] o.s.o.j.p.SpringPersistenceUnitInfo      : No LoadTimeWeaver setup: ignoring JPA class transformer
2023-07-27T13:12:01.793-05:00  INFO 64364 --- [    Test worker] o.h.b.i.BytecodeProviderInitiator        : HHH000021: Bytecode provider name : bytebuddy
2023-07-27T13:12:01.837-05:00  INFO 64364 --- [    Test worker] o.h.e.t.j.p.i.JtaPlatformInitiator       : HHH000490: Using JtaPlatform implementation: [org.hibernate.engine.transaction.jta.platform.internal.NoJtaPlatform]
2023-07-27T13:12:01.847-05:00  INFO 64364 --- [    Test worker] j.LocalContainerEntityManagerFactoryBean : Initialized JPA EntityManagerFactory for persistence unit 'default'
2023-07-27T13:12:01.883-05:00  WARN 64364 --- [    Test worker] JpaBaseConfiguration$JpaWebConfiguration : spring.jpa.open-in-view is enabled by default. Therefore, database queries may be performed during view rendering. Explicitly configure spring.jpa.open-in-view to disable this warning
2023-07-27T13:12:01.949-05:00  INFO 64364 --- [    Test worker] o.a.c.c.C.[Tomcat].[localhost].[/]       : Initializing Spring TestDispatcherServlet ''
2023-07-27T13:12:01.949-05:00  INFO 64364 --- [    Test worker] o.s.t.web.servlet.TestDispatcherServlet  : Initializing Servlet ''
2023-07-27T13:12:01.949-05:00  INFO 64364 --- [    Test worker] o.s.t.web.servlet.TestDispatcherServlet  : Completed initialization in 0 ms
2023-07-27T13:12:01.955-05:00  INFO 64364 --- [    Test worker] o.s.b.w.embedded.tomcat.TomcatWebServer  : Tomcat started on port(s): 50034 (http) with context path ''
2023-07-27T13:12:01.958-05:00  INFO 64364 --- [    Test worker] ientContactInfoControllerIntegrationTest : Started ClientContactInfoControllerIntegrationTest in 0.417 seconds (process running for 4.877)

MockHttpServletRequest:
      HTTP Method = GET
      Request URI = /clientContactInfo/return/1
       Parameters = {}
          Headers = []
             Body = null
    Session Attrs = {}

Handler:
             Type = com.outreachmappingsolutions.controllers.ClientContactInfoController
           Method = com.outreachmappingsolutions.controllers.ClientContactInfoController#returnClientContactInfoByClientId(Integer)

Async:
    Async started = false
     Async result = null

Resolved Exception:
             Type = null

ModelAndView:
        View name = null
             View = null
            Model = null

FlashMap:
       Attributes = null

MockHttpServletResponse:
           Status = 404
    Error message = null
          Headers = [Content-Type:"text/plain;charset=UTF-8", Content-Length:"62"]
     Content type = text/plain;charset=UTF-8
             Body = No client contact information matching your criteria was found
    Forwarded URL = null
   Redirected URL = null
          Cookies = []
2023-07-27T13:12:01.972-05:00  INFO 64364 --- [    Test worker] o.apache.catalina.core.StandardService   : Stopping service [Tomcat]
2023-07-27T13:12:01.975-05:00  INFO 64364 --- [    Test worker] j.LocalContainerEntityManagerFactoryBean : Closing JPA EntityManagerFactory for persistence unit 'default'
2023-07-27T13:12:01.977-05:00  INFO 64364 --- [    Test worker] com.zaxxer.hikari.HikariDataSource       : HikariPool-3 - Shutdown initiated...
2023-07-27T13:12:01.977-05:00  INFO 64364 --- [    Test worker] com.zaxxer.hikari.HikariDataSource       : HikariPool-3 - Shutdown completed.

  .   ____          _            __ _ _
 /\\ / ___'_ __ _ _(_)_ __  __ _ \ \ \ \
( ( )\___ | '_ | '_| | '_ \/ _` | \ \ \ \
 \\/  ___)| |_)| | | | | || (_| |  ) ) ) )
  '  |____| .__|_| |_|_| |_\__, | / / / /
 =========|_|==============|___/=/_/_/_/
 :: Spring Boot ::                (v3.1.1)

2023-07-27T13:12:01.992-05:00  INFO 64364 --- [    Test worker] ientContactInfoControllerIntegrationTest : Starting ClientContactInfoControllerIntegrationTest using Java 17.0.7 with PID 64364 (started by joshjennemann in /Users/joshjennemann/Desktop/Personal_Projects/outreach-mapping-solutions-back-end/Outreach-Mapping-Solutions/outreach-mapping-solutions-BE)
2023-07-27T13:12:01.992-05:00  INFO 64364 --- [    Test worker] ientContactInfoControllerIntegrationTest : No active profile set, falling back to 1 default profile: "default"
2023-07-27T13:12:02.120-05:00  INFO 64364 --- [    Test worker] .s.d.r.c.RepositoryConfigurationDelegate : Multiple Spring Data modules found, entering strict repository configuration mode
2023-07-27T13:12:02.120-05:00  INFO 64364 --- [    Test worker] .s.d.r.c.RepositoryConfigurationDelegate : Bootstrapping Spring Data JDBC repositories in DEFAULT mode.
2023-07-27T13:12:02.123-05:00  INFO 64364 --- [    Test worker] .RepositoryConfigurationExtensionSupport : Spring Data JDBC - Could not safely identify store assignment for repository candidate interface com.outreachmappingsolutions.repositories.ClientBaseRepository; If you want this repository to be a JDBC repository, consider annotating your entities with one of these annotations: org.springframework.data.relational.core.mapping.Table.
2023-07-27T13:12:02.124-05:00  INFO 64364 --- [    Test worker] .RepositoryConfigurationExtensionSupport : Spring Data JDBC - Could not safely identify store assignment for repository candidate interface com.outreachmappingsolutions.repositories.ClientContactInfoRepository; If you want this repository to be a JDBC repository, consider annotating your entities with one of these annotations: org.springframework.data.relational.core.mapping.Table.
2023-07-27T13:12:02.124-05:00  INFO 64364 --- [    Test worker] .RepositoryConfigurationExtensionSupport : Spring Data JDBC - Could not safely identify store assignment for repository candidate interface com.outreachmappingsolutions.repositories.ClientDemographicsRepository; If you want this repository to be a JDBC repository, consider annotating your entities with one of these annotations: org.springframework.data.relational.core.mapping.Table.
2023-07-27T13:12:02.124-05:00  INFO 64364 --- [    Test worker] .s.d.r.c.RepositoryConfigurationDelegate : Finished Spring Data repository scanning in 3 ms. Found 0 JDBC repository interfaces.
2023-07-27T13:12:02.126-05:00  INFO 64364 --- [    Test worker] .s.d.r.c.RepositoryConfigurationDelegate : Multiple Spring Data modules found, entering strict repository configuration mode
2023-07-27T13:12:02.126-05:00  INFO 64364 --- [    Test worker] .s.d.r.c.RepositoryConfigurationDelegate : Bootstrapping Spring Data JPA repositories in DEFAULT mode.
2023-07-27T13:12:02.131-05:00  INFO 64364 --- [    Test worker] .s.d.r.c.RepositoryConfigurationDelegate : Finished Spring Data repository scanning in 5 ms. Found 3 JPA repository interfaces.
2023-07-27T13:12:02.168-05:00  INFO 64364 --- [    Test worker] o.s.b.w.embedded.tomcat.TomcatWebServer  : Tomcat initialized with port(s): 0 (http)
2023-07-27T13:12:02.169-05:00  INFO 64364 --- [    Test worker] o.apache.catalina.core.StandardService   : Starting service [Tomcat]
2023-07-27T13:12:02.169-05:00  INFO 64364 --- [    Test worker] o.apache.catalina.core.StandardEngine    : Starting Servlet engine: [Apache Tomcat/10.1.10]
2023-07-27T13:12:02.182-05:00  INFO 64364 --- [    Test worker] o.a.c.c.C.[Tomcat].[localhost].[/]       : Initializing Spring embedded WebApplicationContext
2023-07-27T13:12:02.182-05:00  INFO 64364 --- [    Test worker] w.s.c.ServletWebServerApplicationContext : Root WebApplicationContext: initialization completed in 189 ms
2023-07-27T13:12:02.184-05:00  INFO 64364 --- [    Test worker] com.zaxxer.hikari.HikariDataSource       : HikariPool-4 - Starting...
2023-07-27T13:12:02.185-05:00  INFO 64364 --- [    Test worker] com.zaxxer.hikari.pool.HikariPool        : HikariPool-4 - Added connection conn30: url=jdbc:h2:mem:testdb user=SA
2023-07-27T13:12:02.185-05:00  INFO 64364 --- [    Test worker] com.zaxxer.hikari.HikariDataSource       : HikariPool-4 - Start completed.
2023-07-27T13:12:02.186-05:00  INFO 64364 --- [    Test worker] o.s.b.a.h2.H2ConsoleAutoConfiguration    : H2 console available at '/h2-console'. Database available at 'jdbc:h2:mem:testdb'
2023-07-27T13:12:02.200-05:00  INFO 64364 --- [    Test worker] o.hibernate.jpa.internal.util.LogHelper  : HHH000204: Processing PersistenceUnitInfo [name: default]
2023-07-27T13:12:02.205-05:00  INFO 64364 --- [    Test worker] o.h.b.i.BytecodeProviderInitiator        : HHH000021: Bytecode provider name : bytebuddy
2023-07-27T13:12:02.205-05:00  INFO 64364 --- [    Test worker] o.s.o.j.p.SpringPersistenceUnitInfo      : No LoadTimeWeaver setup: ignoring JPA class transformer
2023-07-27T13:12:02.215-05:00  INFO 64364 --- [    Test worker] o.h.b.i.BytecodeProviderInitiator        : HHH000021: Bytecode provider name : bytebuddy
2023-07-27T13:12:02.248-05:00  INFO 64364 --- [    Test worker] o.h.e.t.j.p.i.JtaPlatformInitiator       : HHH000490: Using JtaPlatform implementation: [org.hibernate.engine.transaction.jta.platform.internal.NoJtaPlatform]
2023-07-27T13:12:02.256-05:00  INFO 64364 --- [    Test worker] j.LocalContainerEntityManagerFactoryBean : Initialized JPA EntityManagerFactory for persistence unit 'default'
2023-07-27T13:12:02.290-05:00  WARN 64364 --- [    Test worker] JpaBaseConfiguration$JpaWebConfiguration : spring.jpa.open-in-view is enabled by default. Therefore, database queries may be performed during view rendering. Explicitly configure spring.jpa.open-in-view to disable this warning
2023-07-27T13:12:02.345-05:00  INFO 64364 --- [    Test worker] o.a.c.c.C.[Tomcat].[localhost].[/]       : Initializing Spring TestDispatcherServlet ''
2023-07-27T13:12:02.346-05:00  INFO 64364 --- [    Test worker] o.s.t.web.servlet.TestDispatcherServlet  : Initializing Servlet ''
2023-07-27T13:12:02.346-05:00  INFO 64364 --- [    Test worker] o.s.t.web.servlet.TestDispatcherServlet  : Completed initialization in 0 ms
2023-07-27T13:12:02.351-05:00  INFO 64364 --- [    Test worker] o.s.b.w.embedded.tomcat.TomcatWebServer  : Tomcat started on port(s): 50036 (http) with context path ''
2023-07-27T13:12:02.353-05:00  INFO 64364 --- [    Test worker] ientContactInfoControllerIntegrationTest : Started ClientContactInfoControllerIntegrationTest in 0.373 seconds (process running for 5.273)

MockHttpServletRequest:
      HTTP Method = PUT
      Request URI = /clientContactInfo/update/1
       Parameters = {}
          Headers = [Content-Type:"application/json;charset=UTF-8", Accept:"application/json", Content-Length:"248"]
             Body = {"id":null,"phonePrimary":"111-111-1115","phoneSecondary":"111-111-1116","email":"miles@test.com","iceName":"Julian Bashir","iceRelationship":"Friend","icePhonePrimary":"111-111-1117","icePhoneSecondary":"111-111-1118","iceEmail":"julian@test.com"}
    Session Attrs = {}

Handler:
             Type = com.outreachmappingsolutions.controllers.ClientContactInfoController
           Method = com.outreachmappingsolutions.controllers.ClientContactInfoController#updateClientContactInfo(Integer, ClientContactInfo)

Async:
    Async started = false
     Async result = null

Resolved Exception:
             Type = null

ModelAndView:
        View name = null
             View = null
            Model = null

FlashMap:
       Attributes = null

MockHttpServletResponse:
           Status = 200
    Error message = null
          Headers = [Content-Type:"application/json"]
     Content type = application/json
             Body = {"id":1,"phonePrimary":"111-111-1115","phoneSecondary":"111-111-1116","email":"miles@test.com","iceName":"Julian Bashir","iceRelationship":"Friend","icePhonePrimary":"111-111-1117","icePhoneSecondary":"111-111-1118","iceEmail":"julian@test.com"}
    Forwarded URL = null
   Redirected URL = null
          Cookies = []
2023-07-27T13:12:02.405-05:00  INFO 64364 --- [    Test worker] o.apache.catalina.core.StandardService   : Stopping service [Tomcat]
2023-07-27T13:12:02.408-05:00  INFO 64364 --- [    Test worker] j.LocalContainerEntityManagerFactoryBean : Closing JPA EntityManagerFactory for persistence unit 'default'
2023-07-27T13:12:02.409-05:00  INFO 64364 --- [    Test worker] com.zaxxer.hikari.HikariDataSource       : HikariPool-4 - Shutdown initiated...
2023-07-27T13:12:02.410-05:00  INFO 64364 --- [    Test worker] com.zaxxer.hikari.HikariDataSource       : HikariPool-4 - Shutdown completed.

  .   ____          _            __ _ _
 /\\ / ___'_ __ _ _(_)_ __  __ _ \ \ \ \
( ( )\___ | '_ | '_| | '_ \/ _` | \ \ \ \
 \\/  ___)| |_)| | | | | || (_| |  ) ) ) )
  '  |____| .__|_| |_|_| |_\__, | / / / /
 =========|_|==============|___/=/_/_/_/
 :: Spring Boot ::                (v3.1.1)

2023-07-27T13:12:02.424-05:00  INFO 64364 --- [    Test worker] ientContactInfoControllerIntegrationTest : Starting ClientContactInfoControllerIntegrationTest using Java 17.0.7 with PID 64364 (started by joshjennemann in /Users/joshjennemann/Desktop/Personal_Projects/outreach-mapping-solutions-back-end/Outreach-Mapping-Solutions/outreach-mapping-solutions-BE)
2023-07-27T13:12:02.424-05:00  INFO 64364 --- [    Test worker] ientContactInfoControllerIntegrationTest : No active profile set, falling back to 1 default profile: "default"
2023-07-27T13:12:02.604-05:00  INFO 64364 --- [    Test worker] .s.d.r.c.RepositoryConfigurationDelegate : Multiple Spring Data modules found, entering strict repository configuration mode
2023-07-27T13:12:02.605-05:00  INFO 64364 --- [    Test worker] .s.d.r.c.RepositoryConfigurationDelegate : Bootstrapping Spring Data JDBC repositories in DEFAULT mode.
2023-07-27T13:12:02.612-05:00  INFO 64364 --- [    Test worker] .RepositoryConfigurationExtensionSupport : Spring Data JDBC - Could not safely identify store assignment for repository candidate interface com.outreachmappingsolutions.repositories.ClientBaseRepository; If you want this repository to be a JDBC repository, consider annotating your entities with one of these annotations: org.springframework.data.relational.core.mapping.Table.
2023-07-27T13:12:02.612-05:00  INFO 64364 --- [    Test worker] .RepositoryConfigurationExtensionSupport : Spring Data JDBC - Could not safely identify store assignment for repository candidate interface com.outreachmappingsolutions.repositories.ClientContactInfoRepository; If you want this repository to be a JDBC repository, consider annotating your entities with one of these annotations: org.springframework.data.relational.core.mapping.Table.
2023-07-27T13:12:02.612-05:00  INFO 64364 --- [    Test worker] .RepositoryConfigurationExtensionSupport : Spring Data JDBC - Could not safely identify store assignment for repository candidate interface com.outreachmappingsolutions.repositories.ClientDemographicsRepository; If you want this repository to be a JDBC repository, consider annotating your entities with one of these annotations: org.springframework.data.relational.core.mapping.Table.
2023-07-27T13:12:02.612-05:00  INFO 64364 --- [    Test worker] .s.d.r.c.RepositoryConfigurationDelegate : Finished Spring Data repository scanning in 7 ms. Found 0 JDBC repository interfaces.
2023-07-27T13:12:02.614-05:00  INFO 64364 --- [    Test worker] .s.d.r.c.RepositoryConfigurationDelegate : Multiple Spring Data modules found, entering strict repository configuration mode
2023-07-27T13:12:02.614-05:00  INFO 64364 --- [    Test worker] .s.d.r.c.RepositoryConfigurationDelegate : Bootstrapping Spring Data JPA repositories in DEFAULT mode.
2023-07-27T13:12:02.620-05:00  INFO 64364 --- [    Test worker] .s.d.r.c.RepositoryConfigurationDelegate : Finished Spring Data repository scanning in 5 ms. Found 3 JPA repository interfaces.
2023-07-27T13:12:02.661-05:00  INFO 64364 --- [    Test worker] o.s.b.w.embedded.tomcat.TomcatWebServer  : Tomcat initialized with port(s): 0 (http)
2023-07-27T13:12:02.661-05:00  INFO 64364 --- [    Test worker] o.apache.catalina.core.StandardService   : Starting service [Tomcat]
2023-07-27T13:12:02.662-05:00  INFO 64364 --- [    Test worker] o.apache.catalina.core.StandardEngine    : Starting Servlet engine: [Apache Tomcat/10.1.10]
2023-07-27T13:12:02.675-05:00  INFO 64364 --- [    Test worker] o.a.c.c.C.[Tomcat].[localhost].[/]       : Initializing Spring embedded WebApplicationContext
2023-07-27T13:12:02.675-05:00  INFO 64364 --- [    Test worker] w.s.c.ServletWebServerApplicationContext : Root WebApplicationContext: initialization completed in 250 ms
2023-07-27T13:12:02.677-05:00  INFO 64364 --- [    Test worker] com.zaxxer.hikari.HikariDataSource       : HikariPool-5 - Starting...
2023-07-27T13:12:02.678-05:00  INFO 64364 --- [    Test worker] com.zaxxer.hikari.pool.HikariPool        : HikariPool-5 - Added connection conn40: url=jdbc:h2:mem:testdb user=SA
2023-07-27T13:12:02.678-05:00  INFO 64364 --- [    Test worker] com.zaxxer.hikari.HikariDataSource       : HikariPool-5 - Start completed.
2023-07-27T13:12:02.678-05:00  INFO 64364 --- [    Test worker] o.s.b.a.h2.H2ConsoleAutoConfiguration    : H2 console available at '/h2-console'. Database available at 'jdbc:h2:mem:testdb'
2023-07-27T13:12:02.701-05:00  INFO 64364 --- [    Test worker] o.hibernate.jpa.internal.util.LogHelper  : HHH000204: Processing PersistenceUnitInfo [name: default]
2023-07-27T13:12:02.706-05:00  INFO 64364 --- [    Test worker] o.h.b.i.BytecodeProviderInitiator        : HHH000021: Bytecode provider name : bytebuddy
2023-07-27T13:12:02.706-05:00  INFO 64364 --- [    Test worker] o.s.o.j.p.SpringPersistenceUnitInfo      : No LoadTimeWeaver setup: ignoring JPA class transformer
2023-07-27T13:12:02.717-05:00  INFO 64364 --- [    Test worker] o.h.b.i.BytecodeProviderInitiator        : HHH000021: Bytecode provider name : bytebuddy
2023-07-27T13:12:02.759-05:00  INFO 64364 --- [    Test worker] o.h.e.t.j.p.i.JtaPlatformInitiator       : HHH000490: Using JtaPlatform implementation: [org.hibernate.engine.transaction.jta.platform.internal.NoJtaPlatform]
2023-07-27T13:12:02.769-05:00  INFO 64364 --- [    Test worker] j.LocalContainerEntityManagerFactoryBean : Initialized JPA EntityManagerFactory for persistence unit 'default'
2023-07-27T13:12:02.821-05:00  WARN 64364 --- [    Test worker] JpaBaseConfiguration$JpaWebConfiguration : spring.jpa.open-in-view is enabled by default. Therefore, database queries may be performed during view rendering. Explicitly configure spring.jpa.open-in-view to disable this warning
2023-07-27T13:12:02.898-05:00  INFO 64364 --- [    Test worker] o.a.c.c.C.[Tomcat].[localhost].[/]       : Initializing Spring TestDispatcherServlet ''
2023-07-27T13:12:02.898-05:00  INFO 64364 --- [    Test worker] o.s.t.web.servlet.TestDispatcherServlet  : Initializing Servlet ''
2023-07-27T13:12:02.898-05:00  INFO 64364 --- [    Test worker] o.s.t.web.servlet.TestDispatcherServlet  : Completed initialization in 0 ms
2023-07-27T13:12:02.905-05:00  INFO 64364 --- [    Test worker] o.s.b.w.embedded.tomcat.TomcatWebServer  : Tomcat started on port(s): 50042 (http) with context path ''
2023-07-27T13:12:02.908-05:00  INFO 64364 --- [    Test worker] ientContactInfoControllerIntegrationTest : Started ClientContactInfoControllerIntegrationTest in 0.496 seconds (process running for 5.828)

MockHttpServletRequest:
      HTTP Method = GET
      Request URI = /clientContactInfo/return/1
       Parameters = {}
          Headers = []
             Body = null
    Session Attrs = {}

Handler:
             Type = com.outreachmappingsolutions.controllers.ClientContactInfoController
           Method = com.outreachmappingsolutions.controllers.ClientContactInfoController#returnClientContactInfoByClientId(Integer)

Async:
    Async started = false
     Async result = null

Resolved Exception:
             Type = null

ModelAndView:
        View name = null
             View = null
            Model = null

FlashMap:
       Attributes = null

MockHttpServletResponse:
           Status = 200
    Error message = null
          Headers = [Content-Type:"application/json"]
     Content type = application/json
             Body = {"id":1,"phonePrimary":"111-111-1111","phoneSecondary":"111-111-1112","email":"miles@test.com","iceName":"Keiko O'Brien","iceRelationship":"Ex-Wife","icePhonePrimary":"111-111-1113","icePhoneSecondary":"111-111-1114","iceEmail":"keiko@test.com"}
    Forwarded URL = null
   Redirected URL = null
          Cookies = []
2023-07-27T13:12:02.937-05:00  INFO 64364 --- [    Test worker] o.apache.catalina.core.StandardService   : Stopping service [Tomcat]
2023-07-27T13:12:02.939-05:00  INFO 64364 --- [    Test worker] j.LocalContainerEntityManagerFactoryBean : Closing JPA EntityManagerFactory for persistence unit 'default'
2023-07-27T13:12:02.941-05:00  INFO 64364 --- [    Test worker] com.zaxxer.hikari.HikariDataSource       : HikariPool-5 - Shutdown initiated...
2023-07-27T13:12:02.942-05:00  INFO 64364 --- [    Test worker] com.zaxxer.hikari.HikariDataSource       : HikariPool-5 - Shutdown completed.

  .   ____          _            __ _ _
 /\\ / ___'_ __ _ _(_)_ __  __ _ \ \ \ \
( ( )\___ | '_ | '_| | '_ \/ _` | \ \ \ \
 \\/  ___)| |_)| | | | | || (_| |  ) ) ) )
  '  |____| .__|_| |_|_| |_\__, | / / / /
 =========|_|==============|___/=/_/_/_/
 :: Spring Boot ::                (v3.1.1)

2023-07-27T13:12:02.959-05:00  INFO 64364 --- [    Test worker] ientContactInfoControllerIntegrationTest : Starting ClientContactInfoControllerIntegrationTest using Java 17.0.7 with PID 64364 (started by joshjennemann in /Users/joshjennemann/Desktop/Personal_Projects/outreach-mapping-solutions-back-end/Outreach-Mapping-Solutions/outreach-mapping-solutions-BE)
2023-07-27T13:12:02.959-05:00  INFO 64364 --- [    Test worker] ientContactInfoControllerIntegrationTest : No active profile set, falling back to 1 default profile: "default"
2023-07-27T13:12:03.057-05:00  INFO 64364 --- [    Test worker] .s.d.r.c.RepositoryConfigurationDelegate : Multiple Spring Data modules found, entering strict repository configuration mode
2023-07-27T13:12:03.057-05:00  INFO 64364 --- [    Test worker] .s.d.r.c.RepositoryConfigurationDelegate : Bootstrapping Spring Data JDBC repositories in DEFAULT mode.
2023-07-27T13:12:03.060-05:00  INFO 64364 --- [    Test worker] .RepositoryConfigurationExtensionSupport : Spring Data JDBC - Could not safely identify store assignment for repository candidate interface com.outreachmappingsolutions.repositories.ClientBaseRepository; If you want this repository to be a JDBC repository, consider annotating your entities with one of these annotations: org.springframework.data.relational.core.mapping.Table.
2023-07-27T13:12:03.060-05:00  INFO 64364 --- [    Test worker] .RepositoryConfigurationExtensionSupport : Spring Data JDBC - Could not safely identify store assignment for repository candidate interface com.outreachmappingsolutions.repositories.ClientContactInfoRepository; If you want this repository to be a JDBC repository, consider annotating your entities with one of these annotations: org.springframework.data.relational.core.mapping.Table.
2023-07-27T13:12:03.060-05:00  INFO 64364 --- [    Test worker] .RepositoryConfigurationExtensionSupport : Spring Data JDBC - Could not safely identify store assignment for repository candidate interface com.outreachmappingsolutions.repositories.ClientDemographicsRepository; If you want this repository to be a JDBC repository, consider annotating your entities with one of these annotations: org.springframework.data.relational.core.mapping.Table.
2023-07-27T13:12:03.060-05:00  INFO 64364 --- [    Test worker] .s.d.r.c.RepositoryConfigurationDelegate : Finished Spring Data repository scanning in 3 ms. Found 0 JDBC repository interfaces.
2023-07-27T13:12:03.062-05:00  INFO 64364 --- [    Test worker] .s.d.r.c.RepositoryConfigurationDelegate : Multiple Spring Data modules found, entering strict repository configuration mode
2023-07-27T13:12:03.062-05:00  INFO 64364 --- [    Test worker] .s.d.r.c.RepositoryConfigurationDelegate : Bootstrapping Spring Data JPA repositories in DEFAULT mode.
2023-07-27T13:12:03.068-05:00  INFO 64364 --- [    Test worker] .s.d.r.c.RepositoryConfigurationDelegate : Finished Spring Data repository scanning in 5 ms. Found 3 JPA repository interfaces.
2023-07-27T13:12:03.101-05:00  INFO 64364 --- [    Test worker] o.s.b.w.embedded.tomcat.TomcatWebServer  : Tomcat initialized with port(s): 0 (http)
2023-07-27T13:12:03.101-05:00  INFO 64364 --- [    Test worker] o.apache.catalina.core.StandardService   : Starting service [Tomcat]
2023-07-27T13:12:03.102-05:00  INFO 64364 --- [    Test worker] o.apache.catalina.core.StandardEngine    : Starting Servlet engine: [Apache Tomcat/10.1.10]
2023-07-27T13:12:03.113-05:00  INFO 64364 --- [    Test worker] o.a.c.c.C.[Tomcat].[localhost].[/]       : Initializing Spring embedded WebApplicationContext
2023-07-27T13:12:03.113-05:00  INFO 64364 --- [    Test worker] w.s.c.ServletWebServerApplicationContext : Root WebApplicationContext: initialization completed in 153 ms
2023-07-27T13:12:03.115-05:00  INFO 64364 --- [    Test worker] com.zaxxer.hikari.HikariDataSource       : HikariPool-6 - Starting...
2023-07-27T13:12:03.116-05:00  INFO 64364 --- [    Test worker] com.zaxxer.hikari.pool.HikariPool        : HikariPool-6 - Added connection conn50: url=jdbc:h2:mem:testdb user=SA
2023-07-27T13:12:03.116-05:00  INFO 64364 --- [    Test worker] com.zaxxer.hikari.HikariDataSource       : HikariPool-6 - Start completed.
2023-07-27T13:12:03.116-05:00  INFO 64364 --- [    Test worker] o.s.b.a.h2.H2ConsoleAutoConfiguration    : H2 console available at '/h2-console'. Database available at 'jdbc:h2:mem:testdb'
2023-07-27T13:12:03.130-05:00  INFO 64364 --- [    Test worker] o.hibernate.jpa.internal.util.LogHelper  : HHH000204: Processing PersistenceUnitInfo [name: default]
2023-07-27T13:12:03.133-05:00  INFO 64364 --- [    Test worker] o.h.b.i.BytecodeProviderInitiator        : HHH000021: Bytecode provider name : bytebuddy
2023-07-27T13:12:03.133-05:00  INFO 64364 --- [    Test worker] o.s.o.j.p.SpringPersistenceUnitInfo      : No LoadTimeWeaver setup: ignoring JPA class transformer
2023-07-27T13:12:03.143-05:00  INFO 64364 --- [    Test worker] o.h.b.i.BytecodeProviderInitiator        : HHH000021: Bytecode provider name : bytebuddy
2023-07-27T13:12:03.177-05:00  INFO 64364 --- [    Test worker] o.h.e.t.j.p.i.JtaPlatformInitiator       : HHH000490: Using JtaPlatform implementation: [org.hibernate.engine.transaction.jta.platform.internal.NoJtaPlatform]
2023-07-27T13:12:03.183-05:00  INFO 64364 --- [    Test worker] j.LocalContainerEntityManagerFactoryBean : Initialized JPA EntityManagerFactory for persistence unit 'default'
2023-07-27T13:12:03.212-05:00  WARN 64364 --- [    Test worker] JpaBaseConfiguration$JpaWebConfiguration : spring.jpa.open-in-view is enabled by default. Therefore, database queries may be performed during view rendering. Explicitly configure spring.jpa.open-in-view to disable this warning
2023-07-27T13:12:03.265-05:00  INFO 64364 --- [    Test worker] o.a.c.c.C.[Tomcat].[localhost].[/]       : Initializing Spring TestDispatcherServlet ''
2023-07-27T13:12:03.265-05:00  INFO 64364 --- [    Test worker] o.s.t.web.servlet.TestDispatcherServlet  : Initializing Servlet ''
2023-07-27T13:12:03.266-05:00  INFO 64364 --- [    Test worker] o.s.t.web.servlet.TestDispatcherServlet  : Completed initialization in 0 ms
2023-07-27T13:12:03.271-05:00  INFO 64364 --- [    Test worker] o.s.b.w.embedded.tomcat.TomcatWebServer  : Tomcat started on port(s): 50044 (http) with context path ''
2023-07-27T13:12:03.273-05:00  INFO 64364 --- [    Test worker] ientContactInfoControllerIntegrationTest : Started ClientContactInfoControllerIntegrationTest in 0.329 seconds (process running for 6.193)

MockHttpServletRequest:
      HTTP Method = GET
      Request URI = /clientContactInfo/returnAll
       Parameters = {}
          Headers = []
             Body = null
    Session Attrs = {}

Handler:
             Type = com.outreachmappingsolutions.controllers.ClientContactInfoController
           Method = com.outreachmappingsolutions.controllers.ClientContactInfoController#returnAllClientContactInfo()

Async:
    Async started = false
     Async result = null

Resolved Exception:
             Type = null

ModelAndView:
        View name = null
             View = null
            Model = null

FlashMap:
       Attributes = null

MockHttpServletResponse:
           Status = 200
    Error message = null
          Headers = [Content-Type:"application/json"]
     Content type = application/json
             Body = [{"id":1,"phonePrimary":"111-111-1111","phoneSecondary":"111-111-1112","email":"miles@test.com","iceName":"Keiko O'Brien","iceRelationship":"Ex-Wife","icePhonePrimary":"111-111-1113","icePhoneSecondary":"111-111-1114","iceEmail":"keiko@test.com"},{"id":2,"phonePrimary":"222-222-2221","phoneSecondary":"222-222-2222","email":"wesley@test.com","iceName":"Beverly Crusher","iceRelationship":"Mother","icePhonePrimary":"222-222-2223","icePhoneSecondary":"222-222-2224","iceEmail":"dr.crusher@email.com"},{"id":3,"phonePrimary":"111-111-1111","phoneSecondary":"222-222-2222","email":"thomas@test.com","iceName":"Will Riker","iceRelationship":"Brother","icePhonePrimary":"333-333-3333","icePhoneSecondary":"444-444-4444","iceEmail":"will@email.com"}]
    Forwarded URL = null
   Redirected URL = null
          Cookies = []
2023-07-27T13:12:03.308-05:00  INFO 64364 --- [    Test worker] o.apache.catalina.core.StandardService   : Stopping service [Tomcat]
2023-07-27T13:12:03.310-05:00  INFO 64364 --- [    Test worker] j.LocalContainerEntityManagerFactoryBean : Closing JPA EntityManagerFactory for persistence unit 'default'
2023-07-27T13:12:03.311-05:00  INFO 64364 --- [    Test worker] com.zaxxer.hikari.HikariDataSource       : HikariPool-6 - Shutdown initiated...
2023-07-27T13:12:03.324-05:00  INFO 64364 --- [    Test worker] com.zaxxer.hikari.HikariDataSource       : HikariPool-6 - Shutdown completed.
]]></system-out>
  <system-err><![CDATA[]]></system-err>
</testsuite>
