<?xml version="1.0" encoding="UTF-8"?>
<testsuite name="com.outreachmappingsolutions.Services.ClientBaseServiceIntegrationTest" tests="1" skipped="0" failures="0" errors="0" timestamp="2023-08-04T17:15:22" hostname="Joshs-Air.lan" time="0.164">
  <properties/>
  <testcase name="testCreateNewClientSuccess()" classname="com.outreachmappingsolutions.Services.ClientBaseServiceIntegrationTest" time="0.164"/>
  <system-out><![CDATA[12:15:20.043 [Test worker] INFO org.springframework.test.context.support.AnnotationConfigContextLoaderUtils -- Could not detect default configuration classes for test class [com.outreachmappingsolutions.Services.ClientBaseServiceIntegrationTest]: ClientBaseServiceIntegrationTest does not declare any static, non-private, non-final, nested classes annotated with @Configuration.
12:15:20.101 [Test worker] INFO org.springframework.boot.test.context.SpringBootTestContextBootstrapper -- Found @SpringBootConfiguration com.outreachmappingsolutions.OutreachMappingSolutionsApplication for test class com.outreachmappingsolutions.Services.ClientBaseServiceIntegrationTest

  .   ____          _            __ _ _
 /\\ / ___'_ __ _ _(_)_ __  __ _ \ \ \ \
( ( )\___ | '_ | '_| | '_ \/ _` | \ \ \ \
 \\/  ___)| |_)| | | | | || (_| |  ) ) ) )
  '  |____| .__|_| |_|_| |_\__, | / / / /
 =========|_|==============|___/=/_/_/_/
 :: Spring Boot ::                (v3.1.1)

2023-08-04T12:15:20.299-05:00  INFO 1341 --- [    Test worker] c.o.S.ClientBaseServiceIntegrationTest   : Starting ClientBaseServiceIntegrationTest using Java 17.0.7 with PID 1341 (started by joshjennemann in /Users/joshjennemann/Desktop/Personal_Projects/outreach-mapping-solutions-back-end/Outreach-Mapping-Solutions/outreach-mapping-solutions-BE)
2023-08-04T12:15:20.300-05:00  INFO 1341 --- [    Test worker] c.o.S.ClientBaseServiceIntegrationTest   : No active profile set, falling back to 1 default profile: "default"
2023-08-04T12:15:20.615-05:00  INFO 1341 --- [    Test worker] .s.d.r.c.RepositoryConfigurationDelegate : Multiple Spring Data modules found, entering strict repository configuration mode
2023-08-04T12:15:20.616-05:00  INFO 1341 --- [    Test worker] .s.d.r.c.RepositoryConfigurationDelegate : Bootstrapping Spring Data JDBC repositories in DEFAULT mode.
2023-08-04T12:15:20.632-05:00  INFO 1341 --- [    Test worker] .RepositoryConfigurationExtensionSupport : Spring Data JDBC - Could not safely identify store assignment for repository candidate interface com.outreachmappingsolutions.repositories.ClientBaseRepository; If you want this repository to be a JDBC repository, consider annotating your entities with one of these annotations: org.springframework.data.relational.core.mapping.Table.
2023-08-04T12:15:20.633-05:00  INFO 1341 --- [    Test worker] .RepositoryConfigurationExtensionSupport : Spring Data JDBC - Could not safely identify store assignment for repository candidate interface com.outreachmappingsolutions.repositories.ClientContactInfoRepository; If you want this repository to be a JDBC repository, consider annotating your entities with one of these annotations: org.springframework.data.relational.core.mapping.Table.
2023-08-04T12:15:20.633-05:00  INFO 1341 --- [    Test worker] .RepositoryConfigurationExtensionSupport : Spring Data JDBC - Could not safely identify store assignment for repository candidate interface com.outreachmappingsolutions.repositories.ClientDemographicsRepository; If you want this repository to be a JDBC repository, consider annotating your entities with one of these annotations: org.springframework.data.relational.core.mapping.Table.
2023-08-04T12:15:20.634-05:00  INFO 1341 --- [    Test worker] .s.d.r.c.RepositoryConfigurationDelegate : Finished Spring Data repository scanning in 15 ms. Found 0 JDBC repository interfaces.
2023-08-04T12:15:20.640-05:00  INFO 1341 --- [    Test worker] .s.d.r.c.RepositoryConfigurationDelegate : Multiple Spring Data modules found, entering strict repository configuration mode
2023-08-04T12:15:20.641-05:00  INFO 1341 --- [    Test worker] .s.d.r.c.RepositoryConfigurationDelegate : Bootstrapping Spring Data JPA repositories in DEFAULT mode.
2023-08-04T12:15:20.657-05:00  INFO 1341 --- [    Test worker] .s.d.r.c.RepositoryConfigurationDelegate : Finished Spring Data repository scanning in 13 ms. Found 3 JPA repository interfaces.
2023-08-04T12:15:20.896-05:00  INFO 1341 --- [    Test worker] o.s.b.w.embedded.tomcat.TomcatWebServer  : Tomcat initialized with port(s): 0 (http)
2023-08-04T12:15:20.901-05:00  INFO 1341 --- [    Test worker] o.apache.catalina.core.StandardService   : Starting service [Tomcat]
2023-08-04T12:15:20.901-05:00  INFO 1341 --- [    Test worker] o.apache.catalina.core.StandardEngine    : Starting Servlet engine: [Apache Tomcat/10.1.10]
2023-08-04T12:15:20.952-05:00  INFO 1341 --- [    Test worker] o.a.c.c.C.[Tomcat].[localhost].[/]       : Initializing Spring embedded WebApplicationContext
2023-08-04T12:15:20.953-05:00  INFO 1341 --- [    Test worker] w.s.c.ServletWebServerApplicationContext : Root WebApplicationContext: initialization completed in 642 ms
2023-08-04T12:15:20.973-05:00  INFO 1341 --- [    Test worker] com.zaxxer.hikari.HikariDataSource       : HikariPool-1 - Starting...
2023-08-04T12:15:21.071-05:00  INFO 1341 --- [    Test worker] com.zaxxer.hikari.pool.HikariPool        : HikariPool-1 - Added connection conn0: url=jdbc:h2:mem:testdb user=SA
2023-08-04T12:15:21.072-05:00  INFO 1341 --- [    Test worker] com.zaxxer.hikari.HikariDataSource       : HikariPool-1 - Start completed.
2023-08-04T12:15:21.079-05:00  INFO 1341 --- [    Test worker] o.s.b.a.h2.H2ConsoleAutoConfiguration    : H2 console available at '/h2-console'. Database available at 'jdbc:h2:mem:testdb'
2023-08-04T12:15:21.150-05:00  INFO 1341 --- [    Test worker] o.hibernate.jpa.internal.util.LogHelper  : HHH000204: Processing PersistenceUnitInfo [name: default]
2023-08-04T12:15:21.182-05:00  INFO 1341 --- [    Test worker] org.hibernate.Version                    : HHH000412: Hibernate ORM core version 6.2.5.Final
2023-08-04T12:15:21.183-05:00  INFO 1341 --- [    Test worker] org.hibernate.cfg.Environment            : HHH000406: Using bytecode reflection optimizer
2023-08-04T12:15:21.251-05:00  INFO 1341 --- [    Test worker] o.h.b.i.BytecodeProviderInitiator        : HHH000021: Bytecode provider name : bytebuddy
2023-08-04T12:15:21.319-05:00  INFO 1341 --- [    Test worker] o.s.o.j.p.SpringPersistenceUnitInfo      : No LoadTimeWeaver setup: ignoring JPA class transformer
2023-08-04T12:15:21.440-05:00  INFO 1341 --- [    Test worker] o.h.b.i.BytecodeProviderInitiator        : HHH000021: Bytecode provider name : bytebuddy
2023-08-04T12:15:21.761-05:00  INFO 1341 --- [    Test worker] o.h.e.t.j.p.i.JtaPlatformInitiator       : HHH000490: Using JtaPlatform implementation: [org.hibernate.engine.transaction.jta.platform.internal.NoJtaPlatform]
2023-08-04T12:15:21.783-05:00  INFO 1341 --- [    Test worker] j.LocalContainerEntityManagerFactoryBean : Initialized JPA EntityManagerFactory for persistence unit 'default'
2023-08-04T12:15:21.961-05:00  WARN 1341 --- [    Test worker] JpaBaseConfiguration$JpaWebConfiguration : spring.jpa.open-in-view is enabled by default. Therefore, database queries may be performed during view rendering. Explicitly configure spring.jpa.open-in-view to disable this warning
2023-08-04T12:15:22.164-05:00  INFO 1341 --- [    Test worker] o.s.b.w.embedded.tomcat.TomcatWebServer  : Tomcat started on port(s): 54692 (http) with context path ''
2023-08-04T12:15:22.169-05:00  INFO 1341 --- [    Test worker] c.o.S.ClientBaseServiceIntegrationTest   : Started ClientBaseServiceIntegrationTest in 1.992 seconds (process running for 2.525)
]]></system-out>
  <system-err><![CDATA[]]></system-err>
</testsuite>
