<?xml version="1.0" encoding="UTF-8"?>
<testsuite name="com.outreachmappingsolutions.Controllers.ClientContactInfoControllerUnitTest" tests="6" skipped="0" failures="0" errors="0" timestamp="2023-07-28T17:01:06" hostname="Joshs-Air.lan" time="0.011">
  <properties/>
  <testcase name="testReturnClientContactInfoByClientIdNotFound()" classname="com.outreachmappingsolutions.Controllers.ClientContactInfoControllerUnitTest" time="0.006"/>
  <testcase name="testUpdateClientContactInfoNotFound()" classname="com.outreachmappingsolutions.Controllers.ClientContactInfoControllerUnitTest" time="0.001"/>
  <testcase name="testReturnAllClientContactInfoNotFound()" classname="com.outreachmappingsolutions.Controllers.ClientContactInfoControllerUnitTest" time="0.0"/>
  <testcase name="testReturnClientContactInfoByClientIdSuccess()" classname="com.outreachmappingsolutions.Controllers.ClientContactInfoControllerUnitTest" time="0.0"/>
  <testcase name="testUpdateClientContactInfoSuccess()" classname="com.outreachmappingsolutions.Controllers.ClientContactInfoControllerUnitTest" time="0.0"/>
  <testcase name="testReturnAllClientContactInfoSuccess()" classname="com.outreachmappingsolutions.Controllers.ClientContactInfoControllerUnitTest" time="0.001"/>
  <system-out><![CDATA[]]></system-out>
  <system-err><![CDATA[]]></system-err>
</testsuite>
