<?xml version="1.0" encoding="UTF-8"?>
<testsuite name="com.outreachmappingsolutions.Services.ClientDemographicsServiceIntegrationTest" tests="6" skipped="0" failures="0" errors="0" timestamp="2023-07-28T14:40:45" hostname="Joshs-Air.lan" time="0.018">
  <properties/>
  <testcase name="testReturnAllClientDemographicsSuccess()" classname="com.outreachmappingsolutions.Services.ClientDemographicsServiceIntegrationTest" time="0.003"/>
  <testcase name="testUpdateClientContactInfo()" classname="com.outreachmappingsolutions.Services.ClientDemographicsServiceIntegrationTest" time="0.004"/>
  <testcase name="testUpdateClientDemographicsNotFound()" classname="com.outreachmappingsolutions.Services.ClientDemographicsServiceIntegrationTest" time="0.003"/>
  <testcase name="testReturnAllClientDemographicsNotFound()" classname="com.outreachmappingsolutions.Services.ClientDemographicsServiceIntegrationTest" time="0.003"/>
  <testcase name="testReturnClientDemographicsByClientIdSuccess()" classname="com.outreachmappingsolutions.Services.ClientDemographicsServiceIntegrationTest" time="0.003"/>
  <testcase name="testReturnClientDemographicsByClientIdNotFound()" classname="com.outreachmappingsolutions.Services.ClientDemographicsServiceIntegrationTest" time="0.002"/>
  <system-out><![CDATA[2023-07-28T09:40:45.704-05:00  INFO 69852 --- [    Test worker] t.c.s.AnnotationConfigContextLoaderUtils : Could not detect default configuration classes for test class [com.outreachmappingsolutions.Services.ClientDemographicsServiceIntegrationTest]: ClientDemographicsServiceIntegrationTest does not declare any static, non-private, non-final, nested classes annotated with @Configuration.
2023-07-28T09:40:45.704-05:00  INFO 69852 --- [    Test worker] .b.t.c.SpringBootTestContextBootstrapper : Found @SpringBootConfiguration com.outreachmappingsolutions.OutreachMappingSolutionsApplication for test class com.outreachmappingsolutions.Services.ClientDemographicsServiceIntegrationTest
]]></system-out>
  <system-err><![CDATA[]]></system-err>
</testsuite>
