<?xml version="1.0" encoding="UTF-8"?>
<testsuite name="com.outreachmappingsolutions.Services.ClientContactInfoServiceIntegrationTest" tests="6" skipped="0" failures="0" errors="0" timestamp="2023-07-28T17:01:07" hostname="Joshs-Air.lan" time="0.022">
  <properties/>
  <testcase name="testReturnClientContactInfoByClientIdNotFound()" classname="com.outreachmappingsolutions.Services.ClientContactInfoServiceIntegrationTest" time="0.004"/>
  <testcase name="testUpdateClientContactInfoNotFound()" classname="com.outreachmappingsolutions.Services.ClientContactInfoServiceIntegrationTest" time="0.004"/>
  <testcase name="testReturnAllClientContactInfoNotFound()" classname="com.outreachmappingsolutions.Services.ClientContactInfoServiceIntegrationTest" time="0.003"/>
  <testcase name="testUpdateClientContactInfo()" classname="com.outreachmappingsolutions.Services.ClientContactInfoServiceIntegrationTest" time="0.004"/>
  <testcase name="testReturnClientContactInfoByClientIdSuccess()" classname="com.outreachmappingsolutions.Services.ClientContactInfoServiceIntegrationTest" time="0.003"/>
  <testcase name="testReturnAllClientContactInfoSuccess()" classname="com.outreachmappingsolutions.Services.ClientContactInfoServiceIntegrationTest" time="0.003"/>
  <system-out><![CDATA[2023-07-28T12:01:07.408-05:00  INFO 72170 --- [    Test worker] t.c.s.AnnotationConfigContextLoaderUtils : Could not detect default configuration classes for test class [com.outreachmappingsolutions.Services.ClientContactInfoServiceIntegrationTest]: ClientContactInfoServiceIntegrationTest does not declare any static, non-private, non-final, nested classes annotated with @Configuration.
2023-07-28T12:01:07.408-05:00  INFO 72170 --- [    Test worker] .b.t.c.SpringBootTestContextBootstrapper : Found @SpringBootConfiguration com.outreachmappingsolutions.OutreachMappingSolutionsApplication for test class com.outreachmappingsolutions.Services.ClientContactInfoServiceIntegrationTest
]]></system-out>
  <system-err><![CDATA[]]></system-err>
</testsuite>
