<?xml version="1.0" encoding="UTF-8"?>
<testsuite name="com.outreachmappingsolutions.Services.ClientBaseServiceUnitTest" tests="1" skipped="0" failures="0" errors="0" timestamp="2023-07-28T15:43:59" hostname="Joshs-Air.lan" time="0.254">
  <properties/>
  <testcase name="testCreateNewClientSuccess()" classname="com.outreachmappingsolutions.Services.ClientBaseServiceUnitTest" time="0.254"/>
  <system-out><![CDATA[]]></system-out>
  <system-err><![CDATA[]]></system-err>
</testsuite>
