<?xml version="1.0" encoding="UTF-8"?>
<testsuite name="com.outreachmappingsolutions.Controllers.ClientContactInfoControllerIntegrationTest" tests="6" skipped="0" failures="0" errors="0" timestamp="2023-07-25T19:40:45" hostname="Joshs-Air.lan" time="1.513">
  <properties/>
  <testcase name="testUpdateClientContactInfoNotFound()" classname="com.outreachmappingsolutions.Controllers.ClientContactInfoControllerIntegrationTest" time="0.238"/>
  <testcase name="testReturnAllClientContactInfoNotFound()" classname="com.outreachmappingsolutions.Controllers.ClientContactInfoControllerIntegrationTest" time="0.031"/>
  <testcase name="testReturnClientContactInfoByIdNotFound()" classname="com.outreachmappingsolutions.Controllers.ClientContactInfoControllerIntegrationTest" time="0.022"/>
  <testcase name="testUpdateClientContactInfoSuccess()" classname="com.outreachmappingsolutions.Controllers.ClientContactInfoControllerIntegrationTest" time="0.061"/>
  <testcase name="testReturnClientContactInfoByIdSuccess()" classname="com.outreachmappingsolutions.Controllers.ClientContactInfoControllerIntegrationTest" time="0.028"/>
  <testcase name="testReturnAllClientContactInfoSuccess()" classname="com.outreachmappingsolutions.Controllers.ClientContactInfoControllerIntegrationTest" time="0.03"/>
  <system-out><![CDATA[14:40:43.077 [Test worker] INFO org.springframework.test.context.support.AnnotationConfigContextLoaderUtils -- Could not detect default configuration classes for test class [com.outreachmappingsolutions.Controllers.ClientContactInfoControllerIntegrationTest]: ClientContactInfoControllerIntegrationTest does not declare any static, non-private, non-final, nested classes annotated with @Configuration.
14:40:43.135 [Test worker] INFO org.springframework.boot.test.context.SpringBootTestContextBootstrapper -- Found @SpringBootConfiguration com.outreachmappingsolutions.OutreachMappingSolutionsApplication for test class com.outreachmappingsolutions.Controllers.ClientContactInfoControllerIntegrationTest

  .   ____          _            __ _ _
 /\\ / ___'_ __ _ _(_)_ __  __ _ \ \ \ \
( ( )\___ | '_ | '_| | '_ \/ _` | \ \ \ \
 \\/  ___)| |_)| | | | | || (_| |  ) ) ) )
  '  |____| .__|_| |_|_| |_\__, | / / / /
 =========|_|==============|___/=/_/_/_/
 :: Spring Boot ::                (v3.1.1)

2023-07-25T14:40:43.299-05:00  INFO 42860 --- [    Test worker] ientContactInfoControllerIntegrationTest : Starting ClientContactInfoControllerIntegrationTest using Java 17.0.7 with PID 42860 (started by joshjennemann in /Users/joshjennemann/Desktop/Personal_Projects/outreach-mapping-solutions-back-end/Outreach-Mapping-Solutions/outreach-mapping-solutions-BE)
2023-07-25T14:40:43.300-05:00  INFO 42860 --- [    Test worker] ientContactInfoControllerIntegrationTest : No active profile set, falling back to 1 default profile: "default"
2023-07-25T14:40:43.565-05:00  INFO 42860 --- [    Test worker] .s.d.r.c.RepositoryConfigurationDelegate : Multiple Spring Data modules found, entering strict repository configuration mode
2023-07-25T14:40:43.566-05:00  INFO 42860 --- [    Test worker] .s.d.r.c.RepositoryConfigurationDelegate : Bootstrapping Spring Data JDBC repositories in DEFAULT mode.
2023-07-25T14:40:43.581-05:00  INFO 42860 --- [    Test worker] .RepositoryConfigurationExtensionSupport : Spring Data JDBC - Could not safely identify store assignment for repository candidate interface com.outreachmappingsolutions.repositories.ClientBaseRepository; If you want this repository to be a JDBC repository, consider annotating your entities with one of these annotations: org.springframework.data.relational.core.mapping.Table.
2023-07-25T14:40:43.581-05:00  INFO 42860 --- [    Test worker] .RepositoryConfigurationExtensionSupport : Spring Data JDBC - Could not safely identify store assignment for repository candidate interface com.outreachmappingsolutions.repositories.ClientContactInfoRepository; If you want this repository to be a JDBC repository, consider annotating your entities with one of these annotations: org.springframework.data.relational.core.mapping.Table.
2023-07-25T14:40:43.582-05:00  INFO 42860 --- [    Test worker] .RepositoryConfigurationExtensionSupport : Spring Data JDBC - Could not safely identify store assignment for repository candidate interface com.outreachmappingsolutions.repositories.ClientDemographicsRepository; If you want this repository to be a JDBC repository, consider annotating your entities with one of these annotations: org.springframework.data.relational.core.mapping.Table.
2023-07-25T14:40:43.582-05:00  INFO 42860 --- [    Test worker] .s.d.r.c.RepositoryConfigurationDelegate : Finished Spring Data repository scanning in 13 ms. Found 0 JDBC repository interfaces.
2023-07-25T14:40:43.587-05:00  INFO 42860 --- [    Test worker] .s.d.r.c.RepositoryConfigurationDelegate : Multiple Spring Data modules found, entering strict repository configuration mode
2023-07-25T14:40:43.588-05:00  INFO 42860 --- [    Test worker] .s.d.r.c.RepositoryConfigurationDelegate : Bootstrapping Spring Data JPA repositories in DEFAULT mode.
2023-07-25T14:40:43.601-05:00  INFO 42860 --- [    Test worker] .s.d.r.c.RepositoryConfigurationDelegate : Finished Spring Data repository scanning in 11 ms. Found 3 JPA repository interfaces.
2023-07-25T14:40:43.842-05:00  INFO 42860 --- [    Test worker] o.s.b.w.embedded.tomcat.TomcatWebServer  : Tomcat initialized with port(s): 0 (http)
2023-07-25T14:40:43.848-05:00  INFO 42860 --- [    Test worker] o.apache.catalina.core.StandardService   : Starting service [Tomcat]
2023-07-25T14:40:43.848-05:00  INFO 42860 --- [    Test worker] o.apache.catalina.core.StandardEngine    : Starting Servlet engine: [Apache Tomcat/10.1.10]
2023-07-25T14:40:43.897-05:00  INFO 42860 --- [    Test worker] o.a.c.c.C.[Tomcat].[localhost].[/]       : Initializing Spring embedded WebApplicationContext
2023-07-25T14:40:43.898-05:00  INFO 42860 --- [    Test worker] w.s.c.ServletWebServerApplicationContext : Root WebApplicationContext: initialization completed in 590 ms
2023-07-25T14:40:43.908-05:00  INFO 42860 --- [    Test worker] com.zaxxer.hikari.HikariDataSource       : HikariPool-1 - Starting...
2023-07-25T14:40:44.000-05:00  INFO 42860 --- [    Test worker] com.zaxxer.hikari.pool.HikariPool        : HikariPool-1 - Added connection conn0: url=jdbc:h2:mem:testdb user=SA
2023-07-25T14:40:44.000-05:00  INFO 42860 --- [    Test worker] com.zaxxer.hikari.HikariDataSource       : HikariPool-1 - Start completed.
2023-07-25T14:40:44.006-05:00  INFO 42860 --- [    Test worker] o.s.b.a.h2.H2ConsoleAutoConfiguration    : H2 console available at '/h2-console'. Database available at 'jdbc:h2:mem:testdb'
2023-07-25T14:40:44.076-05:00  INFO 42860 --- [    Test worker] o.hibernate.jpa.internal.util.LogHelper  : HHH000204: Processing PersistenceUnitInfo [name: default]
2023-07-25T14:40:44.099-05:00  INFO 42860 --- [    Test worker] org.hibernate.Version                    : HHH000412: Hibernate ORM core version 6.2.5.Final
2023-07-25T14:40:44.101-05:00  INFO 42860 --- [    Test worker] org.hibernate.cfg.Environment            : HHH000406: Using bytecode reflection optimizer
2023-07-25T14:40:44.163-05:00  INFO 42860 --- [    Test worker] o.h.b.i.BytecodeProviderInitiator        : HHH000021: Bytecode provider name : bytebuddy
2023-07-25T14:40:44.223-05:00  INFO 42860 --- [    Test worker] o.s.o.j.p.SpringPersistenceUnitInfo      : No LoadTimeWeaver setup: ignoring JPA class transformer
2023-07-25T14:40:44.334-05:00  INFO 42860 --- [    Test worker] o.h.b.i.BytecodeProviderInitiator        : HHH000021: Bytecode provider name : bytebuddy
2023-07-25T14:40:44.647-05:00  INFO 42860 --- [    Test worker] o.h.e.t.j.p.i.JtaPlatformInitiator       : HHH000490: Using JtaPlatform implementation: [org.hibernate.engine.transaction.jta.platform.internal.NoJtaPlatform]
2023-07-25T14:40:44.671-05:00  INFO 42860 --- [    Test worker] j.LocalContainerEntityManagerFactoryBean : Initialized JPA EntityManagerFactory for persistence unit 'default'
2023-07-25T14:40:44.842-05:00  WARN 42860 --- [    Test worker] JpaBaseConfiguration$JpaWebConfiguration : spring.jpa.open-in-view is enabled by default. Therefore, database queries may be performed during view rendering. Explicitly configure spring.jpa.open-in-view to disable this warning
2023-07-25T14:40:45.024-05:00  INFO 42860 --- [    Test worker] o.a.c.c.C.[Tomcat].[localhost].[/]       : Initializing Spring TestDispatcherServlet ''
2023-07-25T14:40:45.025-05:00  INFO 42860 --- [    Test worker] o.s.t.web.servlet.TestDispatcherServlet  : Initializing Servlet ''
2023-07-25T14:40:45.025-05:00  INFO 42860 --- [    Test worker] o.s.t.web.servlet.TestDispatcherServlet  : Completed initialization in 0 ms
2023-07-25T14:40:45.051-05:00  INFO 42860 --- [    Test worker] o.s.b.w.embedded.tomcat.TomcatWebServer  : Tomcat started on port(s): 58335 (http) with context path ''
2023-07-25T14:40:45.056-05:00  INFO 42860 --- [    Test worker] ientContactInfoControllerIntegrationTest : Started ClientContactInfoControllerIntegrationTest in 1.866 seconds (process running for 2.345)

MockHttpServletRequest:
      HTTP Method = PUT
      Request URI = /clientContactInfo/update/1
       Parameters = {}
          Headers = [Content-Type:"application/json;charset=UTF-8", Accept:"application/json", Content-Length:"168"]
             Body = {"id":null,"phonePrimary":null,"phoneSecondary":null,"email":null,"iceName":null,"iceRelationship":null,"icePhonePrimary":null,"icePhoneSecondary":null,"iceEmail":null}
    Session Attrs = {}

Handler:
             Type = com.outreachmappingsolutions.controllers.ClientContactInfoController
           Method = com.outreachmappingsolutions.controllers.ClientContactInfoController#updateClientContactInfo(Integer, ClientContactInfo)

Async:
    Async started = false
     Async result = null

Resolved Exception:
             Type = null

ModelAndView:
        View name = null
             View = null
            Model = null

FlashMap:
       Attributes = null

MockHttpServletResponse:
           Status = 404
    Error message = null
          Headers = [Content-Type:"application/json", Content-Length:"62"]
     Content type = application/json
             Body = No client contact information matching your criteria was found
    Forwarded URL = null
   Redirected URL = null
          Cookies = []
2023-07-25T14:40:45.289-05:00  INFO 42860 --- [    Test worker] o.apache.catalina.core.StandardService   : Stopping service [Tomcat]
2023-07-25T14:40:45.293-05:00  INFO 42860 --- [    Test worker] j.LocalContainerEntityManagerFactoryBean : Closing JPA EntityManagerFactory for persistence unit 'default'
2023-07-25T14:40:45.296-05:00  INFO 42860 --- [    Test worker] com.zaxxer.hikari.HikariDataSource       : HikariPool-1 - Shutdown initiated...
2023-07-25T14:40:45.297-05:00  INFO 42860 --- [    Test worker] com.zaxxer.hikari.HikariDataSource       : HikariPool-1 - Shutdown completed.

  .   ____          _            __ _ _
 /\\ / ___'_ __ _ _(_)_ __  __ _ \ \ \ \
( ( )\___ | '_ | '_| | '_ \/ _` | \ \ \ \
 \\/  ___)| |_)| | | | | || (_| |  ) ) ) )
  '  |____| .__|_| |_|_| |_\__, | / / / /
 =========|_|==============|___/=/_/_/_/
 :: Spring Boot ::                (v3.1.1)

2023-07-25T14:40:45.313-05:00  INFO 42860 --- [    Test worker] ientContactInfoControllerIntegrationTest : Starting ClientContactInfoControllerIntegrationTest using Java 17.0.7 with PID 42860 (started by joshjennemann in /Users/joshjennemann/Desktop/Personal_Projects/outreach-mapping-solutions-back-end/Outreach-Mapping-Solutions/outreach-mapping-solutions-BE)
2023-07-25T14:40:45.313-05:00  INFO 42860 --- [    Test worker] ientContactInfoControllerIntegrationTest : No active profile set, falling back to 1 default profile: "default"
2023-07-25T14:40:45.373-05:00  INFO 42860 --- [    Test worker] .s.d.r.c.RepositoryConfigurationDelegate : Multiple Spring Data modules found, entering strict repository configuration mode
2023-07-25T14:40:45.373-05:00  INFO 42860 --- [    Test worker] .s.d.r.c.RepositoryConfigurationDelegate : Bootstrapping Spring Data JDBC repositories in DEFAULT mode.
2023-07-25T14:40:45.375-05:00  INFO 42860 --- [    Test worker] .RepositoryConfigurationExtensionSupport : Spring Data JDBC - Could not safely identify store assignment for repository candidate interface com.outreachmappingsolutions.repositories.ClientBaseRepository; If you want this repository to be a JDBC repository, consider annotating your entities with one of these annotations: org.springframework.data.relational.core.mapping.Table.
2023-07-25T14:40:45.375-05:00  INFO 42860 --- [    Test worker] .RepositoryConfigurationExtensionSupport : Spring Data JDBC - Could not safely identify store assignment for repository candidate interface com.outreachmappingsolutions.repositories.ClientContactInfoRepository; If you want this repository to be a JDBC repository, consider annotating your entities with one of these annotations: org.springframework.data.relational.core.mapping.Table.
2023-07-25T14:40:45.375-05:00  INFO 42860 --- [    Test worker] .RepositoryConfigurationExtensionSupport : Spring Data JDBC - Could not safely identify store assignment for repository candidate interface com.outreachmappingsolutions.repositories.ClientDemographicsRepository; If you want this repository to be a JDBC repository, consider annotating your entities with one of these annotations: org.springframework.data.relational.core.mapping.Table.
2023-07-25T14:40:45.375-05:00  INFO 42860 --- [    Test worker] .s.d.r.c.RepositoryConfigurationDelegate : Finished Spring Data repository scanning in 2 ms. Found 0 JDBC repository interfaces.
2023-07-25T14:40:45.377-05:00  INFO 42860 --- [    Test worker] .s.d.r.c.RepositoryConfigurationDelegate : Multiple Spring Data modules found, entering strict repository configuration mode
2023-07-25T14:40:45.377-05:00  INFO 42860 --- [    Test worker] .s.d.r.c.RepositoryConfigurationDelegate : Bootstrapping Spring Data JPA repositories in DEFAULT mode.
2023-07-25T14:40:45.381-05:00  INFO 42860 --- [    Test worker] .s.d.r.c.RepositoryConfigurationDelegate : Finished Spring Data repository scanning in 4 ms. Found 3 JPA repository interfaces.
2023-07-25T14:40:45.419-05:00  INFO 42860 --- [    Test worker] o.s.b.w.embedded.tomcat.TomcatWebServer  : Tomcat initialized with port(s): 0 (http)
2023-07-25T14:40:45.420-05:00  INFO 42860 --- [    Test worker] o.apache.catalina.core.StandardService   : Starting service [Tomcat]
2023-07-25T14:40:45.420-05:00  INFO 42860 --- [    Test worker] o.apache.catalina.core.StandardEngine    : Starting Servlet engine: [Apache Tomcat/10.1.10]
2023-07-25T14:40:45.432-05:00  INFO 42860 --- [    Test worker] o.a.c.c.C.[Tomcat].[localhost].[/]       : Initializing Spring embedded WebApplicationContext
2023-07-25T14:40:45.432-05:00  INFO 42860 --- [    Test worker] w.s.c.ServletWebServerApplicationContext : Root WebApplicationContext: initialization completed in 118 ms
2023-07-25T14:40:45.435-05:00  INFO 42860 --- [    Test worker] com.zaxxer.hikari.HikariDataSource       : HikariPool-2 - Starting...
2023-07-25T14:40:45.436-05:00  INFO 42860 --- [    Test worker] com.zaxxer.hikari.pool.HikariPool        : HikariPool-2 - Added connection conn10: url=jdbc:h2:mem:testdb user=SA
2023-07-25T14:40:45.436-05:00  INFO 42860 --- [    Test worker] com.zaxxer.hikari.HikariDataSource       : HikariPool-2 - Start completed.
2023-07-25T14:40:45.436-05:00  INFO 42860 --- [    Test worker] o.s.b.a.h2.H2ConsoleAutoConfiguration    : H2 console available at '/h2-console'. Database available at 'jdbc:h2:mem:testdb'
2023-07-25T14:40:45.450-05:00  INFO 42860 --- [    Test worker] o.hibernate.jpa.internal.util.LogHelper  : HHH000204: Processing PersistenceUnitInfo [name: default]
2023-07-25T14:40:45.452-05:00  INFO 42860 --- [    Test worker] o.h.b.i.BytecodeProviderInitiator        : HHH000021: Bytecode provider name : bytebuddy
2023-07-25T14:40:45.453-05:00  INFO 42860 --- [    Test worker] o.s.o.j.p.SpringPersistenceUnitInfo      : No LoadTimeWeaver setup: ignoring JPA class transformer
2023-07-25T14:40:45.460-05:00  INFO 42860 --- [    Test worker] o.h.b.i.BytecodeProviderInitiator        : HHH000021: Bytecode provider name : bytebuddy
2023-07-25T14:40:45.487-05:00  INFO 42860 --- [    Test worker] o.h.e.t.j.p.i.JtaPlatformInitiator       : HHH000490: Using JtaPlatform implementation: [org.hibernate.engine.transaction.jta.platform.internal.NoJtaPlatform]
2023-07-25T14:40:45.493-05:00  INFO 42860 --- [    Test worker] j.LocalContainerEntityManagerFactoryBean : Initialized JPA EntityManagerFactory for persistence unit 'default'
2023-07-25T14:40:45.518-05:00  WARN 42860 --- [    Test worker] JpaBaseConfiguration$JpaWebConfiguration : spring.jpa.open-in-view is enabled by default. Therefore, database queries may be performed during view rendering. Explicitly configure spring.jpa.open-in-view to disable this warning
2023-07-25T14:40:45.560-05:00  INFO 42860 --- [    Test worker] o.a.c.c.C.[Tomcat].[localhost].[/]       : Initializing Spring TestDispatcherServlet ''
2023-07-25T14:40:45.560-05:00  INFO 42860 --- [    Test worker] o.s.t.web.servlet.TestDispatcherServlet  : Initializing Servlet ''
2023-07-25T14:40:45.560-05:00  INFO 42860 --- [    Test worker] o.s.t.web.servlet.TestDispatcherServlet  : Completed initialization in 0 ms
2023-07-25T14:40:45.564-05:00  INFO 42860 --- [    Test worker] o.s.b.w.embedded.tomcat.TomcatWebServer  : Tomcat started on port(s): 58337 (http) with context path ''
2023-07-25T14:40:45.566-05:00  INFO 42860 --- [    Test worker] ientContactInfoControllerIntegrationTest : Started ClientContactInfoControllerIntegrationTest in 0.265 seconds (process running for 2.855)

MockHttpServletRequest:
      HTTP Method = GET
      Request URI = /clientContactInfo/returnAll
       Parameters = {}
          Headers = []
             Body = null
    Session Attrs = {}

Handler:
             Type = com.outreachmappingsolutions.controllers.ClientContactInfoController
           Method = com.outreachmappingsolutions.controllers.ClientContactInfoController#returnAllClientContactInfo()

Async:
    Async started = false
     Async result = null

Resolved Exception:
             Type = null

ModelAndView:
        View name = null
             View = null
            Model = null

FlashMap:
       Attributes = null

MockHttpServletResponse:
           Status = 404
    Error message = null
          Headers = [Content-Type:"text/plain;charset=UTF-8", Content-Length:"62"]
     Content type = text/plain;charset=UTF-8
             Body = No client contact information matching your criteria was found
    Forwarded URL = null
   Redirected URL = null
          Cookies = []
2023-07-25T14:40:45.582-05:00  INFO 42860 --- [    Test worker] o.apache.catalina.core.StandardService   : Stopping service [Tomcat]
2023-07-25T14:40:45.584-05:00  INFO 42860 --- [    Test worker] j.LocalContainerEntityManagerFactoryBean : Closing JPA EntityManagerFactory for persistence unit 'default'
2023-07-25T14:40:45.586-05:00  INFO 42860 --- [    Test worker] com.zaxxer.hikari.HikariDataSource       : HikariPool-2 - Shutdown initiated...
2023-07-25T14:40:45.599-05:00  INFO 42860 --- [    Test worker] com.zaxxer.hikari.HikariDataSource       : HikariPool-2 - Shutdown completed.

  .   ____          _            __ _ _
 /\\ / ___'_ __ _ _(_)_ __  __ _ \ \ \ \
( ( )\___ | '_ | '_| | '_ \/ _` | \ \ \ \
 \\/  ___)| |_)| | | | | || (_| |  ) ) ) )
  '  |____| .__|_| |_|_| |_\__, | / / / /
 =========|_|==============|___/=/_/_/_/
 :: Spring Boot ::                (v3.1.1)

2023-07-25T14:40:45.609-05:00  INFO 42860 --- [    Test worker] ientContactInfoControllerIntegrationTest : Starting ClientContactInfoControllerIntegrationTest using Java 17.0.7 with PID 42860 (started by joshjennemann in /Users/joshjennemann/Desktop/Personal_Projects/outreach-mapping-solutions-back-end/Outreach-Mapping-Solutions/outreach-mapping-solutions-BE)
2023-07-25T14:40:45.609-05:00  INFO 42860 --- [    Test worker] ientContactInfoControllerIntegrationTest : No active profile set, falling back to 1 default profile: "default"
2023-07-25T14:40:45.663-05:00  INFO 42860 --- [    Test worker] .s.d.r.c.RepositoryConfigurationDelegate : Multiple Spring Data modules found, entering strict repository configuration mode
2023-07-25T14:40:45.664-05:00  INFO 42860 --- [    Test worker] .s.d.r.c.RepositoryConfigurationDelegate : Bootstrapping Spring Data JDBC repositories in DEFAULT mode.
2023-07-25T14:40:45.665-05:00  INFO 42860 --- [    Test worker] .RepositoryConfigurationExtensionSupport : Spring Data JDBC - Could not safely identify store assignment for repository candidate interface com.outreachmappingsolutions.repositories.ClientBaseRepository; If you want this repository to be a JDBC repository, consider annotating your entities with one of these annotations: org.springframework.data.relational.core.mapping.Table.
2023-07-25T14:40:45.666-05:00  INFO 42860 --- [    Test worker] .RepositoryConfigurationExtensionSupport : Spring Data JDBC - Could not safely identify store assignment for repository candidate interface com.outreachmappingsolutions.repositories.ClientContactInfoRepository; If you want this repository to be a JDBC repository, consider annotating your entities with one of these annotations: org.springframework.data.relational.core.mapping.Table.
2023-07-25T14:40:45.666-05:00  INFO 42860 --- [    Test worker] .RepositoryConfigurationExtensionSupport : Spring Data JDBC - Could not safely identify store assignment for repository candidate interface com.outreachmappingsolutions.repositories.ClientDemographicsRepository; If you want this repository to be a JDBC repository, consider annotating your entities with one of these annotations: org.springframework.data.relational.core.mapping.Table.
2023-07-25T14:40:45.666-05:00  INFO 42860 --- [    Test worker] .s.d.r.c.RepositoryConfigurationDelegate : Finished Spring Data repository scanning in 2 ms. Found 0 JDBC repository interfaces.
2023-07-25T14:40:45.671-05:00  INFO 42860 --- [    Test worker] .s.d.r.c.RepositoryConfigurationDelegate : Multiple Spring Data modules found, entering strict repository configuration mode
2023-07-25T14:40:45.671-05:00  INFO 42860 --- [    Test worker] .s.d.r.c.RepositoryConfigurationDelegate : Bootstrapping Spring Data JPA repositories in DEFAULT mode.
2023-07-25T14:40:45.675-05:00  INFO 42860 --- [    Test worker] .s.d.r.c.RepositoryConfigurationDelegate : Finished Spring Data repository scanning in 3 ms. Found 3 JPA repository interfaces.
2023-07-25T14:40:45.702-05:00  INFO 42860 --- [    Test worker] o.s.b.w.embedded.tomcat.TomcatWebServer  : Tomcat initialized with port(s): 0 (http)
2023-07-25T14:40:45.702-05:00  INFO 42860 --- [    Test worker] o.apache.catalina.core.StandardService   : Starting service [Tomcat]
2023-07-25T14:40:45.702-05:00  INFO 42860 --- [    Test worker] o.apache.catalina.core.StandardEngine    : Starting Servlet engine: [Apache Tomcat/10.1.10]
2023-07-25T14:40:45.710-05:00  INFO 42860 --- [    Test worker] o.a.c.c.C.[Tomcat].[localhost].[/]       : Initializing Spring embedded WebApplicationContext
2023-07-25T14:40:45.710-05:00  INFO 42860 --- [    Test worker] w.s.c.ServletWebServerApplicationContext : Root WebApplicationContext: initialization completed in 100 ms
2023-07-25T14:40:45.712-05:00  INFO 42860 --- [    Test worker] com.zaxxer.hikari.HikariDataSource       : HikariPool-3 - Starting...
2023-07-25T14:40:45.713-05:00  INFO 42860 --- [    Test worker] com.zaxxer.hikari.pool.HikariPool        : HikariPool-3 - Added connection conn16: url=jdbc:h2:mem:testdb user=SA
2023-07-25T14:40:45.713-05:00  INFO 42860 --- [    Test worker] com.zaxxer.hikari.HikariDataSource       : HikariPool-3 - Start completed.
2023-07-25T14:40:45.713-05:00  INFO 42860 --- [    Test worker] o.s.b.a.h2.H2ConsoleAutoConfiguration    : H2 console available at '/h2-console'. Database available at 'jdbc:h2:mem:testdb'
2023-07-25T14:40:45.725-05:00  INFO 42860 --- [    Test worker] o.hibernate.jpa.internal.util.LogHelper  : HHH000204: Processing PersistenceUnitInfo [name: default]
2023-07-25T14:40:45.728-05:00  INFO 42860 --- [    Test worker] o.h.b.i.BytecodeProviderInitiator        : HHH000021: Bytecode provider name : bytebuddy
2023-07-25T14:40:45.728-05:00  INFO 42860 --- [    Test worker] o.s.o.j.p.SpringPersistenceUnitInfo      : No LoadTimeWeaver setup: ignoring JPA class transformer
2023-07-25T14:40:45.734-05:00  INFO 42860 --- [    Test worker] o.h.b.i.BytecodeProviderInitiator        : HHH000021: Bytecode provider name : bytebuddy
2023-07-25T14:40:45.759-05:00  INFO 42860 --- [    Test worker] o.h.e.t.j.p.i.JtaPlatformInitiator       : HHH000490: Using JtaPlatform implementation: [org.hibernate.engine.transaction.jta.platform.internal.NoJtaPlatform]
2023-07-25T14:40:45.765-05:00  INFO 42860 --- [    Test worker] j.LocalContainerEntityManagerFactoryBean : Initialized JPA EntityManagerFactory for persistence unit 'default'
2023-07-25T14:40:45.785-05:00  WARN 42860 --- [    Test worker] JpaBaseConfiguration$JpaWebConfiguration : spring.jpa.open-in-view is enabled by default. Therefore, database queries may be performed during view rendering. Explicitly configure spring.jpa.open-in-view to disable this warning
2023-07-25T14:40:45.826-05:00  INFO 42860 --- [    Test worker] o.a.c.c.C.[Tomcat].[localhost].[/]       : Initializing Spring TestDispatcherServlet ''
2023-07-25T14:40:45.826-05:00  INFO 42860 --- [    Test worker] o.s.t.web.servlet.TestDispatcherServlet  : Initializing Servlet ''
2023-07-25T14:40:45.827-05:00  INFO 42860 --- [    Test worker] o.s.t.web.servlet.TestDispatcherServlet  : Completed initialization in 1 ms
2023-07-25T14:40:45.831-05:00  INFO 42860 --- [    Test worker] o.s.b.w.embedded.tomcat.TomcatWebServer  : Tomcat started on port(s): 58344 (http) with context path ''
2023-07-25T14:40:45.832-05:00  INFO 42860 --- [    Test worker] ientContactInfoControllerIntegrationTest : Started ClientContactInfoControllerIntegrationTest in 0.231 seconds (process running for 3.121)

MockHttpServletRequest:
      HTTP Method = GET
      Request URI = /clientContactInfo/return/1
       Parameters = {}
          Headers = []
             Body = null
    Session Attrs = {}

Handler:
             Type = com.outreachmappingsolutions.controllers.ClientContactInfoController
           Method = com.outreachmappingsolutions.controllers.ClientContactInfoController#returnClientContactInfoByClientId(Integer)

Async:
    Async started = false
     Async result = null

Resolved Exception:
             Type = null

ModelAndView:
        View name = null
             View = null
            Model = null

FlashMap:
       Attributes = null

MockHttpServletResponse:
           Status = 404
    Error message = null
          Headers = [Content-Type:"text/plain;charset=UTF-8", Content-Length:"62"]
     Content type = text/plain;charset=UTF-8
             Body = No client contact information matching your criteria was found
    Forwarded URL = null
   Redirected URL = null
          Cookies = []
2023-07-25T14:40:45.842-05:00  INFO 42860 --- [    Test worker] o.apache.catalina.core.StandardService   : Stopping service [Tomcat]
2023-07-25T14:40:45.845-05:00  INFO 42860 --- [    Test worker] j.LocalContainerEntityManagerFactoryBean : Closing JPA EntityManagerFactory for persistence unit 'default'
2023-07-25T14:40:45.846-05:00  INFO 42860 --- [    Test worker] com.zaxxer.hikari.HikariDataSource       : HikariPool-3 - Shutdown initiated...
2023-07-25T14:40:45.855-05:00  INFO 42860 --- [    Test worker] com.zaxxer.hikari.HikariDataSource       : HikariPool-3 - Shutdown completed.

  .   ____          _            __ _ _
 /\\ / ___'_ __ _ _(_)_ __  __ _ \ \ \ \
( ( )\___ | '_ | '_| | '_ \/ _` | \ \ \ \
 \\/  ___)| |_)| | | | | || (_| |  ) ) ) )
  '  |____| .__|_| |_|_| |_\__, | / / / /
 =========|_|==============|___/=/_/_/_/
 :: Spring Boot ::                (v3.1.1)

2023-07-25T14:40:45.864-05:00  INFO 42860 --- [    Test worker] ientContactInfoControllerIntegrationTest : Starting ClientContactInfoControllerIntegrationTest using Java 17.0.7 with PID 42860 (started by joshjennemann in /Users/joshjennemann/Desktop/Personal_Projects/outreach-mapping-solutions-back-end/Outreach-Mapping-Solutions/outreach-mapping-solutions-BE)
2023-07-25T14:40:45.865-05:00  INFO 42860 --- [    Test worker] ientContactInfoControllerIntegrationTest : No active profile set, falling back to 1 default profile: "default"
2023-07-25T14:40:45.914-05:00  INFO 42860 --- [    Test worker] .s.d.r.c.RepositoryConfigurationDelegate : Multiple Spring Data modules found, entering strict repository configuration mode
2023-07-25T14:40:45.915-05:00  INFO 42860 --- [    Test worker] .s.d.r.c.RepositoryConfigurationDelegate : Bootstrapping Spring Data JDBC repositories in DEFAULT mode.
2023-07-25T14:40:45.916-05:00  INFO 42860 --- [    Test worker] .RepositoryConfigurationExtensionSupport : Spring Data JDBC - Could not safely identify store assignment for repository candidate interface com.outreachmappingsolutions.repositories.ClientBaseRepository; If you want this repository to be a JDBC repository, consider annotating your entities with one of these annotations: org.springframework.data.relational.core.mapping.Table.
2023-07-25T14:40:45.916-05:00  INFO 42860 --- [    Test worker] .RepositoryConfigurationExtensionSupport : Spring Data JDBC - Could not safely identify store assignment for repository candidate interface com.outreachmappingsolutions.repositories.ClientContactInfoRepository; If you want this repository to be a JDBC repository, consider annotating your entities with one of these annotations: org.springframework.data.relational.core.mapping.Table.
2023-07-25T14:40:45.916-05:00  INFO 42860 --- [    Test worker] .RepositoryConfigurationExtensionSupport : Spring Data JDBC - Could not safely identify store assignment for repository candidate interface com.outreachmappingsolutions.repositories.ClientDemographicsRepository; If you want this repository to be a JDBC repository, consider annotating your entities with one of these annotations: org.springframework.data.relational.core.mapping.Table.
2023-07-25T14:40:45.916-05:00  INFO 42860 --- [    Test worker] .s.d.r.c.RepositoryConfigurationDelegate : Finished Spring Data repository scanning in 1 ms. Found 0 JDBC repository interfaces.
2023-07-25T14:40:45.918-05:00  INFO 42860 --- [    Test worker] .s.d.r.c.RepositoryConfigurationDelegate : Multiple Spring Data modules found, entering strict repository configuration mode
2023-07-25T14:40:45.918-05:00  INFO 42860 --- [    Test worker] .s.d.r.c.RepositoryConfigurationDelegate : Bootstrapping Spring Data JPA repositories in DEFAULT mode.
2023-07-25T14:40:45.921-05:00  INFO 42860 --- [    Test worker] .s.d.r.c.RepositoryConfigurationDelegate : Finished Spring Data repository scanning in 3 ms. Found 3 JPA repository interfaces.
2023-07-25T14:40:45.943-05:00  INFO 42860 --- [    Test worker] o.s.b.w.embedded.tomcat.TomcatWebServer  : Tomcat initialized with port(s): 0 (http)
2023-07-25T14:40:45.944-05:00  INFO 42860 --- [    Test worker] o.apache.catalina.core.StandardService   : Starting service [Tomcat]
2023-07-25T14:40:45.944-05:00  INFO 42860 --- [    Test worker] o.apache.catalina.core.StandardEngine    : Starting Servlet engine: [Apache Tomcat/10.1.10]
2023-07-25T14:40:45.952-05:00  INFO 42860 --- [    Test worker] o.a.c.c.C.[Tomcat].[localhost].[/]       : Initializing Spring embedded WebApplicationContext
2023-07-25T14:40:45.952-05:00  INFO 42860 --- [    Test worker] w.s.c.ServletWebServerApplicationContext : Root WebApplicationContext: initialization completed in 87 ms
2023-07-25T14:40:45.954-05:00  INFO 42860 --- [    Test worker] com.zaxxer.hikari.HikariDataSource       : HikariPool-4 - Starting...
2023-07-25T14:40:45.954-05:00  INFO 42860 --- [    Test worker] com.zaxxer.hikari.pool.HikariPool        : HikariPool-4 - Added connection conn20: url=jdbc:h2:mem:testdb user=SA
2023-07-25T14:40:45.954-05:00  INFO 42860 --- [    Test worker] com.zaxxer.hikari.HikariDataSource       : HikariPool-4 - Start completed.
2023-07-25T14:40:45.954-05:00  INFO 42860 --- [    Test worker] o.s.b.a.h2.H2ConsoleAutoConfiguration    : H2 console available at '/h2-console'. Database available at 'jdbc:h2:mem:testdb'
2023-07-25T14:40:45.964-05:00  INFO 42860 --- [    Test worker] o.hibernate.jpa.internal.util.LogHelper  : HHH000204: Processing PersistenceUnitInfo [name: default]
2023-07-25T14:40:45.966-05:00  INFO 42860 --- [    Test worker] o.h.b.i.BytecodeProviderInitiator        : HHH000021: Bytecode provider name : bytebuddy
2023-07-25T14:40:45.966-05:00  INFO 42860 --- [    Test worker] o.s.o.j.p.SpringPersistenceUnitInfo      : No LoadTimeWeaver setup: ignoring JPA class transformer
2023-07-25T14:40:45.973-05:00  INFO 42860 --- [    Test worker] o.h.b.i.BytecodeProviderInitiator        : HHH000021: Bytecode provider name : bytebuddy
2023-07-25T14:40:45.995-05:00  INFO 42860 --- [    Test worker] o.h.e.t.j.p.i.JtaPlatformInitiator       : HHH000490: Using JtaPlatform implementation: [org.hibernate.engine.transaction.jta.platform.internal.NoJtaPlatform]
2023-07-25T14:40:46.000-05:00  INFO 42860 --- [    Test worker] j.LocalContainerEntityManagerFactoryBean : Initialized JPA EntityManagerFactory for persistence unit 'default'
2023-07-25T14:40:46.021-05:00  WARN 42860 --- [    Test worker] JpaBaseConfiguration$JpaWebConfiguration : spring.jpa.open-in-view is enabled by default. Therefore, database queries may be performed during view rendering. Explicitly configure spring.jpa.open-in-view to disable this warning
2023-07-25T14:40:46.055-05:00  INFO 42860 --- [    Test worker] o.a.c.c.C.[Tomcat].[localhost].[/]       : Initializing Spring TestDispatcherServlet ''
2023-07-25T14:40:46.056-05:00  INFO 42860 --- [    Test worker] o.s.t.web.servlet.TestDispatcherServlet  : Initializing Servlet ''
2023-07-25T14:40:46.056-05:00  INFO 42860 --- [    Test worker] o.s.t.web.servlet.TestDispatcherServlet  : Completed initialization in 0 ms
2023-07-25T14:40:46.059-05:00  INFO 42860 --- [    Test worker] o.s.b.w.embedded.tomcat.TomcatWebServer  : Tomcat started on port(s): 58346 (http) with context path ''
2023-07-25T14:40:46.061-05:00  INFO 42860 --- [    Test worker] ientContactInfoControllerIntegrationTest : Started ClientContactInfoControllerIntegrationTest in 0.204 seconds (process running for 3.35)

MockHttpServletRequest:
      HTTP Method = PUT
      Request URI = /clientContactInfo/update/1
       Parameters = {}
          Headers = [Content-Type:"application/json;charset=UTF-8", Accept:"application/json", Content-Length:"248"]
             Body = {"id":null,"phonePrimary":"111-111-1115","phoneSecondary":"111-111-1116","email":"miles@test.com","iceName":"Julian Bashir","iceRelationship":"Friend","icePhonePrimary":"111-111-1117","icePhoneSecondary":"111-111-1118","iceEmail":"julian@test.com"}
    Session Attrs = {}

Handler:
             Type = com.outreachmappingsolutions.controllers.ClientContactInfoController
           Method = com.outreachmappingsolutions.controllers.ClientContactInfoController#updateClientContactInfo(Integer, ClientContactInfo)

Async:
    Async started = false
     Async result = null

Resolved Exception:
             Type = null

ModelAndView:
        View name = null
             View = null
            Model = null

FlashMap:
       Attributes = null

MockHttpServletResponse:
           Status = 200
    Error message = null
          Headers = [Content-Type:"application/json"]
     Content type = application/json
             Body = {"id":1,"phonePrimary":"111-111-1115","phoneSecondary":"111-111-1116","email":"miles@test.com","iceName":"Julian Bashir","iceRelationship":"Friend","icePhonePrimary":"111-111-1117","icePhoneSecondary":"111-111-1118","iceEmail":"julian@test.com"}
    Forwarded URL = null
   Redirected URL = null
          Cookies = []
2023-07-25T14:40:46.112-05:00  INFO 42860 --- [    Test worker] o.apache.catalina.core.StandardService   : Stopping service [Tomcat]
2023-07-25T14:40:46.114-05:00  INFO 42860 --- [    Test worker] j.LocalContainerEntityManagerFactoryBean : Closing JPA EntityManagerFactory for persistence unit 'default'
2023-07-25T14:40:46.115-05:00  INFO 42860 --- [    Test worker] com.zaxxer.hikari.HikariDataSource       : HikariPool-4 - Shutdown initiated...
2023-07-25T14:40:46.123-05:00  INFO 42860 --- [    Test worker] com.zaxxer.hikari.HikariDataSource       : HikariPool-4 - Shutdown completed.

  .   ____          _            __ _ _
 /\\ / ___'_ __ _ _(_)_ __  __ _ \ \ \ \
( ( )\___ | '_ | '_| | '_ \/ _` | \ \ \ \
 \\/  ___)| |_)| | | | | || (_| |  ) ) ) )
  '  |____| .__|_| |_|_| |_\__, | / / / /
 =========|_|==============|___/=/_/_/_/
 :: Spring Boot ::                (v3.1.1)

2023-07-25T14:40:46.131-05:00  INFO 42860 --- [    Test worker] ientContactInfoControllerIntegrationTest : Starting ClientContactInfoControllerIntegrationTest using Java 17.0.7 with PID 42860 (started by joshjennemann in /Users/joshjennemann/Desktop/Personal_Projects/outreach-mapping-solutions-back-end/Outreach-Mapping-Solutions/outreach-mapping-solutions-BE)
2023-07-25T14:40:46.131-05:00  INFO 42860 --- [    Test worker] ientContactInfoControllerIntegrationTest : No active profile set, falling back to 1 default profile: "default"
2023-07-25T14:40:46.177-05:00  INFO 42860 --- [    Test worker] .s.d.r.c.RepositoryConfigurationDelegate : Multiple Spring Data modules found, entering strict repository configuration mode
2023-07-25T14:40:46.177-05:00  INFO 42860 --- [    Test worker] .s.d.r.c.RepositoryConfigurationDelegate : Bootstrapping Spring Data JDBC repositories in DEFAULT mode.
2023-07-25T14:40:46.179-05:00  INFO 42860 --- [    Test worker] .RepositoryConfigurationExtensionSupport : Spring Data JDBC - Could not safely identify store assignment for repository candidate interface com.outreachmappingsolutions.repositories.ClientBaseRepository; If you want this repository to be a JDBC repository, consider annotating your entities with one of these annotations: org.springframework.data.relational.core.mapping.Table.
2023-07-25T14:40:46.179-05:00  INFO 42860 --- [    Test worker] .RepositoryConfigurationExtensionSupport : Spring Data JDBC - Could not safely identify store assignment for repository candidate interface com.outreachmappingsolutions.repositories.ClientContactInfoRepository; If you want this repository to be a JDBC repository, consider annotating your entities with one of these annotations: org.springframework.data.relational.core.mapping.Table.
2023-07-25T14:40:46.179-05:00  INFO 42860 --- [    Test worker] .RepositoryConfigurationExtensionSupport : Spring Data JDBC - Could not safely identify store assignment for repository candidate interface com.outreachmappingsolutions.repositories.ClientDemographicsRepository; If you want this repository to be a JDBC repository, consider annotating your entities with one of these annotations: org.springframework.data.relational.core.mapping.Table.
2023-07-25T14:40:46.179-05:00  INFO 42860 --- [    Test worker] .s.d.r.c.RepositoryConfigurationDelegate : Finished Spring Data repository scanning in 1 ms. Found 0 JDBC repository interfaces.
2023-07-25T14:40:46.180-05:00  INFO 42860 --- [    Test worker] .s.d.r.c.RepositoryConfigurationDelegate : Multiple Spring Data modules found, entering strict repository configuration mode
2023-07-25T14:40:46.180-05:00  INFO 42860 --- [    Test worker] .s.d.r.c.RepositoryConfigurationDelegate : Bootstrapping Spring Data JPA repositories in DEFAULT mode.
2023-07-25T14:40:46.188-05:00  INFO 42860 --- [    Test worker] .s.d.r.c.RepositoryConfigurationDelegate : Finished Spring Data repository scanning in 7 ms. Found 3 JPA repository interfaces.
2023-07-25T14:40:46.210-05:00  INFO 42860 --- [    Test worker] o.s.b.w.embedded.tomcat.TomcatWebServer  : Tomcat initialized with port(s): 0 (http)
2023-07-25T14:40:46.210-05:00  INFO 42860 --- [    Test worker] o.apache.catalina.core.StandardService   : Starting service [Tomcat]
2023-07-25T14:40:46.210-05:00  INFO 42860 --- [    Test worker] o.apache.catalina.core.StandardEngine    : Starting Servlet engine: [Apache Tomcat/10.1.10]
2023-07-25T14:40:46.218-05:00  INFO 42860 --- [    Test worker] o.a.c.c.C.[Tomcat].[localhost].[/]       : Initializing Spring embedded WebApplicationContext
2023-07-25T14:40:46.218-05:00  INFO 42860 --- [    Test worker] w.s.c.ServletWebServerApplicationContext : Root WebApplicationContext: initialization completed in 86 ms
2023-07-25T14:40:46.220-05:00  INFO 42860 --- [    Test worker] com.zaxxer.hikari.HikariDataSource       : HikariPool-5 - Starting...
2023-07-25T14:40:46.221-05:00  INFO 42860 --- [    Test worker] com.zaxxer.hikari.pool.HikariPool        : HikariPool-5 - Added connection conn26: url=jdbc:h2:mem:testdb user=SA
2023-07-25T14:40:46.221-05:00  INFO 42860 --- [    Test worker] com.zaxxer.hikari.HikariDataSource       : HikariPool-5 - Start completed.
2023-07-25T14:40:46.221-05:00  INFO 42860 --- [    Test worker] o.s.b.a.h2.H2ConsoleAutoConfiguration    : H2 console available at '/h2-console'. Database available at 'jdbc:h2:mem:testdb'
2023-07-25T14:40:46.231-05:00  INFO 42860 --- [    Test worker] o.hibernate.jpa.internal.util.LogHelper  : HHH000204: Processing PersistenceUnitInfo [name: default]
2023-07-25T14:40:46.233-05:00  INFO 42860 --- [    Test worker] o.h.b.i.BytecodeProviderInitiator        : HHH000021: Bytecode provider name : bytebuddy
2023-07-25T14:40:46.234-05:00  INFO 42860 --- [    Test worker] o.s.o.j.p.SpringPersistenceUnitInfo      : No LoadTimeWeaver setup: ignoring JPA class transformer
2023-07-25T14:40:46.240-05:00  INFO 42860 --- [    Test worker] o.h.b.i.BytecodeProviderInitiator        : HHH000021: Bytecode provider name : bytebuddy
2023-07-25T14:40:46.260-05:00  INFO 42860 --- [    Test worker] o.h.e.t.j.p.i.JtaPlatformInitiator       : HHH000490: Using JtaPlatform implementation: [org.hibernate.engine.transaction.jta.platform.internal.NoJtaPlatform]
2023-07-25T14:40:46.264-05:00  INFO 42860 --- [    Test worker] j.LocalContainerEntityManagerFactoryBean : Initialized JPA EntityManagerFactory for persistence unit 'default'
2023-07-25T14:40:46.282-05:00  WARN 42860 --- [    Test worker] JpaBaseConfiguration$JpaWebConfiguration : spring.jpa.open-in-view is enabled by default. Therefore, database queries may be performed during view rendering. Explicitly configure spring.jpa.open-in-view to disable this warning
2023-07-25T14:40:46.317-05:00  INFO 42860 --- [    Test worker] o.a.c.c.C.[Tomcat].[localhost].[/]       : Initializing Spring TestDispatcherServlet ''
2023-07-25T14:40:46.317-05:00  INFO 42860 --- [    Test worker] o.s.t.web.servlet.TestDispatcherServlet  : Initializing Servlet ''
2023-07-25T14:40:46.318-05:00  INFO 42860 --- [    Test worker] o.s.t.web.servlet.TestDispatcherServlet  : Completed initialization in 1 ms
2023-07-25T14:40:46.321-05:00  INFO 42860 --- [    Test worker] o.s.b.w.embedded.tomcat.TomcatWebServer  : Tomcat started on port(s): 58348 (http) with context path ''
2023-07-25T14:40:46.322-05:00  INFO 42860 --- [    Test worker] ientContactInfoControllerIntegrationTest : Started ClientContactInfoControllerIntegrationTest in 0.198 seconds (process running for 3.611)

MockHttpServletRequest:
      HTTP Method = GET
      Request URI = /clientContactInfo/return/1
       Parameters = {}
          Headers = []
             Body = null
    Session Attrs = {}

Handler:
             Type = com.outreachmappingsolutions.controllers.ClientContactInfoController
           Method = com.outreachmappingsolutions.controllers.ClientContactInfoController#returnClientContactInfoByClientId(Integer)

Async:
    Async started = false
     Async result = null

Resolved Exception:
             Type = null

ModelAndView:
        View name = null
             View = null
            Model = null

FlashMap:
       Attributes = null

MockHttpServletResponse:
           Status = 200
    Error message = null
          Headers = [Content-Type:"application/json"]
     Content type = application/json
             Body = {"id":1,"phonePrimary":"111-111-1111","phoneSecondary":"111-111-1112","email":"miles@test.com","iceName":"Keiko O'Brien","iceRelationship":"Ex-Wife","icePhonePrimary":"111-111-1113","icePhoneSecondary":"111-111-1114","iceEmail":"keiko@test.com"}
    Forwarded URL = null
   Redirected URL = null
          Cookies = []
2023-07-25T14:40:46.337-05:00  INFO 42860 --- [    Test worker] o.apache.catalina.core.StandardService   : Stopping service [Tomcat]
2023-07-25T14:40:46.339-05:00  INFO 42860 --- [    Test worker] j.LocalContainerEntityManagerFactoryBean : Closing JPA EntityManagerFactory for persistence unit 'default'
2023-07-25T14:40:46.340-05:00  INFO 42860 --- [    Test worker] com.zaxxer.hikari.HikariDataSource       : HikariPool-5 - Shutdown initiated...
2023-07-25T14:40:46.352-05:00  INFO 42860 --- [    Test worker] com.zaxxer.hikari.HikariDataSource       : HikariPool-5 - Shutdown completed.

  .   ____          _            __ _ _
 /\\ / ___'_ __ _ _(_)_ __  __ _ \ \ \ \
( ( )\___ | '_ | '_| | '_ \/ _` | \ \ \ \
 \\/  ___)| |_)| | | | | || (_| |  ) ) ) )
  '  |____| .__|_| |_|_| |_\__, | / / / /
 =========|_|==============|___/=/_/_/_/
 :: Spring Boot ::                (v3.1.1)

2023-07-25T14:40:46.360-05:00  INFO 42860 --- [    Test worker] ientContactInfoControllerIntegrationTest : Starting ClientContactInfoControllerIntegrationTest using Java 17.0.7 with PID 42860 (started by joshjennemann in /Users/joshjennemann/Desktop/Personal_Projects/outreach-mapping-solutions-back-end/Outreach-Mapping-Solutions/outreach-mapping-solutions-BE)
2023-07-25T14:40:46.360-05:00  INFO 42860 --- [    Test worker] ientContactInfoControllerIntegrationTest : No active profile set, falling back to 1 default profile: "default"
2023-07-25T14:40:46.408-05:00  INFO 42860 --- [    Test worker] .s.d.r.c.RepositoryConfigurationDelegate : Multiple Spring Data modules found, entering strict repository configuration mode
2023-07-25T14:40:46.408-05:00  INFO 42860 --- [    Test worker] .s.d.r.c.RepositoryConfigurationDelegate : Bootstrapping Spring Data JDBC repositories in DEFAULT mode.
2023-07-25T14:40:46.410-05:00  INFO 42860 --- [    Test worker] .RepositoryConfigurationExtensionSupport : Spring Data JDBC - Could not safely identify store assignment for repository candidate interface com.outreachmappingsolutions.repositories.ClientBaseRepository; If you want this repository to be a JDBC repository, consider annotating your entities with one of these annotations: org.springframework.data.relational.core.mapping.Table.
2023-07-25T14:40:46.410-05:00  INFO 42860 --- [    Test worker] .RepositoryConfigurationExtensionSupport : Spring Data JDBC - Could not safely identify store assignment for repository candidate interface com.outreachmappingsolutions.repositories.ClientContactInfoRepository; If you want this repository to be a JDBC repository, consider annotating your entities with one of these annotations: org.springframework.data.relational.core.mapping.Table.
2023-07-25T14:40:46.410-05:00  INFO 42860 --- [    Test worker] .RepositoryConfigurationExtensionSupport : Spring Data JDBC - Could not safely identify store assignment for repository candidate interface com.outreachmappingsolutions.repositories.ClientDemographicsRepository; If you want this repository to be a JDBC repository, consider annotating your entities with one of these annotations: org.springframework.data.relational.core.mapping.Table.
2023-07-25T14:40:46.410-05:00  INFO 42860 --- [    Test worker] .s.d.r.c.RepositoryConfigurationDelegate : Finished Spring Data repository scanning in 1 ms. Found 0 JDBC repository interfaces.
2023-07-25T14:40:46.411-05:00  INFO 42860 --- [    Test worker] .s.d.r.c.RepositoryConfigurationDelegate : Multiple Spring Data modules found, entering strict repository configuration mode
2023-07-25T14:40:46.411-05:00  INFO 42860 --- [    Test worker] .s.d.r.c.RepositoryConfigurationDelegate : Bootstrapping Spring Data JPA repositories in DEFAULT mode.
2023-07-25T14:40:46.415-05:00  INFO 42860 --- [    Test worker] .s.d.r.c.RepositoryConfigurationDelegate : Finished Spring Data repository scanning in 3 ms. Found 3 JPA repository interfaces.
2023-07-25T14:40:46.436-05:00  INFO 42860 --- [    Test worker] o.s.b.w.embedded.tomcat.TomcatWebServer  : Tomcat initialized with port(s): 0 (http)
2023-07-25T14:40:46.437-05:00  INFO 42860 --- [    Test worker] o.apache.catalina.core.StandardService   : Starting service [Tomcat]
2023-07-25T14:40:46.437-05:00  INFO 42860 --- [    Test worker] o.apache.catalina.core.StandardEngine    : Starting Servlet engine: [Apache Tomcat/10.1.10]
2023-07-25T14:40:46.443-05:00  INFO 42860 --- [    Test worker] o.a.c.c.C.[Tomcat].[localhost].[/]       : Initializing Spring embedded WebApplicationContext
2023-07-25T14:40:46.443-05:00  INFO 42860 --- [    Test worker] w.s.c.ServletWebServerApplicationContext : Root WebApplicationContext: initialization completed in 82 ms
2023-07-25T14:40:46.445-05:00  INFO 42860 --- [    Test worker] com.zaxxer.hikari.HikariDataSource       : HikariPool-6 - Starting...
2023-07-25T14:40:46.446-05:00  INFO 42860 --- [    Test worker] com.zaxxer.hikari.pool.HikariPool        : HikariPool-6 - Added connection conn29: url=jdbc:h2:mem:testdb user=SA
2023-07-25T14:40:46.446-05:00  INFO 42860 --- [    Test worker] com.zaxxer.hikari.HikariDataSource       : HikariPool-6 - Start completed.
2023-07-25T14:40:46.446-05:00  INFO 42860 --- [    Test worker] o.s.b.a.h2.H2ConsoleAutoConfiguration    : H2 console available at '/h2-console'. Database available at 'jdbc:h2:mem:testdb'
2023-07-25T14:40:46.455-05:00  INFO 42860 --- [    Test worker] o.hibernate.jpa.internal.util.LogHelper  : HHH000204: Processing PersistenceUnitInfo [name: default]
2023-07-25T14:40:46.457-05:00  INFO 42860 --- [    Test worker] o.h.b.i.BytecodeProviderInitiator        : HHH000021: Bytecode provider name : bytebuddy
2023-07-25T14:40:46.458-05:00  INFO 42860 --- [    Test worker] o.s.o.j.p.SpringPersistenceUnitInfo      : No LoadTimeWeaver setup: ignoring JPA class transformer
2023-07-25T14:40:46.463-05:00  INFO 42860 --- [    Test worker] o.h.b.i.BytecodeProviderInitiator        : HHH000021: Bytecode provider name : bytebuddy
2023-07-25T14:40:46.486-05:00  INFO 42860 --- [    Test worker] o.h.e.t.j.p.i.JtaPlatformInitiator       : HHH000490: Using JtaPlatform implementation: [org.hibernate.engine.transaction.jta.platform.internal.NoJtaPlatform]
2023-07-25T14:40:46.490-05:00  INFO 42860 --- [    Test worker] j.LocalContainerEntityManagerFactoryBean : Initialized JPA EntityManagerFactory for persistence unit 'default'
2023-07-25T14:40:46.508-05:00  WARN 42860 --- [    Test worker] JpaBaseConfiguration$JpaWebConfiguration : spring.jpa.open-in-view is enabled by default. Therefore, database queries may be performed during view rendering. Explicitly configure spring.jpa.open-in-view to disable this warning
2023-07-25T14:40:46.539-05:00  INFO 42860 --- [    Test worker] o.a.c.c.C.[Tomcat].[localhost].[/]       : Initializing Spring TestDispatcherServlet ''
2023-07-25T14:40:46.539-05:00  INFO 42860 --- [    Test worker] o.s.t.web.servlet.TestDispatcherServlet  : Initializing Servlet ''
2023-07-25T14:40:46.539-05:00  INFO 42860 --- [    Test worker] o.s.t.web.servlet.TestDispatcherServlet  : Completed initialization in 0 ms
2023-07-25T14:40:46.543-05:00  INFO 42860 --- [    Test worker] o.s.b.w.embedded.tomcat.TomcatWebServer  : Tomcat started on port(s): 58350 (http) with context path ''
2023-07-25T14:40:46.544-05:00  INFO 42860 --- [    Test worker] ientContactInfoControllerIntegrationTest : Started ClientContactInfoControllerIntegrationTest in 0.191 seconds (process running for 3.833)

MockHttpServletRequest:
      HTTP Method = GET
      Request URI = /clientContactInfo/returnAll
       Parameters = {}
          Headers = []
             Body = null
    Session Attrs = {}

Handler:
             Type = com.outreachmappingsolutions.controllers.ClientContactInfoController
           Method = com.outreachmappingsolutions.controllers.ClientContactInfoController#returnAllClientContactInfo()

Async:
    Async started = false
     Async result = null

Resolved Exception:
             Type = null

ModelAndView:
        View name = null
             View = null
            Model = null

FlashMap:
       Attributes = null

MockHttpServletResponse:
           Status = 200
    Error message = null
          Headers = [Content-Type:"application/json"]
     Content type = application/json
             Body = [{"id":1,"phonePrimary":"111-111-1111","phoneSecondary":"111-111-1112","email":"miles@test.com","iceName":"Keiko O'Brien","iceRelationship":"Ex-Wife","icePhonePrimary":"111-111-1113","icePhoneSecondary":"111-111-1114","iceEmail":"keiko@test.com"},{"id":2,"phonePrimary":"222-222-2221","phoneSecondary":"222-222-2222","email":"wesley@test.com","iceName":"Beverly Crusher","iceRelationship":"Mother","icePhonePrimary":"222-222-2223","icePhoneSecondary":"222-222-2224","iceEmail":"dr.crusher@email.com"},{"id":3,"phonePrimary":"111-111-1111","phoneSecondary":"222-222-2222","email":"thomas@test.com","iceName":"Will Riker","iceRelationship":"Brother","icePhonePrimary":"333-333-3333","icePhoneSecondary":"444-444-4444","iceEmail":"will@email.com"}]
    Forwarded URL = null
   Redirected URL = null
          Cookies = []
2023-07-25T14:40:46.571-05:00  INFO 42860 --- [    Test worker] o.apache.catalina.core.StandardService   : Stopping service [Tomcat]
2023-07-25T14:40:46.572-05:00  INFO 42860 --- [    Test worker] j.LocalContainerEntityManagerFactoryBean : Closing JPA EntityManagerFactory for persistence unit 'default'
2023-07-25T14:40:46.573-05:00  INFO 42860 --- [    Test worker] com.zaxxer.hikari.HikariDataSource       : HikariPool-6 - Shutdown initiated...
2023-07-25T14:40:46.574-05:00  INFO 42860 --- [    Test worker] com.zaxxer.hikari.HikariDataSource       : HikariPool-6 - Shutdown completed.
]]></system-out>
  <system-err><![CDATA[]]></system-err>
</testsuite>
