<?xml version="1.0" encoding="UTF-8"?>
<testsuite name="com.outreachmappingsolutions.Controllers.ClientBaseIntegrationTest" tests="9" skipped="0" failures="0" errors="0" timestamp="2023-07-26T19:48:57" hostname="Joshs-Air.lan" time="2.26">
  <properties/>
  <testcase name="testReturnClientByIdNotFound()" classname="com.outreachmappingsolutions.Controllers.ClientBaseIntegrationTest" time="0.164"/>
  <testcase name="testReturnClientByIdSuccess()" classname="com.outreachmappingsolutions.Controllers.ClientBaseIntegrationTest" time="0.057"/>
  <testcase name="testUpdateClientNotFound()" classname="com.outreachmappingsolutions.Controllers.ClientBaseIntegrationTest" time="0.047"/>
  <testcase name="testReturnAllClientsSuccess()" classname="com.outreachmappingsolutions.Controllers.ClientBaseIntegrationTest" time="0.087"/>
  <testcase name="testCreateNewClientTestSuccess()" classname="com.outreachmappingsolutions.Controllers.ClientBaseIntegrationTest" time="0.027"/>
  <testcase name="testDeleteClientNotFound()" classname="com.outreachmappingsolutions.Controllers.ClientBaseIntegrationTest" time="0.014"/>
  <testcase name="testReturnAllClientsNotFound()" classname="com.outreachmappingsolutions.Controllers.ClientBaseIntegrationTest" time="0.009"/>
  <testcase name="testDeleteClientSuccess()" classname="com.outreachmappingsolutions.Controllers.ClientBaseIntegrationTest" time="0.025"/>
  <testcase name="testUpdateClientSuccess()" classname="com.outreachmappingsolutions.Controllers.ClientBaseIntegrationTest" time="0.034"/>
  <system-out><![CDATA[14:48:55.448 [Test worker] INFO org.springframework.test.context.support.AnnotationConfigContextLoaderUtils -- Could not detect default configuration classes for test class [com.outreachmappingsolutions.Controllers.ClientBaseIntegrationTest]: ClientBaseIntegrationTest does not declare any static, non-private, non-final, nested classes annotated with @Configuration.
14:48:55.514 [Test worker] INFO org.springframework.boot.test.context.SpringBootTestContextBootstrapper -- Found @SpringBootConfiguration com.outreachmappingsolutions.OutreachMappingSolutionsApplication for test class com.outreachmappingsolutions.Controllers.ClientBaseIntegrationTest

  .   ____          _            __ _ _
 /\\ / ___'_ __ _ _(_)_ __  __ _ \ \ \ \
( ( )\___ | '_ | '_| | '_ \/ _` | \ \ \ \
 \\/  ___)| |_)| | | | | || (_| |  ) ) ) )
  '  |____| .__|_| |_|_| |_\__, | / / / /
 =========|_|==============|___/=/_/_/_/
 :: Spring Boot ::                (v3.1.1)

2023-07-26T14:48:55.700-05:00  INFO 54131 --- [    Test worker] c.o.C.ClientBaseIntegrationTest          : Starting ClientBaseIntegrationTest using Java 17.0.7 with PID 54131 (started by joshjennemann in /Users/joshjennemann/Desktop/Personal_Projects/outreach-mapping-solutions-back-end/Outreach-Mapping-Solutions/outreach-mapping-solutions-BE)
2023-07-26T14:48:55.701-05:00  INFO 54131 --- [    Test worker] c.o.C.ClientBaseIntegrationTest          : No active profile set, falling back to 1 default profile: "default"
2023-07-26T14:48:55.990-05:00  INFO 54131 --- [    Test worker] .s.d.r.c.RepositoryConfigurationDelegate : Multiple Spring Data modules found, entering strict repository configuration mode
2023-07-26T14:48:55.990-05:00  INFO 54131 --- [    Test worker] .s.d.r.c.RepositoryConfigurationDelegate : Bootstrapping Spring Data JDBC repositories in DEFAULT mode.
2023-07-26T14:48:56.005-05:00  INFO 54131 --- [    Test worker] .RepositoryConfigurationExtensionSupport : Spring Data JDBC - Could not safely identify store assignment for repository candidate interface com.outreachmappingsolutions.repositories.ClientBaseRepository; If you want this repository to be a JDBC repository, consider annotating your entities with one of these annotations: org.springframework.data.relational.core.mapping.Table.
2023-07-26T14:48:56.005-05:00  INFO 54131 --- [    Test worker] .RepositoryConfigurationExtensionSupport : Spring Data JDBC - Could not safely identify store assignment for repository candidate interface com.outreachmappingsolutions.repositories.ClientContactInfoRepository; If you want this repository to be a JDBC repository, consider annotating your entities with one of these annotations: org.springframework.data.relational.core.mapping.Table.
2023-07-26T14:48:56.006-05:00  INFO 54131 --- [    Test worker] .RepositoryConfigurationExtensionSupport : Spring Data JDBC - Could not safely identify store assignment for repository candidate interface com.outreachmappingsolutions.repositories.ClientDemographicsRepository; If you want this repository to be a JDBC repository, consider annotating your entities with one of these annotations: org.springframework.data.relational.core.mapping.Table.
2023-07-26T14:48:56.006-05:00  INFO 54131 --- [    Test worker] .s.d.r.c.RepositoryConfigurationDelegate : Finished Spring Data repository scanning in 13 ms. Found 0 JDBC repository interfaces.
2023-07-26T14:48:56.012-05:00  INFO 54131 --- [    Test worker] .s.d.r.c.RepositoryConfigurationDelegate : Multiple Spring Data modules found, entering strict repository configuration mode
2023-07-26T14:48:56.012-05:00  INFO 54131 --- [    Test worker] .s.d.r.c.RepositoryConfigurationDelegate : Bootstrapping Spring Data JPA repositories in DEFAULT mode.
2023-07-26T14:48:56.027-05:00  INFO 54131 --- [    Test worker] .s.d.r.c.RepositoryConfigurationDelegate : Finished Spring Data repository scanning in 12 ms. Found 3 JPA repository interfaces.
2023-07-26T14:48:56.270-05:00  INFO 54131 --- [    Test worker] o.s.b.w.embedded.tomcat.TomcatWebServer  : Tomcat initialized with port(s): 0 (http)
2023-07-26T14:48:56.275-05:00  INFO 54131 --- [    Test worker] o.apache.catalina.core.StandardService   : Starting service [Tomcat]
2023-07-26T14:48:56.275-05:00  INFO 54131 --- [    Test worker] o.apache.catalina.core.StandardEngine    : Starting Servlet engine: [Apache Tomcat/10.1.10]
2023-07-26T14:48:56.324-05:00  INFO 54131 --- [    Test worker] o.a.c.c.C.[Tomcat].[localhost].[/]       : Initializing Spring embedded WebApplicationContext
2023-07-26T14:48:56.325-05:00  INFO 54131 --- [    Test worker] w.s.c.ServletWebServerApplicationContext : Root WebApplicationContext: initialization completed in 617 ms
2023-07-26T14:48:56.333-05:00  INFO 54131 --- [    Test worker] com.zaxxer.hikari.HikariDataSource       : HikariPool-1 - Starting...
2023-07-26T14:48:56.422-05:00  INFO 54131 --- [    Test worker] com.zaxxer.hikari.pool.HikariPool        : HikariPool-1 - Added connection conn0: url=jdbc:h2:mem:testdb user=SA
2023-07-26T14:48:56.423-05:00  INFO 54131 --- [    Test worker] com.zaxxer.hikari.HikariDataSource       : HikariPool-1 - Start completed.
2023-07-26T14:48:56.429-05:00  INFO 54131 --- [    Test worker] o.s.b.a.h2.H2ConsoleAutoConfiguration    : H2 console available at '/h2-console'. Database available at 'jdbc:h2:mem:testdb'
2023-07-26T14:48:56.501-05:00  INFO 54131 --- [    Test worker] o.hibernate.jpa.internal.util.LogHelper  : HHH000204: Processing PersistenceUnitInfo [name: default]
2023-07-26T14:48:56.524-05:00  INFO 54131 --- [    Test worker] org.hibernate.Version                    : HHH000412: Hibernate ORM core version 6.2.5.Final
2023-07-26T14:48:56.525-05:00  INFO 54131 --- [    Test worker] org.hibernate.cfg.Environment            : HHH000406: Using bytecode reflection optimizer
2023-07-26T14:48:56.591-05:00  INFO 54131 --- [    Test worker] o.h.b.i.BytecodeProviderInitiator        : HHH000021: Bytecode provider name : bytebuddy
2023-07-26T14:48:56.656-05:00  INFO 54131 --- [    Test worker] o.s.o.j.p.SpringPersistenceUnitInfo      : No LoadTimeWeaver setup: ignoring JPA class transformer
2023-07-26T14:48:56.759-05:00  INFO 54131 --- [    Test worker] o.h.b.i.BytecodeProviderInitiator        : HHH000021: Bytecode provider name : bytebuddy
2023-07-26T14:48:57.066-05:00  INFO 54131 --- [    Test worker] o.h.e.t.j.p.i.JtaPlatformInitiator       : HHH000490: Using JtaPlatform implementation: [org.hibernate.engine.transaction.jta.platform.internal.NoJtaPlatform]
2023-07-26T14:48:57.087-05:00  INFO 54131 --- [    Test worker] j.LocalContainerEntityManagerFactoryBean : Initialized JPA EntityManagerFactory for persistence unit 'default'
2023-07-26T14:48:57.251-05:00  WARN 54131 --- [    Test worker] JpaBaseConfiguration$JpaWebConfiguration : spring.jpa.open-in-view is enabled by default. Therefore, database queries may be performed during view rendering. Explicitly configure spring.jpa.open-in-view to disable this warning
2023-07-26T14:48:57.429-05:00  INFO 54131 --- [    Test worker] o.a.c.c.C.[Tomcat].[localhost].[/]       : Initializing Spring TestDispatcherServlet ''
2023-07-26T14:48:57.429-05:00  INFO 54131 --- [    Test worker] o.s.t.web.servlet.TestDispatcherServlet  : Initializing Servlet ''
2023-07-26T14:48:57.430-05:00  INFO 54131 --- [    Test worker] o.s.t.web.servlet.TestDispatcherServlet  : Completed initialization in 1 ms
2023-07-26T14:48:57.455-05:00  INFO 54131 --- [    Test worker] o.s.b.w.embedded.tomcat.TomcatWebServer  : Tomcat started on port(s): 55719 (http) with context path ''
2023-07-26T14:48:57.460-05:00  INFO 54131 --- [    Test worker] c.o.C.ClientBaseIntegrationTest          : Started ClientBaseIntegrationTest in 1.876 seconds (process running for 2.397)

MockHttpServletRequest:
      HTTP Method = GET
      Request URI = /clientBase/return/1
       Parameters = {}
          Headers = []
             Body = null
    Session Attrs = {}

Handler:
             Type = com.outreachmappingsolutions.controllers.ClientBaseController
           Method = com.outreachmappingsolutions.controllers.ClientBaseController#returnClientById(Integer)

Async:
    Async started = false
     Async result = null

Resolved Exception:
             Type = null

ModelAndView:
        View name = null
             View = null
            Model = null

FlashMap:
       Attributes = null

MockHttpServletResponse:
           Status = 404
    Error message = null
          Headers = [Content-Type:"text/plain;charset=UTF-8", Content-Length:"44"]
     Content type = text/plain;charset=UTF-8
             Body = No clients matching your criteria were found
    Forwarded URL = null
   Redirected URL = null
          Cookies = []
2023-07-26T14:48:57.620-05:00  INFO 54131 --- [    Test worker] o.apache.catalina.core.StandardService   : Stopping service [Tomcat]
2023-07-26T14:48:57.624-05:00  INFO 54131 --- [    Test worker] j.LocalContainerEntityManagerFactoryBean : Closing JPA EntityManagerFactory for persistence unit 'default'
2023-07-26T14:48:57.627-05:00  INFO 54131 --- [    Test worker] com.zaxxer.hikari.HikariDataSource       : HikariPool-1 - Shutdown initiated...
2023-07-26T14:48:57.628-05:00  INFO 54131 --- [    Test worker] com.zaxxer.hikari.HikariDataSource       : HikariPool-1 - Shutdown completed.

  .   ____          _            __ _ _
 /\\ / ___'_ __ _ _(_)_ __  __ _ \ \ \ \
( ( )\___ | '_ | '_| | '_ \/ _` | \ \ \ \
 \\/  ___)| |_)| | | | | || (_| |  ) ) ) )
  '  |____| .__|_| |_|_| |_\__, | / / / /
 =========|_|==============|___/=/_/_/_/
 :: Spring Boot ::                (v3.1.1)

2023-07-26T14:48:57.640-05:00  INFO 54131 --- [    Test worker] c.o.C.ClientBaseIntegrationTest          : Starting ClientBaseIntegrationTest using Java 17.0.7 with PID 54131 (started by joshjennemann in /Users/joshjennemann/Desktop/Personal_Projects/outreach-mapping-solutions-back-end/Outreach-Mapping-Solutions/outreach-mapping-solutions-BE)
2023-07-26T14:48:57.641-05:00  INFO 54131 --- [    Test worker] c.o.C.ClientBaseIntegrationTest          : No active profile set, falling back to 1 default profile: "default"
2023-07-26T14:48:57.712-05:00  INFO 54131 --- [    Test worker] .s.d.r.c.RepositoryConfigurationDelegate : Multiple Spring Data modules found, entering strict repository configuration mode
2023-07-26T14:48:57.712-05:00  INFO 54131 --- [    Test worker] .s.d.r.c.RepositoryConfigurationDelegate : Bootstrapping Spring Data JDBC repositories in DEFAULT mode.
2023-07-26T14:48:57.714-05:00  INFO 54131 --- [    Test worker] .RepositoryConfigurationExtensionSupport : Spring Data JDBC - Could not safely identify store assignment for repository candidate interface com.outreachmappingsolutions.repositories.ClientBaseRepository; If you want this repository to be a JDBC repository, consider annotating your entities with one of these annotations: org.springframework.data.relational.core.mapping.Table.
2023-07-26T14:48:57.714-05:00  INFO 54131 --- [    Test worker] .RepositoryConfigurationExtensionSupport : Spring Data JDBC - Could not safely identify store assignment for repository candidate interface com.outreachmappingsolutions.repositories.ClientContactInfoRepository; If you want this repository to be a JDBC repository, consider annotating your entities with one of these annotations: org.springframework.data.relational.core.mapping.Table.
2023-07-26T14:48:57.714-05:00  INFO 54131 --- [    Test worker] .RepositoryConfigurationExtensionSupport : Spring Data JDBC - Could not safely identify store assignment for repository candidate interface com.outreachmappingsolutions.repositories.ClientDemographicsRepository; If you want this repository to be a JDBC repository, consider annotating your entities with one of these annotations: org.springframework.data.relational.core.mapping.Table.
2023-07-26T14:48:57.714-05:00  INFO 54131 --- [    Test worker] .s.d.r.c.RepositoryConfigurationDelegate : Finished Spring Data repository scanning in 2 ms. Found 0 JDBC repository interfaces.
2023-07-26T14:48:57.716-05:00  INFO 54131 --- [    Test worker] .s.d.r.c.RepositoryConfigurationDelegate : Multiple Spring Data modules found, entering strict repository configuration mode
2023-07-26T14:48:57.716-05:00  INFO 54131 --- [    Test worker] .s.d.r.c.RepositoryConfigurationDelegate : Bootstrapping Spring Data JPA repositories in DEFAULT mode.
2023-07-26T14:48:57.723-05:00  INFO 54131 --- [    Test worker] .s.d.r.c.RepositoryConfigurationDelegate : Finished Spring Data repository scanning in 6 ms. Found 3 JPA repository interfaces.
2023-07-26T14:48:57.758-05:00  INFO 54131 --- [    Test worker] o.s.b.w.embedded.tomcat.TomcatWebServer  : Tomcat initialized with port(s): 0 (http)
2023-07-26T14:48:57.758-05:00  INFO 54131 --- [    Test worker] o.apache.catalina.core.StandardService   : Starting service [Tomcat]
2023-07-26T14:48:57.758-05:00  INFO 54131 --- [    Test worker] o.apache.catalina.core.StandardEngine    : Starting Servlet engine: [Apache Tomcat/10.1.10]
2023-07-26T14:48:57.766-05:00  INFO 54131 --- [    Test worker] o.a.c.c.C.[Tomcat].[localhost].[/]       : Initializing Spring embedded WebApplicationContext
2023-07-26T14:48:57.766-05:00  INFO 54131 --- [    Test worker] w.s.c.ServletWebServerApplicationContext : Root WebApplicationContext: initialization completed in 125 ms
2023-07-26T14:48:57.769-05:00  INFO 54131 --- [    Test worker] com.zaxxer.hikari.HikariDataSource       : HikariPool-2 - Starting...
2023-07-26T14:48:57.770-05:00  INFO 54131 --- [    Test worker] com.zaxxer.hikari.pool.HikariPool        : HikariPool-2 - Added connection conn10: url=jdbc:h2:mem:testdb user=SA
2023-07-26T14:48:57.770-05:00  INFO 54131 --- [    Test worker] com.zaxxer.hikari.HikariDataSource       : HikariPool-2 - Start completed.
2023-07-26T14:48:57.770-05:00  INFO 54131 --- [    Test worker] o.s.b.a.h2.H2ConsoleAutoConfiguration    : H2 console available at '/h2-console'. Database available at 'jdbc:h2:mem:testdb'
2023-07-26T14:48:57.786-05:00  INFO 54131 --- [    Test worker] o.hibernate.jpa.internal.util.LogHelper  : HHH000204: Processing PersistenceUnitInfo [name: default]
2023-07-26T14:48:57.788-05:00  INFO 54131 --- [    Test worker] o.h.b.i.BytecodeProviderInitiator        : HHH000021: Bytecode provider name : bytebuddy
2023-07-26T14:48:57.788-05:00  INFO 54131 --- [    Test worker] o.s.o.j.p.SpringPersistenceUnitInfo      : No LoadTimeWeaver setup: ignoring JPA class transformer
2023-07-26T14:48:57.795-05:00  INFO 54131 --- [    Test worker] o.h.b.i.BytecodeProviderInitiator        : HHH000021: Bytecode provider name : bytebuddy
2023-07-26T14:48:57.823-05:00  INFO 54131 --- [    Test worker] o.h.e.t.j.p.i.JtaPlatformInitiator       : HHH000490: Using JtaPlatform implementation: [org.hibernate.engine.transaction.jta.platform.internal.NoJtaPlatform]
2023-07-26T14:48:57.835-05:00  INFO 54131 --- [    Test worker] j.LocalContainerEntityManagerFactoryBean : Initialized JPA EntityManagerFactory for persistence unit 'default'
2023-07-26T14:48:57.863-05:00  WARN 54131 --- [    Test worker] JpaBaseConfiguration$JpaWebConfiguration : spring.jpa.open-in-view is enabled by default. Therefore, database queries may be performed during view rendering. Explicitly configure spring.jpa.open-in-view to disable this warning
2023-07-26T14:48:57.913-05:00  INFO 54131 --- [    Test worker] o.a.c.c.C.[Tomcat].[localhost].[/]       : Initializing Spring TestDispatcherServlet ''
2023-07-26T14:48:57.914-05:00  INFO 54131 --- [    Test worker] o.s.t.web.servlet.TestDispatcherServlet  : Initializing Servlet ''
2023-07-26T14:48:57.914-05:00  INFO 54131 --- [    Test worker] o.s.t.web.servlet.TestDispatcherServlet  : Completed initialization in 0 ms
2023-07-26T14:48:57.919-05:00  INFO 54131 --- [    Test worker] o.s.b.w.embedded.tomcat.TomcatWebServer  : Tomcat started on port(s): 55725 (http) with context path ''
2023-07-26T14:48:57.920-05:00  INFO 54131 --- [    Test worker] c.o.C.ClientBaseIntegrationTest          : Started ClientBaseIntegrationTest in 0.289 seconds (process running for 2.858)

MockHttpServletRequest:
      HTTP Method = GET
      Request URI = /clientBase/return/1
       Parameters = {}
          Headers = []
             Body = null
    Session Attrs = {}

Handler:
             Type = com.outreachmappingsolutions.controllers.ClientBaseController
           Method = com.outreachmappingsolutions.controllers.ClientBaseController#returnClientById(Integer)

Async:
    Async started = false
     Async result = null

Resolved Exception:
             Type = null

ModelAndView:
        View name = null
             View = null
            Model = null

FlashMap:
       Attributes = null

MockHttpServletResponse:
           Status = 200
    Error message = null
          Headers = [Content-Type:"application/json"]
     Content type = application/json
             Body = {"id":1,"firstName":"Chief","middleName":null,"lastName":null,"nameDataQuality":"Partially Complete","dobMonth":null,"dobDay":null,"dobYear":null,"dobDataQuality":"Client Refused","firstThreeSsn":null,"middleTwoSsn":null,"lastFourSsn":null,"ssnDataQuality":"Client Refused","clientDemographics":{"id":1,"gender":null,"racePrimary":null,"raceSecondary":null,"ethnicity":null,"veteranStatus":null},"clientContactInfo":{"id":1,"phonePrimary":null,"phoneSecondary":null,"email":null,"iceName":null,"iceRelationship":null,"icePhonePrimary":null,"icePhoneSecondary":null,"iceEmail":null}}
    Forwarded URL = null
   Redirected URL = null
          Cookies = []
2023-07-26T14:48:57.971-05:00  INFO 54131 --- [    Test worker] o.apache.catalina.core.StandardService   : Stopping service [Tomcat]
2023-07-26T14:48:57.973-05:00  INFO 54131 --- [    Test worker] j.LocalContainerEntityManagerFactoryBean : Closing JPA EntityManagerFactory for persistence unit 'default'
2023-07-26T14:48:57.975-05:00  INFO 54131 --- [    Test worker] com.zaxxer.hikari.HikariDataSource       : HikariPool-2 - Shutdown initiated...
2023-07-26T14:48:57.978-05:00  INFO 54131 --- [    Test worker] com.zaxxer.hikari.HikariDataSource       : HikariPool-2 - Shutdown completed.

  .   ____          _            __ _ _
 /\\ / ___'_ __ _ _(_)_ __  __ _ \ \ \ \
( ( )\___ | '_ | '_| | '_ \/ _` | \ \ \ \
 \\/  ___)| |_)| | | | | || (_| |  ) ) ) )
  '  |____| .__|_| |_|_| |_\__, | / / / /
 =========|_|==============|___/=/_/_/_/
 :: Spring Boot ::                (v3.1.1)

2023-07-26T14:48:57.990-05:00  INFO 54131 --- [    Test worker] c.o.C.ClientBaseIntegrationTest          : Starting ClientBaseIntegrationTest using Java 17.0.7 with PID 54131 (started by joshjennemann in /Users/joshjennemann/Desktop/Personal_Projects/outreach-mapping-solutions-back-end/Outreach-Mapping-Solutions/outreach-mapping-solutions-BE)
2023-07-26T14:48:57.990-05:00  INFO 54131 --- [    Test worker] c.o.C.ClientBaseIntegrationTest          : No active profile set, falling back to 1 default profile: "default"
2023-07-26T14:48:58.044-05:00  INFO 54131 --- [    Test worker] .s.d.r.c.RepositoryConfigurationDelegate : Multiple Spring Data modules found, entering strict repository configuration mode
2023-07-26T14:48:58.044-05:00  INFO 54131 --- [    Test worker] .s.d.r.c.RepositoryConfigurationDelegate : Bootstrapping Spring Data JDBC repositories in DEFAULT mode.
2023-07-26T14:48:58.046-05:00  INFO 54131 --- [    Test worker] .RepositoryConfigurationExtensionSupport : Spring Data JDBC - Could not safely identify store assignment for repository candidate interface com.outreachmappingsolutions.repositories.ClientBaseRepository; If you want this repository to be a JDBC repository, consider annotating your entities with one of these annotations: org.springframework.data.relational.core.mapping.Table.
2023-07-26T14:48:58.047-05:00  INFO 54131 --- [    Test worker] .RepositoryConfigurationExtensionSupport : Spring Data JDBC - Could not safely identify store assignment for repository candidate interface com.outreachmappingsolutions.repositories.ClientContactInfoRepository; If you want this repository to be a JDBC repository, consider annotating your entities with one of these annotations: org.springframework.data.relational.core.mapping.Table.
2023-07-26T14:48:58.047-05:00  INFO 54131 --- [    Test worker] .RepositoryConfigurationExtensionSupport : Spring Data JDBC - Could not safely identify store assignment for repository candidate interface com.outreachmappingsolutions.repositories.ClientDemographicsRepository; If you want this repository to be a JDBC repository, consider annotating your entities with one of these annotations: org.springframework.data.relational.core.mapping.Table.
2023-07-26T14:48:58.047-05:00  INFO 54131 --- [    Test worker] .s.d.r.c.RepositoryConfigurationDelegate : Finished Spring Data repository scanning in 2 ms. Found 0 JDBC repository interfaces.
2023-07-26T14:48:58.048-05:00  INFO 54131 --- [    Test worker] .s.d.r.c.RepositoryConfigurationDelegate : Multiple Spring Data modules found, entering strict repository configuration mode
2023-07-26T14:48:58.048-05:00  INFO 54131 --- [    Test worker] .s.d.r.c.RepositoryConfigurationDelegate : Bootstrapping Spring Data JPA repositories in DEFAULT mode.
2023-07-26T14:48:58.055-05:00  INFO 54131 --- [    Test worker] .s.d.r.c.RepositoryConfigurationDelegate : Finished Spring Data repository scanning in 6 ms. Found 3 JPA repository interfaces.
2023-07-26T14:48:58.083-05:00  INFO 54131 --- [    Test worker] o.s.b.w.embedded.tomcat.TomcatWebServer  : Tomcat initialized with port(s): 0 (http)
2023-07-26T14:48:58.084-05:00  INFO 54131 --- [    Test worker] o.apache.catalina.core.StandardService   : Starting service [Tomcat]
2023-07-26T14:48:58.084-05:00  INFO 54131 --- [    Test worker] o.apache.catalina.core.StandardEngine    : Starting Servlet engine: [Apache Tomcat/10.1.10]
2023-07-26T14:48:58.091-05:00  INFO 54131 --- [    Test worker] o.a.c.c.C.[Tomcat].[localhost].[/]       : Initializing Spring embedded WebApplicationContext
2023-07-26T14:48:58.091-05:00  INFO 54131 --- [    Test worker] w.s.c.ServletWebServerApplicationContext : Root WebApplicationContext: initialization completed in 100 ms
2023-07-26T14:48:58.094-05:00  INFO 54131 --- [    Test worker] com.zaxxer.hikari.HikariDataSource       : HikariPool-3 - Starting...
2023-07-26T14:48:58.094-05:00  INFO 54131 --- [    Test worker] com.zaxxer.hikari.pool.HikariPool        : HikariPool-3 - Added connection conn19: url=jdbc:h2:mem:testdb user=SA
2023-07-26T14:48:58.094-05:00  INFO 54131 --- [    Test worker] com.zaxxer.hikari.HikariDataSource       : HikariPool-3 - Start completed.
2023-07-26T14:48:58.094-05:00  INFO 54131 --- [    Test worker] o.s.b.a.h2.H2ConsoleAutoConfiguration    : H2 console available at '/h2-console'. Database available at 'jdbc:h2:mem:testdb'
2023-07-26T14:48:58.105-05:00  INFO 54131 --- [    Test worker] o.hibernate.jpa.internal.util.LogHelper  : HHH000204: Processing PersistenceUnitInfo [name: default]
2023-07-26T14:48:58.108-05:00  INFO 54131 --- [    Test worker] o.h.b.i.BytecodeProviderInitiator        : HHH000021: Bytecode provider name : bytebuddy
2023-07-26T14:48:58.108-05:00  INFO 54131 --- [    Test worker] o.s.o.j.p.SpringPersistenceUnitInfo      : No LoadTimeWeaver setup: ignoring JPA class transformer
2023-07-26T14:48:58.115-05:00  INFO 54131 --- [    Test worker] o.h.b.i.BytecodeProviderInitiator        : HHH000021: Bytecode provider name : bytebuddy
2023-07-26T14:48:58.140-05:00  INFO 54131 --- [    Test worker] o.h.e.t.j.p.i.JtaPlatformInitiator       : HHH000490: Using JtaPlatform implementation: [org.hibernate.engine.transaction.jta.platform.internal.NoJtaPlatform]
2023-07-26T14:48:58.145-05:00  INFO 54131 --- [    Test worker] j.LocalContainerEntityManagerFactoryBean : Initialized JPA EntityManagerFactory for persistence unit 'default'
2023-07-26T14:48:58.167-05:00  WARN 54131 --- [    Test worker] JpaBaseConfiguration$JpaWebConfiguration : spring.jpa.open-in-view is enabled by default. Therefore, database queries may be performed during view rendering. Explicitly configure spring.jpa.open-in-view to disable this warning
2023-07-26T14:48:58.208-05:00  INFO 54131 --- [    Test worker] o.a.c.c.C.[Tomcat].[localhost].[/]       : Initializing Spring TestDispatcherServlet ''
2023-07-26T14:48:58.208-05:00  INFO 54131 --- [    Test worker] o.s.t.web.servlet.TestDispatcherServlet  : Initializing Servlet ''
2023-07-26T14:48:58.208-05:00  INFO 54131 --- [    Test worker] o.s.t.web.servlet.TestDispatcherServlet  : Completed initialization in 0 ms
2023-07-26T14:48:58.212-05:00  INFO 54131 --- [    Test worker] o.s.b.w.embedded.tomcat.TomcatWebServer  : Tomcat started on port(s): 55727 (http) with context path ''
2023-07-26T14:48:58.214-05:00  INFO 54131 --- [    Test worker] c.o.C.ClientBaseIntegrationTest          : Started ClientBaseIntegrationTest in 0.234 seconds (process running for 3.152)

MockHttpServletRequest:
      HTTP Method = PUT
      Request URI = /clientBase/update/1
       Parameters = {}
          Headers = [Content-Type:"application/json;charset=UTF-8", Accept:"application/json", Content-Length:"354"]
             Body = {"id":null,"firstName":"Miles","middleName":"Edward","lastName":"O'Brien","nameDataQuality":"Data Quality Complete","dobMonth":"June","dobDay":"9","dobYear":"1959","dobDataQuality":"Data Quality Complete","firstThreeSsn":111,"middleTwoSsn":11,"lastFourSsn":1111,"ssnDataQuality":"Data Quality Complete","clientDemographics":null,"clientContactInfo":null}
    Session Attrs = {}

Handler:
             Type = com.outreachmappingsolutions.controllers.ClientBaseController
           Method = com.outreachmappingsolutions.controllers.ClientBaseController#updateClient(Integer, ClientBase)

Async:
    Async started = false
     Async result = null

Resolved Exception:
             Type = null

ModelAndView:
        View name = null
             View = null
            Model = null

FlashMap:
       Attributes = null

MockHttpServletResponse:
           Status = 404
    Error message = null
          Headers = [Content-Type:"application/json", Content-Length:"44"]
     Content type = application/json
             Body = No clients matching your criteria were found
    Forwarded URL = null
   Redirected URL = null
          Cookies = []
2023-07-26T14:48:58.258-05:00  INFO 54131 --- [    Test worker] o.apache.catalina.core.StandardService   : Stopping service [Tomcat]
2023-07-26T14:48:58.260-05:00  INFO 54131 --- [    Test worker] j.LocalContainerEntityManagerFactoryBean : Closing JPA EntityManagerFactory for persistence unit 'default'
2023-07-26T14:48:58.262-05:00  INFO 54131 --- [    Test worker] com.zaxxer.hikari.HikariDataSource       : HikariPool-3 - Shutdown initiated...
2023-07-26T14:48:58.263-05:00  INFO 54131 --- [    Test worker] com.zaxxer.hikari.HikariDataSource       : HikariPool-3 - Shutdown completed.

  .   ____          _            __ _ _
 /\\ / ___'_ __ _ _(_)_ __  __ _ \ \ \ \
( ( )\___ | '_ | '_| | '_ \/ _` | \ \ \ \
 \\/  ___)| |_)| | | | | || (_| |  ) ) ) )
  '  |____| .__|_| |_|_| |_\__, | / / / /
 =========|_|==============|___/=/_/_/_/
 :: Spring Boot ::                (v3.1.1)

2023-07-26T14:48:58.272-05:00  INFO 54131 --- [    Test worker] c.o.C.ClientBaseIntegrationTest          : Starting ClientBaseIntegrationTest using Java 17.0.7 with PID 54131 (started by joshjennemann in /Users/joshjennemann/Desktop/Personal_Projects/outreach-mapping-solutions-back-end/Outreach-Mapping-Solutions/outreach-mapping-solutions-BE)
2023-07-26T14:48:58.272-05:00  INFO 54131 --- [    Test worker] c.o.C.ClientBaseIntegrationTest          : No active profile set, falling back to 1 default profile: "default"
2023-07-26T14:48:58.325-05:00  INFO 54131 --- [    Test worker] .s.d.r.c.RepositoryConfigurationDelegate : Multiple Spring Data modules found, entering strict repository configuration mode
2023-07-26T14:48:58.325-05:00  INFO 54131 --- [    Test worker] .s.d.r.c.RepositoryConfigurationDelegate : Bootstrapping Spring Data JDBC repositories in DEFAULT mode.
2023-07-26T14:48:58.327-05:00  INFO 54131 --- [    Test worker] .RepositoryConfigurationExtensionSupport : Spring Data JDBC - Could not safely identify store assignment for repository candidate interface com.outreachmappingsolutions.repositories.ClientBaseRepository; If you want this repository to be a JDBC repository, consider annotating your entities with one of these annotations: org.springframework.data.relational.core.mapping.Table.
2023-07-26T14:48:58.327-05:00  INFO 54131 --- [    Test worker] .RepositoryConfigurationExtensionSupport : Spring Data JDBC - Could not safely identify store assignment for repository candidate interface com.outreachmappingsolutions.repositories.ClientContactInfoRepository; If you want this repository to be a JDBC repository, consider annotating your entities with one of these annotations: org.springframework.data.relational.core.mapping.Table.
2023-07-26T14:48:58.327-05:00  INFO 54131 --- [    Test worker] .RepositoryConfigurationExtensionSupport : Spring Data JDBC - Could not safely identify store assignment for repository candidate interface com.outreachmappingsolutions.repositories.ClientDemographicsRepository; If you want this repository to be a JDBC repository, consider annotating your entities with one of these annotations: org.springframework.data.relational.core.mapping.Table.
2023-07-26T14:48:58.327-05:00  INFO 54131 --- [    Test worker] .s.d.r.c.RepositoryConfigurationDelegate : Finished Spring Data repository scanning in 1 ms. Found 0 JDBC repository interfaces.
2023-07-26T14:48:58.328-05:00  INFO 54131 --- [    Test worker] .s.d.r.c.RepositoryConfigurationDelegate : Multiple Spring Data modules found, entering strict repository configuration mode
2023-07-26T14:48:58.328-05:00  INFO 54131 --- [    Test worker] .s.d.r.c.RepositoryConfigurationDelegate : Bootstrapping Spring Data JPA repositories in DEFAULT mode.
2023-07-26T14:48:58.332-05:00  INFO 54131 --- [    Test worker] .s.d.r.c.RepositoryConfigurationDelegate : Finished Spring Data repository scanning in 3 ms. Found 3 JPA repository interfaces.
2023-07-26T14:48:58.356-05:00  INFO 54131 --- [    Test worker] o.s.b.w.embedded.tomcat.TomcatWebServer  : Tomcat initialized with port(s): 0 (http)
2023-07-26T14:48:58.357-05:00  INFO 54131 --- [    Test worker] o.apache.catalina.core.StandardService   : Starting service [Tomcat]
2023-07-26T14:48:58.357-05:00  INFO 54131 --- [    Test worker] o.apache.catalina.core.StandardEngine    : Starting Servlet engine: [Apache Tomcat/10.1.10]
2023-07-26T14:48:58.364-05:00  INFO 54131 --- [    Test worker] o.a.c.c.C.[Tomcat].[localhost].[/]       : Initializing Spring embedded WebApplicationContext
2023-07-26T14:48:58.364-05:00  INFO 54131 --- [    Test worker] w.s.c.ServletWebServerApplicationContext : Root WebApplicationContext: initialization completed in 91 ms
2023-07-26T14:48:58.367-05:00  INFO 54131 --- [    Test worker] com.zaxxer.hikari.HikariDataSource       : HikariPool-4 - Starting...
2023-07-26T14:48:58.369-05:00  INFO 54131 --- [    Test worker] com.zaxxer.hikari.pool.HikariPool        : HikariPool-4 - Added connection conn25: url=jdbc:h2:mem:testdb user=SA
2023-07-26T14:48:58.369-05:00  INFO 54131 --- [    Test worker] com.zaxxer.hikari.HikariDataSource       : HikariPool-4 - Start completed.
2023-07-26T14:48:58.369-05:00  INFO 54131 --- [    Test worker] o.s.b.a.h2.H2ConsoleAutoConfiguration    : H2 console available at '/h2-console'. Database available at 'jdbc:h2:mem:testdb'
2023-07-26T14:48:58.379-05:00  INFO 54131 --- [    Test worker] o.hibernate.jpa.internal.util.LogHelper  : HHH000204: Processing PersistenceUnitInfo [name: default]
2023-07-26T14:48:58.381-05:00  INFO 54131 --- [    Test worker] o.h.b.i.BytecodeProviderInitiator        : HHH000021: Bytecode provider name : bytebuddy
2023-07-26T14:48:58.381-05:00  INFO 54131 --- [    Test worker] o.s.o.j.p.SpringPersistenceUnitInfo      : No LoadTimeWeaver setup: ignoring JPA class transformer
2023-07-26T14:48:58.388-05:00  INFO 54131 --- [    Test worker] o.h.b.i.BytecodeProviderInitiator        : HHH000021: Bytecode provider name : bytebuddy
2023-07-26T14:48:58.409-05:00  INFO 54131 --- [    Test worker] o.h.e.t.j.p.i.JtaPlatformInitiator       : HHH000490: Using JtaPlatform implementation: [org.hibernate.engine.transaction.jta.platform.internal.NoJtaPlatform]
2023-07-26T14:48:58.414-05:00  INFO 54131 --- [    Test worker] j.LocalContainerEntityManagerFactoryBean : Initialized JPA EntityManagerFactory for persistence unit 'default'
2023-07-26T14:48:58.434-05:00  WARN 54131 --- [    Test worker] JpaBaseConfiguration$JpaWebConfiguration : spring.jpa.open-in-view is enabled by default. Therefore, database queries may be performed during view rendering. Explicitly configure spring.jpa.open-in-view to disable this warning
2023-07-26T14:48:58.468-05:00  INFO 54131 --- [    Test worker] o.a.c.c.C.[Tomcat].[localhost].[/]       : Initializing Spring TestDispatcherServlet ''
2023-07-26T14:48:58.468-05:00  INFO 54131 --- [    Test worker] o.s.t.web.servlet.TestDispatcherServlet  : Initializing Servlet ''
2023-07-26T14:48:58.468-05:00  INFO 54131 --- [    Test worker] o.s.t.web.servlet.TestDispatcherServlet  : Completed initialization in 0 ms
2023-07-26T14:48:58.471-05:00  INFO 54131 --- [    Test worker] o.s.b.w.embedded.tomcat.TomcatWebServer  : Tomcat started on port(s): 55729 (http) with context path ''
2023-07-26T14:48:58.473-05:00  INFO 54131 --- [    Test worker] c.o.C.ClientBaseIntegrationTest          : Started ClientBaseIntegrationTest in 0.209 seconds (process running for 3.41)

MockHttpServletRequest:
      HTTP Method = GET
      Request URI = /clientBase/returnAll
       Parameters = {}
          Headers = []
             Body = null
    Session Attrs = {}

Handler:
             Type = com.outreachmappingsolutions.controllers.ClientBaseController
           Method = com.outreachmappingsolutions.controllers.ClientBaseController#returnAllClients()

Async:
    Async started = false
     Async result = null

Resolved Exception:
             Type = null

ModelAndView:
        View name = null
             View = null
            Model = null

FlashMap:
       Attributes = null

MockHttpServletResponse:
           Status = 200
    Error message = null
          Headers = [Content-Type:"application/json"]
     Content type = application/json
             Body = [{"id":1,"firstName":"Chief","middleName":null,"lastName":null,"nameDataQuality":"Partially Complete","dobMonth":null,"dobDay":null,"dobYear":null,"dobDataQuality":"Client Refused","firstThreeSsn":null,"middleTwoSsn":null,"lastFourSsn":null,"ssnDataQuality":"Client Refused","clientDemographics":{"id":1,"gender":null,"racePrimary":null,"raceSecondary":null,"ethnicity":null,"veteranStatus":null},"clientContactInfo":{"id":1,"phonePrimary":null,"phoneSecondary":null,"email":null,"iceName":null,"iceRelationship":null,"icePhonePrimary":null,"icePhoneSecondary":null,"iceEmail":null}},{"id":2,"firstName":"Wesley","middleName":null,"lastName":"Crusher","nameDataQuality":"Partially Complete","dobMonth":null,"dobDay":null,"dobYear":null,"dobDataQuality":"Client Refused","firstThreeSsn":null,"middleTwoSsn":null,"lastFourSsn":null,"ssnDataQuality":"Client Refused","clientDemographics":{"id":2,"gender":null,"racePrimary":null,"raceSecondary":null,"ethnicity":null,"veteranStatus":null},"clientContactInfo":{"id":2,"phonePrimary":null,"phoneSecondary":null,"email":null,"iceName":null,"iceRelationship":null,"icePhonePrimary":null,"icePhoneSecondary":null,"iceEmail":null}},{"id":3,"firstName":"Tom","middleName":null,"lastName":null,"nameDataQuality":"Partially Complete","dobMonth":"August","dobDay":"19","dobYear":"1952","dobDataQuality":"Data Quality Complete","firstThreeSsn":null,"middleTwoSsn":null,"lastFourSsn":null,"ssnDataQuality":"Client Refused","clientDemographics":{"id":3,"gender":null,"racePrimary":null,"raceSecondary":null,"ethnicity":null,"veteranStatus":null},"clientContactInfo":{"id":3,"phonePrimary":null,"phoneSecondary":null,"email":null,"iceName":null,"iceRelationship":null,"icePhonePrimary":null,"icePhoneSecondary":null,"iceEmail":null}}]
    Forwarded URL = null
   Redirected URL = null
          Cookies = []
2023-07-26T14:48:58.547-05:00  INFO 54131 --- [    Test worker] o.apache.catalina.core.StandardService   : Stopping service [Tomcat]
2023-07-26T14:48:58.548-05:00  INFO 54131 --- [    Test worker] j.LocalContainerEntityManagerFactoryBean : Closing JPA EntityManagerFactory for persistence unit 'default'
2023-07-26T14:48:58.550-05:00  INFO 54131 --- [    Test worker] com.zaxxer.hikari.HikariDataSource       : HikariPool-4 - Shutdown initiated...
2023-07-26T14:48:58.561-05:00  INFO 54131 --- [    Test worker] com.zaxxer.hikari.HikariDataSource       : HikariPool-4 - Shutdown completed.

  .   ____          _            __ _ _
 /\\ / ___'_ __ _ _(_)_ __  __ _ \ \ \ \
( ( )\___ | '_ | '_| | '_ \/ _` | \ \ \ \
 \\/  ___)| |_)| | | | | || (_| |  ) ) ) )
  '  |____| .__|_| |_|_| |_\__, | / / / /
 =========|_|==============|___/=/_/_/_/
 :: Spring Boot ::                (v3.1.1)

2023-07-26T14:48:58.571-05:00  INFO 54131 --- [    Test worker] c.o.C.ClientBaseIntegrationTest          : Starting ClientBaseIntegrationTest using Java 17.0.7 with PID 54131 (started by joshjennemann in /Users/joshjennemann/Desktop/Personal_Projects/outreach-mapping-solutions-back-end/Outreach-Mapping-Solutions/outreach-mapping-solutions-BE)
2023-07-26T14:48:58.572-05:00  INFO 54131 --- [    Test worker] c.o.C.ClientBaseIntegrationTest          : No active profile set, falling back to 1 default profile: "default"
2023-07-26T14:48:58.621-05:00  INFO 54131 --- [    Test worker] .s.d.r.c.RepositoryConfigurationDelegate : Multiple Spring Data modules found, entering strict repository configuration mode
2023-07-26T14:48:58.621-05:00  INFO 54131 --- [    Test worker] .s.d.r.c.RepositoryConfigurationDelegate : Bootstrapping Spring Data JDBC repositories in DEFAULT mode.
2023-07-26T14:48:58.623-05:00  INFO 54131 --- [    Test worker] .RepositoryConfigurationExtensionSupport : Spring Data JDBC - Could not safely identify store assignment for repository candidate interface com.outreachmappingsolutions.repositories.ClientBaseRepository; If you want this repository to be a JDBC repository, consider annotating your entities with one of these annotations: org.springframework.data.relational.core.mapping.Table.
2023-07-26T14:48:58.623-05:00  INFO 54131 --- [    Test worker] .RepositoryConfigurationExtensionSupport : Spring Data JDBC - Could not safely identify store assignment for repository candidate interface com.outreachmappingsolutions.repositories.ClientContactInfoRepository; If you want this repository to be a JDBC repository, consider annotating your entities with one of these annotations: org.springframework.data.relational.core.mapping.Table.
2023-07-26T14:48:58.623-05:00  INFO 54131 --- [    Test worker] .RepositoryConfigurationExtensionSupport : Spring Data JDBC - Could not safely identify store assignment for repository candidate interface com.outreachmappingsolutions.repositories.ClientDemographicsRepository; If you want this repository to be a JDBC repository, consider annotating your entities with one of these annotations: org.springframework.data.relational.core.mapping.Table.
2023-07-26T14:48:58.623-05:00  INFO 54131 --- [    Test worker] .s.d.r.c.RepositoryConfigurationDelegate : Finished Spring Data repository scanning in 1 ms. Found 0 JDBC repository interfaces.
2023-07-26T14:48:58.624-05:00  INFO 54131 --- [    Test worker] .s.d.r.c.RepositoryConfigurationDelegate : Multiple Spring Data modules found, entering strict repository configuration mode
2023-07-26T14:48:58.624-05:00  INFO 54131 --- [    Test worker] .s.d.r.c.RepositoryConfigurationDelegate : Bootstrapping Spring Data JPA repositories in DEFAULT mode.
2023-07-26T14:48:58.627-05:00  INFO 54131 --- [    Test worker] .s.d.r.c.RepositoryConfigurationDelegate : Finished Spring Data repository scanning in 3 ms. Found 3 JPA repository interfaces.
2023-07-26T14:48:58.647-05:00  INFO 54131 --- [    Test worker] o.s.b.w.embedded.tomcat.TomcatWebServer  : Tomcat initialized with port(s): 0 (http)
2023-07-26T14:48:58.648-05:00  INFO 54131 --- [    Test worker] o.apache.catalina.core.StandardService   : Starting service [Tomcat]
2023-07-26T14:48:58.648-05:00  INFO 54131 --- [    Test worker] o.apache.catalina.core.StandardEngine    : Starting Servlet engine: [Apache Tomcat/10.1.10]
2023-07-26T14:48:58.655-05:00  INFO 54131 --- [    Test worker] o.a.c.c.C.[Tomcat].[localhost].[/]       : Initializing Spring embedded WebApplicationContext
2023-07-26T14:48:58.655-05:00  INFO 54131 --- [    Test worker] w.s.c.ServletWebServerApplicationContext : Root WebApplicationContext: initialization completed in 83 ms
2023-07-26T14:48:58.657-05:00  INFO 54131 --- [    Test worker] com.zaxxer.hikari.HikariDataSource       : HikariPool-5 - Starting...
2023-07-26T14:48:58.657-05:00  INFO 54131 --- [    Test worker] com.zaxxer.hikari.pool.HikariPool        : HikariPool-5 - Added connection conn33: url=jdbc:h2:mem:testdb user=SA
2023-07-26T14:48:58.660-05:00  INFO 54131 --- [    Test worker] com.zaxxer.hikari.HikariDataSource       : HikariPool-5 - Start completed.
2023-07-26T14:48:58.661-05:00  INFO 54131 --- [    Test worker] o.s.b.a.h2.H2ConsoleAutoConfiguration    : H2 console available at '/h2-console'. Database available at 'jdbc:h2:mem:testdb'
2023-07-26T14:48:58.670-05:00  INFO 54131 --- [    Test worker] o.hibernate.jpa.internal.util.LogHelper  : HHH000204: Processing PersistenceUnitInfo [name: default]
2023-07-26T14:48:58.673-05:00  INFO 54131 --- [    Test worker] o.h.b.i.BytecodeProviderInitiator        : HHH000021: Bytecode provider name : bytebuddy
2023-07-26T14:48:58.673-05:00  INFO 54131 --- [    Test worker] o.s.o.j.p.SpringPersistenceUnitInfo      : No LoadTimeWeaver setup: ignoring JPA class transformer
2023-07-26T14:48:58.681-05:00  INFO 54131 --- [    Test worker] o.h.b.i.BytecodeProviderInitiator        : HHH000021: Bytecode provider name : bytebuddy
2023-07-26T14:48:58.702-05:00  INFO 54131 --- [    Test worker] o.h.e.t.j.p.i.JtaPlatformInitiator       : HHH000490: Using JtaPlatform implementation: [org.hibernate.engine.transaction.jta.platform.internal.NoJtaPlatform]
2023-07-26T14:48:58.706-05:00  INFO 54131 --- [    Test worker] j.LocalContainerEntityManagerFactoryBean : Initialized JPA EntityManagerFactory for persistence unit 'default'
2023-07-26T14:48:58.725-05:00  WARN 54131 --- [    Test worker] JpaBaseConfiguration$JpaWebConfiguration : spring.jpa.open-in-view is enabled by default. Therefore, database queries may be performed during view rendering. Explicitly configure spring.jpa.open-in-view to disable this warning
2023-07-26T14:48:58.758-05:00  INFO 54131 --- [    Test worker] o.a.c.c.C.[Tomcat].[localhost].[/]       : Initializing Spring TestDispatcherServlet ''
2023-07-26T14:48:58.758-05:00  INFO 54131 --- [    Test worker] o.s.t.web.servlet.TestDispatcherServlet  : Initializing Servlet ''
2023-07-26T14:48:58.758-05:00  INFO 54131 --- [    Test worker] o.s.t.web.servlet.TestDispatcherServlet  : Completed initialization in 0 ms
2023-07-26T14:48:58.762-05:00  INFO 54131 --- [    Test worker] o.s.b.w.embedded.tomcat.TomcatWebServer  : Tomcat started on port(s): 55731 (http) with context path ''
2023-07-26T14:48:58.763-05:00  INFO 54131 --- [    Test worker] c.o.C.ClientBaseIntegrationTest          : Started ClientBaseIntegrationTest in 0.2 seconds (process running for 3.7)

MockHttpServletRequest:
      HTTP Method = POST
      Request URI = /clientBase/create
       Parameters = {}
          Headers = [Content-Type:"application/json;charset=UTF-8", Accept:"application/json", Content-Length:"328"]
             Body = {"id":null,"firstName":"Chief","middleName":null,"lastName":null,"nameDataQuality":"Partially Complete","dobMonth":null,"dobDay":null,"dobYear":null,"dobDataQuality":"Client Refused","firstThreeSsn":null,"middleTwoSsn":null,"lastFourSsn":null,"ssnDataQuality":"Client Refused","clientDemographics":null,"clientContactInfo":null}
    Session Attrs = {}

Handler:
             Type = com.outreachmappingsolutions.controllers.ClientBaseController
           Method = com.outreachmappingsolutions.controllers.ClientBaseController#createNewClient(ClientBase)

Async:
    Async started = false
     Async result = null

Resolved Exception:
             Type = null

ModelAndView:
        View name = null
             View = null
            Model = null

FlashMap:
       Attributes = null

MockHttpServletResponse:
           Status = 201
    Error message = null
          Headers = [Content-Type:"application/json"]
     Content type = application/json
             Body = {"id":1,"firstName":"Chief","middleName":null,"lastName":null,"nameDataQuality":"Partially Complete","dobMonth":null,"dobDay":null,"dobYear":null,"dobDataQuality":"Client Refused","firstThreeSsn":null,"middleTwoSsn":null,"lastFourSsn":null,"ssnDataQuality":"Client Refused","clientDemographics":{"id":1,"gender":null,"racePrimary":null,"raceSecondary":null,"ethnicity":null,"veteranStatus":null},"clientContactInfo":{"id":1,"phonePrimary":null,"phoneSecondary":null,"email":null,"iceName":null,"iceRelationship":null,"icePhonePrimary":null,"icePhoneSecondary":null,"iceEmail":null}}
    Forwarded URL = null
   Redirected URL = null
          Cookies = []
2023-07-26T14:48:58.785-05:00  INFO 54131 --- [    Test worker] o.apache.catalina.core.StandardService   : Stopping service [Tomcat]
2023-07-26T14:48:58.787-05:00  INFO 54131 --- [    Test worker] j.LocalContainerEntityManagerFactoryBean : Closing JPA EntityManagerFactory for persistence unit 'default'
2023-07-26T14:48:58.788-05:00  INFO 54131 --- [    Test worker] com.zaxxer.hikari.HikariDataSource       : HikariPool-5 - Shutdown initiated...
2023-07-26T14:48:58.791-05:00  INFO 54131 --- [    Test worker] com.zaxxer.hikari.HikariDataSource       : HikariPool-5 - Shutdown completed.

  .   ____          _            __ _ _
 /\\ / ___'_ __ _ _(_)_ __  __ _ \ \ \ \
( ( )\___ | '_ | '_| | '_ \/ _` | \ \ \ \
 \\/  ___)| |_)| | | | | || (_| |  ) ) ) )
  '  |____| .__|_| |_|_| |_\__, | / / / /
 =========|_|==============|___/=/_/_/_/
 :: Spring Boot ::                (v3.1.1)

2023-07-26T14:48:58.800-05:00  INFO 54131 --- [    Test worker] c.o.C.ClientBaseIntegrationTest          : Starting ClientBaseIntegrationTest using Java 17.0.7 with PID 54131 (started by joshjennemann in /Users/joshjennemann/Desktop/Personal_Projects/outreach-mapping-solutions-back-end/Outreach-Mapping-Solutions/outreach-mapping-solutions-BE)
2023-07-26T14:48:58.800-05:00  INFO 54131 --- [    Test worker] c.o.C.ClientBaseIntegrationTest          : No active profile set, falling back to 1 default profile: "default"
2023-07-26T14:48:58.848-05:00  INFO 54131 --- [    Test worker] .s.d.r.c.RepositoryConfigurationDelegate : Multiple Spring Data modules found, entering strict repository configuration mode
2023-07-26T14:48:58.848-05:00  INFO 54131 --- [    Test worker] .s.d.r.c.RepositoryConfigurationDelegate : Bootstrapping Spring Data JDBC repositories in DEFAULT mode.
2023-07-26T14:48:58.850-05:00  INFO 54131 --- [    Test worker] .RepositoryConfigurationExtensionSupport : Spring Data JDBC - Could not safely identify store assignment for repository candidate interface com.outreachmappingsolutions.repositories.ClientBaseRepository; If you want this repository to be a JDBC repository, consider annotating your entities with one of these annotations: org.springframework.data.relational.core.mapping.Table.
2023-07-26T14:48:58.850-05:00  INFO 54131 --- [    Test worker] .RepositoryConfigurationExtensionSupport : Spring Data JDBC - Could not safely identify store assignment for repository candidate interface com.outreachmappingsolutions.repositories.ClientContactInfoRepository; If you want this repository to be a JDBC repository, consider annotating your entities with one of these annotations: org.springframework.data.relational.core.mapping.Table.
2023-07-26T14:48:58.850-05:00  INFO 54131 --- [    Test worker] .RepositoryConfigurationExtensionSupport : Spring Data JDBC - Could not safely identify store assignment for repository candidate interface com.outreachmappingsolutions.repositories.ClientDemographicsRepository; If you want this repository to be a JDBC repository, consider annotating your entities with one of these annotations: org.springframework.data.relational.core.mapping.Table.
2023-07-26T14:48:58.850-05:00  INFO 54131 --- [    Test worker] .s.d.r.c.RepositoryConfigurationDelegate : Finished Spring Data repository scanning in 2 ms. Found 0 JDBC repository interfaces.
2023-07-26T14:48:58.852-05:00  INFO 54131 --- [    Test worker] .s.d.r.c.RepositoryConfigurationDelegate : Multiple Spring Data modules found, entering strict repository configuration mode
2023-07-26T14:48:58.852-05:00  INFO 54131 --- [    Test worker] .s.d.r.c.RepositoryConfigurationDelegate : Bootstrapping Spring Data JPA repositories in DEFAULT mode.
2023-07-26T14:48:58.855-05:00  INFO 54131 --- [    Test worker] .s.d.r.c.RepositoryConfigurationDelegate : Finished Spring Data repository scanning in 3 ms. Found 3 JPA repository interfaces.
2023-07-26T14:48:58.878-05:00  INFO 54131 --- [    Test worker] o.s.b.w.embedded.tomcat.TomcatWebServer  : Tomcat initialized with port(s): 0 (http)
2023-07-26T14:48:58.879-05:00  INFO 54131 --- [    Test worker] o.apache.catalina.core.StandardService   : Starting service [Tomcat]
2023-07-26T14:48:58.879-05:00  INFO 54131 --- [    Test worker] o.apache.catalina.core.StandardEngine    : Starting Servlet engine: [Apache Tomcat/10.1.10]
2023-07-26T14:48:58.888-05:00  INFO 54131 --- [    Test worker] o.a.c.c.C.[Tomcat].[localhost].[/]       : Initializing Spring embedded WebApplicationContext
2023-07-26T14:48:58.888-05:00  INFO 54131 --- [    Test worker] w.s.c.ServletWebServerApplicationContext : Root WebApplicationContext: initialization completed in 87 ms
2023-07-26T14:48:58.889-05:00  INFO 54131 --- [    Test worker] com.zaxxer.hikari.HikariDataSource       : HikariPool-6 - Starting...
2023-07-26T14:48:58.890-05:00  INFO 54131 --- [    Test worker] com.zaxxer.hikari.pool.HikariPool        : HikariPool-6 - Added connection conn36: url=jdbc:h2:mem:testdb user=SA
2023-07-26T14:48:58.890-05:00  INFO 54131 --- [    Test worker] com.zaxxer.hikari.HikariDataSource       : HikariPool-6 - Start completed.
2023-07-26T14:48:58.890-05:00  INFO 54131 --- [    Test worker] o.s.b.a.h2.H2ConsoleAutoConfiguration    : H2 console available at '/h2-console'. Database available at 'jdbc:h2:mem:testdb'
2023-07-26T14:48:58.899-05:00  INFO 54131 --- [    Test worker] o.hibernate.jpa.internal.util.LogHelper  : HHH000204: Processing PersistenceUnitInfo [name: default]
2023-07-26T14:48:58.902-05:00  INFO 54131 --- [    Test worker] o.h.b.i.BytecodeProviderInitiator        : HHH000021: Bytecode provider name : bytebuddy
2023-07-26T14:48:58.902-05:00  INFO 54131 --- [    Test worker] o.s.o.j.p.SpringPersistenceUnitInfo      : No LoadTimeWeaver setup: ignoring JPA class transformer
2023-07-26T14:48:58.908-05:00  INFO 54131 --- [    Test worker] o.h.b.i.BytecodeProviderInitiator        : HHH000021: Bytecode provider name : bytebuddy
2023-07-26T14:48:58.929-05:00  INFO 54131 --- [    Test worker] o.h.e.t.j.p.i.JtaPlatformInitiator       : HHH000490: Using JtaPlatform implementation: [org.hibernate.engine.transaction.jta.platform.internal.NoJtaPlatform]
2023-07-26T14:48:58.933-05:00  INFO 54131 --- [    Test worker] j.LocalContainerEntityManagerFactoryBean : Initialized JPA EntityManagerFactory for persistence unit 'default'
2023-07-26T14:48:58.952-05:00  WARN 54131 --- [    Test worker] JpaBaseConfiguration$JpaWebConfiguration : spring.jpa.open-in-view is enabled by default. Therefore, database queries may be performed during view rendering. Explicitly configure spring.jpa.open-in-view to disable this warning
2023-07-26T14:48:58.987-05:00  INFO 54131 --- [    Test worker] o.a.c.c.C.[Tomcat].[localhost].[/]       : Initializing Spring TestDispatcherServlet ''
2023-07-26T14:48:58.987-05:00  INFO 54131 --- [    Test worker] o.s.t.web.servlet.TestDispatcherServlet  : Initializing Servlet ''
2023-07-26T14:48:58.987-05:00  INFO 54131 --- [    Test worker] o.s.t.web.servlet.TestDispatcherServlet  : Completed initialization in 0 ms
2023-07-26T14:48:58.991-05:00  INFO 54131 --- [    Test worker] o.s.b.w.embedded.tomcat.TomcatWebServer  : Tomcat started on port(s): 55737 (http) with context path ''
2023-07-26T14:48:58.993-05:00  INFO 54131 --- [    Test worker] c.o.C.ClientBaseIntegrationTest          : Started ClientBaseIntegrationTest in 0.2 seconds (process running for 3.93)

MockHttpServletRequest:
      HTTP Method = DELETE
      Request URI = /clientBase/delete/1
       Parameters = {}
          Headers = []
             Body = null
    Session Attrs = {}

Handler:
             Type = com.outreachmappingsolutions.controllers.ClientBaseController
           Method = com.outreachmappingsolutions.controllers.ClientBaseController#deleteClient(Integer)

Async:
    Async started = false
     Async result = null

Resolved Exception:
             Type = null

ModelAndView:
        View name = null
             View = null
            Model = null

FlashMap:
       Attributes = null

MockHttpServletResponse:
           Status = 404
    Error message = null
          Headers = [Content-Type:"text/plain;charset=UTF-8", Content-Length:"44"]
     Content type = text/plain;charset=UTF-8
             Body = No clients matching your criteria were found
    Forwarded URL = null
   Redirected URL = null
          Cookies = []
2023-07-26T14:48:59.001-05:00  INFO 54131 --- [    Test worker] o.apache.catalina.core.StandardService   : Stopping service [Tomcat]
2023-07-26T14:48:59.003-05:00  INFO 54131 --- [    Test worker] j.LocalContainerEntityManagerFactoryBean : Closing JPA EntityManagerFactory for persistence unit 'default'
2023-07-26T14:48:59.004-05:00  INFO 54131 --- [    Test worker] com.zaxxer.hikari.HikariDataSource       : HikariPool-6 - Shutdown initiated...
2023-07-26T14:48:59.008-05:00  INFO 54131 --- [    Test worker] com.zaxxer.hikari.HikariDataSource       : HikariPool-6 - Shutdown completed.

  .   ____          _            __ _ _
 /\\ / ___'_ __ _ _(_)_ __  __ _ \ \ \ \
( ( )\___ | '_ | '_| | '_ \/ _` | \ \ \ \
 \\/  ___)| |_)| | | | | || (_| |  ) ) ) )
  '  |____| .__|_| |_|_| |_\__, | / / / /
 =========|_|==============|___/=/_/_/_/
 :: Spring Boot ::                (v3.1.1)

2023-07-26T14:48:59.018-05:00  INFO 54131 --- [    Test worker] c.o.C.ClientBaseIntegrationTest          : Starting ClientBaseIntegrationTest using Java 17.0.7 with PID 54131 (started by joshjennemann in /Users/joshjennemann/Desktop/Personal_Projects/outreach-mapping-solutions-back-end/Outreach-Mapping-Solutions/outreach-mapping-solutions-BE)
2023-07-26T14:48:59.019-05:00  INFO 54131 --- [    Test worker] c.o.C.ClientBaseIntegrationTest          : No active profile set, falling back to 1 default profile: "default"
2023-07-26T14:48:59.065-05:00  INFO 54131 --- [    Test worker] .s.d.r.c.RepositoryConfigurationDelegate : Multiple Spring Data modules found, entering strict repository configuration mode
2023-07-26T14:48:59.065-05:00  INFO 54131 --- [    Test worker] .s.d.r.c.RepositoryConfigurationDelegate : Bootstrapping Spring Data JDBC repositories in DEFAULT mode.
2023-07-26T14:48:59.067-05:00  INFO 54131 --- [    Test worker] .RepositoryConfigurationExtensionSupport : Spring Data JDBC - Could not safely identify store assignment for repository candidate interface com.outreachmappingsolutions.repositories.ClientBaseRepository; If you want this repository to be a JDBC repository, consider annotating your entities with one of these annotations: org.springframework.data.relational.core.mapping.Table.
2023-07-26T14:48:59.067-05:00  INFO 54131 --- [    Test worker] .RepositoryConfigurationExtensionSupport : Spring Data JDBC - Could not safely identify store assignment for repository candidate interface com.outreachmappingsolutions.repositories.ClientContactInfoRepository; If you want this repository to be a JDBC repository, consider annotating your entities with one of these annotations: org.springframework.data.relational.core.mapping.Table.
2023-07-26T14:48:59.067-05:00  INFO 54131 --- [    Test worker] .RepositoryConfigurationExtensionSupport : Spring Data JDBC - Could not safely identify store assignment for repository candidate interface com.outreachmappingsolutions.repositories.ClientDemographicsRepository; If you want this repository to be a JDBC repository, consider annotating your entities with one of these annotations: org.springframework.data.relational.core.mapping.Table.
2023-07-26T14:48:59.067-05:00  INFO 54131 --- [    Test worker] .s.d.r.c.RepositoryConfigurationDelegate : Finished Spring Data repository scanning in 1 ms. Found 0 JDBC repository interfaces.
2023-07-26T14:48:59.068-05:00  INFO 54131 --- [    Test worker] .s.d.r.c.RepositoryConfigurationDelegate : Multiple Spring Data modules found, entering strict repository configuration mode
2023-07-26T14:48:59.068-05:00  INFO 54131 --- [    Test worker] .s.d.r.c.RepositoryConfigurationDelegate : Bootstrapping Spring Data JPA repositories in DEFAULT mode.
2023-07-26T14:48:59.072-05:00  INFO 54131 --- [    Test worker] .s.d.r.c.RepositoryConfigurationDelegate : Finished Spring Data repository scanning in 3 ms. Found 3 JPA repository interfaces.
2023-07-26T14:48:59.092-05:00  INFO 54131 --- [    Test worker] o.s.b.w.embedded.tomcat.TomcatWebServer  : Tomcat initialized with port(s): 0 (http)
2023-07-26T14:48:59.092-05:00  INFO 54131 --- [    Test worker] o.apache.catalina.core.StandardService   : Starting service [Tomcat]
2023-07-26T14:48:59.092-05:00  INFO 54131 --- [    Test worker] o.apache.catalina.core.StandardEngine    : Starting Servlet engine: [Apache Tomcat/10.1.10]
2023-07-26T14:48:59.099-05:00  INFO 54131 --- [    Test worker] o.a.c.c.C.[Tomcat].[localhost].[/]       : Initializing Spring embedded WebApplicationContext
2023-07-26T14:48:59.099-05:00  INFO 54131 --- [    Test worker] w.s.c.ServletWebServerApplicationContext : Root WebApplicationContext: initialization completed in 79 ms
2023-07-26T14:48:59.101-05:00  INFO 54131 --- [    Test worker] com.zaxxer.hikari.HikariDataSource       : HikariPool-7 - Starting...
2023-07-26T14:48:59.101-05:00  INFO 54131 --- [    Test worker] com.zaxxer.hikari.pool.HikariPool        : HikariPool-7 - Added connection conn38: url=jdbc:h2:mem:testdb user=SA
2023-07-26T14:48:59.101-05:00  INFO 54131 --- [    Test worker] com.zaxxer.hikari.HikariDataSource       : HikariPool-7 - Start completed.
2023-07-26T14:48:59.101-05:00  INFO 54131 --- [    Test worker] o.s.b.a.h2.H2ConsoleAutoConfiguration    : H2 console available at '/h2-console'. Database available at 'jdbc:h2:mem:testdb'
2023-07-26T14:48:59.109-05:00  INFO 54131 --- [    Test worker] o.hibernate.jpa.internal.util.LogHelper  : HHH000204: Processing PersistenceUnitInfo [name: default]
2023-07-26T14:48:59.111-05:00  INFO 54131 --- [    Test worker] o.h.b.i.BytecodeProviderInitiator        : HHH000021: Bytecode provider name : bytebuddy
2023-07-26T14:48:59.111-05:00  INFO 54131 --- [    Test worker] o.s.o.j.p.SpringPersistenceUnitInfo      : No LoadTimeWeaver setup: ignoring JPA class transformer
2023-07-26T14:48:59.117-05:00  INFO 54131 --- [    Test worker] o.h.b.i.BytecodeProviderInitiator        : HHH000021: Bytecode provider name : bytebuddy
2023-07-26T14:48:59.135-05:00  INFO 54131 --- [    Test worker] o.h.e.t.j.p.i.JtaPlatformInitiator       : HHH000490: Using JtaPlatform implementation: [org.hibernate.engine.transaction.jta.platform.internal.NoJtaPlatform]
2023-07-26T14:48:59.139-05:00  INFO 54131 --- [    Test worker] j.LocalContainerEntityManagerFactoryBean : Initialized JPA EntityManagerFactory for persistence unit 'default'
2023-07-26T14:48:59.155-05:00  WARN 54131 --- [    Test worker] JpaBaseConfiguration$JpaWebConfiguration : spring.jpa.open-in-view is enabled by default. Therefore, database queries may be performed during view rendering. Explicitly configure spring.jpa.open-in-view to disable this warning
2023-07-26T14:48:59.184-05:00  INFO 54131 --- [    Test worker] o.a.c.c.C.[Tomcat].[localhost].[/]       : Initializing Spring TestDispatcherServlet ''
2023-07-26T14:48:59.184-05:00  INFO 54131 --- [    Test worker] o.s.t.web.servlet.TestDispatcherServlet  : Initializing Servlet ''
2023-07-26T14:48:59.184-05:00  INFO 54131 --- [    Test worker] o.s.t.web.servlet.TestDispatcherServlet  : Completed initialization in 0 ms
2023-07-26T14:48:59.187-05:00  INFO 54131 --- [    Test worker] o.s.b.w.embedded.tomcat.TomcatWebServer  : Tomcat started on port(s): 55739 (http) with context path ''
2023-07-26T14:48:59.189-05:00  INFO 54131 --- [    Test worker] c.o.C.ClientBaseIntegrationTest          : Started ClientBaseIntegrationTest in 0.179 seconds (process running for 4.126)

MockHttpServletRequest:
      HTTP Method = GET
      Request URI = /clientBase/returnAll
       Parameters = {}
          Headers = []
             Body = null
    Session Attrs = {}

Handler:
             Type = com.outreachmappingsolutions.controllers.ClientBaseController
           Method = com.outreachmappingsolutions.controllers.ClientBaseController#returnAllClients()

Async:
    Async started = false
     Async result = null

Resolved Exception:
             Type = null

ModelAndView:
        View name = null
             View = null
            Model = null

FlashMap:
       Attributes = null

MockHttpServletResponse:
           Status = 404
    Error message = null
          Headers = [Content-Type:"text/plain;charset=UTF-8", Content-Length:"44"]
     Content type = text/plain;charset=UTF-8
             Body = No clients matching your criteria were found
    Forwarded URL = null
   Redirected URL = null
          Cookies = []
2023-07-26T14:48:59.196-05:00  INFO 54131 --- [    Test worker] o.apache.catalina.core.StandardService   : Stopping service [Tomcat]
2023-07-26T14:48:59.197-05:00  INFO 54131 --- [    Test worker] j.LocalContainerEntityManagerFactoryBean : Closing JPA EntityManagerFactory for persistence unit 'default'
2023-07-26T14:48:59.198-05:00  INFO 54131 --- [    Test worker] com.zaxxer.hikari.HikariDataSource       : HikariPool-7 - Shutdown initiated...
2023-07-26T14:48:59.199-05:00  INFO 54131 --- [    Test worker] com.zaxxer.hikari.HikariDataSource       : HikariPool-7 - Shutdown completed.

  .   ____          _            __ _ _
 /\\ / ___'_ __ _ _(_)_ __  __ _ \ \ \ \
( ( )\___ | '_ | '_| | '_ \/ _` | \ \ \ \
 \\/  ___)| |_)| | | | | || (_| |  ) ) ) )
  '  |____| .__|_| |_|_| |_\__, | / / / /
 =========|_|==============|___/=/_/_/_/
 :: Spring Boot ::                (v3.1.1)

2023-07-26T14:48:59.207-05:00  INFO 54131 --- [    Test worker] c.o.C.ClientBaseIntegrationTest          : Starting ClientBaseIntegrationTest using Java 17.0.7 with PID 54131 (started by joshjennemann in /Users/joshjennemann/Desktop/Personal_Projects/outreach-mapping-solutions-back-end/Outreach-Mapping-Solutions/outreach-mapping-solutions-BE)
2023-07-26T14:48:59.207-05:00  INFO 54131 --- [    Test worker] c.o.C.ClientBaseIntegrationTest          : No active profile set, falling back to 1 default profile: "default"
2023-07-26T14:48:59.253-05:00  INFO 54131 --- [    Test worker] .s.d.r.c.RepositoryConfigurationDelegate : Multiple Spring Data modules found, entering strict repository configuration mode
2023-07-26T14:48:59.254-05:00  INFO 54131 --- [    Test worker] .s.d.r.c.RepositoryConfigurationDelegate : Bootstrapping Spring Data JDBC repositories in DEFAULT mode.
2023-07-26T14:48:59.255-05:00  INFO 54131 --- [    Test worker] .RepositoryConfigurationExtensionSupport : Spring Data JDBC - Could not safely identify store assignment for repository candidate interface com.outreachmappingsolutions.repositories.ClientBaseRepository; If you want this repository to be a JDBC repository, consider annotating your entities with one of these annotations: org.springframework.data.relational.core.mapping.Table.
2023-07-26T14:48:59.255-05:00  INFO 54131 --- [    Test worker] .RepositoryConfigurationExtensionSupport : Spring Data JDBC - Could not safely identify store assignment for repository candidate interface com.outreachmappingsolutions.repositories.ClientContactInfoRepository; If you want this repository to be a JDBC repository, consider annotating your entities with one of these annotations: org.springframework.data.relational.core.mapping.Table.
2023-07-26T14:48:59.255-05:00  INFO 54131 --- [    Test worker] .RepositoryConfigurationExtensionSupport : Spring Data JDBC - Could not safely identify store assignment for repository candidate interface com.outreachmappingsolutions.repositories.ClientDemographicsRepository; If you want this repository to be a JDBC repository, consider annotating your entities with one of these annotations: org.springframework.data.relational.core.mapping.Table.
2023-07-26T14:48:59.255-05:00  INFO 54131 --- [    Test worker] .s.d.r.c.RepositoryConfigurationDelegate : Finished Spring Data repository scanning in 1 ms. Found 0 JDBC repository interfaces.
2023-07-26T14:48:59.256-05:00  INFO 54131 --- [    Test worker] .s.d.r.c.RepositoryConfigurationDelegate : Multiple Spring Data modules found, entering strict repository configuration mode
2023-07-26T14:48:59.256-05:00  INFO 54131 --- [    Test worker] .s.d.r.c.RepositoryConfigurationDelegate : Bootstrapping Spring Data JPA repositories in DEFAULT mode.
2023-07-26T14:48:59.259-05:00  INFO 54131 --- [    Test worker] .s.d.r.c.RepositoryConfigurationDelegate : Finished Spring Data repository scanning in 2 ms. Found 3 JPA repository interfaces.
2023-07-26T14:48:59.281-05:00  INFO 54131 --- [    Test worker] o.s.b.w.embedded.tomcat.TomcatWebServer  : Tomcat initialized with port(s): 0 (http)
2023-07-26T14:48:59.281-05:00  INFO 54131 --- [    Test worker] o.apache.catalina.core.StandardService   : Starting service [Tomcat]
2023-07-26T14:48:59.281-05:00  INFO 54131 --- [    Test worker] o.apache.catalina.core.StandardEngine    : Starting Servlet engine: [Apache Tomcat/10.1.10]
2023-07-26T14:48:59.289-05:00  INFO 54131 --- [    Test worker] o.a.c.c.C.[Tomcat].[localhost].[/]       : Initializing Spring embedded WebApplicationContext
2023-07-26T14:48:59.289-05:00  INFO 54131 --- [    Test worker] w.s.c.ServletWebServerApplicationContext : Root WebApplicationContext: initialization completed in 82 ms
2023-07-26T14:48:59.290-05:00  INFO 54131 --- [    Test worker] com.zaxxer.hikari.HikariDataSource       : HikariPool-8 - Starting...
2023-07-26T14:48:59.291-05:00  INFO 54131 --- [    Test worker] com.zaxxer.hikari.pool.HikariPool        : HikariPool-8 - Added connection conn39: url=jdbc:h2:mem:testdb user=SA
2023-07-26T14:48:59.291-05:00  INFO 54131 --- [    Test worker] com.zaxxer.hikari.HikariDataSource       : HikariPool-8 - Start completed.
2023-07-26T14:48:59.291-05:00  INFO 54131 --- [    Test worker] o.s.b.a.h2.H2ConsoleAutoConfiguration    : H2 console available at '/h2-console'. Database available at 'jdbc:h2:mem:testdb'
2023-07-26T14:48:59.299-05:00  INFO 54131 --- [    Test worker] o.hibernate.jpa.internal.util.LogHelper  : HHH000204: Processing PersistenceUnitInfo [name: default]
2023-07-26T14:48:59.302-05:00  INFO 54131 --- [    Test worker] o.h.b.i.BytecodeProviderInitiator        : HHH000021: Bytecode provider name : bytebuddy
2023-07-26T14:48:59.302-05:00  INFO 54131 --- [    Test worker] o.s.o.j.p.SpringPersistenceUnitInfo      : No LoadTimeWeaver setup: ignoring JPA class transformer
2023-07-26T14:48:59.307-05:00  INFO 54131 --- [    Test worker] o.h.b.i.BytecodeProviderInitiator        : HHH000021: Bytecode provider name : bytebuddy
2023-07-26T14:48:59.323-05:00  INFO 54131 --- [    Test worker] o.h.e.t.j.p.i.JtaPlatformInitiator       : HHH000490: Using JtaPlatform implementation: [org.hibernate.engine.transaction.jta.platform.internal.NoJtaPlatform]
2023-07-26T14:48:59.327-05:00  INFO 54131 --- [    Test worker] j.LocalContainerEntityManagerFactoryBean : Initialized JPA EntityManagerFactory for persistence unit 'default'
2023-07-26T14:48:59.347-05:00  WARN 54131 --- [    Test worker] JpaBaseConfiguration$JpaWebConfiguration : spring.jpa.open-in-view is enabled by default. Therefore, database queries may be performed during view rendering. Explicitly configure spring.jpa.open-in-view to disable this warning
2023-07-26T14:48:59.378-05:00  INFO 54131 --- [    Test worker] o.a.c.c.C.[Tomcat].[localhost].[/]       : Initializing Spring TestDispatcherServlet ''
2023-07-26T14:48:59.378-05:00  INFO 54131 --- [    Test worker] o.s.t.web.servlet.TestDispatcherServlet  : Initializing Servlet ''
2023-07-26T14:48:59.378-05:00  INFO 54131 --- [    Test worker] o.s.t.web.servlet.TestDispatcherServlet  : Completed initialization in 0 ms
2023-07-26T14:48:59.381-05:00  INFO 54131 --- [    Test worker] o.s.b.w.embedded.tomcat.TomcatWebServer  : Tomcat started on port(s): 55741 (http) with context path ''
2023-07-26T14:48:59.383-05:00  INFO 54131 --- [    Test worker] c.o.C.ClientBaseIntegrationTest          : Started ClientBaseIntegrationTest in 0.183 seconds (process running for 4.321)

MockHttpServletRequest:
      HTTP Method = DELETE
      Request URI = /clientBase/delete/1
       Parameters = {}
          Headers = []
             Body = null
    Session Attrs = {}

Handler:
             Type = com.outreachmappingsolutions.controllers.ClientBaseController
           Method = com.outreachmappingsolutions.controllers.ClientBaseController#deleteClient(Integer)

Async:
    Async started = false
     Async result = null

Resolved Exception:
             Type = null

ModelAndView:
        View name = null
             View = null
            Model = null

FlashMap:
       Attributes = null

MockHttpServletResponse:
           Status = 200
    Error message = null
          Headers = [Content-Type:"text/plain;charset=UTF-8", Content-Length:"31"]
     Content type = text/plain;charset=UTF-8
             Body = Client was successfully deleted
    Forwarded URL = null
   Redirected URL = null
          Cookies = []
2023-07-26T14:48:59.399-05:00  INFO 54131 --- [    Test worker] o.apache.catalina.core.StandardService   : Stopping service [Tomcat]
2023-07-26T14:48:59.400-05:00  INFO 54131 --- [    Test worker] j.LocalContainerEntityManagerFactoryBean : Closing JPA EntityManagerFactory for persistence unit 'default'
2023-07-26T14:48:59.401-05:00  INFO 54131 --- [    Test worker] com.zaxxer.hikari.HikariDataSource       : HikariPool-8 - Shutdown initiated...
2023-07-26T14:48:59.409-05:00  INFO 54131 --- [    Test worker] com.zaxxer.hikari.HikariDataSource       : HikariPool-8 - Shutdown completed.

  .   ____          _            __ _ _
 /\\ / ___'_ __ _ _(_)_ __  __ _ \ \ \ \
( ( )\___ | '_ | '_| | '_ \/ _` | \ \ \ \
 \\/  ___)| |_)| | | | | || (_| |  ) ) ) )
  '  |____| .__|_| |_|_| |_\__, | / / / /
 =========|_|==============|___/=/_/_/_/
 :: Spring Boot ::                (v3.1.1)

2023-07-26T14:48:59.417-05:00  INFO 54131 --- [    Test worker] c.o.C.ClientBaseIntegrationTest          : Starting ClientBaseIntegrationTest using Java 17.0.7 with PID 54131 (started by joshjennemann in /Users/joshjennemann/Desktop/Personal_Projects/outreach-mapping-solutions-back-end/Outreach-Mapping-Solutions/outreach-mapping-solutions-BE)
2023-07-26T14:48:59.417-05:00  INFO 54131 --- [    Test worker] c.o.C.ClientBaseIntegrationTest          : No active profile set, falling back to 1 default profile: "default"
2023-07-26T14:48:59.558-05:00  INFO 54131 --- [    Test worker] .s.d.r.c.RepositoryConfigurationDelegate : Multiple Spring Data modules found, entering strict repository configuration mode
2023-07-26T14:48:59.558-05:00  INFO 54131 --- [    Test worker] .s.d.r.c.RepositoryConfigurationDelegate : Bootstrapping Spring Data JDBC repositories in DEFAULT mode.
2023-07-26T14:48:59.560-05:00  INFO 54131 --- [    Test worker] .RepositoryConfigurationExtensionSupport : Spring Data JDBC - Could not safely identify store assignment for repository candidate interface com.outreachmappingsolutions.repositories.ClientBaseRepository; If you want this repository to be a JDBC repository, consider annotating your entities with one of these annotations: org.springframework.data.relational.core.mapping.Table.
2023-07-26T14:48:59.560-05:00  INFO 54131 --- [    Test worker] .RepositoryConfigurationExtensionSupport : Spring Data JDBC - Could not safely identify store assignment for repository candidate interface com.outreachmappingsolutions.repositories.ClientContactInfoRepository; If you want this repository to be a JDBC repository, consider annotating your entities with one of these annotations: org.springframework.data.relational.core.mapping.Table.
2023-07-26T14:48:59.560-05:00  INFO 54131 --- [    Test worker] .RepositoryConfigurationExtensionSupport : Spring Data JDBC - Could not safely identify store assignment for repository candidate interface com.outreachmappingsolutions.repositories.ClientDemographicsRepository; If you want this repository to be a JDBC repository, consider annotating your entities with one of these annotations: org.springframework.data.relational.core.mapping.Table.
2023-07-26T14:48:59.560-05:00  INFO 54131 --- [    Test worker] .s.d.r.c.RepositoryConfigurationDelegate : Finished Spring Data repository scanning in 1 ms. Found 0 JDBC repository interfaces.
2023-07-26T14:48:59.561-05:00  INFO 54131 --- [    Test worker] .s.d.r.c.RepositoryConfigurationDelegate : Multiple Spring Data modules found, entering strict repository configuration mode
2023-07-26T14:48:59.561-05:00  INFO 54131 --- [    Test worker] .s.d.r.c.RepositoryConfigurationDelegate : Bootstrapping Spring Data JPA repositories in DEFAULT mode.
2023-07-26T14:48:59.564-05:00  INFO 54131 --- [    Test worker] .s.d.r.c.RepositoryConfigurationDelegate : Finished Spring Data repository scanning in 3 ms. Found 3 JPA repository interfaces.
2023-07-26T14:48:59.586-05:00  INFO 54131 --- [    Test worker] o.s.b.w.embedded.tomcat.TomcatWebServer  : Tomcat initialized with port(s): 0 (http)
2023-07-26T14:48:59.587-05:00  INFO 54131 --- [    Test worker] o.apache.catalina.core.StandardService   : Starting service [Tomcat]
2023-07-26T14:48:59.587-05:00  INFO 54131 --- [    Test worker] o.apache.catalina.core.StandardEngine    : Starting Servlet engine: [Apache Tomcat/10.1.10]
2023-07-26T14:48:59.594-05:00  INFO 54131 --- [    Test worker] o.a.c.c.C.[Tomcat].[localhost].[/]       : Initializing Spring embedded WebApplicationContext
2023-07-26T14:48:59.594-05:00  INFO 54131 --- [    Test worker] w.s.c.ServletWebServerApplicationContext : Root WebApplicationContext: initialization completed in 177 ms
2023-07-26T14:48:59.596-05:00  INFO 54131 --- [    Test worker] com.zaxxer.hikari.HikariDataSource       : HikariPool-9 - Starting...
2023-07-26T14:48:59.596-05:00  INFO 54131 --- [    Test worker] com.zaxxer.hikari.pool.HikariPool        : HikariPool-9 - Added connection conn41: url=jdbc:h2:mem:testdb user=SA
2023-07-26T14:48:59.596-05:00  INFO 54131 --- [    Test worker] com.zaxxer.hikari.HikariDataSource       : HikariPool-9 - Start completed.
2023-07-26T14:48:59.596-05:00  INFO 54131 --- [    Test worker] o.s.b.a.h2.H2ConsoleAutoConfiguration    : H2 console available at '/h2-console'. Database available at 'jdbc:h2:mem:testdb'
2023-07-26T14:48:59.607-05:00  INFO 54131 --- [    Test worker] o.hibernate.jpa.internal.util.LogHelper  : HHH000204: Processing PersistenceUnitInfo [name: default]
2023-07-26T14:48:59.609-05:00  INFO 54131 --- [    Test worker] o.h.b.i.BytecodeProviderInitiator        : HHH000021: Bytecode provider name : bytebuddy
2023-07-26T14:48:59.609-05:00  INFO 54131 --- [    Test worker] o.s.o.j.p.SpringPersistenceUnitInfo      : No LoadTimeWeaver setup: ignoring JPA class transformer
2023-07-26T14:48:59.614-05:00  INFO 54131 --- [    Test worker] o.h.b.i.BytecodeProviderInitiator        : HHH000021: Bytecode provider name : bytebuddy
2023-07-26T14:48:59.632-05:00  INFO 54131 --- [    Test worker] o.h.e.t.j.p.i.JtaPlatformInitiator       : HHH000490: Using JtaPlatform implementation: [org.hibernate.engine.transaction.jta.platform.internal.NoJtaPlatform]
2023-07-26T14:48:59.635-05:00  INFO 54131 --- [    Test worker] j.LocalContainerEntityManagerFactoryBean : Initialized JPA EntityManagerFactory for persistence unit 'default'
2023-07-26T14:48:59.652-05:00  WARN 54131 --- [    Test worker] JpaBaseConfiguration$JpaWebConfiguration : spring.jpa.open-in-view is enabled by default. Therefore, database queries may be performed during view rendering. Explicitly configure spring.jpa.open-in-view to disable this warning
2023-07-26T14:48:59.686-05:00  INFO 54131 --- [    Test worker] o.a.c.c.C.[Tomcat].[localhost].[/]       : Initializing Spring TestDispatcherServlet ''
2023-07-26T14:48:59.686-05:00  INFO 54131 --- [    Test worker] o.s.t.web.servlet.TestDispatcherServlet  : Initializing Servlet ''
2023-07-26T14:48:59.686-05:00  INFO 54131 --- [    Test worker] o.s.t.web.servlet.TestDispatcherServlet  : Completed initialization in 0 ms
2023-07-26T14:48:59.689-05:00  INFO 54131 --- [    Test worker] o.s.b.w.embedded.tomcat.TomcatWebServer  : Tomcat started on port(s): 55743 (http) with context path ''
2023-07-26T14:48:59.691-05:00  INFO 54131 --- [    Test worker] c.o.C.ClientBaseIntegrationTest          : Started ClientBaseIntegrationTest in 0.28 seconds (process running for 4.628)

MockHttpServletRequest:
      HTTP Method = PUT
      Request URI = /clientBase/update/1
       Parameters = {}
          Headers = [Content-Type:"application/json;charset=UTF-8", Accept:"application/json", Content-Length:"354"]
             Body = {"id":null,"firstName":"Miles","middleName":"Edward","lastName":"O'Brien","nameDataQuality":"Data Quality Complete","dobMonth":"June","dobDay":"9","dobYear":"1959","dobDataQuality":"Data Quality Complete","firstThreeSsn":111,"middleTwoSsn":11,"lastFourSsn":1111,"ssnDataQuality":"Data Quality Complete","clientDemographics":null,"clientContactInfo":null}
    Session Attrs = {}

Handler:
             Type = com.outreachmappingsolutions.controllers.ClientBaseController
           Method = com.outreachmappingsolutions.controllers.ClientBaseController#updateClient(Integer, ClientBase)

Async:
    Async started = false
     Async result = null

Resolved Exception:
             Type = null

ModelAndView:
        View name = null
             View = null
            Model = null

FlashMap:
       Attributes = null

MockHttpServletResponse:
           Status = 200
    Error message = null
          Headers = [Content-Type:"application/json"]
     Content type = application/json
             Body = {"id":1,"firstName":"Miles","middleName":"Edward","lastName":"O'Brien","nameDataQuality":"Data Quality Complete","dobMonth":"June","dobDay":"9","dobYear":"1959","dobDataQuality":"Data Quality Complete","firstThreeSsn":111,"middleTwoSsn":11,"lastFourSsn":1111,"ssnDataQuality":"Data Quality Complete","clientDemographics":{"id":1,"gender":null,"racePrimary":null,"raceSecondary":null,"ethnicity":null,"veteranStatus":null},"clientContactInfo":{"id":1,"phonePrimary":null,"phoneSecondary":null,"email":null,"iceName":null,"iceRelationship":null,"icePhonePrimary":null,"icePhoneSecondary":null,"iceEmail":null}}
    Forwarded URL = null
   Redirected URL = null
          Cookies = []
2023-07-26T14:48:59.710-05:00  INFO 54131 --- [    Test worker] o.apache.catalina.core.StandardService   : Stopping service [Tomcat]
2023-07-26T14:48:59.718-05:00  INFO 54131 --- [    Test worker] j.LocalContainerEntityManagerFactoryBean : Closing JPA EntityManagerFactory for persistence unit 'default'
2023-07-26T14:48:59.719-05:00  INFO 54131 --- [    Test worker] com.zaxxer.hikari.HikariDataSource       : HikariPool-9 - Shutdown initiated...
2023-07-26T14:48:59.724-05:00  INFO 54131 --- [    Test worker] com.zaxxer.hikari.HikariDataSource       : HikariPool-9 - Shutdown completed.
]]></system-out>
  <system-err><![CDATA[]]></system-err>
</testsuite>
