<?xml version="1.0" encoding="UTF-8"?>
<testsuite name="com.outreachmappingsolutions.Models.ClientContactInfoUnitTest" tests="2" skipped="0" failures="0" errors="0" timestamp="2023-07-22T02:21:58" hostname="Joshs-Air.lan" time="0.014">
  <properties/>
  <testcase name="testDefaultClientContactInfoContstructor()" classname="com.outreachmappingsolutions.Models.ClientContactInfoUnitTest" time="0.01"/>
  <testcase name="testClientContactInfoProperties()" classname="com.outreachmappingsolutions.Models.ClientContactInfoUnitTest" time="0.003"/>
  <system-out><![CDATA[]]></system-out>
  <system-err><![CDATA[]]></system-err>
</testsuite>
