<?xml version="1.0" encoding="UTF-8"?>
<testsuite name="com.outreachmappingsolutions.Services.ClientContactInfoServiceUnitTest" tests="6" skipped="0" failures="0" errors="0" timestamp="2023-07-22T05:46:05" hostname="Joshs-Air.lan" time="0.407">
  <properties/>
  <testcase name="testReturnClientContactInfoByClientIdNotFound()" classname="com.outreachmappingsolutions.Services.ClientContactInfoServiceUnitTest" time="0.392"/>
  <testcase name="testUpdateClientContactInfoNotFound()" classname="com.outreachmappingsolutions.Services.ClientContactInfoServiceUnitTest" time="0.002"/>
  <testcase name="testReturnAllClientContactInfoNotFound()" classname="com.outreachmappingsolutions.Services.ClientContactInfoServiceUnitTest" time="0.002"/>
  <testcase name="testReturnClientContactInfoByClientIdSuccess()" classname="com.outreachmappingsolutions.Services.ClientContactInfoServiceUnitTest" time="0.001"/>
  <testcase name="testUpdateClientContactInfoSuccess()" classname="com.outreachmappingsolutions.Services.ClientContactInfoServiceUnitTest" time="0.003"/>
  <testcase name="testReturnAllClientContactInfoSuccess()" classname="com.outreachmappingsolutions.Services.ClientContactInfoServiceUnitTest" time="0.002"/>
  <system-out><![CDATA[]]></system-out>
  <system-err><![CDATA[]]></system-err>
</testsuite>
