<?xml version="1.0" encoding="UTF-8"?>
<testsuite name="com.outreachmappingsolutions.Controllers.ClientBaseControllerIntegrationTest" tests="9" skipped="0" failures="0" errors="0" timestamp="2023-07-28T17:01:02" hostname="Joshs-Air.lan" time="2.243">
  <properties/>
  <testcase name="testReturnClientByIdNotFound()" classname="com.outreachmappingsolutions.Controllers.ClientBaseControllerIntegrationTest" time="0.178"/>
  <testcase name="testReturnClientByIdSuccess()" classname="com.outreachmappingsolutions.Controllers.ClientBaseControllerIntegrationTest" time="0.058"/>
  <testcase name="testUpdateClientNotFound()" classname="com.outreachmappingsolutions.Controllers.ClientBaseControllerIntegrationTest" time="0.037"/>
  <testcase name="testReturnAllClientsSuccess()" classname="com.outreachmappingsolutions.Controllers.ClientBaseControllerIntegrationTest" time="0.081"/>
  <testcase name="testCreateNewClientTestSuccess()" classname="com.outreachmappingsolutions.Controllers.ClientBaseControllerIntegrationTest" time="0.028"/>
  <testcase name="testDeleteClientNotFound()" classname="com.outreachmappingsolutions.Controllers.ClientBaseControllerIntegrationTest" time="0.019"/>
  <testcase name="testReturnAllClientsNotFound()" classname="com.outreachmappingsolutions.Controllers.ClientBaseControllerIntegrationTest" time="0.024"/>
  <testcase name="testDeleteClientSuccess()" classname="com.outreachmappingsolutions.Controllers.ClientBaseControllerIntegrationTest" time="0.028"/>
  <testcase name="testUpdateClientSuccess()" classname="com.outreachmappingsolutions.Controllers.ClientBaseControllerIntegrationTest" time="0.027"/>
  <system-out><![CDATA[12:01:00.655 [Test worker] INFO org.springframework.test.context.support.AnnotationConfigContextLoaderUtils -- Could not detect default configuration classes for test class [com.outreachmappingsolutions.Controllers.ClientBaseControllerIntegrationTest]: ClientBaseControllerIntegrationTest does not declare any static, non-private, non-final, nested classes annotated with @Configuration.
12:01:00.715 [Test worker] INFO org.springframework.boot.test.context.SpringBootTestContextBootstrapper -- Found @SpringBootConfiguration com.outreachmappingsolutions.OutreachMappingSolutionsApplication for test class com.outreachmappingsolutions.Controllers.ClientBaseControllerIntegrationTest

  .   ____          _            __ _ _
 /\\ / ___'_ __ _ _(_)_ __  __ _ \ \ \ \
( ( )\___ | '_ | '_| | '_ \/ _` | \ \ \ \
 \\/  ___)| |_)| | | | | || (_| |  ) ) ) )
  '  |____| .__|_| |_|_| |_\__, | / / / /
 =========|_|==============|___/=/_/_/_/
 :: Spring Boot ::                (v3.1.1)

2023-07-28T12:01:00.892-05:00  INFO 72170 --- [    Test worker] .o.C.ClientBaseControllerIntegrationTest : Starting ClientBaseControllerIntegrationTest using Java 17.0.7 with PID 72170 (started by joshjennemann in /Users/joshjennemann/Desktop/Personal_Projects/outreach-mapping-solutions-back-end/Outreach-Mapping-Solutions/outreach-mapping-solutions-BE)
2023-07-28T12:01:00.892-05:00  INFO 72170 --- [    Test worker] .o.C.ClientBaseControllerIntegrationTest : No active profile set, falling back to 1 default profile: "default"
2023-07-28T12:01:01.171-05:00  INFO 72170 --- [    Test worker] .s.d.r.c.RepositoryConfigurationDelegate : Multiple Spring Data modules found, entering strict repository configuration mode
2023-07-28T12:01:01.172-05:00  INFO 72170 --- [    Test worker] .s.d.r.c.RepositoryConfigurationDelegate : Bootstrapping Spring Data JDBC repositories in DEFAULT mode.
2023-07-28T12:01:01.186-05:00  INFO 72170 --- [    Test worker] .RepositoryConfigurationExtensionSupport : Spring Data JDBC - Could not safely identify store assignment for repository candidate interface com.outreachmappingsolutions.repositories.ClientBaseRepository; If you want this repository to be a JDBC repository, consider annotating your entities with one of these annotations: org.springframework.data.relational.core.mapping.Table.
2023-07-28T12:01:01.187-05:00  INFO 72170 --- [    Test worker] .RepositoryConfigurationExtensionSupport : Spring Data JDBC - Could not safely identify store assignment for repository candidate interface com.outreachmappingsolutions.repositories.ClientContactInfoRepository; If you want this repository to be a JDBC repository, consider annotating your entities with one of these annotations: org.springframework.data.relational.core.mapping.Table.
2023-07-28T12:01:01.187-05:00  INFO 72170 --- [    Test worker] .RepositoryConfigurationExtensionSupport : Spring Data JDBC - Could not safely identify store assignment for repository candidate interface com.outreachmappingsolutions.repositories.ClientDemographicsRepository; If you want this repository to be a JDBC repository, consider annotating your entities with one of these annotations: org.springframework.data.relational.core.mapping.Table.
2023-07-28T12:01:01.187-05:00  INFO 72170 --- [    Test worker] .s.d.r.c.RepositoryConfigurationDelegate : Finished Spring Data repository scanning in 13 ms. Found 0 JDBC repository interfaces.
2023-07-28T12:01:01.192-05:00  INFO 72170 --- [    Test worker] .s.d.r.c.RepositoryConfigurationDelegate : Multiple Spring Data modules found, entering strict repository configuration mode
2023-07-28T12:01:01.192-05:00  INFO 72170 --- [    Test worker] .s.d.r.c.RepositoryConfigurationDelegate : Bootstrapping Spring Data JPA repositories in DEFAULT mode.
2023-07-28T12:01:01.208-05:00  INFO 72170 --- [    Test worker] .s.d.r.c.RepositoryConfigurationDelegate : Finished Spring Data repository scanning in 13 ms. Found 3 JPA repository interfaces.
2023-07-28T12:01:01.433-05:00  INFO 72170 --- [    Test worker] o.s.b.w.embedded.tomcat.TomcatWebServer  : Tomcat initialized with port(s): 0 (http)
2023-07-28T12:01:01.438-05:00  INFO 72170 --- [    Test worker] o.apache.catalina.core.StandardService   : Starting service [Tomcat]
2023-07-28T12:01:01.438-05:00  INFO 72170 --- [    Test worker] o.apache.catalina.core.StandardEngine    : Starting Servlet engine: [Apache Tomcat/10.1.10]
2023-07-28T12:01:01.486-05:00  INFO 72170 --- [    Test worker] o.a.c.c.C.[Tomcat].[localhost].[/]       : Initializing Spring embedded WebApplicationContext
2023-07-28T12:01:01.487-05:00  INFO 72170 --- [    Test worker] w.s.c.ServletWebServerApplicationContext : Root WebApplicationContext: initialization completed in 588 ms
2023-07-28T12:01:01.503-05:00  INFO 72170 --- [    Test worker] com.zaxxer.hikari.HikariDataSource       : HikariPool-1 - Starting...
2023-07-28T12:01:01.595-05:00  INFO 72170 --- [    Test worker] com.zaxxer.hikari.pool.HikariPool        : HikariPool-1 - Added connection conn0: url=jdbc:h2:mem:testdb user=SA
2023-07-28T12:01:01.596-05:00  INFO 72170 --- [    Test worker] com.zaxxer.hikari.HikariDataSource       : HikariPool-1 - Start completed.
2023-07-28T12:01:01.602-05:00  INFO 72170 --- [    Test worker] o.s.b.a.h2.H2ConsoleAutoConfiguration    : H2 console available at '/h2-console'. Database available at 'jdbc:h2:mem:testdb'
2023-07-28T12:01:01.672-05:00  INFO 72170 --- [    Test worker] o.hibernate.jpa.internal.util.LogHelper  : HHH000204: Processing PersistenceUnitInfo [name: default]
2023-07-28T12:01:01.697-05:00  INFO 72170 --- [    Test worker] org.hibernate.Version                    : HHH000412: Hibernate ORM core version 6.2.5.Final
2023-07-28T12:01:01.699-05:00  INFO 72170 --- [    Test worker] org.hibernate.cfg.Environment            : HHH000406: Using bytecode reflection optimizer
2023-07-28T12:01:01.756-05:00  INFO 72170 --- [    Test worker] o.h.b.i.BytecodeProviderInitiator        : HHH000021: Bytecode provider name : bytebuddy
2023-07-28T12:01:01.812-05:00  INFO 72170 --- [    Test worker] o.s.o.j.p.SpringPersistenceUnitInfo      : No LoadTimeWeaver setup: ignoring JPA class transformer
2023-07-28T12:01:01.912-05:00  INFO 72170 --- [    Test worker] o.h.b.i.BytecodeProviderInitiator        : HHH000021: Bytecode provider name : bytebuddy
2023-07-28T12:01:02.210-05:00  INFO 72170 --- [    Test worker] o.h.e.t.j.p.i.JtaPlatformInitiator       : HHH000490: Using JtaPlatform implementation: [org.hibernate.engine.transaction.jta.platform.internal.NoJtaPlatform]
2023-07-28T12:01:02.232-05:00  INFO 72170 --- [    Test worker] j.LocalContainerEntityManagerFactoryBean : Initialized JPA EntityManagerFactory for persistence unit 'default'
2023-07-28T12:01:02.393-05:00  WARN 72170 --- [    Test worker] JpaBaseConfiguration$JpaWebConfiguration : spring.jpa.open-in-view is enabled by default. Therefore, database queries may be performed during view rendering. Explicitly configure spring.jpa.open-in-view to disable this warning
2023-07-28T12:01:02.580-05:00  INFO 72170 --- [    Test worker] o.a.c.c.C.[Tomcat].[localhost].[/]       : Initializing Spring TestDispatcherServlet ''
2023-07-28T12:01:02.580-05:00  INFO 72170 --- [    Test worker] o.s.t.web.servlet.TestDispatcherServlet  : Initializing Servlet ''
2023-07-28T12:01:02.581-05:00  INFO 72170 --- [    Test worker] o.s.t.web.servlet.TestDispatcherServlet  : Completed initialization in 1 ms
2023-07-28T12:01:02.605-05:00  INFO 72170 --- [    Test worker] o.s.b.w.embedded.tomcat.TomcatWebServer  : Tomcat started on port(s): 57383 (http) with context path ''
2023-07-28T12:01:02.610-05:00  INFO 72170 --- [    Test worker] .o.C.ClientBaseControllerIntegrationTest : Started ClientBaseControllerIntegrationTest in 1.838 seconds (process running for 2.376)

MockHttpServletRequest:
      HTTP Method = GET
      Request URI = /clientBase/return/1
       Parameters = {}
          Headers = []
             Body = null
    Session Attrs = {}

Handler:
             Type = com.outreachmappingsolutions.controllers.ClientBaseController
           Method = com.outreachmappingsolutions.controllers.ClientBaseController#returnClientById(Integer)

Async:
    Async started = false
     Async result = null

Resolved Exception:
             Type = null

ModelAndView:
        View name = null
             View = null
            Model = null

FlashMap:
       Attributes = null

MockHttpServletResponse:
           Status = 404
    Error message = null
          Headers = [Content-Type:"text/plain;charset=UTF-8", Content-Length:"44"]
     Content type = text/plain;charset=UTF-8
             Body = No clients matching your criteria were found
    Forwarded URL = null
   Redirected URL = null
          Cookies = []
2023-07-28T12:01:02.775-05:00  INFO 72170 --- [    Test worker] o.apache.catalina.core.StandardService   : Stopping service [Tomcat]
2023-07-28T12:01:02.782-05:00  INFO 72170 --- [    Test worker] j.LocalContainerEntityManagerFactoryBean : Closing JPA EntityManagerFactory for persistence unit 'default'
2023-07-28T12:01:02.785-05:00  INFO 72170 --- [    Test worker] com.zaxxer.hikari.HikariDataSource       : HikariPool-1 - Shutdown initiated...
2023-07-28T12:01:02.787-05:00  INFO 72170 --- [    Test worker] com.zaxxer.hikari.HikariDataSource       : HikariPool-1 - Shutdown completed.

  .   ____          _            __ _ _
 /\\ / ___'_ __ _ _(_)_ __  __ _ \ \ \ \
( ( )\___ | '_ | '_| | '_ \/ _` | \ \ \ \
 \\/  ___)| |_)| | | | | || (_| |  ) ) ) )
  '  |____| .__|_| |_|_| |_\__, | / / / /
 =========|_|==============|___/=/_/_/_/
 :: Spring Boot ::                (v3.1.1)

2023-07-28T12:01:02.804-05:00  INFO 72170 --- [    Test worker] .o.C.ClientBaseControllerIntegrationTest : Starting ClientBaseControllerIntegrationTest using Java 17.0.7 with PID 72170 (started by joshjennemann in /Users/joshjennemann/Desktop/Personal_Projects/outreach-mapping-solutions-back-end/Outreach-Mapping-Solutions/outreach-mapping-solutions-BE)
2023-07-28T12:01:02.805-05:00  INFO 72170 --- [    Test worker] .o.C.ClientBaseControllerIntegrationTest : No active profile set, falling back to 1 default profile: "default"
2023-07-28T12:01:02.870-05:00  INFO 72170 --- [    Test worker] .s.d.r.c.RepositoryConfigurationDelegate : Multiple Spring Data modules found, entering strict repository configuration mode
2023-07-28T12:01:02.871-05:00  INFO 72170 --- [    Test worker] .s.d.r.c.RepositoryConfigurationDelegate : Bootstrapping Spring Data JDBC repositories in DEFAULT mode.
2023-07-28T12:01:02.873-05:00  INFO 72170 --- [    Test worker] .RepositoryConfigurationExtensionSupport : Spring Data JDBC - Could not safely identify store assignment for repository candidate interface com.outreachmappingsolutions.repositories.ClientBaseRepository; If you want this repository to be a JDBC repository, consider annotating your entities with one of these annotations: org.springframework.data.relational.core.mapping.Table.
2023-07-28T12:01:02.873-05:00  INFO 72170 --- [    Test worker] .RepositoryConfigurationExtensionSupport : Spring Data JDBC - Could not safely identify store assignment for repository candidate interface com.outreachmappingsolutions.repositories.ClientContactInfoRepository; If you want this repository to be a JDBC repository, consider annotating your entities with one of these annotations: org.springframework.data.relational.core.mapping.Table.
2023-07-28T12:01:02.873-05:00  INFO 72170 --- [    Test worker] .RepositoryConfigurationExtensionSupport : Spring Data JDBC - Could not safely identify store assignment for repository candidate interface com.outreachmappingsolutions.repositories.ClientDemographicsRepository; If you want this repository to be a JDBC repository, consider annotating your entities with one of these annotations: org.springframework.data.relational.core.mapping.Table.
2023-07-28T12:01:02.873-05:00  INFO 72170 --- [    Test worker] .s.d.r.c.RepositoryConfigurationDelegate : Finished Spring Data repository scanning in 2 ms. Found 0 JDBC repository interfaces.
2023-07-28T12:01:02.874-05:00  INFO 72170 --- [    Test worker] .s.d.r.c.RepositoryConfigurationDelegate : Multiple Spring Data modules found, entering strict repository configuration mode
2023-07-28T12:01:02.874-05:00  INFO 72170 --- [    Test worker] .s.d.r.c.RepositoryConfigurationDelegate : Bootstrapping Spring Data JPA repositories in DEFAULT mode.
2023-07-28T12:01:02.879-05:00  INFO 72170 --- [    Test worker] .s.d.r.c.RepositoryConfigurationDelegate : Finished Spring Data repository scanning in 4 ms. Found 3 JPA repository interfaces.
2023-07-28T12:01:02.926-05:00  INFO 72170 --- [    Test worker] o.s.b.w.embedded.tomcat.TomcatWebServer  : Tomcat initialized with port(s): 0 (http)
2023-07-28T12:01:02.927-05:00  INFO 72170 --- [    Test worker] o.apache.catalina.core.StandardService   : Starting service [Tomcat]
2023-07-28T12:01:02.927-05:00  INFO 72170 --- [    Test worker] o.apache.catalina.core.StandardEngine    : Starting Servlet engine: [Apache Tomcat/10.1.10]
2023-07-28T12:01:02.934-05:00  INFO 72170 --- [    Test worker] o.a.c.c.C.[Tomcat].[localhost].[/]       : Initializing Spring embedded WebApplicationContext
2023-07-28T12:01:02.935-05:00  INFO 72170 --- [    Test worker] w.s.c.ServletWebServerApplicationContext : Root WebApplicationContext: initialization completed in 130 ms
2023-07-28T12:01:02.941-05:00  INFO 72170 --- [    Test worker] com.zaxxer.hikari.HikariDataSource       : HikariPool-2 - Starting...
2023-07-28T12:01:02.942-05:00  INFO 72170 --- [    Test worker] com.zaxxer.hikari.pool.HikariPool        : HikariPool-2 - Added connection conn10: url=jdbc:h2:mem:testdb user=SA
2023-07-28T12:01:02.942-05:00  INFO 72170 --- [    Test worker] com.zaxxer.hikari.HikariDataSource       : HikariPool-2 - Start completed.
2023-07-28T12:01:02.942-05:00  INFO 72170 --- [    Test worker] o.s.b.a.h2.H2ConsoleAutoConfiguration    : H2 console available at '/h2-console'. Database available at 'jdbc:h2:mem:testdb'
2023-07-28T12:01:02.956-05:00  INFO 72170 --- [    Test worker] o.hibernate.jpa.internal.util.LogHelper  : HHH000204: Processing PersistenceUnitInfo [name: default]
2023-07-28T12:01:02.958-05:00  INFO 72170 --- [    Test worker] o.h.b.i.BytecodeProviderInitiator        : HHH000021: Bytecode provider name : bytebuddy
2023-07-28T12:01:02.958-05:00  INFO 72170 --- [    Test worker] o.s.o.j.p.SpringPersistenceUnitInfo      : No LoadTimeWeaver setup: ignoring JPA class transformer
2023-07-28T12:01:02.966-05:00  INFO 72170 --- [    Test worker] o.h.b.i.BytecodeProviderInitiator        : HHH000021: Bytecode provider name : bytebuddy
2023-07-28T12:01:02.996-05:00  INFO 72170 --- [    Test worker] o.h.e.t.j.p.i.JtaPlatformInitiator       : HHH000490: Using JtaPlatform implementation: [org.hibernate.engine.transaction.jta.platform.internal.NoJtaPlatform]
2023-07-28T12:01:03.001-05:00  INFO 72170 --- [    Test worker] j.LocalContainerEntityManagerFactoryBean : Initialized JPA EntityManagerFactory for persistence unit 'default'
2023-07-28T12:01:03.030-05:00  WARN 72170 --- [    Test worker] JpaBaseConfiguration$JpaWebConfiguration : spring.jpa.open-in-view is enabled by default. Therefore, database queries may be performed during view rendering. Explicitly configure spring.jpa.open-in-view to disable this warning
2023-07-28T12:01:03.080-05:00  INFO 72170 --- [    Test worker] o.a.c.c.C.[Tomcat].[localhost].[/]       : Initializing Spring TestDispatcherServlet ''
2023-07-28T12:01:03.080-05:00  INFO 72170 --- [    Test worker] o.s.t.web.servlet.TestDispatcherServlet  : Initializing Servlet ''
2023-07-28T12:01:03.080-05:00  INFO 72170 --- [    Test worker] o.s.t.web.servlet.TestDispatcherServlet  : Completed initialization in 0 ms
2023-07-28T12:01:03.086-05:00  INFO 72170 --- [    Test worker] o.s.b.w.embedded.tomcat.TomcatWebServer  : Tomcat started on port(s): 57389 (http) with context path ''
2023-07-28T12:01:03.088-05:00  INFO 72170 --- [    Test worker] .o.C.ClientBaseControllerIntegrationTest : Started ClientBaseControllerIntegrationTest in 0.294 seconds (process running for 2.854)

MockHttpServletRequest:
      HTTP Method = GET
      Request URI = /clientBase/return/1
       Parameters = {}
          Headers = []
             Body = null
    Session Attrs = {}

Handler:
             Type = com.outreachmappingsolutions.controllers.ClientBaseController
           Method = com.outreachmappingsolutions.controllers.ClientBaseController#returnClientById(Integer)

Async:
    Async started = false
     Async result = null

Resolved Exception:
             Type = null

ModelAndView:
        View name = null
             View = null
            Model = null

FlashMap:
       Attributes = null

MockHttpServletResponse:
           Status = 200
    Error message = null
          Headers = [Content-Type:"application/json"]
     Content type = application/json
             Body = {"id":1,"firstName":"Chief","middleName":null,"lastName":null,"nameDataQuality":"Partially Complete","dobMonth":null,"dobDay":null,"dobYear":null,"dobDataQuality":"Client Refused","firstThreeSsn":null,"middleTwoSsn":null,"lastFourSsn":null,"ssnDataQuality":"Client Refused","clientDemographics":{"id":1,"gender":null,"racePrimary":null,"raceSecondary":null,"ethnicity":null,"veteranStatus":null},"clientContactInfo":{"id":1,"phonePrimary":null,"phoneSecondary":null,"email":null,"iceName":null,"iceRelationship":null,"icePhonePrimary":null,"icePhoneSecondary":null,"iceEmail":null}}
    Forwarded URL = null
   Redirected URL = null
          Cookies = []
2023-07-28T12:01:03.138-05:00  INFO 72170 --- [    Test worker] o.apache.catalina.core.StandardService   : Stopping service [Tomcat]
2023-07-28T12:01:03.140-05:00  INFO 72170 --- [    Test worker] j.LocalContainerEntityManagerFactoryBean : Closing JPA EntityManagerFactory for persistence unit 'default'
2023-07-28T12:01:03.142-05:00  INFO 72170 --- [    Test worker] com.zaxxer.hikari.HikariDataSource       : HikariPool-2 - Shutdown initiated...
2023-07-28T12:01:03.146-05:00  INFO 72170 --- [    Test worker] com.zaxxer.hikari.HikariDataSource       : HikariPool-2 - Shutdown completed.

  .   ____          _            __ _ _
 /\\ / ___'_ __ _ _(_)_ __  __ _ \ \ \ \
( ( )\___ | '_ | '_| | '_ \/ _` | \ \ \ \
 \\/  ___)| |_)| | | | | || (_| |  ) ) ) )
  '  |____| .__|_| |_|_| |_\__, | / / / /
 =========|_|==============|___/=/_/_/_/
 :: Spring Boot ::                (v3.1.1)

2023-07-28T12:01:03.157-05:00  INFO 72170 --- [    Test worker] .o.C.ClientBaseControllerIntegrationTest : Starting ClientBaseControllerIntegrationTest using Java 17.0.7 with PID 72170 (started by joshjennemann in /Users/joshjennemann/Desktop/Personal_Projects/outreach-mapping-solutions-back-end/Outreach-Mapping-Solutions/outreach-mapping-solutions-BE)
2023-07-28T12:01:03.157-05:00  INFO 72170 --- [    Test worker] .o.C.ClientBaseControllerIntegrationTest : No active profile set, falling back to 1 default profile: "default"
2023-07-28T12:01:03.213-05:00  INFO 72170 --- [    Test worker] .s.d.r.c.RepositoryConfigurationDelegate : Multiple Spring Data modules found, entering strict repository configuration mode
2023-07-28T12:01:03.213-05:00  INFO 72170 --- [    Test worker] .s.d.r.c.RepositoryConfigurationDelegate : Bootstrapping Spring Data JDBC repositories in DEFAULT mode.
2023-07-28T12:01:03.216-05:00  INFO 72170 --- [    Test worker] .RepositoryConfigurationExtensionSupport : Spring Data JDBC - Could not safely identify store assignment for repository candidate interface com.outreachmappingsolutions.repositories.ClientBaseRepository; If you want this repository to be a JDBC repository, consider annotating your entities with one of these annotations: org.springframework.data.relational.core.mapping.Table.
2023-07-28T12:01:03.216-05:00  INFO 72170 --- [    Test worker] .RepositoryConfigurationExtensionSupport : Spring Data JDBC - Could not safely identify store assignment for repository candidate interface com.outreachmappingsolutions.repositories.ClientContactInfoRepository; If you want this repository to be a JDBC repository, consider annotating your entities with one of these annotations: org.springframework.data.relational.core.mapping.Table.
2023-07-28T12:01:03.216-05:00  INFO 72170 --- [    Test worker] .RepositoryConfigurationExtensionSupport : Spring Data JDBC - Could not safely identify store assignment for repository candidate interface com.outreachmappingsolutions.repositories.ClientDemographicsRepository; If you want this repository to be a JDBC repository, consider annotating your entities with one of these annotations: org.springframework.data.relational.core.mapping.Table.
2023-07-28T12:01:03.216-05:00  INFO 72170 --- [    Test worker] .s.d.r.c.RepositoryConfigurationDelegate : Finished Spring Data repository scanning in 2 ms. Found 0 JDBC repository interfaces.
2023-07-28T12:01:03.217-05:00  INFO 72170 --- [    Test worker] .s.d.r.c.RepositoryConfigurationDelegate : Multiple Spring Data modules found, entering strict repository configuration mode
2023-07-28T12:01:03.217-05:00  INFO 72170 --- [    Test worker] .s.d.r.c.RepositoryConfigurationDelegate : Bootstrapping Spring Data JPA repositories in DEFAULT mode.
2023-07-28T12:01:03.221-05:00  INFO 72170 --- [    Test worker] .s.d.r.c.RepositoryConfigurationDelegate : Finished Spring Data repository scanning in 3 ms. Found 3 JPA repository interfaces.
2023-07-28T12:01:03.250-05:00  INFO 72170 --- [    Test worker] o.s.b.w.embedded.tomcat.TomcatWebServer  : Tomcat initialized with port(s): 0 (http)
2023-07-28T12:01:03.250-05:00  INFO 72170 --- [    Test worker] o.apache.catalina.core.StandardService   : Starting service [Tomcat]
2023-07-28T12:01:03.250-05:00  INFO 72170 --- [    Test worker] o.apache.catalina.core.StandardEngine    : Starting Servlet engine: [Apache Tomcat/10.1.10]
2023-07-28T12:01:03.271-05:00  INFO 72170 --- [    Test worker] o.a.c.c.C.[Tomcat].[localhost].[/]       : Initializing Spring embedded WebApplicationContext
2023-07-28T12:01:03.271-05:00  INFO 72170 --- [    Test worker] w.s.c.ServletWebServerApplicationContext : Root WebApplicationContext: initialization completed in 113 ms
2023-07-28T12:01:03.277-05:00  INFO 72170 --- [    Test worker] com.zaxxer.hikari.HikariDataSource       : HikariPool-3 - Starting...
2023-07-28T12:01:03.278-05:00  INFO 72170 --- [    Test worker] com.zaxxer.hikari.pool.HikariPool        : HikariPool-3 - Added connection conn19: url=jdbc:h2:mem:testdb user=SA
2023-07-28T12:01:03.278-05:00  INFO 72170 --- [    Test worker] com.zaxxer.hikari.HikariDataSource       : HikariPool-3 - Start completed.
2023-07-28T12:01:03.278-05:00  INFO 72170 --- [    Test worker] o.s.b.a.h2.H2ConsoleAutoConfiguration    : H2 console available at '/h2-console'. Database available at 'jdbc:h2:mem:testdb'
2023-07-28T12:01:03.289-05:00  INFO 72170 --- [    Test worker] o.hibernate.jpa.internal.util.LogHelper  : HHH000204: Processing PersistenceUnitInfo [name: default]
2023-07-28T12:01:03.291-05:00  INFO 72170 --- [    Test worker] o.h.b.i.BytecodeProviderInitiator        : HHH000021: Bytecode provider name : bytebuddy
2023-07-28T12:01:03.292-05:00  INFO 72170 --- [    Test worker] o.s.o.j.p.SpringPersistenceUnitInfo      : No LoadTimeWeaver setup: ignoring JPA class transformer
2023-07-28T12:01:03.299-05:00  INFO 72170 --- [    Test worker] o.h.b.i.BytecodeProviderInitiator        : HHH000021: Bytecode provider name : bytebuddy
2023-07-28T12:01:03.322-05:00  INFO 72170 --- [    Test worker] o.h.e.t.j.p.i.JtaPlatformInitiator       : HHH000490: Using JtaPlatform implementation: [org.hibernate.engine.transaction.jta.platform.internal.NoJtaPlatform]
2023-07-28T12:01:03.326-05:00  INFO 72170 --- [    Test worker] j.LocalContainerEntityManagerFactoryBean : Initialized JPA EntityManagerFactory for persistence unit 'default'
2023-07-28T12:01:03.347-05:00  WARN 72170 --- [    Test worker] JpaBaseConfiguration$JpaWebConfiguration : spring.jpa.open-in-view is enabled by default. Therefore, database queries may be performed during view rendering. Explicitly configure spring.jpa.open-in-view to disable this warning
2023-07-28T12:01:03.386-05:00  INFO 72170 --- [    Test worker] o.a.c.c.C.[Tomcat].[localhost].[/]       : Initializing Spring TestDispatcherServlet ''
2023-07-28T12:01:03.387-05:00  INFO 72170 --- [    Test worker] o.s.t.web.servlet.TestDispatcherServlet  : Initializing Servlet ''
2023-07-28T12:01:03.387-05:00  INFO 72170 --- [    Test worker] o.s.t.web.servlet.TestDispatcherServlet  : Completed initialization in 0 ms
2023-07-28T12:01:03.390-05:00  INFO 72170 --- [    Test worker] o.s.b.w.embedded.tomcat.TomcatWebServer  : Tomcat started on port(s): 57391 (http) with context path ''
2023-07-28T12:01:03.392-05:00  INFO 72170 --- [    Test worker] .o.C.ClientBaseControllerIntegrationTest : Started ClientBaseControllerIntegrationTest in 0.243 seconds (process running for 3.158)

MockHttpServletRequest:
      HTTP Method = PUT
      Request URI = /clientBase/update/1
       Parameters = {}
          Headers = [Content-Type:"application/json;charset=UTF-8", Accept:"application/json", Content-Length:"354"]
             Body = {"id":null,"firstName":"Miles","middleName":"Edward","lastName":"O'Brien","nameDataQuality":"Data Quality Complete","dobMonth":"June","dobDay":"9","dobYear":"1959","dobDataQuality":"Data Quality Complete","firstThreeSsn":111,"middleTwoSsn":11,"lastFourSsn":1111,"ssnDataQuality":"Data Quality Complete","clientDemographics":null,"clientContactInfo":null}
    Session Attrs = {}

Handler:
             Type = com.outreachmappingsolutions.controllers.ClientBaseController
           Method = com.outreachmappingsolutions.controllers.ClientBaseController#updateClient(Integer, ClientBase)

Async:
    Async started = false
     Async result = null

Resolved Exception:
             Type = null

ModelAndView:
        View name = null
             View = null
            Model = null

FlashMap:
       Attributes = null

MockHttpServletResponse:
           Status = 404
    Error message = null
          Headers = [Content-Type:"application/json", Content-Length:"44"]
     Content type = application/json
             Body = No clients matching your criteria were found
    Forwarded URL = null
   Redirected URL = null
          Cookies = []
2023-07-28T12:01:03.419-05:00  INFO 72170 --- [    Test worker] o.apache.catalina.core.StandardService   : Stopping service [Tomcat]
2023-07-28T12:01:03.421-05:00  INFO 72170 --- [    Test worker] j.LocalContainerEntityManagerFactoryBean : Closing JPA EntityManagerFactory for persistence unit 'default'
2023-07-28T12:01:03.422-05:00  INFO 72170 --- [    Test worker] com.zaxxer.hikari.HikariDataSource       : HikariPool-3 - Shutdown initiated...
2023-07-28T12:01:03.430-05:00  INFO 72170 --- [    Test worker] com.zaxxer.hikari.HikariDataSource       : HikariPool-3 - Shutdown completed.

  .   ____          _            __ _ _
 /\\ / ___'_ __ _ _(_)_ __  __ _ \ \ \ \
( ( )\___ | '_ | '_| | '_ \/ _` | \ \ \ \
 \\/  ___)| |_)| | | | | || (_| |  ) ) ) )
  '  |____| .__|_| |_|_| |_\__, | / / / /
 =========|_|==============|___/=/_/_/_/
 :: Spring Boot ::                (v3.1.1)

2023-07-28T12:01:03.439-05:00  INFO 72170 --- [    Test worker] .o.C.ClientBaseControllerIntegrationTest : Starting ClientBaseControllerIntegrationTest using Java 17.0.7 with PID 72170 (started by joshjennemann in /Users/joshjennemann/Desktop/Personal_Projects/outreach-mapping-solutions-back-end/Outreach-Mapping-Solutions/outreach-mapping-solutions-BE)
2023-07-28T12:01:03.440-05:00  INFO 72170 --- [    Test worker] .o.C.ClientBaseControllerIntegrationTest : No active profile set, falling back to 1 default profile: "default"
2023-07-28T12:01:03.487-05:00  INFO 72170 --- [    Test worker] .s.d.r.c.RepositoryConfigurationDelegate : Multiple Spring Data modules found, entering strict repository configuration mode
2023-07-28T12:01:03.487-05:00  INFO 72170 --- [    Test worker] .s.d.r.c.RepositoryConfigurationDelegate : Bootstrapping Spring Data JDBC repositories in DEFAULT mode.
2023-07-28T12:01:03.489-05:00  INFO 72170 --- [    Test worker] .RepositoryConfigurationExtensionSupport : Spring Data JDBC - Could not safely identify store assignment for repository candidate interface com.outreachmappingsolutions.repositories.ClientBaseRepository; If you want this repository to be a JDBC repository, consider annotating your entities with one of these annotations: org.springframework.data.relational.core.mapping.Table.
2023-07-28T12:01:03.489-05:00  INFO 72170 --- [    Test worker] .RepositoryConfigurationExtensionSupport : Spring Data JDBC - Could not safely identify store assignment for repository candidate interface com.outreachmappingsolutions.repositories.ClientContactInfoRepository; If you want this repository to be a JDBC repository, consider annotating your entities with one of these annotations: org.springframework.data.relational.core.mapping.Table.
2023-07-28T12:01:03.489-05:00  INFO 72170 --- [    Test worker] .RepositoryConfigurationExtensionSupport : Spring Data JDBC - Could not safely identify store assignment for repository candidate interface com.outreachmappingsolutions.repositories.ClientDemographicsRepository; If you want this repository to be a JDBC repository, consider annotating your entities with one of these annotations: org.springframework.data.relational.core.mapping.Table.
2023-07-28T12:01:03.489-05:00  INFO 72170 --- [    Test worker] .s.d.r.c.RepositoryConfigurationDelegate : Finished Spring Data repository scanning in 2 ms. Found 0 JDBC repository interfaces.
2023-07-28T12:01:03.490-05:00  INFO 72170 --- [    Test worker] .s.d.r.c.RepositoryConfigurationDelegate : Multiple Spring Data modules found, entering strict repository configuration mode
2023-07-28T12:01:03.490-05:00  INFO 72170 --- [    Test worker] .s.d.r.c.RepositoryConfigurationDelegate : Bootstrapping Spring Data JPA repositories in DEFAULT mode.
2023-07-28T12:01:03.494-05:00  INFO 72170 --- [    Test worker] .s.d.r.c.RepositoryConfigurationDelegate : Finished Spring Data repository scanning in 3 ms. Found 3 JPA repository interfaces.
2023-07-28T12:01:03.520-05:00  INFO 72170 --- [    Test worker] o.s.b.w.embedded.tomcat.TomcatWebServer  : Tomcat initialized with port(s): 0 (http)
2023-07-28T12:01:03.520-05:00  INFO 72170 --- [    Test worker] o.apache.catalina.core.StandardService   : Starting service [Tomcat]
2023-07-28T12:01:03.520-05:00  INFO 72170 --- [    Test worker] o.apache.catalina.core.StandardEngine    : Starting Servlet engine: [Apache Tomcat/10.1.10]
2023-07-28T12:01:03.528-05:00  INFO 72170 --- [    Test worker] o.a.c.c.C.[Tomcat].[localhost].[/]       : Initializing Spring embedded WebApplicationContext
2023-07-28T12:01:03.528-05:00  INFO 72170 --- [    Test worker] w.s.c.ServletWebServerApplicationContext : Root WebApplicationContext: initialization completed in 88 ms
2023-07-28T12:01:03.533-05:00  INFO 72170 --- [    Test worker] com.zaxxer.hikari.HikariDataSource       : HikariPool-4 - Starting...
2023-07-28T12:01:03.534-05:00  INFO 72170 --- [    Test worker] com.zaxxer.hikari.pool.HikariPool        : HikariPool-4 - Added connection conn24: url=jdbc:h2:mem:testdb user=SA
2023-07-28T12:01:03.534-05:00  INFO 72170 --- [    Test worker] com.zaxxer.hikari.HikariDataSource       : HikariPool-4 - Start completed.
2023-07-28T12:01:03.534-05:00  INFO 72170 --- [    Test worker] o.s.b.a.h2.H2ConsoleAutoConfiguration    : H2 console available at '/h2-console'. Database available at 'jdbc:h2:mem:testdb'
2023-07-28T12:01:03.543-05:00  INFO 72170 --- [    Test worker] o.hibernate.jpa.internal.util.LogHelper  : HHH000204: Processing PersistenceUnitInfo [name: default]
2023-07-28T12:01:03.546-05:00  INFO 72170 --- [    Test worker] o.h.b.i.BytecodeProviderInitiator        : HHH000021: Bytecode provider name : bytebuddy
2023-07-28T12:01:03.546-05:00  INFO 72170 --- [    Test worker] o.s.o.j.p.SpringPersistenceUnitInfo      : No LoadTimeWeaver setup: ignoring JPA class transformer
2023-07-28T12:01:03.553-05:00  INFO 72170 --- [    Test worker] o.h.b.i.BytecodeProviderInitiator        : HHH000021: Bytecode provider name : bytebuddy
2023-07-28T12:01:03.574-05:00  INFO 72170 --- [    Test worker] o.h.e.t.j.p.i.JtaPlatformInitiator       : HHH000490: Using JtaPlatform implementation: [org.hibernate.engine.transaction.jta.platform.internal.NoJtaPlatform]
2023-07-28T12:01:03.578-05:00  INFO 72170 --- [    Test worker] j.LocalContainerEntityManagerFactoryBean : Initialized JPA EntityManagerFactory for persistence unit 'default'
2023-07-28T12:01:03.599-05:00  WARN 72170 --- [    Test worker] JpaBaseConfiguration$JpaWebConfiguration : spring.jpa.open-in-view is enabled by default. Therefore, database queries may be performed during view rendering. Explicitly configure spring.jpa.open-in-view to disable this warning
2023-07-28T12:01:03.631-05:00  INFO 72170 --- [    Test worker] o.a.c.c.C.[Tomcat].[localhost].[/]       : Initializing Spring TestDispatcherServlet ''
2023-07-28T12:01:03.632-05:00  INFO 72170 --- [    Test worker] o.s.t.web.servlet.TestDispatcherServlet  : Initializing Servlet ''
2023-07-28T12:01:03.632-05:00  INFO 72170 --- [    Test worker] o.s.t.web.servlet.TestDispatcherServlet  : Completed initialization in 0 ms
2023-07-28T12:01:03.639-05:00  INFO 72170 --- [    Test worker] o.s.b.w.embedded.tomcat.TomcatWebServer  : Tomcat started on port(s): 57393 (http) with context path ''
2023-07-28T12:01:03.640-05:00  INFO 72170 --- [    Test worker] .o.C.ClientBaseControllerIntegrationTest : Started ClientBaseControllerIntegrationTest in 0.208 seconds (process running for 3.406)

MockHttpServletRequest:
      HTTP Method = GET
      Request URI = /clientBase/returnAll
       Parameters = {}
          Headers = []
             Body = null
    Session Attrs = {}

Handler:
             Type = com.outreachmappingsolutions.controllers.ClientBaseController
           Method = com.outreachmappingsolutions.controllers.ClientBaseController#returnAllClients()

Async:
    Async started = false
     Async result = null

Resolved Exception:
             Type = null

ModelAndView:
        View name = null
             View = null
            Model = null

FlashMap:
       Attributes = null

MockHttpServletResponse:
           Status = 200
    Error message = null
          Headers = [Content-Type:"application/json"]
     Content type = application/json
             Body = [{"id":1,"firstName":"Chief","middleName":null,"lastName":null,"nameDataQuality":"Partially Complete","dobMonth":null,"dobDay":null,"dobYear":null,"dobDataQuality":"Client Refused","firstThreeSsn":null,"middleTwoSsn":null,"lastFourSsn":null,"ssnDataQuality":"Client Refused","clientDemographics":{"id":1,"gender":null,"racePrimary":null,"raceSecondary":null,"ethnicity":null,"veteranStatus":null},"clientContactInfo":{"id":1,"phonePrimary":null,"phoneSecondary":null,"email":null,"iceName":null,"iceRelationship":null,"icePhonePrimary":null,"icePhoneSecondary":null,"iceEmail":null}},{"id":2,"firstName":"Wesley","middleName":null,"lastName":"Crusher","nameDataQuality":"Partially Complete","dobMonth":null,"dobDay":null,"dobYear":null,"dobDataQuality":"Client Refused","firstThreeSsn":null,"middleTwoSsn":null,"lastFourSsn":null,"ssnDataQuality":"Client Refused","clientDemographics":{"id":2,"gender":null,"racePrimary":null,"raceSecondary":null,"ethnicity":null,"veteranStatus":null},"clientContactInfo":{"id":2,"phonePrimary":null,"phoneSecondary":null,"email":null,"iceName":null,"iceRelationship":null,"icePhonePrimary":null,"icePhoneSecondary":null,"iceEmail":null}},{"id":3,"firstName":"Tom","middleName":null,"lastName":null,"nameDataQuality":"Partially Complete","dobMonth":"August","dobDay":"19","dobYear":"1952","dobDataQuality":"Data Quality Complete","firstThreeSsn":null,"middleTwoSsn":null,"lastFourSsn":null,"ssnDataQuality":"Client Refused","clientDemographics":{"id":3,"gender":null,"racePrimary":null,"raceSecondary":null,"ethnicity":null,"veteranStatus":null},"clientContactInfo":{"id":3,"phonePrimary":null,"phoneSecondary":null,"email":null,"iceName":null,"iceRelationship":null,"icePhonePrimary":null,"icePhoneSecondary":null,"iceEmail":null}}]
    Forwarded URL = null
   Redirected URL = null
          Cookies = []
2023-07-28T12:01:03.707-05:00  INFO 72170 --- [    Test worker] o.apache.catalina.core.StandardService   : Stopping service [Tomcat]
2023-07-28T12:01:03.709-05:00  INFO 72170 --- [    Test worker] j.LocalContainerEntityManagerFactoryBean : Closing JPA EntityManagerFactory for persistence unit 'default'
2023-07-28T12:01:03.710-05:00  INFO 72170 --- [    Test worker] com.zaxxer.hikari.HikariDataSource       : HikariPool-4 - Shutdown initiated...
2023-07-28T12:01:03.723-05:00  INFO 72170 --- [    Test worker] com.zaxxer.hikari.HikariDataSource       : HikariPool-4 - Shutdown completed.

  .   ____          _            __ _ _
 /\\ / ___'_ __ _ _(_)_ __  __ _ \ \ \ \
( ( )\___ | '_ | '_| | '_ \/ _` | \ \ \ \
 \\/  ___)| |_)| | | | | || (_| |  ) ) ) )
  '  |____| .__|_| |_|_| |_\__, | / / / /
 =========|_|==============|___/=/_/_/_/
 :: Spring Boot ::                (v3.1.1)

2023-07-28T12:01:03.732-05:00  INFO 72170 --- [    Test worker] .o.C.ClientBaseControllerIntegrationTest : Starting ClientBaseControllerIntegrationTest using Java 17.0.7 with PID 72170 (started by joshjennemann in /Users/joshjennemann/Desktop/Personal_Projects/outreach-mapping-solutions-back-end/Outreach-Mapping-Solutions/outreach-mapping-solutions-BE)
2023-07-28T12:01:03.732-05:00  INFO 72170 --- [    Test worker] .o.C.ClientBaseControllerIntegrationTest : No active profile set, falling back to 1 default profile: "default"
2023-07-28T12:01:03.779-05:00  INFO 72170 --- [    Test worker] .s.d.r.c.RepositoryConfigurationDelegate : Multiple Spring Data modules found, entering strict repository configuration mode
2023-07-28T12:01:03.779-05:00  INFO 72170 --- [    Test worker] .s.d.r.c.RepositoryConfigurationDelegate : Bootstrapping Spring Data JDBC repositories in DEFAULT mode.
2023-07-28T12:01:03.781-05:00  INFO 72170 --- [    Test worker] .RepositoryConfigurationExtensionSupport : Spring Data JDBC - Could not safely identify store assignment for repository candidate interface com.outreachmappingsolutions.repositories.ClientBaseRepository; If you want this repository to be a JDBC repository, consider annotating your entities with one of these annotations: org.springframework.data.relational.core.mapping.Table.
2023-07-28T12:01:03.781-05:00  INFO 72170 --- [    Test worker] .RepositoryConfigurationExtensionSupport : Spring Data JDBC - Could not safely identify store assignment for repository candidate interface com.outreachmappingsolutions.repositories.ClientContactInfoRepository; If you want this repository to be a JDBC repository, consider annotating your entities with one of these annotations: org.springframework.data.relational.core.mapping.Table.
2023-07-28T12:01:03.781-05:00  INFO 72170 --- [    Test worker] .RepositoryConfigurationExtensionSupport : Spring Data JDBC - Could not safely identify store assignment for repository candidate interface com.outreachmappingsolutions.repositories.ClientDemographicsRepository; If you want this repository to be a JDBC repository, consider annotating your entities with one of these annotations: org.springframework.data.relational.core.mapping.Table.
2023-07-28T12:01:03.781-05:00  INFO 72170 --- [    Test worker] .s.d.r.c.RepositoryConfigurationDelegate : Finished Spring Data repository scanning in 2 ms. Found 0 JDBC repository interfaces.
2023-07-28T12:01:03.783-05:00  INFO 72170 --- [    Test worker] .s.d.r.c.RepositoryConfigurationDelegate : Multiple Spring Data modules found, entering strict repository configuration mode
2023-07-28T12:01:03.783-05:00  INFO 72170 --- [    Test worker] .s.d.r.c.RepositoryConfigurationDelegate : Bootstrapping Spring Data JPA repositories in DEFAULT mode.
2023-07-28T12:01:03.788-05:00  INFO 72170 --- [    Test worker] .s.d.r.c.RepositoryConfigurationDelegate : Finished Spring Data repository scanning in 4 ms. Found 3 JPA repository interfaces.
2023-07-28T12:01:03.811-05:00  INFO 72170 --- [    Test worker] o.s.b.w.embedded.tomcat.TomcatWebServer  : Tomcat initialized with port(s): 0 (http)
2023-07-28T12:01:03.811-05:00  INFO 72170 --- [    Test worker] o.apache.catalina.core.StandardService   : Starting service [Tomcat]
2023-07-28T12:01:03.811-05:00  INFO 72170 --- [    Test worker] o.apache.catalina.core.StandardEngine    : Starting Servlet engine: [Apache Tomcat/10.1.10]
2023-07-28T12:01:03.818-05:00  INFO 72170 --- [    Test worker] o.a.c.c.C.[Tomcat].[localhost].[/]       : Initializing Spring embedded WebApplicationContext
2023-07-28T12:01:03.818-05:00  INFO 72170 --- [    Test worker] w.s.c.ServletWebServerApplicationContext : Root WebApplicationContext: initialization completed in 86 ms
2023-07-28T12:01:03.823-05:00  INFO 72170 --- [    Test worker] com.zaxxer.hikari.HikariDataSource       : HikariPool-5 - Starting...
2023-07-28T12:01:03.824-05:00  INFO 72170 --- [    Test worker] com.zaxxer.hikari.pool.HikariPool        : HikariPool-5 - Added connection conn32: url=jdbc:h2:mem:testdb user=SA
2023-07-28T12:01:03.824-05:00  INFO 72170 --- [    Test worker] com.zaxxer.hikari.HikariDataSource       : HikariPool-5 - Start completed.
2023-07-28T12:01:03.824-05:00  INFO 72170 --- [    Test worker] o.s.b.a.h2.H2ConsoleAutoConfiguration    : H2 console available at '/h2-console'. Database available at 'jdbc:h2:mem:testdb'
2023-07-28T12:01:03.834-05:00  INFO 72170 --- [    Test worker] o.hibernate.jpa.internal.util.LogHelper  : HHH000204: Processing PersistenceUnitInfo [name: default]
2023-07-28T12:01:03.837-05:00  INFO 72170 --- [    Test worker] o.h.b.i.BytecodeProviderInitiator        : HHH000021: Bytecode provider name : bytebuddy
2023-07-28T12:01:03.837-05:00  INFO 72170 --- [    Test worker] o.s.o.j.p.SpringPersistenceUnitInfo      : No LoadTimeWeaver setup: ignoring JPA class transformer
2023-07-28T12:01:03.843-05:00  INFO 72170 --- [    Test worker] o.h.b.i.BytecodeProviderInitiator        : HHH000021: Bytecode provider name : bytebuddy
2023-07-28T12:01:03.863-05:00  INFO 72170 --- [    Test worker] o.h.e.t.j.p.i.JtaPlatformInitiator       : HHH000490: Using JtaPlatform implementation: [org.hibernate.engine.transaction.jta.platform.internal.NoJtaPlatform]
2023-07-28T12:01:03.867-05:00  INFO 72170 --- [    Test worker] j.LocalContainerEntityManagerFactoryBean : Initialized JPA EntityManagerFactory for persistence unit 'default'
2023-07-28T12:01:03.886-05:00  WARN 72170 --- [    Test worker] JpaBaseConfiguration$JpaWebConfiguration : spring.jpa.open-in-view is enabled by default. Therefore, database queries may be performed during view rendering. Explicitly configure spring.jpa.open-in-view to disable this warning
2023-07-28T12:01:03.917-05:00  INFO 72170 --- [    Test worker] o.a.c.c.C.[Tomcat].[localhost].[/]       : Initializing Spring TestDispatcherServlet ''
2023-07-28T12:01:03.917-05:00  INFO 72170 --- [    Test worker] o.s.t.web.servlet.TestDispatcherServlet  : Initializing Servlet ''
2023-07-28T12:01:03.917-05:00  INFO 72170 --- [    Test worker] o.s.t.web.servlet.TestDispatcherServlet  : Completed initialization in 0 ms
2023-07-28T12:01:03.920-05:00  INFO 72170 --- [    Test worker] o.s.b.w.embedded.tomcat.TomcatWebServer  : Tomcat started on port(s): 57395 (http) with context path ''
2023-07-28T12:01:03.922-05:00  INFO 72170 --- [    Test worker] .o.C.ClientBaseControllerIntegrationTest : Started ClientBaseControllerIntegrationTest in 0.198 seconds (process running for 3.688)

MockHttpServletRequest:
      HTTP Method = POST
      Request URI = /clientBase/create
       Parameters = {}
          Headers = [Content-Type:"application/json;charset=UTF-8", Accept:"application/json", Content-Length:"328"]
             Body = {"id":null,"firstName":"Chief","middleName":null,"lastName":null,"nameDataQuality":"Partially Complete","dobMonth":null,"dobDay":null,"dobYear":null,"dobDataQuality":"Client Refused","firstThreeSsn":null,"middleTwoSsn":null,"lastFourSsn":null,"ssnDataQuality":"Client Refused","clientDemographics":null,"clientContactInfo":null}
    Session Attrs = {}

Handler:
             Type = com.outreachmappingsolutions.controllers.ClientBaseController
           Method = com.outreachmappingsolutions.controllers.ClientBaseController#createNewClient(ClientBase)

Async:
    Async started = false
     Async result = null

Resolved Exception:
             Type = null

ModelAndView:
        View name = null
             View = null
            Model = null

FlashMap:
       Attributes = null

MockHttpServletResponse:
           Status = 201
    Error message = null
          Headers = [Content-Type:"application/json"]
     Content type = application/json
             Body = {"id":1,"firstName":"Chief","middleName":null,"lastName":null,"nameDataQuality":"Partially Complete","dobMonth":null,"dobDay":null,"dobYear":null,"dobDataQuality":"Client Refused","firstThreeSsn":null,"middleTwoSsn":null,"lastFourSsn":null,"ssnDataQuality":"Client Refused","clientDemographics":{"id":1,"gender":null,"racePrimary":null,"raceSecondary":null,"ethnicity":null,"veteranStatus":null},"clientContactInfo":{"id":1,"phonePrimary":null,"phoneSecondary":null,"email":null,"iceName":null,"iceRelationship":null,"icePhonePrimary":null,"icePhoneSecondary":null,"iceEmail":null}}
    Forwarded URL = null
   Redirected URL = null
          Cookies = []
2023-07-28T12:01:03.942-05:00  INFO 72170 --- [    Test worker] o.apache.catalina.core.StandardService   : Stopping service [Tomcat]
2023-07-28T12:01:03.944-05:00  INFO 72170 --- [    Test worker] j.LocalContainerEntityManagerFactoryBean : Closing JPA EntityManagerFactory for persistence unit 'default'
2023-07-28T12:01:03.945-05:00  INFO 72170 --- [    Test worker] com.zaxxer.hikari.HikariDataSource       : HikariPool-5 - Shutdown initiated...
2023-07-28T12:01:03.950-05:00  INFO 72170 --- [    Test worker] com.zaxxer.hikari.HikariDataSource       : HikariPool-5 - Shutdown completed.

  .   ____          _            __ _ _
 /\\ / ___'_ __ _ _(_)_ __  __ _ \ \ \ \
( ( )\___ | '_ | '_| | '_ \/ _` | \ \ \ \
 \\/  ___)| |_)| | | | | || (_| |  ) ) ) )
  '  |____| .__|_| |_|_| |_\__, | / / / /
 =========|_|==============|___/=/_/_/_/
 :: Spring Boot ::                (v3.1.1)

2023-07-28T12:01:03.958-05:00  INFO 72170 --- [    Test worker] .o.C.ClientBaseControllerIntegrationTest : Starting ClientBaseControllerIntegrationTest using Java 17.0.7 with PID 72170 (started by joshjennemann in /Users/joshjennemann/Desktop/Personal_Projects/outreach-mapping-solutions-back-end/Outreach-Mapping-Solutions/outreach-mapping-solutions-BE)
2023-07-28T12:01:03.959-05:00  INFO 72170 --- [    Test worker] .o.C.ClientBaseControllerIntegrationTest : No active profile set, falling back to 1 default profile: "default"
2023-07-28T12:01:04.008-05:00  INFO 72170 --- [    Test worker] .s.d.r.c.RepositoryConfigurationDelegate : Multiple Spring Data modules found, entering strict repository configuration mode
2023-07-28T12:01:04.008-05:00  INFO 72170 --- [    Test worker] .s.d.r.c.RepositoryConfigurationDelegate : Bootstrapping Spring Data JDBC repositories in DEFAULT mode.
2023-07-28T12:01:04.010-05:00  INFO 72170 --- [    Test worker] .RepositoryConfigurationExtensionSupport : Spring Data JDBC - Could not safely identify store assignment for repository candidate interface com.outreachmappingsolutions.repositories.ClientBaseRepository; If you want this repository to be a JDBC repository, consider annotating your entities with one of these annotations: org.springframework.data.relational.core.mapping.Table.
2023-07-28T12:01:04.010-05:00  INFO 72170 --- [    Test worker] .RepositoryConfigurationExtensionSupport : Spring Data JDBC - Could not safely identify store assignment for repository candidate interface com.outreachmappingsolutions.repositories.ClientContactInfoRepository; If you want this repository to be a JDBC repository, consider annotating your entities with one of these annotations: org.springframework.data.relational.core.mapping.Table.
2023-07-28T12:01:04.010-05:00  INFO 72170 --- [    Test worker] .RepositoryConfigurationExtensionSupport : Spring Data JDBC - Could not safely identify store assignment for repository candidate interface com.outreachmappingsolutions.repositories.ClientDemographicsRepository; If you want this repository to be a JDBC repository, consider annotating your entities with one of these annotations: org.springframework.data.relational.core.mapping.Table.
2023-07-28T12:01:04.010-05:00  INFO 72170 --- [    Test worker] .s.d.r.c.RepositoryConfigurationDelegate : Finished Spring Data repository scanning in 1 ms. Found 0 JDBC repository interfaces.
2023-07-28T12:01:04.011-05:00  INFO 72170 --- [    Test worker] .s.d.r.c.RepositoryConfigurationDelegate : Multiple Spring Data modules found, entering strict repository configuration mode
2023-07-28T12:01:04.011-05:00  INFO 72170 --- [    Test worker] .s.d.r.c.RepositoryConfigurationDelegate : Bootstrapping Spring Data JPA repositories in DEFAULT mode.
2023-07-28T12:01:04.015-05:00  INFO 72170 --- [    Test worker] .s.d.r.c.RepositoryConfigurationDelegate : Finished Spring Data repository scanning in 3 ms. Found 3 JPA repository interfaces.
2023-07-28T12:01:04.038-05:00  INFO 72170 --- [    Test worker] o.s.b.w.embedded.tomcat.TomcatWebServer  : Tomcat initialized with port(s): 0 (http)
2023-07-28T12:01:04.039-05:00  INFO 72170 --- [    Test worker] o.apache.catalina.core.StandardService   : Starting service [Tomcat]
2023-07-28T12:01:04.039-05:00  INFO 72170 --- [    Test worker] o.apache.catalina.core.StandardEngine    : Starting Servlet engine: [Apache Tomcat/10.1.10]
2023-07-28T12:01:04.046-05:00  INFO 72170 --- [    Test worker] o.a.c.c.C.[Tomcat].[localhost].[/]       : Initializing Spring embedded WebApplicationContext
2023-07-28T12:01:04.046-05:00  INFO 72170 --- [    Test worker] w.s.c.ServletWebServerApplicationContext : Root WebApplicationContext: initialization completed in 87 ms
2023-07-28T12:01:04.051-05:00  INFO 72170 --- [    Test worker] com.zaxxer.hikari.HikariDataSource       : HikariPool-6 - Starting...
2023-07-28T12:01:04.052-05:00  INFO 72170 --- [    Test worker] com.zaxxer.hikari.pool.HikariPool        : HikariPool-6 - Added connection conn35: url=jdbc:h2:mem:testdb user=SA
2023-07-28T12:01:04.052-05:00  INFO 72170 --- [    Test worker] com.zaxxer.hikari.HikariDataSource       : HikariPool-6 - Start completed.
2023-07-28T12:01:04.052-05:00  INFO 72170 --- [    Test worker] o.s.b.a.h2.H2ConsoleAutoConfiguration    : H2 console available at '/h2-console'. Database available at 'jdbc:h2:mem:testdb'
2023-07-28T12:01:04.061-05:00  INFO 72170 --- [    Test worker] o.hibernate.jpa.internal.util.LogHelper  : HHH000204: Processing PersistenceUnitInfo [name: default]
2023-07-28T12:01:04.064-05:00  INFO 72170 --- [    Test worker] o.h.b.i.BytecodeProviderInitiator        : HHH000021: Bytecode provider name : bytebuddy
2023-07-28T12:01:04.064-05:00  INFO 72170 --- [    Test worker] o.s.o.j.p.SpringPersistenceUnitInfo      : No LoadTimeWeaver setup: ignoring JPA class transformer
2023-07-28T12:01:04.071-05:00  INFO 72170 --- [    Test worker] o.h.b.i.BytecodeProviderInitiator        : HHH000021: Bytecode provider name : bytebuddy
2023-07-28T12:01:04.091-05:00  INFO 72170 --- [    Test worker] o.h.e.t.j.p.i.JtaPlatformInitiator       : HHH000490: Using JtaPlatform implementation: [org.hibernate.engine.transaction.jta.platform.internal.NoJtaPlatform]
2023-07-28T12:01:04.095-05:00  INFO 72170 --- [    Test worker] j.LocalContainerEntityManagerFactoryBean : Initialized JPA EntityManagerFactory for persistence unit 'default'
2023-07-28T12:01:04.114-05:00  WARN 72170 --- [    Test worker] JpaBaseConfiguration$JpaWebConfiguration : spring.jpa.open-in-view is enabled by default. Therefore, database queries may be performed during view rendering. Explicitly configure spring.jpa.open-in-view to disable this warning
2023-07-28T12:01:04.144-05:00  INFO 72170 --- [    Test worker] o.a.c.c.C.[Tomcat].[localhost].[/]       : Initializing Spring TestDispatcherServlet ''
2023-07-28T12:01:04.144-05:00  INFO 72170 --- [    Test worker] o.s.t.web.servlet.TestDispatcherServlet  : Initializing Servlet ''
2023-07-28T12:01:04.144-05:00  INFO 72170 --- [    Test worker] o.s.t.web.servlet.TestDispatcherServlet  : Completed initialization in 0 ms
2023-07-28T12:01:04.147-05:00  INFO 72170 --- [    Test worker] o.s.b.w.embedded.tomcat.TomcatWebServer  : Tomcat started on port(s): 57401 (http) with context path ''
2023-07-28T12:01:04.149-05:00  INFO 72170 --- [    Test worker] .o.C.ClientBaseControllerIntegrationTest : Started ClientBaseControllerIntegrationTest in 0.197 seconds (process running for 3.915)

MockHttpServletRequest:
      HTTP Method = DELETE
      Request URI = /clientBase/delete/1
       Parameters = {}
          Headers = []
             Body = null
    Session Attrs = {}

Handler:
             Type = com.outreachmappingsolutions.controllers.ClientBaseController
           Method = com.outreachmappingsolutions.controllers.ClientBaseController#deleteClient(Integer)

Async:
    Async started = false
     Async result = null

Resolved Exception:
             Type = null

ModelAndView:
        View name = null
             View = null
            Model = null

FlashMap:
       Attributes = null

MockHttpServletResponse:
           Status = 404
    Error message = null
          Headers = [Content-Type:"text/plain;charset=UTF-8", Content-Length:"44"]
     Content type = text/plain;charset=UTF-8
             Body = No clients matching your criteria were found
    Forwarded URL = null
   Redirected URL = null
          Cookies = []
2023-07-28T12:01:04.157-05:00  INFO 72170 --- [    Test worker] o.apache.catalina.core.StandardService   : Stopping service [Tomcat]
2023-07-28T12:01:04.159-05:00  INFO 72170 --- [    Test worker] j.LocalContainerEntityManagerFactoryBean : Closing JPA EntityManagerFactory for persistence unit 'default'
2023-07-28T12:01:04.160-05:00  INFO 72170 --- [    Test worker] com.zaxxer.hikari.HikariDataSource       : HikariPool-6 - Shutdown initiated...
2023-07-28T12:01:04.168-05:00  INFO 72170 --- [    Test worker] com.zaxxer.hikari.HikariDataSource       : HikariPool-6 - Shutdown completed.

  .   ____          _            __ _ _
 /\\ / ___'_ __ _ _(_)_ __  __ _ \ \ \ \
( ( )\___ | '_ | '_| | '_ \/ _` | \ \ \ \
 \\/  ___)| |_)| | | | | || (_| |  ) ) ) )
  '  |____| .__|_| |_|_| |_\__, | / / / /
 =========|_|==============|___/=/_/_/_/
 :: Spring Boot ::                (v3.1.1)

2023-07-28T12:01:04.179-05:00  INFO 72170 --- [    Test worker] .o.C.ClientBaseControllerIntegrationTest : Starting ClientBaseControllerIntegrationTest using Java 17.0.7 with PID 72170 (started by joshjennemann in /Users/joshjennemann/Desktop/Personal_Projects/outreach-mapping-solutions-back-end/Outreach-Mapping-Solutions/outreach-mapping-solutions-BE)
2023-07-28T12:01:04.179-05:00  INFO 72170 --- [    Test worker] .o.C.ClientBaseControllerIntegrationTest : No active profile set, falling back to 1 default profile: "default"
2023-07-28T12:01:04.226-05:00  INFO 72170 --- [    Test worker] .s.d.r.c.RepositoryConfigurationDelegate : Multiple Spring Data modules found, entering strict repository configuration mode
2023-07-28T12:01:04.226-05:00  INFO 72170 --- [    Test worker] .s.d.r.c.RepositoryConfigurationDelegate : Bootstrapping Spring Data JDBC repositories in DEFAULT mode.
2023-07-28T12:01:04.228-05:00  INFO 72170 --- [    Test worker] .RepositoryConfigurationExtensionSupport : Spring Data JDBC - Could not safely identify store assignment for repository candidate interface com.outreachmappingsolutions.repositories.ClientBaseRepository; If you want this repository to be a JDBC repository, consider annotating your entities with one of these annotations: org.springframework.data.relational.core.mapping.Table.
2023-07-28T12:01:04.228-05:00  INFO 72170 --- [    Test worker] .RepositoryConfigurationExtensionSupport : Spring Data JDBC - Could not safely identify store assignment for repository candidate interface com.outreachmappingsolutions.repositories.ClientContactInfoRepository; If you want this repository to be a JDBC repository, consider annotating your entities with one of these annotations: org.springframework.data.relational.core.mapping.Table.
2023-07-28T12:01:04.228-05:00  INFO 72170 --- [    Test worker] .RepositoryConfigurationExtensionSupport : Spring Data JDBC - Could not safely identify store assignment for repository candidate interface com.outreachmappingsolutions.repositories.ClientDemographicsRepository; If you want this repository to be a JDBC repository, consider annotating your entities with one of these annotations: org.springframework.data.relational.core.mapping.Table.
2023-07-28T12:01:04.228-05:00  INFO 72170 --- [    Test worker] .s.d.r.c.RepositoryConfigurationDelegate : Finished Spring Data repository scanning in 1 ms. Found 0 JDBC repository interfaces.
2023-07-28T12:01:04.229-05:00  INFO 72170 --- [    Test worker] .s.d.r.c.RepositoryConfigurationDelegate : Multiple Spring Data modules found, entering strict repository configuration mode
2023-07-28T12:01:04.229-05:00  INFO 72170 --- [    Test worker] .s.d.r.c.RepositoryConfigurationDelegate : Bootstrapping Spring Data JPA repositories in DEFAULT mode.
2023-07-28T12:01:04.236-05:00  INFO 72170 --- [    Test worker] .s.d.r.c.RepositoryConfigurationDelegate : Finished Spring Data repository scanning in 6 ms. Found 3 JPA repository interfaces.
2023-07-28T12:01:04.256-05:00  INFO 72170 --- [    Test worker] o.s.b.w.embedded.tomcat.TomcatWebServer  : Tomcat initialized with port(s): 0 (http)
2023-07-28T12:01:04.257-05:00  INFO 72170 --- [    Test worker] o.apache.catalina.core.StandardService   : Starting service [Tomcat]
2023-07-28T12:01:04.257-05:00  INFO 72170 --- [    Test worker] o.apache.catalina.core.StandardEngine    : Starting Servlet engine: [Apache Tomcat/10.1.10]
2023-07-28T12:01:04.263-05:00  INFO 72170 --- [    Test worker] o.a.c.c.C.[Tomcat].[localhost].[/]       : Initializing Spring embedded WebApplicationContext
2023-07-28T12:01:04.263-05:00  INFO 72170 --- [    Test worker] w.s.c.ServletWebServerApplicationContext : Root WebApplicationContext: initialization completed in 83 ms
2023-07-28T12:01:04.268-05:00  INFO 72170 --- [    Test worker] com.zaxxer.hikari.HikariDataSource       : HikariPool-7 - Starting...
2023-07-28T12:01:04.269-05:00  INFO 72170 --- [    Test worker] com.zaxxer.hikari.pool.HikariPool        : HikariPool-7 - Added connection conn37: url=jdbc:h2:mem:testdb user=SA
2023-07-28T12:01:04.269-05:00  INFO 72170 --- [    Test worker] com.zaxxer.hikari.HikariDataSource       : HikariPool-7 - Start completed.
2023-07-28T12:01:04.269-05:00  INFO 72170 --- [    Test worker] o.s.b.a.h2.H2ConsoleAutoConfiguration    : H2 console available at '/h2-console'. Database available at 'jdbc:h2:mem:testdb'
2023-07-28T12:01:04.278-05:00  INFO 72170 --- [    Test worker] o.hibernate.jpa.internal.util.LogHelper  : HHH000204: Processing PersistenceUnitInfo [name: default]
2023-07-28T12:01:04.280-05:00  INFO 72170 --- [    Test worker] o.h.b.i.BytecodeProviderInitiator        : HHH000021: Bytecode provider name : bytebuddy
2023-07-28T12:01:04.280-05:00  INFO 72170 --- [    Test worker] o.s.o.j.p.SpringPersistenceUnitInfo      : No LoadTimeWeaver setup: ignoring JPA class transformer
2023-07-28T12:01:04.286-05:00  INFO 72170 --- [    Test worker] o.h.b.i.BytecodeProviderInitiator        : HHH000021: Bytecode provider name : bytebuddy
2023-07-28T12:01:04.303-05:00  INFO 72170 --- [    Test worker] o.h.e.t.j.p.i.JtaPlatformInitiator       : HHH000490: Using JtaPlatform implementation: [org.hibernate.engine.transaction.jta.platform.internal.NoJtaPlatform]
2023-07-28T12:01:04.307-05:00  INFO 72170 --- [    Test worker] j.LocalContainerEntityManagerFactoryBean : Initialized JPA EntityManagerFactory for persistence unit 'default'
2023-07-28T12:01:04.324-05:00  WARN 72170 --- [    Test worker] JpaBaseConfiguration$JpaWebConfiguration : spring.jpa.open-in-view is enabled by default. Therefore, database queries may be performed during view rendering. Explicitly configure spring.jpa.open-in-view to disable this warning
2023-07-28T12:01:04.353-05:00  INFO 72170 --- [    Test worker] o.a.c.c.C.[Tomcat].[localhost].[/]       : Initializing Spring TestDispatcherServlet ''
2023-07-28T12:01:04.353-05:00  INFO 72170 --- [    Test worker] o.s.t.web.servlet.TestDispatcherServlet  : Initializing Servlet ''
2023-07-28T12:01:04.354-05:00  INFO 72170 --- [    Test worker] o.s.t.web.servlet.TestDispatcherServlet  : Completed initialization in 1 ms
2023-07-28T12:01:04.357-05:00  INFO 72170 --- [    Test worker] o.s.b.w.embedded.tomcat.TomcatWebServer  : Tomcat started on port(s): 57403 (http) with context path ''
2023-07-28T12:01:04.358-05:00  INFO 72170 --- [    Test worker] .o.C.ClientBaseControllerIntegrationTest : Started ClientBaseControllerIntegrationTest in 0.188 seconds (process running for 4.125)

MockHttpServletRequest:
      HTTP Method = GET
      Request URI = /clientBase/returnAll
       Parameters = {}
          Headers = []
             Body = null
    Session Attrs = {}

Handler:
             Type = com.outreachmappingsolutions.controllers.ClientBaseController
           Method = com.outreachmappingsolutions.controllers.ClientBaseController#returnAllClients()

Async:
    Async started = false
     Async result = null

Resolved Exception:
             Type = null

ModelAndView:
        View name = null
             View = null
            Model = null

FlashMap:
       Attributes = null

MockHttpServletResponse:
           Status = 404
    Error message = null
          Headers = [Content-Type:"text/plain;charset=UTF-8", Content-Length:"44"]
     Content type = text/plain;charset=UTF-8
             Body = No clients matching your criteria were found
    Forwarded URL = null
   Redirected URL = null
          Cookies = []
2023-07-28T12:01:04.369-05:00  INFO 72170 --- [    Test worker] o.apache.catalina.core.StandardService   : Stopping service [Tomcat]
2023-07-28T12:01:04.370-05:00  INFO 72170 --- [    Test worker] j.LocalContainerEntityManagerFactoryBean : Closing JPA EntityManagerFactory for persistence unit 'default'
2023-07-28T12:01:04.371-05:00  INFO 72170 --- [    Test worker] com.zaxxer.hikari.HikariDataSource       : HikariPool-7 - Shutdown initiated...
2023-07-28T12:01:04.383-05:00  INFO 72170 --- [    Test worker] com.zaxxer.hikari.HikariDataSource       : HikariPool-7 - Shutdown completed.

  .   ____          _            __ _ _
 /\\ / ___'_ __ _ _(_)_ __  __ _ \ \ \ \
( ( )\___ | '_ | '_| | '_ \/ _` | \ \ \ \
 \\/  ___)| |_)| | | | | || (_| |  ) ) ) )
  '  |____| .__|_| |_|_| |_\__, | / / / /
 =========|_|==============|___/=/_/_/_/
 :: Spring Boot ::                (v3.1.1)

2023-07-28T12:01:04.395-05:00  INFO 72170 --- [    Test worker] .o.C.ClientBaseControllerIntegrationTest : Starting ClientBaseControllerIntegrationTest using Java 17.0.7 with PID 72170 (started by joshjennemann in /Users/joshjennemann/Desktop/Personal_Projects/outreach-mapping-solutions-back-end/Outreach-Mapping-Solutions/outreach-mapping-solutions-BE)
2023-07-28T12:01:04.395-05:00  INFO 72170 --- [    Test worker] .o.C.ClientBaseControllerIntegrationTest : No active profile set, falling back to 1 default profile: "default"
2023-07-28T12:01:04.452-05:00  INFO 72170 --- [    Test worker] .s.d.r.c.RepositoryConfigurationDelegate : Multiple Spring Data modules found, entering strict repository configuration mode
2023-07-28T12:01:04.452-05:00  INFO 72170 --- [    Test worker] .s.d.r.c.RepositoryConfigurationDelegate : Bootstrapping Spring Data JDBC repositories in DEFAULT mode.
2023-07-28T12:01:04.454-05:00  INFO 72170 --- [    Test worker] .RepositoryConfigurationExtensionSupport : Spring Data JDBC - Could not safely identify store assignment for repository candidate interface com.outreachmappingsolutions.repositories.ClientBaseRepository; If you want this repository to be a JDBC repository, consider annotating your entities with one of these annotations: org.springframework.data.relational.core.mapping.Table.
2023-07-28T12:01:04.454-05:00  INFO 72170 --- [    Test worker] .RepositoryConfigurationExtensionSupport : Spring Data JDBC - Could not safely identify store assignment for repository candidate interface com.outreachmappingsolutions.repositories.ClientContactInfoRepository; If you want this repository to be a JDBC repository, consider annotating your entities with one of these annotations: org.springframework.data.relational.core.mapping.Table.
2023-07-28T12:01:04.454-05:00  INFO 72170 --- [    Test worker] .RepositoryConfigurationExtensionSupport : Spring Data JDBC - Could not safely identify store assignment for repository candidate interface com.outreachmappingsolutions.repositories.ClientDemographicsRepository; If you want this repository to be a JDBC repository, consider annotating your entities with one of these annotations: org.springframework.data.relational.core.mapping.Table.
2023-07-28T12:01:04.454-05:00  INFO 72170 --- [    Test worker] .s.d.r.c.RepositoryConfigurationDelegate : Finished Spring Data repository scanning in 2 ms. Found 0 JDBC repository interfaces.
2023-07-28T12:01:04.456-05:00  INFO 72170 --- [    Test worker] .s.d.r.c.RepositoryConfigurationDelegate : Multiple Spring Data modules found, entering strict repository configuration mode
2023-07-28T12:01:04.456-05:00  INFO 72170 --- [    Test worker] .s.d.r.c.RepositoryConfigurationDelegate : Bootstrapping Spring Data JPA repositories in DEFAULT mode.
2023-07-28T12:01:04.459-05:00  INFO 72170 --- [    Test worker] .s.d.r.c.RepositoryConfigurationDelegate : Finished Spring Data repository scanning in 3 ms. Found 3 JPA repository interfaces.
2023-07-28T12:01:04.483-05:00  INFO 72170 --- [    Test worker] o.s.b.w.embedded.tomcat.TomcatWebServer  : Tomcat initialized with port(s): 0 (http)
2023-07-28T12:01:04.483-05:00  INFO 72170 --- [    Test worker] o.apache.catalina.core.StandardService   : Starting service [Tomcat]
2023-07-28T12:01:04.483-05:00  INFO 72170 --- [    Test worker] o.apache.catalina.core.StandardEngine    : Starting Servlet engine: [Apache Tomcat/10.1.10]
2023-07-28T12:01:04.491-05:00  INFO 72170 --- [    Test worker] o.a.c.c.C.[Tomcat].[localhost].[/]       : Initializing Spring embedded WebApplicationContext
2023-07-28T12:01:04.491-05:00  INFO 72170 --- [    Test worker] w.s.c.ServletWebServerApplicationContext : Root WebApplicationContext: initialization completed in 95 ms
2023-07-28T12:01:04.496-05:00  INFO 72170 --- [    Test worker] com.zaxxer.hikari.HikariDataSource       : HikariPool-8 - Starting...
2023-07-28T12:01:04.497-05:00  INFO 72170 --- [    Test worker] com.zaxxer.hikari.pool.HikariPool        : HikariPool-8 - Added connection conn39: url=jdbc:h2:mem:testdb user=SA
2023-07-28T12:01:04.497-05:00  INFO 72170 --- [    Test worker] com.zaxxer.hikari.HikariDataSource       : HikariPool-8 - Start completed.
2023-07-28T12:01:04.497-05:00  INFO 72170 --- [    Test worker] o.s.b.a.h2.H2ConsoleAutoConfiguration    : H2 console available at '/h2-console'. Database available at 'jdbc:h2:mem:testdb'
2023-07-28T12:01:04.508-05:00  INFO 72170 --- [    Test worker] o.hibernate.jpa.internal.util.LogHelper  : HHH000204: Processing PersistenceUnitInfo [name: default]
2023-07-28T12:01:04.510-05:00  INFO 72170 --- [    Test worker] o.h.b.i.BytecodeProviderInitiator        : HHH000021: Bytecode provider name : bytebuddy
2023-07-28T12:01:04.510-05:00  INFO 72170 --- [    Test worker] o.s.o.j.p.SpringPersistenceUnitInfo      : No LoadTimeWeaver setup: ignoring JPA class transformer
2023-07-28T12:01:04.516-05:00  INFO 72170 --- [    Test worker] o.h.b.i.BytecodeProviderInitiator        : HHH000021: Bytecode provider name : bytebuddy
2023-07-28T12:01:04.535-05:00  INFO 72170 --- [    Test worker] o.h.e.t.j.p.i.JtaPlatformInitiator       : HHH000490: Using JtaPlatform implementation: [org.hibernate.engine.transaction.jta.platform.internal.NoJtaPlatform]
2023-07-28T12:01:04.542-05:00  INFO 72170 --- [    Test worker] j.LocalContainerEntityManagerFactoryBean : Initialized JPA EntityManagerFactory for persistence unit 'default'
2023-07-28T12:01:04.562-05:00  WARN 72170 --- [    Test worker] JpaBaseConfiguration$JpaWebConfiguration : spring.jpa.open-in-view is enabled by default. Therefore, database queries may be performed during view rendering. Explicitly configure spring.jpa.open-in-view to disable this warning
2023-07-28T12:01:04.592-05:00  INFO 72170 --- [    Test worker] o.a.c.c.C.[Tomcat].[localhost].[/]       : Initializing Spring TestDispatcherServlet ''
2023-07-28T12:01:04.592-05:00  INFO 72170 --- [    Test worker] o.s.t.web.servlet.TestDispatcherServlet  : Initializing Servlet ''
2023-07-28T12:01:04.593-05:00  INFO 72170 --- [    Test worker] o.s.t.web.servlet.TestDispatcherServlet  : Completed initialization in 1 ms
2023-07-28T12:01:04.596-05:00  INFO 72170 --- [    Test worker] o.s.b.w.embedded.tomcat.TomcatWebServer  : Tomcat started on port(s): 57405 (http) with context path ''
2023-07-28T12:01:04.598-05:00  INFO 72170 --- [    Test worker] .o.C.ClientBaseControllerIntegrationTest : Started ClientBaseControllerIntegrationTest in 0.213 seconds (process running for 4.364)

MockHttpServletRequest:
      HTTP Method = DELETE
      Request URI = /clientBase/delete/1
       Parameters = {}
          Headers = []
             Body = null
    Session Attrs = {}

Handler:
             Type = com.outreachmappingsolutions.controllers.ClientBaseController
           Method = com.outreachmappingsolutions.controllers.ClientBaseController#deleteClient(Integer)

Async:
    Async started = false
     Async result = null

Resolved Exception:
             Type = null

ModelAndView:
        View name = null
             View = null
            Model = null

FlashMap:
       Attributes = null

MockHttpServletResponse:
           Status = 200
    Error message = null
          Headers = [Content-Type:"text/plain;charset=UTF-8", Content-Length:"31"]
     Content type = text/plain;charset=UTF-8
             Body = Client was successfully deleted
    Forwarded URL = null
   Redirected URL = null
          Cookies = []
2023-07-28T12:01:04.611-05:00  INFO 72170 --- [    Test worker] o.apache.catalina.core.StandardService   : Stopping service [Tomcat]
2023-07-28T12:01:04.613-05:00  INFO 72170 --- [    Test worker] j.LocalContainerEntityManagerFactoryBean : Closing JPA EntityManagerFactory for persistence unit 'default'
2023-07-28T12:01:04.614-05:00  INFO 72170 --- [    Test worker] com.zaxxer.hikari.HikariDataSource       : HikariPool-8 - Shutdown initiated...
2023-07-28T12:01:04.627-05:00  INFO 72170 --- [    Test worker] com.zaxxer.hikari.HikariDataSource       : HikariPool-8 - Shutdown completed.

  .   ____          _            __ _ _
 /\\ / ___'_ __ _ _(_)_ __  __ _ \ \ \ \
( ( )\___ | '_ | '_| | '_ \/ _` | \ \ \ \
 \\/  ___)| |_)| | | | | || (_| |  ) ) ) )
  '  |____| .__|_| |_|_| |_\__, | / / / /
 =========|_|==============|___/=/_/_/_/
 :: Spring Boot ::                (v3.1.1)

2023-07-28T12:01:04.635-05:00  INFO 72170 --- [    Test worker] .o.C.ClientBaseControllerIntegrationTest : Starting ClientBaseControllerIntegrationTest using Java 17.0.7 with PID 72170 (started by joshjennemann in /Users/joshjennemann/Desktop/Personal_Projects/outreach-mapping-solutions-back-end/Outreach-Mapping-Solutions/outreach-mapping-solutions-BE)
2023-07-28T12:01:04.635-05:00  INFO 72170 --- [    Test worker] .o.C.ClientBaseControllerIntegrationTest : No active profile set, falling back to 1 default profile: "default"
2023-07-28T12:01:04.687-05:00  INFO 72170 --- [    Test worker] .s.d.r.c.RepositoryConfigurationDelegate : Multiple Spring Data modules found, entering strict repository configuration mode
2023-07-28T12:01:04.687-05:00  INFO 72170 --- [    Test worker] .s.d.r.c.RepositoryConfigurationDelegate : Bootstrapping Spring Data JDBC repositories in DEFAULT mode.
2023-07-28T12:01:04.688-05:00  INFO 72170 --- [    Test worker] .RepositoryConfigurationExtensionSupport : Spring Data JDBC - Could not safely identify store assignment for repository candidate interface com.outreachmappingsolutions.repositories.ClientBaseRepository; If you want this repository to be a JDBC repository, consider annotating your entities with one of these annotations: org.springframework.data.relational.core.mapping.Table.
2023-07-28T12:01:04.689-05:00  INFO 72170 --- [    Test worker] .RepositoryConfigurationExtensionSupport : Spring Data JDBC - Could not safely identify store assignment for repository candidate interface com.outreachmappingsolutions.repositories.ClientContactInfoRepository; If you want this repository to be a JDBC repository, consider annotating your entities with one of these annotations: org.springframework.data.relational.core.mapping.Table.
2023-07-28T12:01:04.689-05:00  INFO 72170 --- [    Test worker] .RepositoryConfigurationExtensionSupport : Spring Data JDBC - Could not safely identify store assignment for repository candidate interface com.outreachmappingsolutions.repositories.ClientDemographicsRepository; If you want this repository to be a JDBC repository, consider annotating your entities with one of these annotations: org.springframework.data.relational.core.mapping.Table.
2023-07-28T12:01:04.689-05:00  INFO 72170 --- [    Test worker] .s.d.r.c.RepositoryConfigurationDelegate : Finished Spring Data repository scanning in 1 ms. Found 0 JDBC repository interfaces.
2023-07-28T12:01:04.690-05:00  INFO 72170 --- [    Test worker] .s.d.r.c.RepositoryConfigurationDelegate : Multiple Spring Data modules found, entering strict repository configuration mode
2023-07-28T12:01:04.690-05:00  INFO 72170 --- [    Test worker] .s.d.r.c.RepositoryConfigurationDelegate : Bootstrapping Spring Data JPA repositories in DEFAULT mode.
2023-07-28T12:01:04.693-05:00  INFO 72170 --- [    Test worker] .s.d.r.c.RepositoryConfigurationDelegate : Finished Spring Data repository scanning in 3 ms. Found 3 JPA repository interfaces.
2023-07-28T12:01:04.712-05:00  INFO 72170 --- [    Test worker] o.s.b.w.embedded.tomcat.TomcatWebServer  : Tomcat initialized with port(s): 0 (http)
2023-07-28T12:01:04.713-05:00  INFO 72170 --- [    Test worker] o.apache.catalina.core.StandardService   : Starting service [Tomcat]
2023-07-28T12:01:04.713-05:00  INFO 72170 --- [    Test worker] o.apache.catalina.core.StandardEngine    : Starting Servlet engine: [Apache Tomcat/10.1.10]
2023-07-28T12:01:04.720-05:00  INFO 72170 --- [    Test worker] o.a.c.c.C.[Tomcat].[localhost].[/]       : Initializing Spring embedded WebApplicationContext
2023-07-28T12:01:04.720-05:00  INFO 72170 --- [    Test worker] w.s.c.ServletWebServerApplicationContext : Root WebApplicationContext: initialization completed in 85 ms
2023-07-28T12:01:04.724-05:00  INFO 72170 --- [    Test worker] com.zaxxer.hikari.HikariDataSource       : HikariPool-9 - Starting...
2023-07-28T12:01:04.725-05:00  INFO 72170 --- [    Test worker] com.zaxxer.hikari.pool.HikariPool        : HikariPool-9 - Added connection conn42: url=jdbc:h2:mem:testdb user=SA
2023-07-28T12:01:04.725-05:00  INFO 72170 --- [    Test worker] com.zaxxer.hikari.HikariDataSource       : HikariPool-9 - Start completed.
2023-07-28T12:01:04.725-05:00  INFO 72170 --- [    Test worker] o.s.b.a.h2.H2ConsoleAutoConfiguration    : H2 console available at '/h2-console'. Database available at 'jdbc:h2:mem:testdb'
2023-07-28T12:01:04.735-05:00  INFO 72170 --- [    Test worker] o.hibernate.jpa.internal.util.LogHelper  : HHH000204: Processing PersistenceUnitInfo [name: default]
2023-07-28T12:01:04.737-05:00  INFO 72170 --- [    Test worker] o.h.b.i.BytecodeProviderInitiator        : HHH000021: Bytecode provider name : bytebuddy
2023-07-28T12:01:04.737-05:00  INFO 72170 --- [    Test worker] o.s.o.j.p.SpringPersistenceUnitInfo      : No LoadTimeWeaver setup: ignoring JPA class transformer
2023-07-28T12:01:04.743-05:00  INFO 72170 --- [    Test worker] o.h.b.i.BytecodeProviderInitiator        : HHH000021: Bytecode provider name : bytebuddy
2023-07-28T12:01:04.760-05:00  INFO 72170 --- [    Test worker] o.h.e.t.j.p.i.JtaPlatformInitiator       : HHH000490: Using JtaPlatform implementation: [org.hibernate.engine.transaction.jta.platform.internal.NoJtaPlatform]
2023-07-28T12:01:04.763-05:00  INFO 72170 --- [    Test worker] j.LocalContainerEntityManagerFactoryBean : Initialized JPA EntityManagerFactory for persistence unit 'default'
2023-07-28T12:01:04.787-05:00  WARN 72170 --- [    Test worker] JpaBaseConfiguration$JpaWebConfiguration : spring.jpa.open-in-view is enabled by default. Therefore, database queries may be performed during view rendering. Explicitly configure spring.jpa.open-in-view to disable this warning
2023-07-28T12:01:04.819-05:00  INFO 72170 --- [    Test worker] o.a.c.c.C.[Tomcat].[localhost].[/]       : Initializing Spring TestDispatcherServlet ''
2023-07-28T12:01:04.819-05:00  INFO 72170 --- [    Test worker] o.s.t.web.servlet.TestDispatcherServlet  : Initializing Servlet ''
2023-07-28T12:01:04.819-05:00  INFO 72170 --- [    Test worker] o.s.t.web.servlet.TestDispatcherServlet  : Completed initialization in 0 ms
2023-07-28T12:01:04.827-05:00  INFO 72170 --- [    Test worker] o.s.b.w.embedded.tomcat.TomcatWebServer  : Tomcat started on port(s): 57407 (http) with context path ''
2023-07-28T12:01:04.828-05:00  INFO 72170 --- [    Test worker] .o.C.ClientBaseControllerIntegrationTest : Started ClientBaseControllerIntegrationTest in 0.2 seconds (process running for 4.595)

MockHttpServletRequest:
      HTTP Method = PUT
      Request URI = /clientBase/update/1
       Parameters = {}
          Headers = [Content-Type:"application/json;charset=UTF-8", Accept:"application/json", Content-Length:"354"]
             Body = {"id":null,"firstName":"Miles","middleName":"Edward","lastName":"O'Brien","nameDataQuality":"Data Quality Complete","dobMonth":"June","dobDay":"9","dobYear":"1959","dobDataQuality":"Data Quality Complete","firstThreeSsn":111,"middleTwoSsn":11,"lastFourSsn":1111,"ssnDataQuality":"Data Quality Complete","clientDemographics":null,"clientContactInfo":null}
    Session Attrs = {}

Handler:
             Type = com.outreachmappingsolutions.controllers.ClientBaseController
           Method = com.outreachmappingsolutions.controllers.ClientBaseController#updateClient(Integer, ClientBase)

Async:
    Async started = false
     Async result = null

Resolved Exception:
             Type = null

ModelAndView:
        View name = null
             View = null
            Model = null

FlashMap:
       Attributes = null

MockHttpServletResponse:
           Status = 200
    Error message = null
          Headers = [Content-Type:"application/json"]
     Content type = application/json
             Body = {"id":1,"firstName":"Miles","middleName":"Edward","lastName":"O'Brien","nameDataQuality":"Data Quality Complete","dobMonth":"June","dobDay":"9","dobYear":"1959","dobDataQuality":"Data Quality Complete","firstThreeSsn":111,"middleTwoSsn":11,"lastFourSsn":1111,"ssnDataQuality":"Data Quality Complete","clientDemographics":{"id":1,"gender":null,"racePrimary":null,"raceSecondary":null,"ethnicity":null,"veteranStatus":null},"clientContactInfo":{"id":1,"phonePrimary":null,"phoneSecondary":null,"email":null,"iceName":null,"iceRelationship":null,"icePhonePrimary":null,"icePhoneSecondary":null,"iceEmail":null}}
    Forwarded URL = null
   Redirected URL = null
          Cookies = []
2023-07-28T12:01:04.853-05:00  INFO 72170 --- [    Test worker] o.apache.catalina.core.StandardService   : Stopping service [Tomcat]
2023-07-28T12:01:04.855-05:00  INFO 72170 --- [    Test worker] j.LocalContainerEntityManagerFactoryBean : Closing JPA EntityManagerFactory for persistence unit 'default'
2023-07-28T12:01:04.856-05:00  INFO 72170 --- [    Test worker] com.zaxxer.hikari.HikariDataSource       : HikariPool-9 - Shutdown initiated...
2023-07-28T12:01:04.856-05:00  INFO 72170 --- [    Test worker] com.zaxxer.hikari.HikariDataSource       : HikariPool-9 - Shutdown completed.
]]></system-out>
  <system-err><![CDATA[]]></system-err>
</testsuite>
