<?xml version="1.0" encoding="UTF-8"?>
<testsuite name="com.outreachmappingsolutions.Services.ClientContactInfoServiceUnitTest" tests="9" skipped="0" failures="0" errors="0" timestamp="2023-07-28T14:40:45" hostname="Joshs-Air.lan" time="0.014">
  <properties/>
  <testcase name="testReturnClientContactInfoByClientIdError()" classname="com.outreachmappingsolutions.Services.ClientContactInfoServiceUnitTest" time="0.008"/>
  <testcase name="testReturnClientContactInfoByClientIdNotFound()" classname="com.outreachmappingsolutions.Services.ClientContactInfoServiceUnitTest" time="0.001"/>
  <testcase name="testUpdateClientContactInfoNotFound()" classname="com.outreachmappingsolutions.Services.ClientContactInfoServiceUnitTest" time="0.001"/>
  <testcase name="testReturnAllClientContactInfoNotFound()" classname="com.outreachmappingsolutions.Services.ClientContactInfoServiceUnitTest" time="0.0"/>
  <testcase name="testReturnClientContactInfoByClientIdSuccess()" classname="com.outreachmappingsolutions.Services.ClientContactInfoServiceUnitTest" time="0.001"/>
  <testcase name="testReturnAllClientContactInfoError()" classname="com.outreachmappingsolutions.Services.ClientContactInfoServiceUnitTest" time="0.001"/>
  <testcase name="testUpdateClientContactInfoError()" classname="com.outreachmappingsolutions.Services.ClientContactInfoServiceUnitTest" time="0.0"/>
  <testcase name="testUpdateClientContactInfoSuccess()" classname="com.outreachmappingsolutions.Services.ClientContactInfoServiceUnitTest" time="0.001"/>
  <testcase name="testReturnAllClientContactInfoSuccess()" classname="com.outreachmappingsolutions.Services.ClientContactInfoServiceUnitTest" time="0.001"/>
  <system-out><![CDATA[]]></system-out>
  <system-err><![CDATA[]]></system-err>
</testsuite>
