<?xml version="1.0" encoding="UTF-8"?>
<testsuite name="com.outreachmappingsolutions.Controllers.ClientDemographicsControllerIntegrationTest" tests="6" skipped="0" failures="0" errors="0" timestamp="2023-09-28T19:06:47" hostname="Joshs-Air.lan" time="0.919">
  <properties/>
  <testcase name="testUpdateClientDemographicsSuccess()" classname="com.outreachmappingsolutions.Controllers.ClientDemographicsControllerIntegrationTest" time="0.027"/>
  <testcase name="testReturnAllClientDemographicsSuccess()" classname="com.outreachmappingsolutions.Controllers.ClientDemographicsControllerIntegrationTest" time="0.018"/>
  <testcase name="testUpdateClientDemographicsNotFound()" classname="com.outreachmappingsolutions.Controllers.ClientDemographicsControllerIntegrationTest" time="0.022"/>
  <testcase name="testReturnAllClientDemographicsNotFound()" classname="com.outreachmappingsolutions.Controllers.ClientDemographicsControllerIntegrationTest" time="0.009"/>
  <testcase name="testReturnClientDemographicsByClientIdSuccess()" classname="com.outreachmappingsolutions.Controllers.ClientDemographicsControllerIntegrationTest" time="0.012"/>
  <testcase name="testReturnClientDemographicsByClientIdNotFound()" classname="com.outreachmappingsolutions.Controllers.ClientDemographicsControllerIntegrationTest" time="0.009"/>
  <system-out><![CDATA[2023-09-28T14:06:47.033-05:00  INFO 44934 --- [    Test worker] t.c.s.AnnotationConfigContextLoaderUtils : Could not detect default configuration classes for test class [com.outreachmappingsolutions.Controllers.ClientDemographicsControllerIntegrationTest]: ClientDemographicsControllerIntegrationTest does not declare any static, non-private, non-final, nested classes annotated with @Configuration.
2023-09-28T14:06:47.034-05:00  INFO 44934 --- [    Test worker] .b.t.c.SpringBootTestContextBootstrapper : Found @SpringBootConfiguration com.outreachmappingsolutions.OutreachMappingSolutionsApplication for test class com.outreachmappingsolutions.Controllers.ClientDemographicsControllerIntegrationTest

  .   ____          _            __ _ _
 /\\ / ___'_ __ _ _(_)_ __  __ _ \ \ \ \
( ( )\___ | '_ | '_| | '_ \/ _` | \ \ \ \
 \\/  ___)| |_)| | | | | || (_| |  ) ) ) )
  '  |____| .__|_| |_|_| |_\__, | / / / /
 =========|_|==============|___/=/_/_/_/
 :: Spring Boot ::                (v3.1.1)

2023-09-28T14:06:47.043-05:00  INFO 44934 --- [    Test worker] entDemographicsControllerIntegrationTest : Starting ClientDemographicsControllerIntegrationTest using Java 17.0.7 with PID 44934 (started by joshjennemann in /Users/joshjennemann/Desktop/Personal_Projects/outreach-mapping-solutions-back-end/Outreach-Mapping-Solutions/outreach-mapping-solutions-BE)
2023-09-28T14:06:47.043-05:00  INFO 44934 --- [    Test worker] entDemographicsControllerIntegrationTest : No active profile set, falling back to 1 default profile: "default"
2023-09-28T14:06:47.090-05:00  INFO 44934 --- [    Test worker] .s.d.r.c.RepositoryConfigurationDelegate : Multiple Spring Data modules found, entering strict repository configuration mode
2023-09-28T14:06:47.090-05:00  INFO 44934 --- [    Test worker] .s.d.r.c.RepositoryConfigurationDelegate : Bootstrapping Spring Data JDBC repositories in DEFAULT mode.
2023-09-28T14:06:47.091-05:00  INFO 44934 --- [    Test worker] .RepositoryConfigurationExtensionSupport : Spring Data JDBC - Could not safely identify store assignment for repository candidate interface com.outreachmappingsolutions.repositories.ClientBaseRepository; If you want this repository to be a JDBC repository, consider annotating your entities with one of these annotations: org.springframework.data.relational.core.mapping.Table.
2023-09-28T14:06:47.091-05:00  INFO 44934 --- [    Test worker] .RepositoryConfigurationExtensionSupport : Spring Data JDBC - Could not safely identify store assignment for repository candidate interface com.outreachmappingsolutions.repositories.ClientContactInfoRepository; If you want this repository to be a JDBC repository, consider annotating your entities with one of these annotations: org.springframework.data.relational.core.mapping.Table.
2023-09-28T14:06:47.092-05:00  INFO 44934 --- [    Test worker] .RepositoryConfigurationExtensionSupport : Spring Data JDBC - Could not safely identify store assignment for repository candidate interface com.outreachmappingsolutions.repositories.ClientDemographicsRepository; If you want this repository to be a JDBC repository, consider annotating your entities with one of these annotations: org.springframework.data.relational.core.mapping.Table.
2023-09-28T14:06:47.092-05:00  INFO 44934 --- [    Test worker] .s.d.r.c.RepositoryConfigurationDelegate : Finished Spring Data repository scanning in 1 ms. Found 0 JDBC repository interfaces.
2023-09-28T14:06:47.093-05:00  INFO 44934 --- [    Test worker] .s.d.r.c.RepositoryConfigurationDelegate : Multiple Spring Data modules found, entering strict repository configuration mode
2023-09-28T14:06:47.093-05:00  INFO 44934 --- [    Test worker] .s.d.r.c.RepositoryConfigurationDelegate : Bootstrapping Spring Data JPA repositories in DEFAULT mode.
2023-09-28T14:06:47.096-05:00  INFO 44934 --- [    Test worker] .s.d.r.c.RepositoryConfigurationDelegate : Finished Spring Data repository scanning in 3 ms. Found 3 JPA repository interfaces.
2023-09-28T14:06:47.121-05:00  INFO 44934 --- [    Test worker] o.s.b.w.embedded.tomcat.TomcatWebServer  : Tomcat initialized with port(s): 0 (http)
2023-09-28T14:06:47.121-05:00  INFO 44934 --- [    Test worker] o.apache.catalina.core.StandardService   : Starting service [Tomcat]
2023-09-28T14:06:47.122-05:00  INFO 44934 --- [    Test worker] o.apache.catalina.core.StandardEngine    : Starting Servlet engine: [Apache Tomcat/10.1.10]
2023-09-28T14:06:47.128-05:00  INFO 44934 --- [    Test worker] o.a.c.c.C.[Tomcat].[localhost].[/]       : Initializing Spring embedded WebApplicationContext
2023-09-28T14:06:47.128-05:00  INFO 44934 --- [    Test worker] w.s.c.ServletWebServerApplicationContext : Root WebApplicationContext: initialization completed in 84 ms
2023-09-28T14:06:47.130-05:00  INFO 44934 --- [    Test worker] com.zaxxer.hikari.HikariDataSource       : HikariPool-16 - Starting...
2023-09-28T14:06:47.131-05:00  INFO 44934 --- [    Test worker] com.zaxxer.hikari.pool.HikariPool        : HikariPool-16 - Added connection conn62: url=jdbc:h2:mem:testdb user=SA
2023-09-28T14:06:47.131-05:00  INFO 44934 --- [    Test worker] com.zaxxer.hikari.HikariDataSource       : HikariPool-16 - Start completed.
2023-09-28T14:06:47.131-05:00  INFO 44934 --- [    Test worker] o.s.b.a.h2.H2ConsoleAutoConfiguration    : H2 console available at '/h2-console'. Database available at 'jdbc:h2:mem:testdb'
2023-09-28T14:06:47.140-05:00  INFO 44934 --- [    Test worker] o.hibernate.jpa.internal.util.LogHelper  : HHH000204: Processing PersistenceUnitInfo [name: default]
2023-09-28T14:06:47.142-05:00  INFO 44934 --- [    Test worker] o.h.b.i.BytecodeProviderInitiator        : HHH000021: Bytecode provider name : bytebuddy
2023-09-28T14:06:47.142-05:00  INFO 44934 --- [    Test worker] o.s.o.j.p.SpringPersistenceUnitInfo      : No LoadTimeWeaver setup: ignoring JPA class transformer
2023-09-28T14:06:47.147-05:00  INFO 44934 --- [    Test worker] o.h.b.i.BytecodeProviderInitiator        : HHH000021: Bytecode provider name : bytebuddy
2023-09-28T14:06:47.160-05:00  INFO 44934 --- [    Test worker] o.h.e.t.j.p.i.JtaPlatformInitiator       : HHH000490: Using JtaPlatform implementation: [org.hibernate.engine.transaction.jta.platform.internal.NoJtaPlatform]
2023-09-28T14:06:47.163-05:00  INFO 44934 --- [    Test worker] j.LocalContainerEntityManagerFactoryBean : Initialized JPA EntityManagerFactory for persistence unit 'default'
2023-09-28T14:06:47.183-05:00  WARN 44934 --- [    Test worker] JpaBaseConfiguration$JpaWebConfiguration : spring.jpa.open-in-view is enabled by default. Therefore, database queries may be performed during view rendering. Explicitly configure spring.jpa.open-in-view to disable this warning
2023-09-28T14:06:47.231-05:00  INFO 44934 --- [    Test worker] o.a.c.c.C.[Tomcat].[localhost].[/]       : Initializing Spring TestDispatcherServlet ''
2023-09-28T14:06:47.232-05:00  INFO 44934 --- [    Test worker] o.s.t.web.servlet.TestDispatcherServlet  : Initializing Servlet ''
2023-09-28T14:06:47.232-05:00  INFO 44934 --- [    Test worker] o.s.t.web.servlet.TestDispatcherServlet  : Completed initialization in 0 ms
2023-09-28T14:06:47.238-05:00  INFO 44934 --- [    Test worker] o.s.b.w.embedded.tomcat.TomcatWebServer  : Tomcat started on port(s): 52104 (http) with context path ''
2023-09-28T14:06:47.239-05:00  INFO 44934 --- [    Test worker] entDemographicsControllerIntegrationTest : Started ClientDemographicsControllerIntegrationTest in 0.203 seconds (process running for 6.554)

MockHttpServletRequest:
      HTTP Method = PUT
      Request URI = /clientDemographics/update/1
       Parameters = {}
          Headers = [Content-Type:"application/json;charset=UTF-8", Accept:"application/json", Content-Length:"159"]
             Body = {"id":null,"gender":"Female","racePrimary":"Asian/Pacific Islander","raceSecondary":"Not Applicable","ethnicity":"Non-Hispanic","veteranStatus":"Is a Veteran"}
    Session Attrs = {}

Handler:
             Type = com.outreachmappingsolutions.controllers.ClientDemographicsController
           Method = com.outreachmappingsolutions.controllers.ClientDemographicsController#updateClientDemographics(Integer, ClientDemographics)

Async:
    Async started = false
     Async result = null

Resolved Exception:
             Type = null

ModelAndView:
        View name = null
             View = null
            Model = null

FlashMap:
       Attributes = null

MockHttpServletResponse:
           Status = 200
    Error message = null
          Headers = [Content-Type:"application/json"]
     Content type = application/json
             Body = {"id":1,"gender":"Female","racePrimary":"Asian/Pacific Islander","raceSecondary":"Not Applicable","ethnicity":"Non-Hispanic","veteranStatus":"Is a Veteran"}
    Forwarded URL = null
   Redirected URL = null
          Cookies = []
2023-09-28T14:06:47.254-05:00  INFO 44934 --- [    Test worker] o.apache.catalina.core.StandardService   : Stopping service [Tomcat]
2023-09-28T14:06:47.256-05:00  INFO 44934 --- [    Test worker] j.LocalContainerEntityManagerFactoryBean : Closing JPA EntityManagerFactory for persistence unit 'default'
2023-09-28T14:06:47.257-05:00  INFO 44934 --- [    Test worker] com.zaxxer.hikari.HikariDataSource       : HikariPool-16 - Shutdown initiated...
2023-09-28T14:06:47.267-05:00  INFO 44934 --- [    Test worker] com.zaxxer.hikari.HikariDataSource       : HikariPool-16 - Shutdown completed.

  .   ____          _            __ _ _
 /\\ / ___'_ __ _ _(_)_ __  __ _ \ \ \ \
( ( )\___ | '_ | '_| | '_ \/ _` | \ \ \ \
 \\/  ___)| |_)| | | | | || (_| |  ) ) ) )
  '  |____| .__|_| |_|_| |_\__, | / / / /
 =========|_|==============|___/=/_/_/_/
 :: Spring Boot ::                (v3.1.1)

2023-09-28T14:06:47.274-05:00  INFO 44934 --- [    Test worker] entDemographicsControllerIntegrationTest : Starting ClientDemographicsControllerIntegrationTest using Java 17.0.7 with PID 44934 (started by joshjennemann in /Users/joshjennemann/Desktop/Personal_Projects/outreach-mapping-solutions-back-end/Outreach-Mapping-Solutions/outreach-mapping-solutions-BE)
2023-09-28T14:06:47.274-05:00  INFO 44934 --- [    Test worker] entDemographicsControllerIntegrationTest : No active profile set, falling back to 1 default profile: "default"
2023-09-28T14:06:47.316-05:00  INFO 44934 --- [    Test worker] .s.d.r.c.RepositoryConfigurationDelegate : Multiple Spring Data modules found, entering strict repository configuration mode
2023-09-28T14:06:47.316-05:00  INFO 44934 --- [    Test worker] .s.d.r.c.RepositoryConfigurationDelegate : Bootstrapping Spring Data JDBC repositories in DEFAULT mode.
2023-09-28T14:06:47.317-05:00  INFO 44934 --- [    Test worker] .RepositoryConfigurationExtensionSupport : Spring Data JDBC - Could not safely identify store assignment for repository candidate interface com.outreachmappingsolutions.repositories.ClientBaseRepository; If you want this repository to be a JDBC repository, consider annotating your entities with one of these annotations: org.springframework.data.relational.core.mapping.Table.
2023-09-28T14:06:47.317-05:00  INFO 44934 --- [    Test worker] .RepositoryConfigurationExtensionSupport : Spring Data JDBC - Could not safely identify store assignment for repository candidate interface com.outreachmappingsolutions.repositories.ClientContactInfoRepository; If you want this repository to be a JDBC repository, consider annotating your entities with one of these annotations: org.springframework.data.relational.core.mapping.Table.
2023-09-28T14:06:47.317-05:00  INFO 44934 --- [    Test worker] .RepositoryConfigurationExtensionSupport : Spring Data JDBC - Could not safely identify store assignment for repository candidate interface com.outreachmappingsolutions.repositories.ClientDemographicsRepository; If you want this repository to be a JDBC repository, consider annotating your entities with one of these annotations: org.springframework.data.relational.core.mapping.Table.
2023-09-28T14:06:47.317-05:00  INFO 44934 --- [    Test worker] .s.d.r.c.RepositoryConfigurationDelegate : Finished Spring Data repository scanning in 1 ms. Found 0 JDBC repository interfaces.
2023-09-28T14:06:47.318-05:00  INFO 44934 --- [    Test worker] .s.d.r.c.RepositoryConfigurationDelegate : Multiple Spring Data modules found, entering strict repository configuration mode
2023-09-28T14:06:47.318-05:00  INFO 44934 --- [    Test worker] .s.d.r.c.RepositoryConfigurationDelegate : Bootstrapping Spring Data JPA repositories in DEFAULT mode.
2023-09-28T14:06:47.321-05:00  INFO 44934 --- [    Test worker] .s.d.r.c.RepositoryConfigurationDelegate : Finished Spring Data repository scanning in 2 ms. Found 3 JPA repository interfaces.
2023-09-28T14:06:47.343-05:00  INFO 44934 --- [    Test worker] o.s.b.w.embedded.tomcat.TomcatWebServer  : Tomcat initialized with port(s): 0 (http)
2023-09-28T14:06:47.344-05:00  INFO 44934 --- [    Test worker] o.apache.catalina.core.StandardService   : Starting service [Tomcat]
2023-09-28T14:06:47.344-05:00  INFO 44934 --- [    Test worker] o.apache.catalina.core.StandardEngine    : Starting Servlet engine: [Apache Tomcat/10.1.10]
2023-09-28T14:06:47.350-05:00  INFO 44934 --- [    Test worker] o.a.c.c.C.[Tomcat].[localhost].[/]       : Initializing Spring embedded WebApplicationContext
2023-09-28T14:06:47.350-05:00  INFO 44934 --- [    Test worker] w.s.c.ServletWebServerApplicationContext : Root WebApplicationContext: initialization completed in 76 ms
2023-09-28T14:06:47.352-05:00  INFO 44934 --- [    Test worker] com.zaxxer.hikari.HikariDataSource       : HikariPool-17 - Starting...
2023-09-28T14:06:47.352-05:00  INFO 44934 --- [    Test worker] com.zaxxer.hikari.pool.HikariPool        : HikariPool-17 - Added connection conn66: url=jdbc:h2:mem:testdb user=SA
2023-09-28T14:06:47.353-05:00  INFO 44934 --- [    Test worker] com.zaxxer.hikari.HikariDataSource       : HikariPool-17 - Start completed.
2023-09-28T14:06:47.353-05:00  INFO 44934 --- [    Test worker] o.s.b.a.h2.H2ConsoleAutoConfiguration    : H2 console available at '/h2-console'. Database available at 'jdbc:h2:mem:testdb'
2023-09-28T14:06:47.361-05:00  INFO 44934 --- [    Test worker] o.hibernate.jpa.internal.util.LogHelper  : HHH000204: Processing PersistenceUnitInfo [name: default]
2023-09-28T14:06:47.363-05:00  INFO 44934 --- [    Test worker] o.h.b.i.BytecodeProviderInitiator        : HHH000021: Bytecode provider name : bytebuddy
2023-09-28T14:06:47.364-05:00  INFO 44934 --- [    Test worker] o.s.o.j.p.SpringPersistenceUnitInfo      : No LoadTimeWeaver setup: ignoring JPA class transformer
2023-09-28T14:06:47.368-05:00  INFO 44934 --- [    Test worker] o.h.b.i.BytecodeProviderInitiator        : HHH000021: Bytecode provider name : bytebuddy
2023-09-28T14:06:47.383-05:00  INFO 44934 --- [    Test worker] o.h.e.t.j.p.i.JtaPlatformInitiator       : HHH000490: Using JtaPlatform implementation: [org.hibernate.engine.transaction.jta.platform.internal.NoJtaPlatform]
2023-09-28T14:06:47.386-05:00  INFO 44934 --- [    Test worker] j.LocalContainerEntityManagerFactoryBean : Initialized JPA EntityManagerFactory for persistence unit 'default'
2023-09-28T14:06:47.401-05:00  WARN 44934 --- [    Test worker] JpaBaseConfiguration$JpaWebConfiguration : spring.jpa.open-in-view is enabled by default. Therefore, database queries may be performed during view rendering. Explicitly configure spring.jpa.open-in-view to disable this warning
2023-09-28T14:06:47.428-05:00  INFO 44934 --- [    Test worker] o.a.c.c.C.[Tomcat].[localhost].[/]       : Initializing Spring TestDispatcherServlet ''
2023-09-28T14:06:47.428-05:00  INFO 44934 --- [    Test worker] o.s.t.web.servlet.TestDispatcherServlet  : Initializing Servlet ''
2023-09-28T14:06:47.428-05:00  INFO 44934 --- [    Test worker] o.s.t.web.servlet.TestDispatcherServlet  : Completed initialization in 0 ms
2023-09-28T14:06:47.434-05:00  INFO 44934 --- [    Test worker] o.s.b.w.embedded.tomcat.TomcatWebServer  : Tomcat started on port(s): 52106 (http) with context path ''
2023-09-28T14:06:47.435-05:00  INFO 44934 --- [    Test worker] entDemographicsControllerIntegrationTest : Started ClientDemographicsControllerIntegrationTest in 0.167 seconds (process running for 6.75)

MockHttpServletRequest:
      HTTP Method = GET
      Request URI = /clientDemographics/returnAll
       Parameters = {}
          Headers = []
             Body = null
    Session Attrs = {}

Handler:
             Type = com.outreachmappingsolutions.controllers.ClientDemographicsController
           Method = com.outreachmappingsolutions.controllers.ClientDemographicsController#returnAllClientDemographics()

Async:
    Async started = false
     Async result = null

Resolved Exception:
             Type = null

ModelAndView:
        View name = null
             View = null
            Model = null

FlashMap:
       Attributes = null

MockHttpServletResponse:
           Status = 200
    Error message = null
          Headers = [Content-Type:"application/json"]
     Content type = application/json
             Body = [{"id":1,"gender":"Male","racePrimary":"White/Caucasian","raceSecondary":"Black/African-American","ethnicity":"Hispanic","veteranStatus":"Not a Veteran"},{"id":2,"gender":"Female","racePrimary":"Black/African-American","raceSecondary":"Asian/Pacific Islander","ethnicity":"Non-Hispanic","veteranStatus":"Is a Veteran"},{"id":3,"gender":"Male","racePrimary":"Asian/Pacific Islander","raceSecondary":"Not/Applicable","ethnicity":"Non-Hispanic","veteranStatus":"Not a Veteran"}]
    Forwarded URL = null
   Redirected URL = null
          Cookies = []
2023-09-28T14:06:47.451-05:00  INFO 44934 --- [    Test worker] o.apache.catalina.core.StandardService   : Stopping service [Tomcat]
2023-09-28T14:06:47.453-05:00  INFO 44934 --- [    Test worker] j.LocalContainerEntityManagerFactoryBean : Closing JPA EntityManagerFactory for persistence unit 'default'
2023-09-28T14:06:47.454-05:00  INFO 44934 --- [    Test worker] com.zaxxer.hikari.HikariDataSource       : HikariPool-17 - Shutdown initiated...
2023-09-28T14:06:47.454-05:00  INFO 44934 --- [    Test worker] com.zaxxer.hikari.HikariDataSource       : HikariPool-17 - Shutdown completed.

  .   ____          _            __ _ _
 /\\ / ___'_ __ _ _(_)_ __  __ _ \ \ \ \
( ( )\___ | '_ | '_| | '_ \/ _` | \ \ \ \
 \\/  ___)| |_)| | | | | || (_| |  ) ) ) )
  '  |____| .__|_| |_|_| |_\__, | / / / /
 =========|_|==============|___/=/_/_/_/
 :: Spring Boot ::                (v3.1.1)

2023-09-28T14:06:47.461-05:00  INFO 44934 --- [    Test worker] entDemographicsControllerIntegrationTest : Starting ClientDemographicsControllerIntegrationTest using Java 17.0.7 with PID 44934 (started by joshjennemann in /Users/joshjennemann/Desktop/Personal_Projects/outreach-mapping-solutions-back-end/Outreach-Mapping-Solutions/outreach-mapping-solutions-BE)
2023-09-28T14:06:47.462-05:00  INFO 44934 --- [    Test worker] entDemographicsControllerIntegrationTest : No active profile set, falling back to 1 default profile: "default"
2023-09-28T14:06:47.504-05:00  INFO 44934 --- [    Test worker] .s.d.r.c.RepositoryConfigurationDelegate : Multiple Spring Data modules found, entering strict repository configuration mode
2023-09-28T14:06:47.504-05:00  INFO 44934 --- [    Test worker] .s.d.r.c.RepositoryConfigurationDelegate : Bootstrapping Spring Data JDBC repositories in DEFAULT mode.
2023-09-28T14:06:47.505-05:00  INFO 44934 --- [    Test worker] .RepositoryConfigurationExtensionSupport : Spring Data JDBC - Could not safely identify store assignment for repository candidate interface com.outreachmappingsolutions.repositories.ClientBaseRepository; If you want this repository to be a JDBC repository, consider annotating your entities with one of these annotations: org.springframework.data.relational.core.mapping.Table.
2023-09-28T14:06:47.505-05:00  INFO 44934 --- [    Test worker] .RepositoryConfigurationExtensionSupport : Spring Data JDBC - Could not safely identify store assignment for repository candidate interface com.outreachmappingsolutions.repositories.ClientContactInfoRepository; If you want this repository to be a JDBC repository, consider annotating your entities with one of these annotations: org.springframework.data.relational.core.mapping.Table.
2023-09-28T14:06:47.505-05:00  INFO 44934 --- [    Test worker] .RepositoryConfigurationExtensionSupport : Spring Data JDBC - Could not safely identify store assignment for repository candidate interface com.outreachmappingsolutions.repositories.ClientDemographicsRepository; If you want this repository to be a JDBC repository, consider annotating your entities with one of these annotations: org.springframework.data.relational.core.mapping.Table.
2023-09-28T14:06:47.505-05:00  INFO 44934 --- [    Test worker] .s.d.r.c.RepositoryConfigurationDelegate : Finished Spring Data repository scanning in 1 ms. Found 0 JDBC repository interfaces.
2023-09-28T14:06:47.506-05:00  INFO 44934 --- [    Test worker] .s.d.r.c.RepositoryConfigurationDelegate : Multiple Spring Data modules found, entering strict repository configuration mode
2023-09-28T14:06:47.506-05:00  INFO 44934 --- [    Test worker] .s.d.r.c.RepositoryConfigurationDelegate : Bootstrapping Spring Data JPA repositories in DEFAULT mode.
2023-09-28T14:06:47.509-05:00  INFO 44934 --- [    Test worker] .s.d.r.c.RepositoryConfigurationDelegate : Finished Spring Data repository scanning in 2 ms. Found 3 JPA repository interfaces.
2023-09-28T14:06:47.530-05:00  INFO 44934 --- [    Test worker] o.s.b.w.embedded.tomcat.TomcatWebServer  : Tomcat initialized with port(s): 0 (http)
2023-09-28T14:06:47.530-05:00  INFO 44934 --- [    Test worker] o.apache.catalina.core.StandardService   : Starting service [Tomcat]
2023-09-28T14:06:47.530-05:00  INFO 44934 --- [    Test worker] o.apache.catalina.core.StandardEngine    : Starting Servlet engine: [Apache Tomcat/10.1.10]
2023-09-28T14:06:47.536-05:00  INFO 44934 --- [    Test worker] o.a.c.c.C.[Tomcat].[localhost].[/]       : Initializing Spring embedded WebApplicationContext
2023-09-28T14:06:47.536-05:00  INFO 44934 --- [    Test worker] w.s.c.ServletWebServerApplicationContext : Root WebApplicationContext: initialization completed in 74 ms
2023-09-28T14:06:47.538-05:00  INFO 44934 --- [    Test worker] com.zaxxer.hikari.HikariDataSource       : HikariPool-18 - Starting...
2023-09-28T14:06:47.538-05:00  INFO 44934 --- [    Test worker] com.zaxxer.hikari.pool.HikariPool        : HikariPool-18 - Added connection conn67: url=jdbc:h2:mem:testdb user=SA
2023-09-28T14:06:47.538-05:00  INFO 44934 --- [    Test worker] com.zaxxer.hikari.HikariDataSource       : HikariPool-18 - Start completed.
2023-09-28T14:06:47.538-05:00  INFO 44934 --- [    Test worker] o.s.b.a.h2.H2ConsoleAutoConfiguration    : H2 console available at '/h2-console'. Database available at 'jdbc:h2:mem:testdb'
2023-09-28T14:06:47.547-05:00  INFO 44934 --- [    Test worker] o.hibernate.jpa.internal.util.LogHelper  : HHH000204: Processing PersistenceUnitInfo [name: default]
2023-09-28T14:06:47.553-05:00  INFO 44934 --- [    Test worker] o.h.b.i.BytecodeProviderInitiator        : HHH000021: Bytecode provider name : bytebuddy
2023-09-28T14:06:47.553-05:00  INFO 44934 --- [    Test worker] o.s.o.j.p.SpringPersistenceUnitInfo      : No LoadTimeWeaver setup: ignoring JPA class transformer
2023-09-28T14:06:47.558-05:00  INFO 44934 --- [    Test worker] o.h.b.i.BytecodeProviderInitiator        : HHH000021: Bytecode provider name : bytebuddy
2023-09-28T14:06:47.574-05:00  INFO 44934 --- [    Test worker] o.h.e.t.j.p.i.JtaPlatformInitiator       : HHH000490: Using JtaPlatform implementation: [org.hibernate.engine.transaction.jta.platform.internal.NoJtaPlatform]
2023-09-28T14:06:47.577-05:00  INFO 44934 --- [    Test worker] j.LocalContainerEntityManagerFactoryBean : Initialized JPA EntityManagerFactory for persistence unit 'default'
2023-09-28T14:06:47.593-05:00  WARN 44934 --- [    Test worker] JpaBaseConfiguration$JpaWebConfiguration : spring.jpa.open-in-view is enabled by default. Therefore, database queries may be performed during view rendering. Explicitly configure spring.jpa.open-in-view to disable this warning
2023-09-28T14:06:47.622-05:00  INFO 44934 --- [    Test worker] o.a.c.c.C.[Tomcat].[localhost].[/]       : Initializing Spring TestDispatcherServlet ''
2023-09-28T14:06:47.622-05:00  INFO 44934 --- [    Test worker] o.s.t.web.servlet.TestDispatcherServlet  : Initializing Servlet ''
2023-09-28T14:06:47.622-05:00  INFO 44934 --- [    Test worker] o.s.t.web.servlet.TestDispatcherServlet  : Completed initialization in 0 ms
2023-09-28T14:06:47.628-05:00  INFO 44934 --- [    Test worker] o.s.b.w.embedded.tomcat.TomcatWebServer  : Tomcat started on port(s): 52108 (http) with context path ''
2023-09-28T14:06:47.629-05:00  INFO 44934 --- [    Test worker] entDemographicsControllerIntegrationTest : Started ClientDemographicsControllerIntegrationTest in 0.173 seconds (process running for 6.944)

MockHttpServletRequest:
      HTTP Method = PUT
      Request URI = /clientDemographics/update/1
       Parameters = {}
          Headers = [Content-Type:"application/json;charset=UTF-8", Accept:"application/json", Content-Length:"159"]
             Body = {"id":null,"gender":"Female","racePrimary":"Asian/Pacific Islander","raceSecondary":"Not Applicable","ethnicity":"Non-Hispanic","veteranStatus":"Is a Veteran"}
    Session Attrs = {}

Handler:
             Type = com.outreachmappingsolutions.controllers.ClientDemographicsController
           Method = com.outreachmappingsolutions.controllers.ClientDemographicsController#updateClientDemographics(Integer, ClientDemographics)

Async:
    Async started = false
     Async result = null

Resolved Exception:
             Type = null

ModelAndView:
        View name = null
             View = null
            Model = null

FlashMap:
       Attributes = null

MockHttpServletResponse:
           Status = 404
    Error message = null
          Headers = [Content-Type:"application/json", Content-Length:"56"]
     Content type = application/json
             Body = No client demographics matching your criteria were found
    Forwarded URL = null
   Redirected URL = null
          Cookies = []
2023-09-28T14:06:47.638-05:00  INFO 44934 --- [    Test worker] o.apache.catalina.core.StandardService   : Stopping service [Tomcat]
2023-09-28T14:06:47.640-05:00  INFO 44934 --- [    Test worker] j.LocalContainerEntityManagerFactoryBean : Closing JPA EntityManagerFactory for persistence unit 'default'
2023-09-28T14:06:47.640-05:00  INFO 44934 --- [    Test worker] com.zaxxer.hikari.HikariDataSource       : HikariPool-18 - Shutdown initiated...
2023-09-28T14:06:47.652-05:00  INFO 44934 --- [    Test worker] com.zaxxer.hikari.HikariDataSource       : HikariPool-18 - Shutdown completed.

  .   ____          _            __ _ _
 /\\ / ___'_ __ _ _(_)_ __  __ _ \ \ \ \
( ( )\___ | '_ | '_| | '_ \/ _` | \ \ \ \
 \\/  ___)| |_)| | | | | || (_| |  ) ) ) )
  '  |____| .__|_| |_|_| |_\__, | / / / /
 =========|_|==============|___/=/_/_/_/
 :: Spring Boot ::                (v3.1.1)

2023-09-28T14:06:47.659-05:00  INFO 44934 --- [    Test worker] entDemographicsControllerIntegrationTest : Starting ClientDemographicsControllerIntegrationTest using Java 17.0.7 with PID 44934 (started by joshjennemann in /Users/joshjennemann/Desktop/Personal_Projects/outreach-mapping-solutions-back-end/Outreach-Mapping-Solutions/outreach-mapping-solutions-BE)
2023-09-28T14:06:47.659-05:00  INFO 44934 --- [    Test worker] entDemographicsControllerIntegrationTest : No active profile set, falling back to 1 default profile: "default"
2023-09-28T14:06:47.699-05:00  INFO 44934 --- [    Test worker] .s.d.r.c.RepositoryConfigurationDelegate : Multiple Spring Data modules found, entering strict repository configuration mode
2023-09-28T14:06:47.699-05:00  INFO 44934 --- [    Test worker] .s.d.r.c.RepositoryConfigurationDelegate : Bootstrapping Spring Data JDBC repositories in DEFAULT mode.
2023-09-28T14:06:47.701-05:00  INFO 44934 --- [    Test worker] .RepositoryConfigurationExtensionSupport : Spring Data JDBC - Could not safely identify store assignment for repository candidate interface com.outreachmappingsolutions.repositories.ClientBaseRepository; If you want this repository to be a JDBC repository, consider annotating your entities with one of these annotations: org.springframework.data.relational.core.mapping.Table.
2023-09-28T14:06:47.701-05:00  INFO 44934 --- [    Test worker] .RepositoryConfigurationExtensionSupport : Spring Data JDBC - Could not safely identify store assignment for repository candidate interface com.outreachmappingsolutions.repositories.ClientContactInfoRepository; If you want this repository to be a JDBC repository, consider annotating your entities with one of these annotations: org.springframework.data.relational.core.mapping.Table.
2023-09-28T14:06:47.701-05:00  INFO 44934 --- [    Test worker] .RepositoryConfigurationExtensionSupport : Spring Data JDBC - Could not safely identify store assignment for repository candidate interface com.outreachmappingsolutions.repositories.ClientDemographicsRepository; If you want this repository to be a JDBC repository, consider annotating your entities with one of these annotations: org.springframework.data.relational.core.mapping.Table.
2023-09-28T14:06:47.701-05:00  INFO 44934 --- [    Test worker] .s.d.r.c.RepositoryConfigurationDelegate : Finished Spring Data repository scanning in 1 ms. Found 0 JDBC repository interfaces.
2023-09-28T14:06:47.702-05:00  INFO 44934 --- [    Test worker] .s.d.r.c.RepositoryConfigurationDelegate : Multiple Spring Data modules found, entering strict repository configuration mode
2023-09-28T14:06:47.702-05:00  INFO 44934 --- [    Test worker] .s.d.r.c.RepositoryConfigurationDelegate : Bootstrapping Spring Data JPA repositories in DEFAULT mode.
2023-09-28T14:06:47.705-05:00  INFO 44934 --- [    Test worker] .s.d.r.c.RepositoryConfigurationDelegate : Finished Spring Data repository scanning in 2 ms. Found 3 JPA repository interfaces.
2023-09-28T14:06:47.725-05:00  INFO 44934 --- [    Test worker] o.s.b.w.embedded.tomcat.TomcatWebServer  : Tomcat initialized with port(s): 0 (http)
2023-09-28T14:06:47.726-05:00  INFO 44934 --- [    Test worker] o.apache.catalina.core.StandardService   : Starting service [Tomcat]
2023-09-28T14:06:47.726-05:00  INFO 44934 --- [    Test worker] o.apache.catalina.core.StandardEngine    : Starting Servlet engine: [Apache Tomcat/10.1.10]
2023-09-28T14:06:47.735-05:00  INFO 44934 --- [    Test worker] o.a.c.c.C.[Tomcat].[localhost].[/]       : Initializing Spring embedded WebApplicationContext
2023-09-28T14:06:47.735-05:00  INFO 44934 --- [    Test worker] w.s.c.ServletWebServerApplicationContext : Root WebApplicationContext: initialization completed in 76 ms
2023-09-28T14:06:47.737-05:00  INFO 44934 --- [    Test worker] com.zaxxer.hikari.HikariDataSource       : HikariPool-19 - Starting...
2023-09-28T14:06:47.737-05:00  INFO 44934 --- [    Test worker] com.zaxxer.hikari.pool.HikariPool        : HikariPool-19 - Added connection conn69: url=jdbc:h2:mem:testdb user=SA
2023-09-28T14:06:47.737-05:00  INFO 44934 --- [    Test worker] com.zaxxer.hikari.HikariDataSource       : HikariPool-19 - Start completed.
2023-09-28T14:06:47.737-05:00  INFO 44934 --- [    Test worker] o.s.b.a.h2.H2ConsoleAutoConfiguration    : H2 console available at '/h2-console'. Database available at 'jdbc:h2:mem:testdb'
2023-09-28T14:06:47.744-05:00  INFO 44934 --- [    Test worker] o.hibernate.jpa.internal.util.LogHelper  : HHH000204: Processing PersistenceUnitInfo [name: default]
2023-09-28T14:06:47.747-05:00  INFO 44934 --- [    Test worker] o.h.b.i.BytecodeProviderInitiator        : HHH000021: Bytecode provider name : bytebuddy
2023-09-28T14:06:47.747-05:00  INFO 44934 --- [    Test worker] o.s.o.j.p.SpringPersistenceUnitInfo      : No LoadTimeWeaver setup: ignoring JPA class transformer
2023-09-28T14:06:47.751-05:00  INFO 44934 --- [    Test worker] o.h.b.i.BytecodeProviderInitiator        : HHH000021: Bytecode provider name : bytebuddy
2023-09-28T14:06:47.765-05:00  INFO 44934 --- [    Test worker] o.h.e.t.j.p.i.JtaPlatformInitiator       : HHH000490: Using JtaPlatform implementation: [org.hibernate.engine.transaction.jta.platform.internal.NoJtaPlatform]
2023-09-28T14:06:47.767-05:00  INFO 44934 --- [    Test worker] j.LocalContainerEntityManagerFactoryBean : Initialized JPA EntityManagerFactory for persistence unit 'default'
2023-09-28T14:06:47.781-05:00  WARN 44934 --- [    Test worker] JpaBaseConfiguration$JpaWebConfiguration : spring.jpa.open-in-view is enabled by default. Therefore, database queries may be performed during view rendering. Explicitly configure spring.jpa.open-in-view to disable this warning
2023-09-28T14:06:47.809-05:00  INFO 44934 --- [    Test worker] o.a.c.c.C.[Tomcat].[localhost].[/]       : Initializing Spring TestDispatcherServlet ''
2023-09-28T14:06:47.809-05:00  INFO 44934 --- [    Test worker] o.s.t.web.servlet.TestDispatcherServlet  : Initializing Servlet ''
2023-09-28T14:06:47.809-05:00  INFO 44934 --- [    Test worker] o.s.t.web.servlet.TestDispatcherServlet  : Completed initialization in 0 ms
2023-09-28T14:06:47.812-05:00  INFO 44934 --- [    Test worker] o.s.b.w.embedded.tomcat.TomcatWebServer  : Tomcat started on port(s): 52110 (http) with context path ''
2023-09-28T14:06:47.813-05:00  INFO 44934 --- [    Test worker] entDemographicsControllerIntegrationTest : Started ClientDemographicsControllerIntegrationTest in 0.16 seconds (process running for 7.128)

MockHttpServletRequest:
      HTTP Method = GET
      Request URI = /clientDemographics/returnAll
       Parameters = {}
          Headers = []
             Body = null
    Session Attrs = {}

Handler:
             Type = com.outreachmappingsolutions.controllers.ClientDemographicsController
           Method = com.outreachmappingsolutions.controllers.ClientDemographicsController#returnAllClientDemographics()

Async:
    Async started = false
     Async result = null

Resolved Exception:
             Type = null

ModelAndView:
        View name = null
             View = null
            Model = null

FlashMap:
       Attributes = null

MockHttpServletResponse:
           Status = 404
    Error message = null
          Headers = [Content-Type:"text/plain;charset=UTF-8", Content-Length:"56"]
     Content type = text/plain;charset=UTF-8
             Body = No client demographics matching your criteria were found
    Forwarded URL = null
   Redirected URL = null
          Cookies = []
2023-09-28T14:06:47.820-05:00  INFO 44934 --- [    Test worker] o.apache.catalina.core.StandardService   : Stopping service [Tomcat]
2023-09-28T14:06:47.821-05:00  INFO 44934 --- [    Test worker] j.LocalContainerEntityManagerFactoryBean : Closing JPA EntityManagerFactory for persistence unit 'default'
2023-09-28T14:06:47.822-05:00  INFO 44934 --- [    Test worker] com.zaxxer.hikari.HikariDataSource       : HikariPool-19 - Shutdown initiated...
2023-09-28T14:06:47.822-05:00  INFO 44934 --- [    Test worker] com.zaxxer.hikari.HikariDataSource       : HikariPool-19 - Shutdown completed.

  .   ____          _            __ _ _
 /\\ / ___'_ __ _ _(_)_ __  __ _ \ \ \ \
( ( )\___ | '_ | '_| | '_ \/ _` | \ \ \ \
 \\/  ___)| |_)| | | | | || (_| |  ) ) ) )
  '  |____| .__|_| |_|_| |_\__, | / / / /
 =========|_|==============|___/=/_/_/_/
 :: Spring Boot ::                (v3.1.1)

2023-09-28T14:06:47.829-05:00  INFO 44934 --- [    Test worker] entDemographicsControllerIntegrationTest : Starting ClientDemographicsControllerIntegrationTest using Java 17.0.7 with PID 44934 (started by joshjennemann in /Users/joshjennemann/Desktop/Personal_Projects/outreach-mapping-solutions-back-end/Outreach-Mapping-Solutions/outreach-mapping-solutions-BE)
2023-09-28T14:06:47.829-05:00  INFO 44934 --- [    Test worker] entDemographicsControllerIntegrationTest : No active profile set, falling back to 1 default profile: "default"
2023-09-28T14:06:47.867-05:00  INFO 44934 --- [    Test worker] .s.d.r.c.RepositoryConfigurationDelegate : Multiple Spring Data modules found, entering strict repository configuration mode
2023-09-28T14:06:47.867-05:00  INFO 44934 --- [    Test worker] .s.d.r.c.RepositoryConfigurationDelegate : Bootstrapping Spring Data JDBC repositories in DEFAULT mode.
2023-09-28T14:06:47.869-05:00  INFO 44934 --- [    Test worker] .RepositoryConfigurationExtensionSupport : Spring Data JDBC - Could not safely identify store assignment for repository candidate interface com.outreachmappingsolutions.repositories.ClientBaseRepository; If you want this repository to be a JDBC repository, consider annotating your entities with one of these annotations: org.springframework.data.relational.core.mapping.Table.
2023-09-28T14:06:47.869-05:00  INFO 44934 --- [    Test worker] .RepositoryConfigurationExtensionSupport : Spring Data JDBC - Could not safely identify store assignment for repository candidate interface com.outreachmappingsolutions.repositories.ClientContactInfoRepository; If you want this repository to be a JDBC repository, consider annotating your entities with one of these annotations: org.springframework.data.relational.core.mapping.Table.
2023-09-28T14:06:47.869-05:00  INFO 44934 --- [    Test worker] .RepositoryConfigurationExtensionSupport : Spring Data JDBC - Could not safely identify store assignment for repository candidate interface com.outreachmappingsolutions.repositories.ClientDemographicsRepository; If you want this repository to be a JDBC repository, consider annotating your entities with one of these annotations: org.springframework.data.relational.core.mapping.Table.
2023-09-28T14:06:47.869-05:00  INFO 44934 --- [    Test worker] .s.d.r.c.RepositoryConfigurationDelegate : Finished Spring Data repository scanning in 1 ms. Found 0 JDBC repository interfaces.
2023-09-28T14:06:47.870-05:00  INFO 44934 --- [    Test worker] .s.d.r.c.RepositoryConfigurationDelegate : Multiple Spring Data modules found, entering strict repository configuration mode
2023-09-28T14:06:47.870-05:00  INFO 44934 --- [    Test worker] .s.d.r.c.RepositoryConfigurationDelegate : Bootstrapping Spring Data JPA repositories in DEFAULT mode.
2023-09-28T14:06:47.872-05:00  INFO 44934 --- [    Test worker] .s.d.r.c.RepositoryConfigurationDelegate : Finished Spring Data repository scanning in 2 ms. Found 3 JPA repository interfaces.
2023-09-28T14:06:47.892-05:00  INFO 44934 --- [    Test worker] o.s.b.w.embedded.tomcat.TomcatWebServer  : Tomcat initialized with port(s): 0 (http)
2023-09-28T14:06:47.892-05:00  INFO 44934 --- [    Test worker] o.apache.catalina.core.StandardService   : Starting service [Tomcat]
2023-09-28T14:06:47.892-05:00  INFO 44934 --- [    Test worker] o.apache.catalina.core.StandardEngine    : Starting Servlet engine: [Apache Tomcat/10.1.10]
2023-09-28T14:06:47.898-05:00  INFO 44934 --- [    Test worker] o.a.c.c.C.[Tomcat].[localhost].[/]       : Initializing Spring embedded WebApplicationContext
2023-09-28T14:06:47.898-05:00  INFO 44934 --- [    Test worker] w.s.c.ServletWebServerApplicationContext : Root WebApplicationContext: initialization completed in 68 ms
2023-09-28T14:06:47.900-05:00  INFO 44934 --- [    Test worker] com.zaxxer.hikari.HikariDataSource       : HikariPool-20 - Starting...
2023-09-28T14:06:47.900-05:00  INFO 44934 --- [    Test worker] com.zaxxer.hikari.pool.HikariPool        : HikariPool-20 - Added connection conn70: url=jdbc:h2:mem:testdb user=SA
2023-09-28T14:06:47.900-05:00  INFO 44934 --- [    Test worker] com.zaxxer.hikari.HikariDataSource       : HikariPool-20 - Start completed.
2023-09-28T14:06:47.900-05:00  INFO 44934 --- [    Test worker] o.s.b.a.h2.H2ConsoleAutoConfiguration    : H2 console available at '/h2-console'. Database available at 'jdbc:h2:mem:testdb'
2023-09-28T14:06:47.907-05:00  INFO 44934 --- [    Test worker] o.hibernate.jpa.internal.util.LogHelper  : HHH000204: Processing PersistenceUnitInfo [name: default]
2023-09-28T14:06:47.909-05:00  INFO 44934 --- [    Test worker] o.h.b.i.BytecodeProviderInitiator        : HHH000021: Bytecode provider name : bytebuddy
2023-09-28T14:06:47.909-05:00  INFO 44934 --- [    Test worker] o.s.o.j.p.SpringPersistenceUnitInfo      : No LoadTimeWeaver setup: ignoring JPA class transformer
2023-09-28T14:06:47.915-05:00  INFO 44934 --- [    Test worker] o.h.b.i.BytecodeProviderInitiator        : HHH000021: Bytecode provider name : bytebuddy
2023-09-28T14:06:47.928-05:00  INFO 44934 --- [    Test worker] o.h.e.t.j.p.i.JtaPlatformInitiator       : HHH000490: Using JtaPlatform implementation: [org.hibernate.engine.transaction.jta.platform.internal.NoJtaPlatform]
2023-09-28T14:06:47.930-05:00  INFO 44934 --- [    Test worker] j.LocalContainerEntityManagerFactoryBean : Initialized JPA EntityManagerFactory for persistence unit 'default'
2023-09-28T14:06:47.943-05:00  WARN 44934 --- [    Test worker] JpaBaseConfiguration$JpaWebConfiguration : spring.jpa.open-in-view is enabled by default. Therefore, database queries may be performed during view rendering. Explicitly configure spring.jpa.open-in-view to disable this warning
2023-09-28T14:06:47.972-05:00  INFO 44934 --- [    Test worker] o.a.c.c.C.[Tomcat].[localhost].[/]       : Initializing Spring TestDispatcherServlet ''
2023-09-28T14:06:47.972-05:00  INFO 44934 --- [    Test worker] o.s.t.web.servlet.TestDispatcherServlet  : Initializing Servlet ''
2023-09-28T14:06:47.972-05:00  INFO 44934 --- [    Test worker] o.s.t.web.servlet.TestDispatcherServlet  : Completed initialization in 0 ms
2023-09-28T14:06:47.974-05:00  INFO 44934 --- [    Test worker] o.s.b.w.embedded.tomcat.TomcatWebServer  : Tomcat started on port(s): 52116 (http) with context path ''
2023-09-28T14:06:47.975-05:00  INFO 44934 --- [    Test worker] entDemographicsControllerIntegrationTest : Started ClientDemographicsControllerIntegrationTest in 0.152 seconds (process running for 7.291)

MockHttpServletRequest:
      HTTP Method = GET
      Request URI = /clientDemographics/return/1
       Parameters = {}
          Headers = []
             Body = null
    Session Attrs = {}

Handler:
             Type = com.outreachmappingsolutions.controllers.ClientDemographicsController
           Method = com.outreachmappingsolutions.controllers.ClientDemographicsController#returnClientDemographicsByClientId(Integer)

Async:
    Async started = false
     Async result = null

Resolved Exception:
             Type = null

ModelAndView:
        View name = null
             View = null
            Model = null

FlashMap:
       Attributes = null

MockHttpServletResponse:
           Status = 200
    Error message = null
          Headers = [Content-Type:"application/json"]
     Content type = application/json
             Body = {"id":1,"gender":"Male","racePrimary":"White/Caucasian","raceSecondary":"Black/African-American","ethnicity":"Hispanic","veteranStatus":"Not a Veteran"}
    Forwarded URL = null
   Redirected URL = null
          Cookies = []
2023-09-28T14:06:47.986-05:00  INFO 44934 --- [    Test worker] o.apache.catalina.core.StandardService   : Stopping service [Tomcat]
2023-09-28T14:06:47.987-05:00  INFO 44934 --- [    Test worker] j.LocalContainerEntityManagerFactoryBean : Closing JPA EntityManagerFactory for persistence unit 'default'
2023-09-28T14:06:47.988-05:00  INFO 44934 --- [    Test worker] com.zaxxer.hikari.HikariDataSource       : HikariPool-20 - Shutdown initiated...
2023-09-28T14:06:47.988-05:00  INFO 44934 --- [    Test worker] com.zaxxer.hikari.HikariDataSource       : HikariPool-20 - Shutdown completed.

  .   ____          _            __ _ _
 /\\ / ___'_ __ _ _(_)_ __  __ _ \ \ \ \
( ( )\___ | '_ | '_| | '_ \/ _` | \ \ \ \
 \\/  ___)| |_)| | | | | || (_| |  ) ) ) )
  '  |____| .__|_| |_|_| |_\__, | / / / /
 =========|_|==============|___/=/_/_/_/
 :: Spring Boot ::                (v3.1.1)

2023-09-28T14:06:47.994-05:00  INFO 44934 --- [    Test worker] entDemographicsControllerIntegrationTest : Starting ClientDemographicsControllerIntegrationTest using Java 17.0.7 with PID 44934 (started by joshjennemann in /Users/joshjennemann/Desktop/Personal_Projects/outreach-mapping-solutions-back-end/Outreach-Mapping-Solutions/outreach-mapping-solutions-BE)
2023-09-28T14:06:47.994-05:00  INFO 44934 --- [    Test worker] entDemographicsControllerIntegrationTest : No active profile set, falling back to 1 default profile: "default"
2023-09-28T14:06:48.037-05:00  INFO 44934 --- [    Test worker] .s.d.r.c.RepositoryConfigurationDelegate : Multiple Spring Data modules found, entering strict repository configuration mode
2023-09-28T14:06:48.037-05:00  INFO 44934 --- [    Test worker] .s.d.r.c.RepositoryConfigurationDelegate : Bootstrapping Spring Data JDBC repositories in DEFAULT mode.
2023-09-28T14:06:48.038-05:00  INFO 44934 --- [    Test worker] .RepositoryConfigurationExtensionSupport : Spring Data JDBC - Could not safely identify store assignment for repository candidate interface com.outreachmappingsolutions.repositories.ClientBaseRepository; If you want this repository to be a JDBC repository, consider annotating your entities with one of these annotations: org.springframework.data.relational.core.mapping.Table.
2023-09-28T14:06:48.038-05:00  INFO 44934 --- [    Test worker] .RepositoryConfigurationExtensionSupport : Spring Data JDBC - Could not safely identify store assignment for repository candidate interface com.outreachmappingsolutions.repositories.ClientContactInfoRepository; If you want this repository to be a JDBC repository, consider annotating your entities with one of these annotations: org.springframework.data.relational.core.mapping.Table.
2023-09-28T14:06:48.038-05:00  INFO 44934 --- [    Test worker] .RepositoryConfigurationExtensionSupport : Spring Data JDBC - Could not safely identify store assignment for repository candidate interface com.outreachmappingsolutions.repositories.ClientDemographicsRepository; If you want this repository to be a JDBC repository, consider annotating your entities with one of these annotations: org.springframework.data.relational.core.mapping.Table.
2023-09-28T14:06:48.038-05:00  INFO 44934 --- [    Test worker] .s.d.r.c.RepositoryConfigurationDelegate : Finished Spring Data repository scanning in 1 ms. Found 0 JDBC repository interfaces.
2023-09-28T14:06:48.039-05:00  INFO 44934 --- [    Test worker] .s.d.r.c.RepositoryConfigurationDelegate : Multiple Spring Data modules found, entering strict repository configuration mode
2023-09-28T14:06:48.039-05:00  INFO 44934 --- [    Test worker] .s.d.r.c.RepositoryConfigurationDelegate : Bootstrapping Spring Data JPA repositories in DEFAULT mode.
2023-09-28T14:06:48.042-05:00  INFO 44934 --- [    Test worker] .s.d.r.c.RepositoryConfigurationDelegate : Finished Spring Data repository scanning in 2 ms. Found 3 JPA repository interfaces.
2023-09-28T14:06:48.058-05:00  INFO 44934 --- [    Test worker] o.s.b.w.embedded.tomcat.TomcatWebServer  : Tomcat initialized with port(s): 0 (http)
2023-09-28T14:06:48.059-05:00  INFO 44934 --- [    Test worker] o.apache.catalina.core.StandardService   : Starting service [Tomcat]
2023-09-28T14:06:48.059-05:00  INFO 44934 --- [    Test worker] o.apache.catalina.core.StandardEngine    : Starting Servlet engine: [Apache Tomcat/10.1.10]
2023-09-28T14:06:48.065-05:00  INFO 44934 --- [    Test worker] o.a.c.c.C.[Tomcat].[localhost].[/]       : Initializing Spring embedded WebApplicationContext
2023-09-28T14:06:48.065-05:00  INFO 44934 --- [    Test worker] w.s.c.ServletWebServerApplicationContext : Root WebApplicationContext: initialization completed in 70 ms
2023-09-28T14:06:48.066-05:00  INFO 44934 --- [    Test worker] com.zaxxer.hikari.HikariDataSource       : HikariPool-21 - Starting...
2023-09-28T14:06:48.067-05:00  INFO 44934 --- [    Test worker] com.zaxxer.hikari.pool.HikariPool        : HikariPool-21 - Added connection conn71: url=jdbc:h2:mem:testdb user=SA
2023-09-28T14:06:48.067-05:00  INFO 44934 --- [    Test worker] com.zaxxer.hikari.HikariDataSource       : HikariPool-21 - Start completed.
2023-09-28T14:06:48.067-05:00  INFO 44934 --- [    Test worker] o.s.b.a.h2.H2ConsoleAutoConfiguration    : H2 console available at '/h2-console'. Database available at 'jdbc:h2:mem:testdb'
2023-09-28T14:06:48.077-05:00  INFO 44934 --- [    Test worker] o.hibernate.jpa.internal.util.LogHelper  : HHH000204: Processing PersistenceUnitInfo [name: default]
2023-09-28T14:06:48.080-05:00  INFO 44934 --- [    Test worker] o.h.b.i.BytecodeProviderInitiator        : HHH000021: Bytecode provider name : bytebuddy
2023-09-28T14:06:48.080-05:00  INFO 44934 --- [    Test worker] o.s.o.j.p.SpringPersistenceUnitInfo      : No LoadTimeWeaver setup: ignoring JPA class transformer
2023-09-28T14:06:48.084-05:00  INFO 44934 --- [    Test worker] o.h.b.i.BytecodeProviderInitiator        : HHH000021: Bytecode provider name : bytebuddy
2023-09-28T14:06:48.100-05:00  INFO 44934 --- [    Test worker] o.h.e.t.j.p.i.JtaPlatformInitiator       : HHH000490: Using JtaPlatform implementation: [org.hibernate.engine.transaction.jta.platform.internal.NoJtaPlatform]
2023-09-28T14:06:48.105-05:00  INFO 44934 --- [    Test worker] j.LocalContainerEntityManagerFactoryBean : Initialized JPA EntityManagerFactory for persistence unit 'default'
2023-09-28T14:06:48.118-05:00  WARN 44934 --- [    Test worker] JpaBaseConfiguration$JpaWebConfiguration : spring.jpa.open-in-view is enabled by default. Therefore, database queries may be performed during view rendering. Explicitly configure spring.jpa.open-in-view to disable this warning
2023-09-28T14:06:48.144-05:00  INFO 44934 --- [    Test worker] o.a.c.c.C.[Tomcat].[localhost].[/]       : Initializing Spring TestDispatcherServlet ''
2023-09-28T14:06:48.144-05:00  INFO 44934 --- [    Test worker] o.s.t.web.servlet.TestDispatcherServlet  : Initializing Servlet ''
2023-09-28T14:06:48.144-05:00  INFO 44934 --- [    Test worker] o.s.t.web.servlet.TestDispatcherServlet  : Completed initialization in 0 ms
2023-09-28T14:06:48.147-05:00  INFO 44934 --- [    Test worker] o.s.b.w.embedded.tomcat.TomcatWebServer  : Tomcat started on port(s): 52118 (http) with context path ''
2023-09-28T14:06:48.148-05:00  INFO 44934 --- [    Test worker] entDemographicsControllerIntegrationTest : Started ClientDemographicsControllerIntegrationTest in 0.159 seconds (process running for 7.464)

MockHttpServletRequest:
      HTTP Method = GET
      Request URI = /clientDemographics/return/1
       Parameters = {}
          Headers = []
             Body = null
    Session Attrs = {}

Handler:
             Type = com.outreachmappingsolutions.controllers.ClientDemographicsController
           Method = com.outreachmappingsolutions.controllers.ClientDemographicsController#returnClientDemographicsByClientId(Integer)

Async:
    Async started = false
     Async result = null

Resolved Exception:
             Type = null

ModelAndView:
        View name = null
             View = null
            Model = null

FlashMap:
       Attributes = null

MockHttpServletResponse:
           Status = 404
    Error message = null
          Headers = [Content-Type:"text/plain;charset=UTF-8", Content-Length:"56"]
     Content type = text/plain;charset=UTF-8
             Body = No client demographics matching your criteria were found
    Forwarded URL = null
   Redirected URL = null
          Cookies = []
2023-09-28T14:06:48.156-05:00  INFO 44934 --- [    Test worker] o.apache.catalina.core.StandardService   : Stopping service [Tomcat]
2023-09-28T14:06:48.158-05:00  INFO 44934 --- [    Test worker] j.LocalContainerEntityManagerFactoryBean : Closing JPA EntityManagerFactory for persistence unit 'default'
2023-09-28T14:06:48.158-05:00  INFO 44934 --- [    Test worker] com.zaxxer.hikari.HikariDataSource       : HikariPool-21 - Shutdown initiated...
2023-09-28T14:06:48.159-05:00  INFO 44934 --- [    Test worker] com.zaxxer.hikari.HikariDataSource       : HikariPool-21 - Shutdown completed.
]]></system-out>
  <system-err><![CDATA[]]></system-err>
</testsuite>
