<?xml version="1.0" encoding="UTF-8"?>
<testsuite name="com.outreachmappingsolutions.Controllers.ClientContactInfoControllerUnitTest" tests="6" skipped="0" failures="0" errors="0" timestamp="2023-09-28T19:06:47" hostname="Joshs-Air.lan" time="0.012">
  <properties/>
  <testcase name="testReturnClientContactInfoByClientIdNotFound()" classname="com.outreachmappingsolutions.Controllers.ClientContactInfoControllerUnitTest" time="0.007"/>
  <testcase name="testUpdateClientContactInfoNotFound()" classname="com.outreachmappingsolutions.Controllers.ClientContactInfoControllerUnitTest" time="0.001"/>
  <testcase name="testReturnAllClientContactInfoNotFound()" classname="com.outreachmappingsolutions.Controllers.ClientContactInfoControllerUnitTest" time="0.001"/>
  <testcase name="testReturnClientContactInfoByClientIdSuccess()" classname="com.outreachmappingsolutions.Controllers.ClientContactInfoControllerUnitTest" time="0.001"/>
  <testcase name="testUpdateClientContactInfoSuccess()" classname="com.outreachmappingsolutions.Controllers.ClientContactInfoControllerUnitTest" time="0.001"/>
  <testcase name="testReturnAllClientContactInfoSuccess()" classname="com.outreachmappingsolutions.Controllers.ClientContactInfoControllerUnitTest" time="0.001"/>
  <system-out><![CDATA[]]></system-out>
  <system-err><![CDATA[]]></system-err>
</testsuite>
