<?xml version="1.0" encoding="UTF-8"?>
<testsuite name="com.outreachmappingsolutions.Controllers.ClientContactInfoControllerIntegrationTest" tests="6" skipped="0" failures="0" errors="0" timestamp="2023-07-28T17:01:05" hostname="Joshs-Air.lan" time="0.986">
  <properties/>
  <testcase name="testUpdateClientContactInfoNotFound()" classname="com.outreachmappingsolutions.Controllers.ClientContactInfoControllerIntegrationTest" time="0.048"/>
  <testcase name="testReturnAllClientContactInfoNotFound()" classname="com.outreachmappingsolutions.Controllers.ClientContactInfoControllerIntegrationTest" time="0.011"/>
  <testcase name="testReturnClientContactInfoByIdNotFound()" classname="com.outreachmappingsolutions.Controllers.ClientContactInfoControllerIntegrationTest" time="0.011"/>
  <testcase name="testUpdateClientContactInfoSuccess()" classname="com.outreachmappingsolutions.Controllers.ClientContactInfoControllerIntegrationTest" time="0.016"/>
  <testcase name="testReturnClientContactInfoByIdSuccess()" classname="com.outreachmappingsolutions.Controllers.ClientContactInfoControllerIntegrationTest" time="0.014"/>
  <testcase name="testReturnAllClientContactInfoSuccess()" classname="com.outreachmappingsolutions.Controllers.ClientContactInfoControllerIntegrationTest" time="0.019"/>
  <system-out><![CDATA[2023-07-28T12:01:04.903-05:00  INFO 72170 --- [    Test worker] t.c.s.AnnotationConfigContextLoaderUtils : Could not detect default configuration classes for test class [com.outreachmappingsolutions.Controllers.ClientContactInfoControllerIntegrationTest]: ClientContactInfoControllerIntegrationTest does not declare any static, non-private, non-final, nested classes annotated with @Configuration.
2023-07-28T12:01:04.905-05:00  INFO 72170 --- [    Test worker] .b.t.c.SpringBootTestContextBootstrapper : Found @SpringBootConfiguration com.outreachmappingsolutions.OutreachMappingSolutionsApplication for test class com.outreachmappingsolutions.Controllers.ClientContactInfoControllerIntegrationTest

  .   ____          _            __ _ _
 /\\ / ___'_ __ _ _(_)_ __  __ _ \ \ \ \
( ( )\___ | '_ | '_| | '_ \/ _` | \ \ \ \
 \\/  ___)| |_)| | | | | || (_| |  ) ) ) )
  '  |____| .__|_| |_|_| |_\__, | / / / /
 =========|_|==============|___/=/_/_/_/
 :: Spring Boot ::                (v3.1.1)

2023-07-28T12:01:04.912-05:00  INFO 72170 --- [    Test worker] ientContactInfoControllerIntegrationTest : Starting ClientContactInfoControllerIntegrationTest using Java 17.0.7 with PID 72170 (started by joshjennemann in /Users/joshjennemann/Desktop/Personal_Projects/outreach-mapping-solutions-back-end/Outreach-Mapping-Solutions/outreach-mapping-solutions-BE)
2023-07-28T12:01:04.912-05:00  INFO 72170 --- [    Test worker] ientContactInfoControllerIntegrationTest : No active profile set, falling back to 1 default profile: "default"
2023-07-28T12:01:04.962-05:00  INFO 72170 --- [    Test worker] .s.d.r.c.RepositoryConfigurationDelegate : Multiple Spring Data modules found, entering strict repository configuration mode
2023-07-28T12:01:04.962-05:00  INFO 72170 --- [    Test worker] .s.d.r.c.RepositoryConfigurationDelegate : Bootstrapping Spring Data JDBC repositories in DEFAULT mode.
2023-07-28T12:01:04.964-05:00  INFO 72170 --- [    Test worker] .RepositoryConfigurationExtensionSupport : Spring Data JDBC - Could not safely identify store assignment for repository candidate interface com.outreachmappingsolutions.repositories.ClientBaseRepository; If you want this repository to be a JDBC repository, consider annotating your entities with one of these annotations: org.springframework.data.relational.core.mapping.Table.
2023-07-28T12:01:04.964-05:00  INFO 72170 --- [    Test worker] .RepositoryConfigurationExtensionSupport : Spring Data JDBC - Could not safely identify store assignment for repository candidate interface com.outreachmappingsolutions.repositories.ClientContactInfoRepository; If you want this repository to be a JDBC repository, consider annotating your entities with one of these annotations: org.springframework.data.relational.core.mapping.Table.
2023-07-28T12:01:04.964-05:00  INFO 72170 --- [    Test worker] .RepositoryConfigurationExtensionSupport : Spring Data JDBC - Could not safely identify store assignment for repository candidate interface com.outreachmappingsolutions.repositories.ClientDemographicsRepository; If you want this repository to be a JDBC repository, consider annotating your entities with one of these annotations: org.springframework.data.relational.core.mapping.Table.
2023-07-28T12:01:04.964-05:00  INFO 72170 --- [    Test worker] .s.d.r.c.RepositoryConfigurationDelegate : Finished Spring Data repository scanning in 2 ms. Found 0 JDBC repository interfaces.
2023-07-28T12:01:04.965-05:00  INFO 72170 --- [    Test worker] .s.d.r.c.RepositoryConfigurationDelegate : Multiple Spring Data modules found, entering strict repository configuration mode
2023-07-28T12:01:04.965-05:00  INFO 72170 --- [    Test worker] .s.d.r.c.RepositoryConfigurationDelegate : Bootstrapping Spring Data JPA repositories in DEFAULT mode.
2023-07-28T12:01:04.968-05:00  INFO 72170 --- [    Test worker] .s.d.r.c.RepositoryConfigurationDelegate : Finished Spring Data repository scanning in 2 ms. Found 3 JPA repository interfaces.
2023-07-28T12:01:04.997-05:00  INFO 72170 --- [    Test worker] o.s.b.w.embedded.tomcat.TomcatWebServer  : Tomcat initialized with port(s): 0 (http)
2023-07-28T12:01:04.998-05:00  INFO 72170 --- [    Test worker] o.apache.catalina.core.StandardService   : Starting service [Tomcat]
2023-07-28T12:01:04.998-05:00  INFO 72170 --- [    Test worker] o.apache.catalina.core.StandardEngine    : Starting Servlet engine: [Apache Tomcat/10.1.10]
2023-07-28T12:01:05.005-05:00  INFO 72170 --- [    Test worker] o.a.c.c.C.[Tomcat].[localhost].[/]       : Initializing Spring embedded WebApplicationContext
2023-07-28T12:01:05.005-05:00  INFO 72170 --- [    Test worker] w.s.c.ServletWebServerApplicationContext : Root WebApplicationContext: initialization completed in 92 ms
2023-07-28T12:01:05.007-05:00  INFO 72170 --- [    Test worker] com.zaxxer.hikari.HikariDataSource       : HikariPool-10 - Starting...
2023-07-28T12:01:05.007-05:00  INFO 72170 --- [    Test worker] com.zaxxer.hikari.pool.HikariPool        : HikariPool-10 - Added connection conn45: url=jdbc:h2:mem:testdb user=SA
2023-07-28T12:01:05.007-05:00  INFO 72170 --- [    Test worker] com.zaxxer.hikari.HikariDataSource       : HikariPool-10 - Start completed.
2023-07-28T12:01:05.007-05:00  INFO 72170 --- [    Test worker] o.s.b.a.h2.H2ConsoleAutoConfiguration    : H2 console available at '/h2-console'. Database available at 'jdbc:h2:mem:testdb'
2023-07-28T12:01:05.016-05:00  INFO 72170 --- [    Test worker] o.hibernate.jpa.internal.util.LogHelper  : HHH000204: Processing PersistenceUnitInfo [name: default]
2023-07-28T12:01:05.018-05:00  INFO 72170 --- [    Test worker] o.h.b.i.BytecodeProviderInitiator        : HHH000021: Bytecode provider name : bytebuddy
2023-07-28T12:01:05.018-05:00  INFO 72170 --- [    Test worker] o.s.o.j.p.SpringPersistenceUnitInfo      : No LoadTimeWeaver setup: ignoring JPA class transformer
2023-07-28T12:01:05.023-05:00  INFO 72170 --- [    Test worker] o.h.b.i.BytecodeProviderInitiator        : HHH000021: Bytecode provider name : bytebuddy
2023-07-28T12:01:05.040-05:00  INFO 72170 --- [    Test worker] o.h.e.t.j.p.i.JtaPlatformInitiator       : HHH000490: Using JtaPlatform implementation: [org.hibernate.engine.transaction.jta.platform.internal.NoJtaPlatform]
2023-07-28T12:01:05.043-05:00  INFO 72170 --- [    Test worker] j.LocalContainerEntityManagerFactoryBean : Initialized JPA EntityManagerFactory for persistence unit 'default'
2023-07-28T12:01:05.060-05:00  WARN 72170 --- [    Test worker] JpaBaseConfiguration$JpaWebConfiguration : spring.jpa.open-in-view is enabled by default. Therefore, database queries may be performed during view rendering. Explicitly configure spring.jpa.open-in-view to disable this warning
2023-07-28T12:01:05.096-05:00  INFO 72170 --- [    Test worker] o.a.c.c.C.[Tomcat].[localhost].[/]       : Initializing Spring TestDispatcherServlet ''
2023-07-28T12:01:05.096-05:00  INFO 72170 --- [    Test worker] o.s.t.web.servlet.TestDispatcherServlet  : Initializing Servlet ''
2023-07-28T12:01:05.096-05:00  INFO 72170 --- [    Test worker] o.s.t.web.servlet.TestDispatcherServlet  : Completed initialization in 0 ms
2023-07-28T12:01:05.100-05:00  INFO 72170 --- [    Test worker] o.s.b.w.embedded.tomcat.TomcatWebServer  : Tomcat started on port(s): 57413 (http) with context path ''
2023-07-28T12:01:05.102-05:00  INFO 72170 --- [    Test worker] ientContactInfoControllerIntegrationTest : Started ClientContactInfoControllerIntegrationTest in 0.195 seconds (process running for 4.868)

MockHttpServletRequest:
      HTTP Method = PUT
      Request URI = /clientContactInfo/update/1
       Parameters = {}
          Headers = [Content-Type:"application/json;charset=UTF-8", Accept:"application/json", Content-Length:"248"]
             Body = {"id":null,"phonePrimary":"111-111-1115","phoneSecondary":"111-111-1116","email":"miles@test.com","iceName":"Julian Bashir","iceRelationship":"Friend","icePhonePrimary":"111-111-1117","icePhoneSecondary":"111-111-1118","iceEmail":"julian@test.com"}
    Session Attrs = {}

Handler:
             Type = com.outreachmappingsolutions.controllers.ClientContactInfoController
           Method = com.outreachmappingsolutions.controllers.ClientContactInfoController#updateClientContactInfo(Integer, ClientContactInfo)

Async:
    Async started = false
     Async result = null

Resolved Exception:
             Type = null

ModelAndView:
        View name = null
             View = null
            Model = null

FlashMap:
       Attributes = null

MockHttpServletResponse:
           Status = 404
    Error message = null
          Headers = [Content-Type:"application/json", Content-Length:"62"]
     Content type = application/json
             Body = No client contact information matching your criteria was found
    Forwarded URL = null
   Redirected URL = null
          Cookies = []
2023-07-28T12:01:05.139-05:00  INFO 72170 --- [    Test worker] o.apache.catalina.core.StandardService   : Stopping service [Tomcat]
2023-07-28T12:01:05.140-05:00  INFO 72170 --- [    Test worker] j.LocalContainerEntityManagerFactoryBean : Closing JPA EntityManagerFactory for persistence unit 'default'
2023-07-28T12:01:05.141-05:00  INFO 72170 --- [    Test worker] com.zaxxer.hikari.HikariDataSource       : HikariPool-10 - Shutdown initiated...
2023-07-28T12:01:05.150-05:00  INFO 72170 --- [    Test worker] com.zaxxer.hikari.HikariDataSource       : HikariPool-10 - Shutdown completed.

  .   ____          _            __ _ _
 /\\ / ___'_ __ _ _(_)_ __  __ _ \ \ \ \
( ( )\___ | '_ | '_| | '_ \/ _` | \ \ \ \
 \\/  ___)| |_)| | | | | || (_| |  ) ) ) )
  '  |____| .__|_| |_|_| |_\__, | / / / /
 =========|_|==============|___/=/_/_/_/
 :: Spring Boot ::                (v3.1.1)

2023-07-28T12:01:05.158-05:00  INFO 72170 --- [    Test worker] ientContactInfoControllerIntegrationTest : Starting ClientContactInfoControllerIntegrationTest using Java 17.0.7 with PID 72170 (started by joshjennemann in /Users/joshjennemann/Desktop/Personal_Projects/outreach-mapping-solutions-back-end/Outreach-Mapping-Solutions/outreach-mapping-solutions-BE)
2023-07-28T12:01:05.158-05:00  INFO 72170 --- [    Test worker] ientContactInfoControllerIntegrationTest : No active profile set, falling back to 1 default profile: "default"
2023-07-28T12:01:05.213-05:00  INFO 72170 --- [    Test worker] .s.d.r.c.RepositoryConfigurationDelegate : Multiple Spring Data modules found, entering strict repository configuration mode
2023-07-28T12:01:05.213-05:00  INFO 72170 --- [    Test worker] .s.d.r.c.RepositoryConfigurationDelegate : Bootstrapping Spring Data JDBC repositories in DEFAULT mode.
2023-07-28T12:01:05.216-05:00  INFO 72170 --- [    Test worker] .RepositoryConfigurationExtensionSupport : Spring Data JDBC - Could not safely identify store assignment for repository candidate interface com.outreachmappingsolutions.repositories.ClientBaseRepository; If you want this repository to be a JDBC repository, consider annotating your entities with one of these annotations: org.springframework.data.relational.core.mapping.Table.
2023-07-28T12:01:05.216-05:00  INFO 72170 --- [    Test worker] .RepositoryConfigurationExtensionSupport : Spring Data JDBC - Could not safely identify store assignment for repository candidate interface com.outreachmappingsolutions.repositories.ClientContactInfoRepository; If you want this repository to be a JDBC repository, consider annotating your entities with one of these annotations: org.springframework.data.relational.core.mapping.Table.
2023-07-28T12:01:05.216-05:00  INFO 72170 --- [    Test worker] .RepositoryConfigurationExtensionSupport : Spring Data JDBC - Could not safely identify store assignment for repository candidate interface com.outreachmappingsolutions.repositories.ClientDemographicsRepository; If you want this repository to be a JDBC repository, consider annotating your entities with one of these annotations: org.springframework.data.relational.core.mapping.Table.
2023-07-28T12:01:05.216-05:00  INFO 72170 --- [    Test worker] .s.d.r.c.RepositoryConfigurationDelegate : Finished Spring Data repository scanning in 3 ms. Found 0 JDBC repository interfaces.
2023-07-28T12:01:05.218-05:00  INFO 72170 --- [    Test worker] .s.d.r.c.RepositoryConfigurationDelegate : Multiple Spring Data modules found, entering strict repository configuration mode
2023-07-28T12:01:05.218-05:00  INFO 72170 --- [    Test worker] .s.d.r.c.RepositoryConfigurationDelegate : Bootstrapping Spring Data JPA repositories in DEFAULT mode.
2023-07-28T12:01:05.224-05:00  INFO 72170 --- [    Test worker] .s.d.r.c.RepositoryConfigurationDelegate : Finished Spring Data repository scanning in 5 ms. Found 3 JPA repository interfaces.
2023-07-28T12:01:05.245-05:00  INFO 72170 --- [    Test worker] o.s.b.w.embedded.tomcat.TomcatWebServer  : Tomcat initialized with port(s): 0 (http)
2023-07-28T12:01:05.245-05:00  INFO 72170 --- [    Test worker] o.apache.catalina.core.StandardService   : Starting service [Tomcat]
2023-07-28T12:01:05.245-05:00  INFO 72170 --- [    Test worker] o.apache.catalina.core.StandardEngine    : Starting Servlet engine: [Apache Tomcat/10.1.10]
2023-07-28T12:01:05.252-05:00  INFO 72170 --- [    Test worker] o.a.c.c.C.[Tomcat].[localhost].[/]       : Initializing Spring embedded WebApplicationContext
2023-07-28T12:01:05.252-05:00  INFO 72170 --- [    Test worker] w.s.c.ServletWebServerApplicationContext : Root WebApplicationContext: initialization completed in 93 ms
2023-07-28T12:01:05.254-05:00  INFO 72170 --- [    Test worker] com.zaxxer.hikari.HikariDataSource       : HikariPool-11 - Starting...
2023-07-28T12:01:05.255-05:00  INFO 72170 --- [    Test worker] com.zaxxer.hikari.pool.HikariPool        : HikariPool-11 - Added connection conn49: url=jdbc:h2:mem:testdb user=SA
2023-07-28T12:01:05.255-05:00  INFO 72170 --- [    Test worker] com.zaxxer.hikari.HikariDataSource       : HikariPool-11 - Start completed.
2023-07-28T12:01:05.255-05:00  INFO 72170 --- [    Test worker] o.s.b.a.h2.H2ConsoleAutoConfiguration    : H2 console available at '/h2-console'. Database available at 'jdbc:h2:mem:testdb'
2023-07-28T12:01:05.264-05:00  INFO 72170 --- [    Test worker] o.hibernate.jpa.internal.util.LogHelper  : HHH000204: Processing PersistenceUnitInfo [name: default]
2023-07-28T12:01:05.266-05:00  INFO 72170 --- [    Test worker] o.h.b.i.BytecodeProviderInitiator        : HHH000021: Bytecode provider name : bytebuddy
2023-07-28T12:01:05.267-05:00  INFO 72170 --- [    Test worker] o.s.o.j.p.SpringPersistenceUnitInfo      : No LoadTimeWeaver setup: ignoring JPA class transformer
2023-07-28T12:01:05.271-05:00  INFO 72170 --- [    Test worker] o.h.b.i.BytecodeProviderInitiator        : HHH000021: Bytecode provider name : bytebuddy
2023-07-28T12:01:05.288-05:00  INFO 72170 --- [    Test worker] o.h.e.t.j.p.i.JtaPlatformInitiator       : HHH000490: Using JtaPlatform implementation: [org.hibernate.engine.transaction.jta.platform.internal.NoJtaPlatform]
2023-07-28T12:01:05.291-05:00  INFO 72170 --- [    Test worker] j.LocalContainerEntityManagerFactoryBean : Initialized JPA EntityManagerFactory for persistence unit 'default'
2023-07-28T12:01:05.307-05:00  WARN 72170 --- [    Test worker] JpaBaseConfiguration$JpaWebConfiguration : spring.jpa.open-in-view is enabled by default. Therefore, database queries may be performed during view rendering. Explicitly configure spring.jpa.open-in-view to disable this warning
2023-07-28T12:01:05.337-05:00  INFO 72170 --- [    Test worker] o.a.c.c.C.[Tomcat].[localhost].[/]       : Initializing Spring TestDispatcherServlet ''
2023-07-28T12:01:05.337-05:00  INFO 72170 --- [    Test worker] o.s.t.web.servlet.TestDispatcherServlet  : Initializing Servlet ''
2023-07-28T12:01:05.338-05:00  INFO 72170 --- [    Test worker] o.s.t.web.servlet.TestDispatcherServlet  : Completed initialization in 1 ms
2023-07-28T12:01:05.341-05:00  INFO 72170 --- [    Test worker] o.s.b.w.embedded.tomcat.TomcatWebServer  : Tomcat started on port(s): 57415 (http) with context path ''
2023-07-28T12:01:05.342-05:00  INFO 72170 --- [    Test worker] ientContactInfoControllerIntegrationTest : Started ClientContactInfoControllerIntegrationTest in 0.19 seconds (process running for 5.109)

MockHttpServletRequest:
      HTTP Method = GET
      Request URI = /clientContactInfo/returnAll
       Parameters = {}
          Headers = []
             Body = null
    Session Attrs = {}

Handler:
             Type = com.outreachmappingsolutions.controllers.ClientContactInfoController
           Method = com.outreachmappingsolutions.controllers.ClientContactInfoController#returnAllClientContactInfo()

Async:
    Async started = false
     Async result = null

Resolved Exception:
             Type = null

ModelAndView:
        View name = null
             View = null
            Model = null

FlashMap:
       Attributes = null

MockHttpServletResponse:
           Status = 404
    Error message = null
          Headers = [Content-Type:"text/plain;charset=UTF-8", Content-Length:"62"]
     Content type = text/plain;charset=UTF-8
             Body = No client contact information matching your criteria was found
    Forwarded URL = null
   Redirected URL = null
          Cookies = []
2023-07-28T12:01:05.351-05:00  INFO 72170 --- [    Test worker] o.apache.catalina.core.StandardService   : Stopping service [Tomcat]
2023-07-28T12:01:05.353-05:00  INFO 72170 --- [    Test worker] j.LocalContainerEntityManagerFactoryBean : Closing JPA EntityManagerFactory for persistence unit 'default'
2023-07-28T12:01:05.354-05:00  INFO 72170 --- [    Test worker] com.zaxxer.hikari.HikariDataSource       : HikariPool-11 - Shutdown initiated...
2023-07-28T12:01:05.354-05:00  INFO 72170 --- [    Test worker] com.zaxxer.hikari.HikariDataSource       : HikariPool-11 - Shutdown completed.

  .   ____          _            __ _ _
 /\\ / ___'_ __ _ _(_)_ __  __ _ \ \ \ \
( ( )\___ | '_ | '_| | '_ \/ _` | \ \ \ \
 \\/  ___)| |_)| | | | | || (_| |  ) ) ) )
  '  |____| .__|_| |_|_| |_\__, | / / / /
 =========|_|==============|___/=/_/_/_/
 :: Spring Boot ::                (v3.1.1)

2023-07-28T12:01:05.361-05:00  INFO 72170 --- [    Test worker] ientContactInfoControllerIntegrationTest : Starting ClientContactInfoControllerIntegrationTest using Java 17.0.7 with PID 72170 (started by joshjennemann in /Users/joshjennemann/Desktop/Personal_Projects/outreach-mapping-solutions-back-end/Outreach-Mapping-Solutions/outreach-mapping-solutions-BE)
2023-07-28T12:01:05.361-05:00  INFO 72170 --- [    Test worker] ientContactInfoControllerIntegrationTest : No active profile set, falling back to 1 default profile: "default"
2023-07-28T12:01:05.403-05:00  INFO 72170 --- [    Test worker] .s.d.r.c.RepositoryConfigurationDelegate : Multiple Spring Data modules found, entering strict repository configuration mode
2023-07-28T12:01:05.404-05:00  INFO 72170 --- [    Test worker] .s.d.r.c.RepositoryConfigurationDelegate : Bootstrapping Spring Data JDBC repositories in DEFAULT mode.
2023-07-28T12:01:05.405-05:00  INFO 72170 --- [    Test worker] .RepositoryConfigurationExtensionSupport : Spring Data JDBC - Could not safely identify store assignment for repository candidate interface com.outreachmappingsolutions.repositories.ClientBaseRepository; If you want this repository to be a JDBC repository, consider annotating your entities with one of these annotations: org.springframework.data.relational.core.mapping.Table.
2023-07-28T12:01:05.405-05:00  INFO 72170 --- [    Test worker] .RepositoryConfigurationExtensionSupport : Spring Data JDBC - Could not safely identify store assignment for repository candidate interface com.outreachmappingsolutions.repositories.ClientContactInfoRepository; If you want this repository to be a JDBC repository, consider annotating your entities with one of these annotations: org.springframework.data.relational.core.mapping.Table.
2023-07-28T12:01:05.405-05:00  INFO 72170 --- [    Test worker] .RepositoryConfigurationExtensionSupport : Spring Data JDBC - Could not safely identify store assignment for repository candidate interface com.outreachmappingsolutions.repositories.ClientDemographicsRepository; If you want this repository to be a JDBC repository, consider annotating your entities with one of these annotations: org.springframework.data.relational.core.mapping.Table.
2023-07-28T12:01:05.405-05:00  INFO 72170 --- [    Test worker] .s.d.r.c.RepositoryConfigurationDelegate : Finished Spring Data repository scanning in 1 ms. Found 0 JDBC repository interfaces.
2023-07-28T12:01:05.406-05:00  INFO 72170 --- [    Test worker] .s.d.r.c.RepositoryConfigurationDelegate : Multiple Spring Data modules found, entering strict repository configuration mode
2023-07-28T12:01:05.407-05:00  INFO 72170 --- [    Test worker] .s.d.r.c.RepositoryConfigurationDelegate : Bootstrapping Spring Data JPA repositories in DEFAULT mode.
2023-07-28T12:01:05.410-05:00  INFO 72170 --- [    Test worker] .s.d.r.c.RepositoryConfigurationDelegate : Finished Spring Data repository scanning in 3 ms. Found 3 JPA repository interfaces.
2023-07-28T12:01:05.428-05:00  INFO 72170 --- [    Test worker] o.s.b.w.embedded.tomcat.TomcatWebServer  : Tomcat initialized with port(s): 0 (http)
2023-07-28T12:01:05.428-05:00  INFO 72170 --- [    Test worker] o.apache.catalina.core.StandardService   : Starting service [Tomcat]
2023-07-28T12:01:05.428-05:00  INFO 72170 --- [    Test worker] o.apache.catalina.core.StandardEngine    : Starting Servlet engine: [Apache Tomcat/10.1.10]
2023-07-28T12:01:05.438-05:00  INFO 72170 --- [    Test worker] o.a.c.c.C.[Tomcat].[localhost].[/]       : Initializing Spring embedded WebApplicationContext
2023-07-28T12:01:05.438-05:00  INFO 72170 --- [    Test worker] w.s.c.ServletWebServerApplicationContext : Root WebApplicationContext: initialization completed in 76 ms
2023-07-28T12:01:05.439-05:00  INFO 72170 --- [    Test worker] com.zaxxer.hikari.HikariDataSource       : HikariPool-12 - Starting...
2023-07-28T12:01:05.440-05:00  INFO 72170 --- [    Test worker] com.zaxxer.hikari.pool.HikariPool        : HikariPool-12 - Added connection conn50: url=jdbc:h2:mem:testdb user=SA
2023-07-28T12:01:05.440-05:00  INFO 72170 --- [    Test worker] com.zaxxer.hikari.HikariDataSource       : HikariPool-12 - Start completed.
2023-07-28T12:01:05.440-05:00  INFO 72170 --- [    Test worker] o.s.b.a.h2.H2ConsoleAutoConfiguration    : H2 console available at '/h2-console'. Database available at 'jdbc:h2:mem:testdb'
2023-07-28T12:01:05.449-05:00  INFO 72170 --- [    Test worker] o.hibernate.jpa.internal.util.LogHelper  : HHH000204: Processing PersistenceUnitInfo [name: default]
2023-07-28T12:01:05.451-05:00  INFO 72170 --- [    Test worker] o.h.b.i.BytecodeProviderInitiator        : HHH000021: Bytecode provider name : bytebuddy
2023-07-28T12:01:05.451-05:00  INFO 72170 --- [    Test worker] o.s.o.j.p.SpringPersistenceUnitInfo      : No LoadTimeWeaver setup: ignoring JPA class transformer
2023-07-28T12:01:05.456-05:00  INFO 72170 --- [    Test worker] o.h.b.i.BytecodeProviderInitiator        : HHH000021: Bytecode provider name : bytebuddy
2023-07-28T12:01:05.472-05:00  INFO 72170 --- [    Test worker] o.h.e.t.j.p.i.JtaPlatformInitiator       : HHH000490: Using JtaPlatform implementation: [org.hibernate.engine.transaction.jta.platform.internal.NoJtaPlatform]
2023-07-28T12:01:05.475-05:00  INFO 72170 --- [    Test worker] j.LocalContainerEntityManagerFactoryBean : Initialized JPA EntityManagerFactory for persistence unit 'default'
2023-07-28T12:01:05.492-05:00  WARN 72170 --- [    Test worker] JpaBaseConfiguration$JpaWebConfiguration : spring.jpa.open-in-view is enabled by default. Therefore, database queries may be performed during view rendering. Explicitly configure spring.jpa.open-in-view to disable this warning
2023-07-28T12:01:05.521-05:00  INFO 72170 --- [    Test worker] o.a.c.c.C.[Tomcat].[localhost].[/]       : Initializing Spring TestDispatcherServlet ''
2023-07-28T12:01:05.521-05:00  INFO 72170 --- [    Test worker] o.s.t.web.servlet.TestDispatcherServlet  : Initializing Servlet ''
2023-07-28T12:01:05.521-05:00  INFO 72170 --- [    Test worker] o.s.t.web.servlet.TestDispatcherServlet  : Completed initialization in 0 ms
2023-07-28T12:01:05.524-05:00  INFO 72170 --- [    Test worker] o.s.b.w.embedded.tomcat.TomcatWebServer  : Tomcat started on port(s): 57417 (http) with context path ''
2023-07-28T12:01:05.526-05:00  INFO 72170 --- [    Test worker] ientContactInfoControllerIntegrationTest : Started ClientContactInfoControllerIntegrationTest in 0.17 seconds (process running for 5.292)

MockHttpServletRequest:
      HTTP Method = GET
      Request URI = /clientContactInfo/return/1
       Parameters = {}
          Headers = []
             Body = null
    Session Attrs = {}

Handler:
             Type = com.outreachmappingsolutions.controllers.ClientContactInfoController
           Method = com.outreachmappingsolutions.controllers.ClientContactInfoController#returnClientContactInfoByClientId(Integer)

Async:
    Async started = false
     Async result = null

Resolved Exception:
             Type = null

ModelAndView:
        View name = null
             View = null
            Model = null

FlashMap:
       Attributes = null

MockHttpServletResponse:
           Status = 404
    Error message = null
          Headers = [Content-Type:"text/plain;charset=UTF-8", Content-Length:"62"]
     Content type = text/plain;charset=UTF-8
             Body = No client contact information matching your criteria was found
    Forwarded URL = null
   Redirected URL = null
          Cookies = []
2023-07-28T12:01:05.537-05:00  INFO 72170 --- [    Test worker] o.apache.catalina.core.StandardService   : Stopping service [Tomcat]
2023-07-28T12:01:05.538-05:00  INFO 72170 --- [    Test worker] j.LocalContainerEntityManagerFactoryBean : Closing JPA EntityManagerFactory for persistence unit 'default'
2023-07-28T12:01:05.539-05:00  INFO 72170 --- [    Test worker] com.zaxxer.hikari.HikariDataSource       : HikariPool-12 - Shutdown initiated...
2023-07-28T12:01:05.539-05:00  INFO 72170 --- [    Test worker] com.zaxxer.hikari.HikariDataSource       : HikariPool-12 - Shutdown completed.

  .   ____          _            __ _ _
 /\\ / ___'_ __ _ _(_)_ __  __ _ \ \ \ \
( ( )\___ | '_ | '_| | '_ \/ _` | \ \ \ \
 \\/  ___)| |_)| | | | | || (_| |  ) ) ) )
  '  |____| .__|_| |_|_| |_\__, | / / / /
 =========|_|==============|___/=/_/_/_/
 :: Spring Boot ::                (v3.1.1)

2023-07-28T12:01:05.546-05:00  INFO 72170 --- [    Test worker] ientContactInfoControllerIntegrationTest : Starting ClientContactInfoControllerIntegrationTest using Java 17.0.7 with PID 72170 (started by joshjennemann in /Users/joshjennemann/Desktop/Personal_Projects/outreach-mapping-solutions-back-end/Outreach-Mapping-Solutions/outreach-mapping-solutions-BE)
2023-07-28T12:01:05.546-05:00  INFO 72170 --- [    Test worker] ientContactInfoControllerIntegrationTest : No active profile set, falling back to 1 default profile: "default"
2023-07-28T12:01:05.591-05:00  INFO 72170 --- [    Test worker] .s.d.r.c.RepositoryConfigurationDelegate : Multiple Spring Data modules found, entering strict repository configuration mode
2023-07-28T12:01:05.591-05:00  INFO 72170 --- [    Test worker] .s.d.r.c.RepositoryConfigurationDelegate : Bootstrapping Spring Data JDBC repositories in DEFAULT mode.
2023-07-28T12:01:05.593-05:00  INFO 72170 --- [    Test worker] .RepositoryConfigurationExtensionSupport : Spring Data JDBC - Could not safely identify store assignment for repository candidate interface com.outreachmappingsolutions.repositories.ClientBaseRepository; If you want this repository to be a JDBC repository, consider annotating your entities with one of these annotations: org.springframework.data.relational.core.mapping.Table.
2023-07-28T12:01:05.593-05:00  INFO 72170 --- [    Test worker] .RepositoryConfigurationExtensionSupport : Spring Data JDBC - Could not safely identify store assignment for repository candidate interface com.outreachmappingsolutions.repositories.ClientContactInfoRepository; If you want this repository to be a JDBC repository, consider annotating your entities with one of these annotations: org.springframework.data.relational.core.mapping.Table.
2023-07-28T12:01:05.593-05:00  INFO 72170 --- [    Test worker] .RepositoryConfigurationExtensionSupport : Spring Data JDBC - Could not safely identify store assignment for repository candidate interface com.outreachmappingsolutions.repositories.ClientDemographicsRepository; If you want this repository to be a JDBC repository, consider annotating your entities with one of these annotations: org.springframework.data.relational.core.mapping.Table.
2023-07-28T12:01:05.593-05:00  INFO 72170 --- [    Test worker] .s.d.r.c.RepositoryConfigurationDelegate : Finished Spring Data repository scanning in 1 ms. Found 0 JDBC repository interfaces.
2023-07-28T12:01:05.594-05:00  INFO 72170 --- [    Test worker] .s.d.r.c.RepositoryConfigurationDelegate : Multiple Spring Data modules found, entering strict repository configuration mode
2023-07-28T12:01:05.594-05:00  INFO 72170 --- [    Test worker] .s.d.r.c.RepositoryConfigurationDelegate : Bootstrapping Spring Data JPA repositories in DEFAULT mode.
2023-07-28T12:01:05.597-05:00  INFO 72170 --- [    Test worker] .s.d.r.c.RepositoryConfigurationDelegate : Finished Spring Data repository scanning in 3 ms. Found 3 JPA repository interfaces.
2023-07-28T12:01:05.615-05:00  INFO 72170 --- [    Test worker] o.s.b.w.embedded.tomcat.TomcatWebServer  : Tomcat initialized with port(s): 0 (http)
2023-07-28T12:01:05.616-05:00  INFO 72170 --- [    Test worker] o.apache.catalina.core.StandardService   : Starting service [Tomcat]
2023-07-28T12:01:05.616-05:00  INFO 72170 --- [    Test worker] o.apache.catalina.core.StandardEngine    : Starting Servlet engine: [Apache Tomcat/10.1.10]
2023-07-28T12:01:05.622-05:00  INFO 72170 --- [    Test worker] o.a.c.c.C.[Tomcat].[localhost].[/]       : Initializing Spring embedded WebApplicationContext
2023-07-28T12:01:05.622-05:00  INFO 72170 --- [    Test worker] w.s.c.ServletWebServerApplicationContext : Root WebApplicationContext: initialization completed in 75 ms
2023-07-28T12:01:05.623-05:00  INFO 72170 --- [    Test worker] com.zaxxer.hikari.HikariDataSource       : HikariPool-13 - Starting...
2023-07-28T12:01:05.624-05:00  INFO 72170 --- [    Test worker] com.zaxxer.hikari.pool.HikariPool        : HikariPool-13 - Added connection conn51: url=jdbc:h2:mem:testdb user=SA
2023-07-28T12:01:05.624-05:00  INFO 72170 --- [    Test worker] com.zaxxer.hikari.HikariDataSource       : HikariPool-13 - Start completed.
2023-07-28T12:01:05.624-05:00  INFO 72170 --- [    Test worker] o.s.b.a.h2.H2ConsoleAutoConfiguration    : H2 console available at '/h2-console'. Database available at 'jdbc:h2:mem:testdb'
2023-07-28T12:01:05.631-05:00  INFO 72170 --- [    Test worker] o.hibernate.jpa.internal.util.LogHelper  : HHH000204: Processing PersistenceUnitInfo [name: default]
2023-07-28T12:01:05.633-05:00  INFO 72170 --- [    Test worker] o.h.b.i.BytecodeProviderInitiator        : HHH000021: Bytecode provider name : bytebuddy
2023-07-28T12:01:05.633-05:00  INFO 72170 --- [    Test worker] o.s.o.j.p.SpringPersistenceUnitInfo      : No LoadTimeWeaver setup: ignoring JPA class transformer
2023-07-28T12:01:05.638-05:00  INFO 72170 --- [    Test worker] o.h.b.i.BytecodeProviderInitiator        : HHH000021: Bytecode provider name : bytebuddy
2023-07-28T12:01:05.654-05:00  INFO 72170 --- [    Test worker] o.h.e.t.j.p.i.JtaPlatformInitiator       : HHH000490: Using JtaPlatform implementation: [org.hibernate.engine.transaction.jta.platform.internal.NoJtaPlatform]
2023-07-28T12:01:05.657-05:00  INFO 72170 --- [    Test worker] j.LocalContainerEntityManagerFactoryBean : Initialized JPA EntityManagerFactory for persistence unit 'default'
2023-07-28T12:01:05.672-05:00  WARN 72170 --- [    Test worker] JpaBaseConfiguration$JpaWebConfiguration : spring.jpa.open-in-view is enabled by default. Therefore, database queries may be performed during view rendering. Explicitly configure spring.jpa.open-in-view to disable this warning
2023-07-28T12:01:05.704-05:00  INFO 72170 --- [    Test worker] o.a.c.c.C.[Tomcat].[localhost].[/]       : Initializing Spring TestDispatcherServlet ''
2023-07-28T12:01:05.704-05:00  INFO 72170 --- [    Test worker] o.s.t.web.servlet.TestDispatcherServlet  : Initializing Servlet ''
2023-07-28T12:01:05.704-05:00  INFO 72170 --- [    Test worker] o.s.t.web.servlet.TestDispatcherServlet  : Completed initialization in 0 ms
2023-07-28T12:01:05.707-05:00  INFO 72170 --- [    Test worker] o.s.b.w.embedded.tomcat.TomcatWebServer  : Tomcat started on port(s): 57419 (http) with context path ''
2023-07-28T12:01:05.709-05:00  INFO 72170 --- [    Test worker] ientContactInfoControllerIntegrationTest : Started ClientContactInfoControllerIntegrationTest in 0.168 seconds (process running for 5.475)

MockHttpServletRequest:
      HTTP Method = PUT
      Request URI = /clientContactInfo/update/1
       Parameters = {}
          Headers = [Content-Type:"application/json;charset=UTF-8", Accept:"application/json", Content-Length:"248"]
             Body = {"id":null,"phonePrimary":"111-111-1115","phoneSecondary":"111-111-1116","email":"miles@test.com","iceName":"Julian Bashir","iceRelationship":"Friend","icePhonePrimary":"111-111-1117","icePhoneSecondary":"111-111-1118","iceEmail":"julian@test.com"}
    Session Attrs = {}

Handler:
             Type = com.outreachmappingsolutions.controllers.ClientContactInfoController
           Method = com.outreachmappingsolutions.controllers.ClientContactInfoController#updateClientContactInfo(Integer, ClientContactInfo)

Async:
    Async started = false
     Async result = null

Resolved Exception:
             Type = null

ModelAndView:
        View name = null
             View = null
            Model = null

FlashMap:
       Attributes = null

MockHttpServletResponse:
           Status = 200
    Error message = null
          Headers = [Content-Type:"application/json"]
     Content type = application/json
             Body = {"id":1,"phonePrimary":"111-111-1115","phoneSecondary":"111-111-1116","email":"miles@test.com","iceName":"Julian Bashir","iceRelationship":"Friend","icePhonePrimary":"111-111-1117","icePhoneSecondary":"111-111-1118","iceEmail":"julian@test.com"}
    Forwarded URL = null
   Redirected URL = null
          Cookies = []
2023-07-28T12:01:05.724-05:00  INFO 72170 --- [    Test worker] o.apache.catalina.core.StandardService   : Stopping service [Tomcat]
2023-07-28T12:01:05.726-05:00  INFO 72170 --- [    Test worker] j.LocalContainerEntityManagerFactoryBean : Closing JPA EntityManagerFactory for persistence unit 'default'
2023-07-28T12:01:05.726-05:00  INFO 72170 --- [    Test worker] com.zaxxer.hikari.HikariDataSource       : HikariPool-13 - Shutdown initiated...
2023-07-28T12:01:05.727-05:00  INFO 72170 --- [    Test worker] com.zaxxer.hikari.HikariDataSource       : HikariPool-13 - Shutdown completed.

  .   ____          _            __ _ _
 /\\ / ___'_ __ _ _(_)_ __  __ _ \ \ \ \
( ( )\___ | '_ | '_| | '_ \/ _` | \ \ \ \
 \\/  ___)| |_)| | | | | || (_| |  ) ) ) )
  '  |____| .__|_| |_|_| |_\__, | / / / /
 =========|_|==============|___/=/_/_/_/
 :: Spring Boot ::                (v3.1.1)

2023-07-28T12:01:05.734-05:00  INFO 72170 --- [    Test worker] ientContactInfoControllerIntegrationTest : Starting ClientContactInfoControllerIntegrationTest using Java 17.0.7 with PID 72170 (started by joshjennemann in /Users/joshjennemann/Desktop/Personal_Projects/outreach-mapping-solutions-back-end/Outreach-Mapping-Solutions/outreach-mapping-solutions-BE)
2023-07-28T12:01:05.734-05:00  INFO 72170 --- [    Test worker] ientContactInfoControllerIntegrationTest : No active profile set, falling back to 1 default profile: "default"
2023-07-28T12:01:05.775-05:00  INFO 72170 --- [    Test worker] .s.d.r.c.RepositoryConfigurationDelegate : Multiple Spring Data modules found, entering strict repository configuration mode
2023-07-28T12:01:05.776-05:00  INFO 72170 --- [    Test worker] .s.d.r.c.RepositoryConfigurationDelegate : Bootstrapping Spring Data JDBC repositories in DEFAULT mode.
2023-07-28T12:01:05.777-05:00  INFO 72170 --- [    Test worker] .RepositoryConfigurationExtensionSupport : Spring Data JDBC - Could not safely identify store assignment for repository candidate interface com.outreachmappingsolutions.repositories.ClientBaseRepository; If you want this repository to be a JDBC repository, consider annotating your entities with one of these annotations: org.springframework.data.relational.core.mapping.Table.
2023-07-28T12:01:05.777-05:00  INFO 72170 --- [    Test worker] .RepositoryConfigurationExtensionSupport : Spring Data JDBC - Could not safely identify store assignment for repository candidate interface com.outreachmappingsolutions.repositories.ClientContactInfoRepository; If you want this repository to be a JDBC repository, consider annotating your entities with one of these annotations: org.springframework.data.relational.core.mapping.Table.
2023-07-28T12:01:05.777-05:00  INFO 72170 --- [    Test worker] .RepositoryConfigurationExtensionSupport : Spring Data JDBC - Could not safely identify store assignment for repository candidate interface com.outreachmappingsolutions.repositories.ClientDemographicsRepository; If you want this repository to be a JDBC repository, consider annotating your entities with one of these annotations: org.springframework.data.relational.core.mapping.Table.
2023-07-28T12:01:05.777-05:00  INFO 72170 --- [    Test worker] .s.d.r.c.RepositoryConfigurationDelegate : Finished Spring Data repository scanning in 1 ms. Found 0 JDBC repository interfaces.
2023-07-28T12:01:05.778-05:00  INFO 72170 --- [    Test worker] .s.d.r.c.RepositoryConfigurationDelegate : Multiple Spring Data modules found, entering strict repository configuration mode
2023-07-28T12:01:05.778-05:00  INFO 72170 --- [    Test worker] .s.d.r.c.RepositoryConfigurationDelegate : Bootstrapping Spring Data JPA repositories in DEFAULT mode.
2023-07-28T12:01:05.782-05:00  INFO 72170 --- [    Test worker] .s.d.r.c.RepositoryConfigurationDelegate : Finished Spring Data repository scanning in 3 ms. Found 3 JPA repository interfaces.
2023-07-28T12:01:05.800-05:00  INFO 72170 --- [    Test worker] o.s.b.w.embedded.tomcat.TomcatWebServer  : Tomcat initialized with port(s): 0 (http)
2023-07-28T12:01:05.800-05:00  INFO 72170 --- [    Test worker] o.apache.catalina.core.StandardService   : Starting service [Tomcat]
2023-07-28T12:01:05.800-05:00  INFO 72170 --- [    Test worker] o.apache.catalina.core.StandardEngine    : Starting Servlet engine: [Apache Tomcat/10.1.10]
2023-07-28T12:01:05.807-05:00  INFO 72170 --- [    Test worker] o.a.c.c.C.[Tomcat].[localhost].[/]       : Initializing Spring embedded WebApplicationContext
2023-07-28T12:01:05.807-05:00  INFO 72170 --- [    Test worker] w.s.c.ServletWebServerApplicationContext : Root WebApplicationContext: initialization completed in 73 ms
2023-07-28T12:01:05.808-05:00  INFO 72170 --- [    Test worker] com.zaxxer.hikari.HikariDataSource       : HikariPool-14 - Starting...
2023-07-28T12:01:05.809-05:00  INFO 72170 --- [    Test worker] com.zaxxer.hikari.pool.HikariPool        : HikariPool-14 - Added connection conn52: url=jdbc:h2:mem:testdb user=SA
2023-07-28T12:01:05.809-05:00  INFO 72170 --- [    Test worker] com.zaxxer.hikari.HikariDataSource       : HikariPool-14 - Start completed.
2023-07-28T12:01:05.809-05:00  INFO 72170 --- [    Test worker] o.s.b.a.h2.H2ConsoleAutoConfiguration    : H2 console available at '/h2-console'. Database available at 'jdbc:h2:mem:testdb'
2023-07-28T12:01:05.817-05:00  INFO 72170 --- [    Test worker] o.hibernate.jpa.internal.util.LogHelper  : HHH000204: Processing PersistenceUnitInfo [name: default]
2023-07-28T12:01:05.819-05:00  INFO 72170 --- [    Test worker] o.h.b.i.BytecodeProviderInitiator        : HHH000021: Bytecode provider name : bytebuddy
2023-07-28T12:01:05.819-05:00  INFO 72170 --- [    Test worker] o.s.o.j.p.SpringPersistenceUnitInfo      : No LoadTimeWeaver setup: ignoring JPA class transformer
2023-07-28T12:01:05.823-05:00  INFO 72170 --- [    Test worker] o.h.b.i.BytecodeProviderInitiator        : HHH000021: Bytecode provider name : bytebuddy
2023-07-28T12:01:05.837-05:00  INFO 72170 --- [    Test worker] o.h.e.t.j.p.i.JtaPlatformInitiator       : HHH000490: Using JtaPlatform implementation: [org.hibernate.engine.transaction.jta.platform.internal.NoJtaPlatform]
2023-07-28T12:01:05.841-05:00  INFO 72170 --- [    Test worker] j.LocalContainerEntityManagerFactoryBean : Initialized JPA EntityManagerFactory for persistence unit 'default'
2023-07-28T12:01:05.855-05:00  WARN 72170 --- [    Test worker] JpaBaseConfiguration$JpaWebConfiguration : spring.jpa.open-in-view is enabled by default. Therefore, database queries may be performed during view rendering. Explicitly configure spring.jpa.open-in-view to disable this warning
2023-07-28T12:01:05.883-05:00  INFO 72170 --- [    Test worker] o.a.c.c.C.[Tomcat].[localhost].[/]       : Initializing Spring TestDispatcherServlet ''
2023-07-28T12:01:05.883-05:00  INFO 72170 --- [    Test worker] o.s.t.web.servlet.TestDispatcherServlet  : Initializing Servlet ''
2023-07-28T12:01:05.884-05:00  INFO 72170 --- [    Test worker] o.s.t.web.servlet.TestDispatcherServlet  : Completed initialization in 1 ms
2023-07-28T12:01:05.887-05:00  INFO 72170 --- [    Test worker] o.s.b.w.embedded.tomcat.TomcatWebServer  : Tomcat started on port(s): 57421 (http) with context path ''
2023-07-28T12:01:05.888-05:00  INFO 72170 --- [    Test worker] ientContactInfoControllerIntegrationTest : Started ClientContactInfoControllerIntegrationTest in 0.16 seconds (process running for 5.655)

MockHttpServletRequest:
      HTTP Method = GET
      Request URI = /clientContactInfo/return/1
       Parameters = {}
          Headers = []
             Body = null
    Session Attrs = {}

Handler:
             Type = com.outreachmappingsolutions.controllers.ClientContactInfoController
           Method = com.outreachmappingsolutions.controllers.ClientContactInfoController#returnClientContactInfoByClientId(Integer)

Async:
    Async started = false
     Async result = null

Resolved Exception:
             Type = null

ModelAndView:
        View name = null
             View = null
            Model = null

FlashMap:
       Attributes = null

MockHttpServletResponse:
           Status = 200
    Error message = null
          Headers = [Content-Type:"application/json"]
     Content type = application/json
             Body = {"id":1,"phonePrimary":"111-111-1111","phoneSecondary":"111-111-1112","email":"miles@test.com","iceName":"Keiko O'Brien","iceRelationship":"Ex-Wife","icePhonePrimary":"111-111-1113","icePhoneSecondary":"111-111-1114","iceEmail":"keiko@test.com"}
    Forwarded URL = null
   Redirected URL = null
          Cookies = []
2023-07-28T12:01:05.900-05:00  INFO 72170 --- [    Test worker] o.apache.catalina.core.StandardService   : Stopping service [Tomcat]
2023-07-28T12:01:05.902-05:00  INFO 72170 --- [    Test worker] j.LocalContainerEntityManagerFactoryBean : Closing JPA EntityManagerFactory for persistence unit 'default'
2023-07-28T12:01:05.903-05:00  INFO 72170 --- [    Test worker] com.zaxxer.hikari.HikariDataSource       : HikariPool-14 - Shutdown initiated...
2023-07-28T12:01:05.903-05:00  INFO 72170 --- [    Test worker] com.zaxxer.hikari.HikariDataSource       : HikariPool-14 - Shutdown completed.

  .   ____          _            __ _ _
 /\\ / ___'_ __ _ _(_)_ __  __ _ \ \ \ \
( ( )\___ | '_ | '_| | '_ \/ _` | \ \ \ \
 \\/  ___)| |_)| | | | | || (_| |  ) ) ) )
  '  |____| .__|_| |_|_| |_\__, | / / / /
 =========|_|==============|___/=/_/_/_/
 :: Spring Boot ::                (v3.1.1)

2023-07-28T12:01:05.910-05:00  INFO 72170 --- [    Test worker] ientContactInfoControllerIntegrationTest : Starting ClientContactInfoControllerIntegrationTest using Java 17.0.7 with PID 72170 (started by joshjennemann in /Users/joshjennemann/Desktop/Personal_Projects/outreach-mapping-solutions-back-end/Outreach-Mapping-Solutions/outreach-mapping-solutions-BE)
2023-07-28T12:01:05.910-05:00  INFO 72170 --- [    Test worker] ientContactInfoControllerIntegrationTest : No active profile set, falling back to 1 default profile: "default"
2023-07-28T12:01:05.954-05:00  INFO 72170 --- [    Test worker] .s.d.r.c.RepositoryConfigurationDelegate : Multiple Spring Data modules found, entering strict repository configuration mode
2023-07-28T12:01:05.954-05:00  INFO 72170 --- [    Test worker] .s.d.r.c.RepositoryConfigurationDelegate : Bootstrapping Spring Data JDBC repositories in DEFAULT mode.
2023-07-28T12:01:05.955-05:00  INFO 72170 --- [    Test worker] .RepositoryConfigurationExtensionSupport : Spring Data JDBC - Could not safely identify store assignment for repository candidate interface com.outreachmappingsolutions.repositories.ClientBaseRepository; If you want this repository to be a JDBC repository, consider annotating your entities with one of these annotations: org.springframework.data.relational.core.mapping.Table.
2023-07-28T12:01:05.956-05:00  INFO 72170 --- [    Test worker] .RepositoryConfigurationExtensionSupport : Spring Data JDBC - Could not safely identify store assignment for repository candidate interface com.outreachmappingsolutions.repositories.ClientContactInfoRepository; If you want this repository to be a JDBC repository, consider annotating your entities with one of these annotations: org.springframework.data.relational.core.mapping.Table.
2023-07-28T12:01:05.956-05:00  INFO 72170 --- [    Test worker] .RepositoryConfigurationExtensionSupport : Spring Data JDBC - Could not safely identify store assignment for repository candidate interface com.outreachmappingsolutions.repositories.ClientDemographicsRepository; If you want this repository to be a JDBC repository, consider annotating your entities with one of these annotations: org.springframework.data.relational.core.mapping.Table.
2023-07-28T12:01:05.956-05:00  INFO 72170 --- [    Test worker] .s.d.r.c.RepositoryConfigurationDelegate : Finished Spring Data repository scanning in 1 ms. Found 0 JDBC repository interfaces.
2023-07-28T12:01:05.956-05:00  INFO 72170 --- [    Test worker] .s.d.r.c.RepositoryConfigurationDelegate : Multiple Spring Data modules found, entering strict repository configuration mode
2023-07-28T12:01:05.957-05:00  INFO 72170 --- [    Test worker] .s.d.r.c.RepositoryConfigurationDelegate : Bootstrapping Spring Data JPA repositories in DEFAULT mode.
2023-07-28T12:01:05.960-05:00  INFO 72170 --- [    Test worker] .s.d.r.c.RepositoryConfigurationDelegate : Finished Spring Data repository scanning in 3 ms. Found 3 JPA repository interfaces.
2023-07-28T12:01:05.977-05:00  INFO 72170 --- [    Test worker] o.s.b.w.embedded.tomcat.TomcatWebServer  : Tomcat initialized with port(s): 0 (http)
2023-07-28T12:01:05.977-05:00  INFO 72170 --- [    Test worker] o.apache.catalina.core.StandardService   : Starting service [Tomcat]
2023-07-28T12:01:05.977-05:00  INFO 72170 --- [    Test worker] o.apache.catalina.core.StandardEngine    : Starting Servlet engine: [Apache Tomcat/10.1.10]
2023-07-28T12:01:05.984-05:00  INFO 72170 --- [    Test worker] o.a.c.c.C.[Tomcat].[localhost].[/]       : Initializing Spring embedded WebApplicationContext
2023-07-28T12:01:05.984-05:00  INFO 72170 --- [    Test worker] w.s.c.ServletWebServerApplicationContext : Root WebApplicationContext: initialization completed in 73 ms
2023-07-28T12:01:05.986-05:00  INFO 72170 --- [    Test worker] com.zaxxer.hikari.HikariDataSource       : HikariPool-15 - Starting...
2023-07-28T12:01:05.987-05:00  INFO 72170 --- [    Test worker] com.zaxxer.hikari.pool.HikariPool        : HikariPool-15 - Added connection conn53: url=jdbc:h2:mem:testdb user=SA
2023-07-28T12:01:05.987-05:00  INFO 72170 --- [    Test worker] com.zaxxer.hikari.HikariDataSource       : HikariPool-15 - Start completed.
2023-07-28T12:01:05.987-05:00  INFO 72170 --- [    Test worker] o.s.b.a.h2.H2ConsoleAutoConfiguration    : H2 console available at '/h2-console'. Database available at 'jdbc:h2:mem:testdb'
2023-07-28T12:01:05.994-05:00  INFO 72170 --- [    Test worker] o.hibernate.jpa.internal.util.LogHelper  : HHH000204: Processing PersistenceUnitInfo [name: default]
2023-07-28T12:01:05.996-05:00  INFO 72170 --- [    Test worker] o.h.b.i.BytecodeProviderInitiator        : HHH000021: Bytecode provider name : bytebuddy
2023-07-28T12:01:05.996-05:00  INFO 72170 --- [    Test worker] o.s.o.j.p.SpringPersistenceUnitInfo      : No LoadTimeWeaver setup: ignoring JPA class transformer
2023-07-28T12:01:06.002-05:00  INFO 72170 --- [    Test worker] o.h.b.i.BytecodeProviderInitiator        : HHH000021: Bytecode provider name : bytebuddy
2023-07-28T12:01:06.014-05:00  INFO 72170 --- [    Test worker] o.h.e.t.j.p.i.JtaPlatformInitiator       : HHH000490: Using JtaPlatform implementation: [org.hibernate.engine.transaction.jta.platform.internal.NoJtaPlatform]
2023-07-28T12:01:06.017-05:00  INFO 72170 --- [    Test worker] j.LocalContainerEntityManagerFactoryBean : Initialized JPA EntityManagerFactory for persistence unit 'default'
2023-07-28T12:01:06.035-05:00  WARN 72170 --- [    Test worker] JpaBaseConfiguration$JpaWebConfiguration : spring.jpa.open-in-view is enabled by default. Therefore, database queries may be performed during view rendering. Explicitly configure spring.jpa.open-in-view to disable this warning
2023-07-28T12:01:06.064-05:00  INFO 72170 --- [    Test worker] o.a.c.c.C.[Tomcat].[localhost].[/]       : Initializing Spring TestDispatcherServlet ''
2023-07-28T12:01:06.064-05:00  INFO 72170 --- [    Test worker] o.s.t.web.servlet.TestDispatcherServlet  : Initializing Servlet ''
2023-07-28T12:01:06.064-05:00  INFO 72170 --- [    Test worker] o.s.t.web.servlet.TestDispatcherServlet  : Completed initialization in 0 ms
2023-07-28T12:01:06.067-05:00  INFO 72170 --- [    Test worker] o.s.b.w.embedded.tomcat.TomcatWebServer  : Tomcat started on port(s): 57427 (http) with context path ''
2023-07-28T12:01:06.069-05:00  INFO 72170 --- [    Test worker] ientContactInfoControllerIntegrationTest : Started ClientContactInfoControllerIntegrationTest in 0.164 seconds (process running for 5.835)

MockHttpServletRequest:
      HTTP Method = GET
      Request URI = /clientContactInfo/returnAll
       Parameters = {}
          Headers = []
             Body = null
    Session Attrs = {}

Handler:
             Type = com.outreachmappingsolutions.controllers.ClientContactInfoController
           Method = com.outreachmappingsolutions.controllers.ClientContactInfoController#returnAllClientContactInfo()

Async:
    Async started = false
     Async result = null

Resolved Exception:
             Type = null

ModelAndView:
        View name = null
             View = null
            Model = null

FlashMap:
       Attributes = null

MockHttpServletResponse:
           Status = 200
    Error message = null
          Headers = [Content-Type:"application/json"]
     Content type = application/json
             Body = [{"id":1,"phonePrimary":"111-111-1111","phoneSecondary":"111-111-1112","email":"miles@test.com","iceName":"Keiko O'Brien","iceRelationship":"Ex-Wife","icePhonePrimary":"111-111-1113","icePhoneSecondary":"111-111-1114","iceEmail":"keiko@test.com"},{"id":2,"phonePrimary":"222-222-2221","phoneSecondary":"222-222-2222","email":"wesley@test.com","iceName":"Beverly Crusher","iceRelationship":"Mother","icePhonePrimary":"222-222-2223","icePhoneSecondary":"222-222-2224","iceEmail":"dr.crusher@email.com"},{"id":3,"phonePrimary":"111-111-1111","phoneSecondary":"222-222-2222","email":"thomas@test.com","iceName":"Will Riker","iceRelationship":"Brother","icePhonePrimary":"333-333-3333","icePhoneSecondary":"444-444-4444","iceEmail":"will@email.com"}]
    Forwarded URL = null
   Redirected URL = null
          Cookies = []
2023-07-28T12:01:06.086-05:00  INFO 72170 --- [    Test worker] o.apache.catalina.core.StandardService   : Stopping service [Tomcat]
2023-07-28T12:01:06.087-05:00  INFO 72170 --- [    Test worker] j.LocalContainerEntityManagerFactoryBean : Closing JPA EntityManagerFactory for persistence unit 'default'
2023-07-28T12:01:06.088-05:00  INFO 72170 --- [    Test worker] com.zaxxer.hikari.HikariDataSource       : HikariPool-15 - Shutdown initiated...
2023-07-28T12:01:06.089-05:00  INFO 72170 --- [    Test worker] com.zaxxer.hikari.HikariDataSource       : HikariPool-15 - Shutdown completed.
]]></system-out>
  <system-err><![CDATA[]]></system-err>
</testsuite>
