<?xml version="1.0" encoding="UTF-8"?>
<testsuite name="com.outreachingmappingsolutions.outreachmappingsolutions.Services.ClientDemographicsServiceUnitTest" tests="6" skipped="0" failures="0" errors="0" timestamp="2023-07-21T22:30:37" hostname="Joshs-Air.lan" time="0.273">
  <properties/>
  <testcase name="testUpdateClientDemographicsSuccess()" classname="com.outreachingmappingsolutions.outreachmappingsolutions.Services.ClientDemographicsServiceUnitTest" time="0.263"/>
  <testcase name="testReturnAllClientDemographicsSuccess()" classname="com.outreachingmappingsolutions.outreachmappingsolutions.Services.ClientDemographicsServiceUnitTest" time="0.002"/>
  <testcase name="testUpdateClientDemographicsNotFound()" classname="com.outreachingmappingsolutions.outreachmappingsolutions.Services.ClientDemographicsServiceUnitTest" time="0.002"/>
  <testcase name="testReturnAllClientDemographicsNotFound()" classname="com.outreachingmappingsolutions.outreachmappingsolutions.Services.ClientDemographicsServiceUnitTest" time="0.001"/>
  <testcase name="testReturnClientDemographicsByClientIdSuccess()" classname="com.outreachingmappingsolutions.outreachmappingsolutions.Services.ClientDemographicsServiceUnitTest" time="0.002"/>
  <testcase name="testReturnClientDemographicsByClientIdNotFound()" classname="com.outreachingmappingsolutions.outreachmappingsolutions.Services.ClientDemographicsServiceUnitTest" time="0.001"/>
  <system-out><![CDATA[]]></system-out>
  <system-err><![CDATA[]]></system-err>
</testsuite>
