<?xml version="1.0" encoding="UTF-8"?>
<testsuite name="com.outreachmappingsolutions.Models.ClientDemographicsUnitTest" tests="2" skipped="0" failures="0" errors="0" timestamp="2023-09-28T19:06:48" hostname="Joshs-Air.lan" time="0.0">
  <properties/>
  <testcase name="testDefaultClientDemographicsConstructor()" classname="com.outreachmappingsolutions.Models.ClientDemographicsUnitTest" time="0.0"/>
  <testcase name="testClientDemographicsProperties()" classname="com.outreachmappingsolutions.Models.ClientDemographicsUnitTest" time="0.0"/>
  <system-out><![CDATA[]]></system-out>
  <system-err><![CDATA[]]></system-err>
</testsuite>
