<?xml version="1.0" encoding="UTF-8"?>
<testsuite name="com.outreachmappingsolutions.Controllers.ClientContactInfoControllerIntegrationTest" tests="6" skipped="0" failures="0" errors="0" timestamp="2023-09-28T19:06:45" hostname="Joshs-Air.lan" time="1.031">
  <properties/>
  <testcase name="testUpdateClientContactInfoNotFound()" classname="com.outreachmappingsolutions.Controllers.ClientContactInfoControllerIntegrationTest" time="0.05"/>
  <testcase name="testReturnAllClientContactInfoNotFound()" classname="com.outreachmappingsolutions.Controllers.ClientContactInfoControllerIntegrationTest" time="0.021"/>
  <testcase name="testReturnClientContactInfoByIdNotFound()" classname="com.outreachmappingsolutions.Controllers.ClientContactInfoControllerIntegrationTest" time="0.019"/>
  <testcase name="testUpdateClientContactInfoSuccess()" classname="com.outreachmappingsolutions.Controllers.ClientContactInfoControllerIntegrationTest" time="0.028"/>
  <testcase name="testReturnClientContactInfoByIdSuccess()" classname="com.outreachmappingsolutions.Controllers.ClientContactInfoControllerIntegrationTest" time="0.015"/>
  <testcase name="testReturnAllClientContactInfoSuccess()" classname="com.outreachmappingsolutions.Controllers.ClientContactInfoControllerIntegrationTest" time="0.018"/>
  <system-out><![CDATA[2023-09-28T14:06:45.790-05:00  INFO 44934 --- [    Test worker] t.c.s.AnnotationConfigContextLoaderUtils : Could not detect default configuration classes for test class [com.outreachmappingsolutions.Controllers.ClientContactInfoControllerIntegrationTest]: ClientContactInfoControllerIntegrationTest does not declare any static, non-private, non-final, nested classes annotated with @Configuration.
2023-09-28T14:06:45.791-05:00  INFO 44934 --- [    Test worker] .b.t.c.SpringBootTestContextBootstrapper : Found @SpringBootConfiguration com.outreachmappingsolutions.OutreachMappingSolutionsApplication for test class com.outreachmappingsolutions.Controllers.ClientContactInfoControllerIntegrationTest

  .   ____          _            __ _ _
 /\\ / ___'_ __ _ _(_)_ __  __ _ \ \ \ \
( ( )\___ | '_ | '_| | '_ \/ _` | \ \ \ \
 \\/  ___)| |_)| | | | | || (_| |  ) ) ) )
  '  |____| .__|_| |_|_| |_\__, | / / / /
 =========|_|==============|___/=/_/_/_/
 :: Spring Boot ::                (v3.1.1)

2023-09-28T14:06:45.799-05:00  INFO 44934 --- [    Test worker] ientContactInfoControllerIntegrationTest : Starting ClientContactInfoControllerIntegrationTest using Java 17.0.7 with PID 44934 (started by joshjennemann in /Users/joshjennemann/Desktop/Personal_Projects/outreach-mapping-solutions-back-end/Outreach-Mapping-Solutions/outreach-mapping-solutions-BE)
2023-09-28T14:06:45.799-05:00  INFO 44934 --- [    Test worker] ientContactInfoControllerIntegrationTest : No active profile set, falling back to 1 default profile: "default"
2023-09-28T14:06:45.849-05:00  INFO 44934 --- [    Test worker] .s.d.r.c.RepositoryConfigurationDelegate : Multiple Spring Data modules found, entering strict repository configuration mode
2023-09-28T14:06:45.849-05:00  INFO 44934 --- [    Test worker] .s.d.r.c.RepositoryConfigurationDelegate : Bootstrapping Spring Data JDBC repositories in DEFAULT mode.
2023-09-28T14:06:45.851-05:00  INFO 44934 --- [    Test worker] .RepositoryConfigurationExtensionSupport : Spring Data JDBC - Could not safely identify store assignment for repository candidate interface com.outreachmappingsolutions.repositories.ClientBaseRepository; If you want this repository to be a JDBC repository, consider annotating your entities with one of these annotations: org.springframework.data.relational.core.mapping.Table.
2023-09-28T14:06:45.851-05:00  INFO 44934 --- [    Test worker] .RepositoryConfigurationExtensionSupport : Spring Data JDBC - Could not safely identify store assignment for repository candidate interface com.outreachmappingsolutions.repositories.ClientContactInfoRepository; If you want this repository to be a JDBC repository, consider annotating your entities with one of these annotations: org.springframework.data.relational.core.mapping.Table.
2023-09-28T14:06:45.851-05:00  INFO 44934 --- [    Test worker] .RepositoryConfigurationExtensionSupport : Spring Data JDBC - Could not safely identify store assignment for repository candidate interface com.outreachmappingsolutions.repositories.ClientDemographicsRepository; If you want this repository to be a JDBC repository, consider annotating your entities with one of these annotations: org.springframework.data.relational.core.mapping.Table.
2023-09-28T14:06:45.851-05:00  INFO 44934 --- [    Test worker] .s.d.r.c.RepositoryConfigurationDelegate : Finished Spring Data repository scanning in 1 ms. Found 0 JDBC repository interfaces.
2023-09-28T14:06:45.852-05:00  INFO 44934 --- [    Test worker] .s.d.r.c.RepositoryConfigurationDelegate : Multiple Spring Data modules found, entering strict repository configuration mode
2023-09-28T14:06:45.852-05:00  INFO 44934 --- [    Test worker] .s.d.r.c.RepositoryConfigurationDelegate : Bootstrapping Spring Data JPA repositories in DEFAULT mode.
2023-09-28T14:06:45.856-05:00  INFO 44934 --- [    Test worker] .s.d.r.c.RepositoryConfigurationDelegate : Finished Spring Data repository scanning in 3 ms. Found 3 JPA repository interfaces.
2023-09-28T14:06:45.887-05:00  INFO 44934 --- [    Test worker] o.s.b.w.embedded.tomcat.TomcatWebServer  : Tomcat initialized with port(s): 0 (http)
2023-09-28T14:06:45.887-05:00  INFO 44934 --- [    Test worker] o.apache.catalina.core.StandardService   : Starting service [Tomcat]
2023-09-28T14:06:45.887-05:00  INFO 44934 --- [    Test worker] o.apache.catalina.core.StandardEngine    : Starting Servlet engine: [Apache Tomcat/10.1.10]
2023-09-28T14:06:45.894-05:00  INFO 44934 --- [    Test worker] o.a.c.c.C.[Tomcat].[localhost].[/]       : Initializing Spring embedded WebApplicationContext
2023-09-28T14:06:45.894-05:00  INFO 44934 --- [    Test worker] w.s.c.ServletWebServerApplicationContext : Root WebApplicationContext: initialization completed in 95 ms
2023-09-28T14:06:45.896-05:00  INFO 44934 --- [    Test worker] com.zaxxer.hikari.HikariDataSource       : HikariPool-10 - Starting...
2023-09-28T14:06:45.896-05:00  INFO 44934 --- [    Test worker] com.zaxxer.hikari.pool.HikariPool        : HikariPool-10 - Added connection conn50: url=jdbc:h2:mem:testdb user=SA
2023-09-28T14:06:45.896-05:00  INFO 44934 --- [    Test worker] com.zaxxer.hikari.HikariDataSource       : HikariPool-10 - Start completed.
2023-09-28T14:06:45.896-05:00  INFO 44934 --- [    Test worker] o.s.b.a.h2.H2ConsoleAutoConfiguration    : H2 console available at '/h2-console'. Database available at 'jdbc:h2:mem:testdb'
2023-09-28T14:06:45.904-05:00  INFO 44934 --- [    Test worker] o.hibernate.jpa.internal.util.LogHelper  : HHH000204: Processing PersistenceUnitInfo [name: default]
2023-09-28T14:06:45.909-05:00  INFO 44934 --- [    Test worker] o.h.b.i.BytecodeProviderInitiator        : HHH000021: Bytecode provider name : bytebuddy
2023-09-28T14:06:45.909-05:00  INFO 44934 --- [    Test worker] o.s.o.j.p.SpringPersistenceUnitInfo      : No LoadTimeWeaver setup: ignoring JPA class transformer
2023-09-28T14:06:45.914-05:00  INFO 44934 --- [    Test worker] o.h.b.i.BytecodeProviderInitiator        : HHH000021: Bytecode provider name : bytebuddy
2023-09-28T14:06:45.930-05:00  INFO 44934 --- [    Test worker] o.h.e.t.j.p.i.JtaPlatformInitiator       : HHH000490: Using JtaPlatform implementation: [org.hibernate.engine.transaction.jta.platform.internal.NoJtaPlatform]
2023-09-28T14:06:45.934-05:00  INFO 44934 --- [    Test worker] j.LocalContainerEntityManagerFactoryBean : Initialized JPA EntityManagerFactory for persistence unit 'default'
2023-09-28T14:06:45.952-05:00  WARN 44934 --- [    Test worker] JpaBaseConfiguration$JpaWebConfiguration : spring.jpa.open-in-view is enabled by default. Therefore, database queries may be performed during view rendering. Explicitly configure spring.jpa.open-in-view to disable this warning
2023-09-28T14:06:45.983-05:00  INFO 44934 --- [    Test worker] o.a.c.c.C.[Tomcat].[localhost].[/]       : Initializing Spring TestDispatcherServlet ''
2023-09-28T14:06:45.983-05:00  INFO 44934 --- [    Test worker] o.s.t.web.servlet.TestDispatcherServlet  : Initializing Servlet ''
2023-09-28T14:06:45.983-05:00  INFO 44934 --- [    Test worker] o.s.t.web.servlet.TestDispatcherServlet  : Completed initialization in 0 ms
2023-09-28T14:06:45.986-05:00  INFO 44934 --- [    Test worker] o.s.b.w.embedded.tomcat.TomcatWebServer  : Tomcat started on port(s): 52087 (http) with context path ''
2023-09-28T14:06:45.987-05:00  INFO 44934 --- [    Test worker] ientContactInfoControllerIntegrationTest : Started ClientContactInfoControllerIntegrationTest in 0.195 seconds (process running for 5.302)

MockHttpServletRequest:
      HTTP Method = PUT
      Request URI = /clientContactInfo/update/1
       Parameters = {}
          Headers = [Content-Type:"application/json;charset=UTF-8", Accept:"application/json", Content-Length:"248"]
             Body = {"id":null,"phonePrimary":"111-111-1115","phoneSecondary":"111-111-1116","email":"miles@test.com","iceName":"Julian Bashir","iceRelationship":"Friend","icePhonePrimary":"111-111-1117","icePhoneSecondary":"111-111-1118","iceEmail":"julian@test.com"}
    Session Attrs = {}

Handler:
             Type = com.outreachmappingsolutions.controllers.ClientContactInfoController
           Method = com.outreachmappingsolutions.controllers.ClientContactInfoController#updateClientContactInfo(Integer, ClientContactInfo)

Async:
    Async started = false
     Async result = null

Resolved Exception:
             Type = null

ModelAndView:
        View name = null
             View = null
            Model = null

FlashMap:
       Attributes = null

MockHttpServletResponse:
           Status = 404
    Error message = null
          Headers = [Content-Type:"application/json", Content-Length:"62"]
     Content type = application/json
             Body = No client contact information matching your criteria was found
    Forwarded URL = null
   Redirected URL = null
          Cookies = []
2023-09-28T14:06:46.026-05:00  INFO 44934 --- [    Test worker] o.apache.catalina.core.StandardService   : Stopping service [Tomcat]
2023-09-28T14:06:46.031-05:00  INFO 44934 --- [    Test worker] j.LocalContainerEntityManagerFactoryBean : Closing JPA EntityManagerFactory for persistence unit 'default'
2023-09-28T14:06:46.032-05:00  INFO 44934 --- [    Test worker] com.zaxxer.hikari.HikariDataSource       : HikariPool-10 - Shutdown initiated...
2023-09-28T14:06:46.038-05:00  INFO 44934 --- [    Test worker] com.zaxxer.hikari.HikariDataSource       : HikariPool-10 - Shutdown completed.

  .   ____          _            __ _ _
 /\\ / ___'_ __ _ _(_)_ __  __ _ \ \ \ \
( ( )\___ | '_ | '_| | '_ \/ _` | \ \ \ \
 \\/  ___)| |_)| | | | | || (_| |  ) ) ) )
  '  |____| .__|_| |_|_| |_\__, | / / / /
 =========|_|==============|___/=/_/_/_/
 :: Spring Boot ::                (v3.1.1)

2023-09-28T14:06:46.047-05:00  INFO 44934 --- [    Test worker] ientContactInfoControllerIntegrationTest : Starting ClientContactInfoControllerIntegrationTest using Java 17.0.7 with PID 44934 (started by joshjennemann in /Users/joshjennemann/Desktop/Personal_Projects/outreach-mapping-solutions-back-end/Outreach-Mapping-Solutions/outreach-mapping-solutions-BE)
2023-09-28T14:06:46.047-05:00  INFO 44934 --- [    Test worker] ientContactInfoControllerIntegrationTest : No active profile set, falling back to 1 default profile: "default"
2023-09-28T14:06:46.096-05:00  INFO 44934 --- [    Test worker] .s.d.r.c.RepositoryConfigurationDelegate : Multiple Spring Data modules found, entering strict repository configuration mode
2023-09-28T14:06:46.096-05:00  INFO 44934 --- [    Test worker] .s.d.r.c.RepositoryConfigurationDelegate : Bootstrapping Spring Data JDBC repositories in DEFAULT mode.
2023-09-28T14:06:46.098-05:00  INFO 44934 --- [    Test worker] .RepositoryConfigurationExtensionSupport : Spring Data JDBC - Could not safely identify store assignment for repository candidate interface com.outreachmappingsolutions.repositories.ClientBaseRepository; If you want this repository to be a JDBC repository, consider annotating your entities with one of these annotations: org.springframework.data.relational.core.mapping.Table.
2023-09-28T14:06:46.098-05:00  INFO 44934 --- [    Test worker] .RepositoryConfigurationExtensionSupport : Spring Data JDBC - Could not safely identify store assignment for repository candidate interface com.outreachmappingsolutions.repositories.ClientContactInfoRepository; If you want this repository to be a JDBC repository, consider annotating your entities with one of these annotations: org.springframework.data.relational.core.mapping.Table.
2023-09-28T14:06:46.098-05:00  INFO 44934 --- [    Test worker] .RepositoryConfigurationExtensionSupport : Spring Data JDBC - Could not safely identify store assignment for repository candidate interface com.outreachmappingsolutions.repositories.ClientDemographicsRepository; If you want this repository to be a JDBC repository, consider annotating your entities with one of these annotations: org.springframework.data.relational.core.mapping.Table.
2023-09-28T14:06:46.098-05:00  INFO 44934 --- [    Test worker] .s.d.r.c.RepositoryConfigurationDelegate : Finished Spring Data repository scanning in 1 ms. Found 0 JDBC repository interfaces.
2023-09-28T14:06:46.099-05:00  INFO 44934 --- [    Test worker] .s.d.r.c.RepositoryConfigurationDelegate : Multiple Spring Data modules found, entering strict repository configuration mode
2023-09-28T14:06:46.099-05:00  INFO 44934 --- [    Test worker] .s.d.r.c.RepositoryConfigurationDelegate : Bootstrapping Spring Data JPA repositories in DEFAULT mode.
2023-09-28T14:06:46.102-05:00  INFO 44934 --- [    Test worker] .s.d.r.c.RepositoryConfigurationDelegate : Finished Spring Data repository scanning in 3 ms. Found 3 JPA repository interfaces.
2023-09-28T14:06:46.123-05:00  INFO 44934 --- [    Test worker] o.s.b.w.embedded.tomcat.TomcatWebServer  : Tomcat initialized with port(s): 0 (http)
2023-09-28T14:06:46.123-05:00  INFO 44934 --- [    Test worker] o.apache.catalina.core.StandardService   : Starting service [Tomcat]
2023-09-28T14:06:46.124-05:00  INFO 44934 --- [    Test worker] o.apache.catalina.core.StandardEngine    : Starting Servlet engine: [Apache Tomcat/10.1.10]
2023-09-28T14:06:46.131-05:00  INFO 44934 --- [    Test worker] o.a.c.c.C.[Tomcat].[localhost].[/]       : Initializing Spring embedded WebApplicationContext
2023-09-28T14:06:46.131-05:00  INFO 44934 --- [    Test worker] w.s.c.ServletWebServerApplicationContext : Root WebApplicationContext: initialization completed in 83 ms
2023-09-28T14:06:46.133-05:00  INFO 44934 --- [    Test worker] com.zaxxer.hikari.HikariDataSource       : HikariPool-11 - Starting...
2023-09-28T14:06:46.133-05:00  INFO 44934 --- [    Test worker] com.zaxxer.hikari.pool.HikariPool        : HikariPool-11 - Added connection conn54: url=jdbc:h2:mem:testdb user=SA
2023-09-28T14:06:46.133-05:00  INFO 44934 --- [    Test worker] com.zaxxer.hikari.HikariDataSource       : HikariPool-11 - Start completed.
2023-09-28T14:06:46.133-05:00  INFO 44934 --- [    Test worker] o.s.b.a.h2.H2ConsoleAutoConfiguration    : H2 console available at '/h2-console'. Database available at 'jdbc:h2:mem:testdb'
2023-09-28T14:06:46.142-05:00  INFO 44934 --- [    Test worker] o.hibernate.jpa.internal.util.LogHelper  : HHH000204: Processing PersistenceUnitInfo [name: default]
2023-09-28T14:06:46.145-05:00  INFO 44934 --- [    Test worker] o.h.b.i.BytecodeProviderInitiator        : HHH000021: Bytecode provider name : bytebuddy
2023-09-28T14:06:46.145-05:00  INFO 44934 --- [    Test worker] o.s.o.j.p.SpringPersistenceUnitInfo      : No LoadTimeWeaver setup: ignoring JPA class transformer
2023-09-28T14:06:46.151-05:00  INFO 44934 --- [    Test worker] o.h.b.i.BytecodeProviderInitiator        : HHH000021: Bytecode provider name : bytebuddy
2023-09-28T14:06:46.168-05:00  INFO 44934 --- [    Test worker] o.h.e.t.j.p.i.JtaPlatformInitiator       : HHH000490: Using JtaPlatform implementation: [org.hibernate.engine.transaction.jta.platform.internal.NoJtaPlatform]
2023-09-28T14:06:46.172-05:00  INFO 44934 --- [    Test worker] j.LocalContainerEntityManagerFactoryBean : Initialized JPA EntityManagerFactory for persistence unit 'default'
2023-09-28T14:06:46.188-05:00  WARN 44934 --- [    Test worker] JpaBaseConfiguration$JpaWebConfiguration : spring.jpa.open-in-view is enabled by default. Therefore, database queries may be performed during view rendering. Explicitly configure spring.jpa.open-in-view to disable this warning
2023-09-28T14:06:46.220-05:00  INFO 44934 --- [    Test worker] o.a.c.c.C.[Tomcat].[localhost].[/]       : Initializing Spring TestDispatcherServlet ''
2023-09-28T14:06:46.221-05:00  INFO 44934 --- [    Test worker] o.s.t.web.servlet.TestDispatcherServlet  : Initializing Servlet ''
2023-09-28T14:06:46.221-05:00  INFO 44934 --- [    Test worker] o.s.t.web.servlet.TestDispatcherServlet  : Completed initialization in 0 ms
2023-09-28T14:06:46.224-05:00  INFO 44934 --- [    Test worker] o.s.b.w.embedded.tomcat.TomcatWebServer  : Tomcat started on port(s): 52090 (http) with context path ''
2023-09-28T14:06:46.225-05:00  INFO 44934 --- [    Test worker] ientContactInfoControllerIntegrationTest : Started ClientContactInfoControllerIntegrationTest in 0.186 seconds (process running for 5.54)

MockHttpServletRequest:
      HTTP Method = GET
      Request URI = /clientContactInfo/returnAll
       Parameters = {}
          Headers = []
             Body = null
    Session Attrs = {}

Handler:
             Type = com.outreachmappingsolutions.controllers.ClientContactInfoController
           Method = com.outreachmappingsolutions.controllers.ClientContactInfoController#returnAllClientContactInfo()

Async:
    Async started = false
     Async result = null

Resolved Exception:
             Type = null

ModelAndView:
        View name = null
             View = null
            Model = null

FlashMap:
       Attributes = null

MockHttpServletResponse:
           Status = 404
    Error message = null
          Headers = [Content-Type:"text/plain;charset=UTF-8", Content-Length:"62"]
     Content type = text/plain;charset=UTF-8
             Body = No client contact information matching your criteria was found
    Forwarded URL = null
   Redirected URL = null
          Cookies = []
2023-09-28T14:06:46.234-05:00  INFO 44934 --- [    Test worker] o.apache.catalina.core.StandardService   : Stopping service [Tomcat]
2023-09-28T14:06:46.235-05:00  INFO 44934 --- [    Test worker] j.LocalContainerEntityManagerFactoryBean : Closing JPA EntityManagerFactory for persistence unit 'default'
2023-09-28T14:06:46.236-05:00  INFO 44934 --- [    Test worker] com.zaxxer.hikari.HikariDataSource       : HikariPool-11 - Shutdown initiated...
2023-09-28T14:06:46.247-05:00  INFO 44934 --- [    Test worker] com.zaxxer.hikari.HikariDataSource       : HikariPool-11 - Shutdown completed.

  .   ____          _            __ _ _
 /\\ / ___'_ __ _ _(_)_ __  __ _ \ \ \ \
( ( )\___ | '_ | '_| | '_ \/ _` | \ \ \ \
 \\/  ___)| |_)| | | | | || (_| |  ) ) ) )
  '  |____| .__|_| |_|_| |_\__, | / / / /
 =========|_|==============|___/=/_/_/_/
 :: Spring Boot ::                (v3.1.1)

2023-09-28T14:06:46.256-05:00  INFO 44934 --- [    Test worker] ientContactInfoControllerIntegrationTest : Starting ClientContactInfoControllerIntegrationTest using Java 17.0.7 with PID 44934 (started by joshjennemann in /Users/joshjennemann/Desktop/Personal_Projects/outreach-mapping-solutions-back-end/Outreach-Mapping-Solutions/outreach-mapping-solutions-BE)
2023-09-28T14:06:46.257-05:00  INFO 44934 --- [    Test worker] ientContactInfoControllerIntegrationTest : No active profile set, falling back to 1 default profile: "default"
2023-09-28T14:06:46.302-05:00  INFO 44934 --- [    Test worker] .s.d.r.c.RepositoryConfigurationDelegate : Multiple Spring Data modules found, entering strict repository configuration mode
2023-09-28T14:06:46.302-05:00  INFO 44934 --- [    Test worker] .s.d.r.c.RepositoryConfigurationDelegate : Bootstrapping Spring Data JDBC repositories in DEFAULT mode.
2023-09-28T14:06:46.304-05:00  INFO 44934 --- [    Test worker] .RepositoryConfigurationExtensionSupport : Spring Data JDBC - Could not safely identify store assignment for repository candidate interface com.outreachmappingsolutions.repositories.ClientBaseRepository; If you want this repository to be a JDBC repository, consider annotating your entities with one of these annotations: org.springframework.data.relational.core.mapping.Table.
2023-09-28T14:06:46.304-05:00  INFO 44934 --- [    Test worker] .RepositoryConfigurationExtensionSupport : Spring Data JDBC - Could not safely identify store assignment for repository candidate interface com.outreachmappingsolutions.repositories.ClientContactInfoRepository; If you want this repository to be a JDBC repository, consider annotating your entities with one of these annotations: org.springframework.data.relational.core.mapping.Table.
2023-09-28T14:06:46.304-05:00  INFO 44934 --- [    Test worker] .RepositoryConfigurationExtensionSupport : Spring Data JDBC - Could not safely identify store assignment for repository candidate interface com.outreachmappingsolutions.repositories.ClientDemographicsRepository; If you want this repository to be a JDBC repository, consider annotating your entities with one of these annotations: org.springframework.data.relational.core.mapping.Table.
2023-09-28T14:06:46.304-05:00  INFO 44934 --- [    Test worker] .s.d.r.c.RepositoryConfigurationDelegate : Finished Spring Data repository scanning in 1 ms. Found 0 JDBC repository interfaces.
2023-09-28T14:06:46.305-05:00  INFO 44934 --- [    Test worker] .s.d.r.c.RepositoryConfigurationDelegate : Multiple Spring Data modules found, entering strict repository configuration mode
2023-09-28T14:06:46.305-05:00  INFO 44934 --- [    Test worker] .s.d.r.c.RepositoryConfigurationDelegate : Bootstrapping Spring Data JPA repositories in DEFAULT mode.
2023-09-28T14:06:46.308-05:00  INFO 44934 --- [    Test worker] .s.d.r.c.RepositoryConfigurationDelegate : Finished Spring Data repository scanning in 2 ms. Found 3 JPA repository interfaces.
2023-09-28T14:06:46.329-05:00  INFO 44934 --- [    Test worker] o.s.b.w.embedded.tomcat.TomcatWebServer  : Tomcat initialized with port(s): 0 (http)
2023-09-28T14:06:46.329-05:00  INFO 44934 --- [    Test worker] o.apache.catalina.core.StandardService   : Starting service [Tomcat]
2023-09-28T14:06:46.330-05:00  INFO 44934 --- [    Test worker] o.apache.catalina.core.StandardEngine    : Starting Servlet engine: [Apache Tomcat/10.1.10]
2023-09-28T14:06:46.337-05:00  INFO 44934 --- [    Test worker] o.a.c.c.C.[Tomcat].[localhost].[/]       : Initializing Spring embedded WebApplicationContext
2023-09-28T14:06:46.337-05:00  INFO 44934 --- [    Test worker] w.s.c.ServletWebServerApplicationContext : Root WebApplicationContext: initialization completed in 80 ms
2023-09-28T14:06:46.339-05:00  INFO 44934 --- [    Test worker] com.zaxxer.hikari.HikariDataSource       : HikariPool-12 - Starting...
2023-09-28T14:06:46.339-05:00  INFO 44934 --- [    Test worker] com.zaxxer.hikari.pool.HikariPool        : HikariPool-12 - Added connection conn56: url=jdbc:h2:mem:testdb user=SA
2023-09-28T14:06:46.339-05:00  INFO 44934 --- [    Test worker] com.zaxxer.hikari.HikariDataSource       : HikariPool-12 - Start completed.
2023-09-28T14:06:46.339-05:00  INFO 44934 --- [    Test worker] o.s.b.a.h2.H2ConsoleAutoConfiguration    : H2 console available at '/h2-console'. Database available at 'jdbc:h2:mem:testdb'
2023-09-28T14:06:46.348-05:00  INFO 44934 --- [    Test worker] o.hibernate.jpa.internal.util.LogHelper  : HHH000204: Processing PersistenceUnitInfo [name: default]
2023-09-28T14:06:46.350-05:00  INFO 44934 --- [    Test worker] o.h.b.i.BytecodeProviderInitiator        : HHH000021: Bytecode provider name : bytebuddy
2023-09-28T14:06:46.350-05:00  INFO 44934 --- [    Test worker] o.s.o.j.p.SpringPersistenceUnitInfo      : No LoadTimeWeaver setup: ignoring JPA class transformer
2023-09-28T14:06:46.355-05:00  INFO 44934 --- [    Test worker] o.h.b.i.BytecodeProviderInitiator        : HHH000021: Bytecode provider name : bytebuddy
2023-09-28T14:06:46.377-05:00  INFO 44934 --- [    Test worker] o.h.e.t.j.p.i.JtaPlatformInitiator       : HHH000490: Using JtaPlatform implementation: [org.hibernate.engine.transaction.jta.platform.internal.NoJtaPlatform]
2023-09-28T14:06:46.381-05:00  INFO 44934 --- [    Test worker] j.LocalContainerEntityManagerFactoryBean : Initialized JPA EntityManagerFactory for persistence unit 'default'
2023-09-28T14:06:46.397-05:00  WARN 44934 --- [    Test worker] JpaBaseConfiguration$JpaWebConfiguration : spring.jpa.open-in-view is enabled by default. Therefore, database queries may be performed during view rendering. Explicitly configure spring.jpa.open-in-view to disable this warning
2023-09-28T14:06:46.428-05:00  INFO 44934 --- [    Test worker] o.a.c.c.C.[Tomcat].[localhost].[/]       : Initializing Spring TestDispatcherServlet ''
2023-09-28T14:06:46.428-05:00  INFO 44934 --- [    Test worker] o.s.t.web.servlet.TestDispatcherServlet  : Initializing Servlet ''
2023-09-28T14:06:46.428-05:00  INFO 44934 --- [    Test worker] o.s.t.web.servlet.TestDispatcherServlet  : Completed initialization in 0 ms
2023-09-28T14:06:46.432-05:00  INFO 44934 --- [    Test worker] o.s.b.w.embedded.tomcat.TomcatWebServer  : Tomcat started on port(s): 52092 (http) with context path ''
2023-09-28T14:06:46.433-05:00  INFO 44934 --- [    Test worker] ientContactInfoControllerIntegrationTest : Started ClientContactInfoControllerIntegrationTest in 0.184 seconds (process running for 5.748)

MockHttpServletRequest:
      HTTP Method = GET
      Request URI = /clientContactInfo/return/1
       Parameters = {}
          Headers = []
             Body = null
    Session Attrs = {}

Handler:
             Type = com.outreachmappingsolutions.controllers.ClientContactInfoController
           Method = com.outreachmappingsolutions.controllers.ClientContactInfoController#returnClientContactInfoByClientId(Integer)

Async:
    Async started = false
     Async result = null

Resolved Exception:
             Type = null

ModelAndView:
        View name = null
             View = null
            Model = null

FlashMap:
       Attributes = null

MockHttpServletResponse:
           Status = 404
    Error message = null
          Headers = [Content-Type:"text/plain;charset=UTF-8", Content-Length:"62"]
     Content type = text/plain;charset=UTF-8
             Body = No client contact information matching your criteria was found
    Forwarded URL = null
   Redirected URL = null
          Cookies = []
2023-09-28T14:06:46.445-05:00  INFO 44934 --- [    Test worker] o.apache.catalina.core.StandardService   : Stopping service [Tomcat]
2023-09-28T14:06:46.447-05:00  INFO 44934 --- [    Test worker] j.LocalContainerEntityManagerFactoryBean : Closing JPA EntityManagerFactory for persistence unit 'default'
2023-09-28T14:06:46.448-05:00  INFO 44934 --- [    Test worker] com.zaxxer.hikari.HikariDataSource       : HikariPool-12 - Shutdown initiated...
2023-09-28T14:06:46.453-05:00  INFO 44934 --- [    Test worker] com.zaxxer.hikari.HikariDataSource       : HikariPool-12 - Shutdown completed.

  .   ____          _            __ _ _
 /\\ / ___'_ __ _ _(_)_ __  __ _ \ \ \ \
( ( )\___ | '_ | '_| | '_ \/ _` | \ \ \ \
 \\/  ___)| |_)| | | | | || (_| |  ) ) ) )
  '  |____| .__|_| |_|_| |_\__, | / / / /
 =========|_|==============|___/=/_/_/_/
 :: Spring Boot ::                (v3.1.1)

2023-09-28T14:06:46.460-05:00  INFO 44934 --- [    Test worker] ientContactInfoControllerIntegrationTest : Starting ClientContactInfoControllerIntegrationTest using Java 17.0.7 with PID 44934 (started by joshjennemann in /Users/joshjennemann/Desktop/Personal_Projects/outreach-mapping-solutions-back-end/Outreach-Mapping-Solutions/outreach-mapping-solutions-BE)
2023-09-28T14:06:46.460-05:00  INFO 44934 --- [    Test worker] ientContactInfoControllerIntegrationTest : No active profile set, falling back to 1 default profile: "default"
2023-09-28T14:06:46.503-05:00  INFO 44934 --- [    Test worker] .s.d.r.c.RepositoryConfigurationDelegate : Multiple Spring Data modules found, entering strict repository configuration mode
2023-09-28T14:06:46.503-05:00  INFO 44934 --- [    Test worker] .s.d.r.c.RepositoryConfigurationDelegate : Bootstrapping Spring Data JDBC repositories in DEFAULT mode.
2023-09-28T14:06:46.504-05:00  INFO 44934 --- [    Test worker] .RepositoryConfigurationExtensionSupport : Spring Data JDBC - Could not safely identify store assignment for repository candidate interface com.outreachmappingsolutions.repositories.ClientBaseRepository; If you want this repository to be a JDBC repository, consider annotating your entities with one of these annotations: org.springframework.data.relational.core.mapping.Table.
2023-09-28T14:06:46.504-05:00  INFO 44934 --- [    Test worker] .RepositoryConfigurationExtensionSupport : Spring Data JDBC - Could not safely identify store assignment for repository candidate interface com.outreachmappingsolutions.repositories.ClientContactInfoRepository; If you want this repository to be a JDBC repository, consider annotating your entities with one of these annotations: org.springframework.data.relational.core.mapping.Table.
2023-09-28T14:06:46.504-05:00  INFO 44934 --- [    Test worker] .RepositoryConfigurationExtensionSupport : Spring Data JDBC - Could not safely identify store assignment for repository candidate interface com.outreachmappingsolutions.repositories.ClientDemographicsRepository; If you want this repository to be a JDBC repository, consider annotating your entities with one of these annotations: org.springframework.data.relational.core.mapping.Table.
2023-09-28T14:06:46.504-05:00  INFO 44934 --- [    Test worker] .s.d.r.c.RepositoryConfigurationDelegate : Finished Spring Data repository scanning in 1 ms. Found 0 JDBC repository interfaces.
2023-09-28T14:06:46.505-05:00  INFO 44934 --- [    Test worker] .s.d.r.c.RepositoryConfigurationDelegate : Multiple Spring Data modules found, entering strict repository configuration mode
2023-09-28T14:06:46.505-05:00  INFO 44934 --- [    Test worker] .s.d.r.c.RepositoryConfigurationDelegate : Bootstrapping Spring Data JPA repositories in DEFAULT mode.
2023-09-28T14:06:46.509-05:00  INFO 44934 --- [    Test worker] .s.d.r.c.RepositoryConfigurationDelegate : Finished Spring Data repository scanning in 3 ms. Found 3 JPA repository interfaces.
2023-09-28T14:06:46.527-05:00  INFO 44934 --- [    Test worker] o.s.b.w.embedded.tomcat.TomcatWebServer  : Tomcat initialized with port(s): 0 (http)
2023-09-28T14:06:46.528-05:00  INFO 44934 --- [    Test worker] o.apache.catalina.core.StandardService   : Starting service [Tomcat]
2023-09-28T14:06:46.528-05:00  INFO 44934 --- [    Test worker] o.apache.catalina.core.StandardEngine    : Starting Servlet engine: [Apache Tomcat/10.1.10]
2023-09-28T14:06:46.534-05:00  INFO 44934 --- [    Test worker] o.a.c.c.C.[Tomcat].[localhost].[/]       : Initializing Spring embedded WebApplicationContext
2023-09-28T14:06:46.534-05:00  INFO 44934 --- [    Test worker] w.s.c.ServletWebServerApplicationContext : Root WebApplicationContext: initialization completed in 73 ms
2023-09-28T14:06:46.536-05:00  INFO 44934 --- [    Test worker] com.zaxxer.hikari.HikariDataSource       : HikariPool-13 - Starting...
2023-09-28T14:06:46.536-05:00  INFO 44934 --- [    Test worker] com.zaxxer.hikari.pool.HikariPool        : HikariPool-13 - Added connection conn58: url=jdbc:h2:mem:testdb user=SA
2023-09-28T14:06:46.536-05:00  INFO 44934 --- [    Test worker] com.zaxxer.hikari.HikariDataSource       : HikariPool-13 - Start completed.
2023-09-28T14:06:46.537-05:00  INFO 44934 --- [    Test worker] o.s.b.a.h2.H2ConsoleAutoConfiguration    : H2 console available at '/h2-console'. Database available at 'jdbc:h2:mem:testdb'
2023-09-28T14:06:46.548-05:00  INFO 44934 --- [    Test worker] o.hibernate.jpa.internal.util.LogHelper  : HHH000204: Processing PersistenceUnitInfo [name: default]
2023-09-28T14:06:46.550-05:00  INFO 44934 --- [    Test worker] o.h.b.i.BytecodeProviderInitiator        : HHH000021: Bytecode provider name : bytebuddy
2023-09-28T14:06:46.550-05:00  INFO 44934 --- [    Test worker] o.s.o.j.p.SpringPersistenceUnitInfo      : No LoadTimeWeaver setup: ignoring JPA class transformer
2023-09-28T14:06:46.554-05:00  INFO 44934 --- [    Test worker] o.h.b.i.BytecodeProviderInitiator        : HHH000021: Bytecode provider name : bytebuddy
2023-09-28T14:06:46.570-05:00  INFO 44934 --- [    Test worker] o.h.e.t.j.p.i.JtaPlatformInitiator       : HHH000490: Using JtaPlatform implementation: [org.hibernate.engine.transaction.jta.platform.internal.NoJtaPlatform]
2023-09-28T14:06:46.574-05:00  INFO 44934 --- [    Test worker] j.LocalContainerEntityManagerFactoryBean : Initialized JPA EntityManagerFactory for persistence unit 'default'
2023-09-28T14:06:46.589-05:00  WARN 44934 --- [    Test worker] JpaBaseConfiguration$JpaWebConfiguration : spring.jpa.open-in-view is enabled by default. Therefore, database queries may be performed during view rendering. Explicitly configure spring.jpa.open-in-view to disable this warning
2023-09-28T14:06:46.617-05:00  INFO 44934 --- [    Test worker] o.a.c.c.C.[Tomcat].[localhost].[/]       : Initializing Spring TestDispatcherServlet ''
2023-09-28T14:06:46.617-05:00  INFO 44934 --- [    Test worker] o.s.t.web.servlet.TestDispatcherServlet  : Initializing Servlet ''
2023-09-28T14:06:46.617-05:00  INFO 44934 --- [    Test worker] o.s.t.web.servlet.TestDispatcherServlet  : Completed initialization in 0 ms
2023-09-28T14:06:46.623-05:00  INFO 44934 --- [    Test worker] o.s.b.w.embedded.tomcat.TomcatWebServer  : Tomcat started on port(s): 52094 (http) with context path ''
2023-09-28T14:06:46.625-05:00  INFO 44934 --- [    Test worker] ientContactInfoControllerIntegrationTest : Started ClientContactInfoControllerIntegrationTest in 0.171 seconds (process running for 5.94)

MockHttpServletRequest:
      HTTP Method = PUT
      Request URI = /clientContactInfo/update/1
       Parameters = {}
          Headers = [Content-Type:"application/json;charset=UTF-8", Accept:"application/json", Content-Length:"248"]
             Body = {"id":null,"phonePrimary":"111-111-1115","phoneSecondary":"111-111-1116","email":"miles@test.com","iceName":"Julian Bashir","iceRelationship":"Friend","icePhonePrimary":"111-111-1117","icePhoneSecondary":"111-111-1118","iceEmail":"julian@test.com"}
    Session Attrs = {}

Handler:
             Type = com.outreachmappingsolutions.controllers.ClientContactInfoController
           Method = com.outreachmappingsolutions.controllers.ClientContactInfoController#updateClientContactInfo(Integer, ClientContactInfo)

Async:
    Async started = false
     Async result = null

Resolved Exception:
             Type = null

ModelAndView:
        View name = null
             View = null
            Model = null

FlashMap:
       Attributes = null

MockHttpServletResponse:
           Status = 200
    Error message = null
          Headers = [Content-Type:"application/json"]
     Content type = application/json
             Body = {"id":1,"phonePrimary":"111-111-1115","phoneSecondary":"111-111-1116","email":"miles@test.com","iceName":"Julian Bashir","iceRelationship":"Friend","icePhonePrimary":"111-111-1117","icePhoneSecondary":"111-111-1118","iceEmail":"julian@test.com"}
    Forwarded URL = null
   Redirected URL = null
          Cookies = []
2023-09-28T14:06:46.641-05:00  INFO 44934 --- [    Test worker] o.apache.catalina.core.StandardService   : Stopping service [Tomcat]
2023-09-28T14:06:46.644-05:00  INFO 44934 --- [    Test worker] j.LocalContainerEntityManagerFactoryBean : Closing JPA EntityManagerFactory for persistence unit 'default'
2023-09-28T14:06:46.645-05:00  INFO 44934 --- [    Test worker] com.zaxxer.hikari.HikariDataSource       : HikariPool-13 - Shutdown initiated...
2023-09-28T14:06:46.654-05:00  INFO 44934 --- [    Test worker] com.zaxxer.hikari.HikariDataSource       : HikariPool-13 - Shutdown completed.

  .   ____          _            __ _ _
 /\\ / ___'_ __ _ _(_)_ __  __ _ \ \ \ \
( ( )\___ | '_ | '_| | '_ \/ _` | \ \ \ \
 \\/  ___)| |_)| | | | | || (_| |  ) ) ) )
  '  |____| .__|_| |_|_| |_\__, | / / / /
 =========|_|==============|___/=/_/_/_/
 :: Spring Boot ::                (v3.1.1)

2023-09-28T14:06:46.662-05:00  INFO 44934 --- [    Test worker] ientContactInfoControllerIntegrationTest : Starting ClientContactInfoControllerIntegrationTest using Java 17.0.7 with PID 44934 (started by joshjennemann in /Users/joshjennemann/Desktop/Personal_Projects/outreach-mapping-solutions-back-end/Outreach-Mapping-Solutions/outreach-mapping-solutions-BE)
2023-09-28T14:06:46.662-05:00  INFO 44934 --- [    Test worker] ientContactInfoControllerIntegrationTest : No active profile set, falling back to 1 default profile: "default"
2023-09-28T14:06:46.703-05:00  INFO 44934 --- [    Test worker] .s.d.r.c.RepositoryConfigurationDelegate : Multiple Spring Data modules found, entering strict repository configuration mode
2023-09-28T14:06:46.703-05:00  INFO 44934 --- [    Test worker] .s.d.r.c.RepositoryConfigurationDelegate : Bootstrapping Spring Data JDBC repositories in DEFAULT mode.
2023-09-28T14:06:46.705-05:00  INFO 44934 --- [    Test worker] .RepositoryConfigurationExtensionSupport : Spring Data JDBC - Could not safely identify store assignment for repository candidate interface com.outreachmappingsolutions.repositories.ClientBaseRepository; If you want this repository to be a JDBC repository, consider annotating your entities with one of these annotations: org.springframework.data.relational.core.mapping.Table.
2023-09-28T14:06:46.705-05:00  INFO 44934 --- [    Test worker] .RepositoryConfigurationExtensionSupport : Spring Data JDBC - Could not safely identify store assignment for repository candidate interface com.outreachmappingsolutions.repositories.ClientContactInfoRepository; If you want this repository to be a JDBC repository, consider annotating your entities with one of these annotations: org.springframework.data.relational.core.mapping.Table.
2023-09-28T14:06:46.705-05:00  INFO 44934 --- [    Test worker] .RepositoryConfigurationExtensionSupport : Spring Data JDBC - Could not safely identify store assignment for repository candidate interface com.outreachmappingsolutions.repositories.ClientDemographicsRepository; If you want this repository to be a JDBC repository, consider annotating your entities with one of these annotations: org.springframework.data.relational.core.mapping.Table.
2023-09-28T14:06:46.705-05:00  INFO 44934 --- [    Test worker] .s.d.r.c.RepositoryConfigurationDelegate : Finished Spring Data repository scanning in 1 ms. Found 0 JDBC repository interfaces.
2023-09-28T14:06:46.706-05:00  INFO 44934 --- [    Test worker] .s.d.r.c.RepositoryConfigurationDelegate : Multiple Spring Data modules found, entering strict repository configuration mode
2023-09-28T14:06:46.706-05:00  INFO 44934 --- [    Test worker] .s.d.r.c.RepositoryConfigurationDelegate : Bootstrapping Spring Data JPA repositories in DEFAULT mode.
2023-09-28T14:06:46.709-05:00  INFO 44934 --- [    Test worker] .s.d.r.c.RepositoryConfigurationDelegate : Finished Spring Data repository scanning in 2 ms. Found 3 JPA repository interfaces.
2023-09-28T14:06:46.732-05:00  INFO 44934 --- [    Test worker] o.s.b.w.embedded.tomcat.TomcatWebServer  : Tomcat initialized with port(s): 0 (http)
2023-09-28T14:06:46.732-05:00  INFO 44934 --- [    Test worker] o.apache.catalina.core.StandardService   : Starting service [Tomcat]
2023-09-28T14:06:46.732-05:00  INFO 44934 --- [    Test worker] o.apache.catalina.core.StandardEngine    : Starting Servlet engine: [Apache Tomcat/10.1.10]
2023-09-28T14:06:46.740-05:00  INFO 44934 --- [    Test worker] o.a.c.c.C.[Tomcat].[localhost].[/]       : Initializing Spring embedded WebApplicationContext
2023-09-28T14:06:46.740-05:00  INFO 44934 --- [    Test worker] w.s.c.ServletWebServerApplicationContext : Root WebApplicationContext: initialization completed in 78 ms
2023-09-28T14:06:46.742-05:00  INFO 44934 --- [    Test worker] com.zaxxer.hikari.HikariDataSource       : HikariPool-14 - Starting...
2023-09-28T14:06:46.742-05:00  INFO 44934 --- [    Test worker] com.zaxxer.hikari.pool.HikariPool        : HikariPool-14 - Added connection conn60: url=jdbc:h2:mem:testdb user=SA
2023-09-28T14:06:46.742-05:00  INFO 44934 --- [    Test worker] com.zaxxer.hikari.HikariDataSource       : HikariPool-14 - Start completed.
2023-09-28T14:06:46.742-05:00  INFO 44934 --- [    Test worker] o.s.b.a.h2.H2ConsoleAutoConfiguration    : H2 console available at '/h2-console'. Database available at 'jdbc:h2:mem:testdb'
2023-09-28T14:06:46.750-05:00  INFO 44934 --- [    Test worker] o.hibernate.jpa.internal.util.LogHelper  : HHH000204: Processing PersistenceUnitInfo [name: default]
2023-09-28T14:06:46.752-05:00  INFO 44934 --- [    Test worker] o.h.b.i.BytecodeProviderInitiator        : HHH000021: Bytecode provider name : bytebuddy
2023-09-28T14:06:46.752-05:00  INFO 44934 --- [    Test worker] o.s.o.j.p.SpringPersistenceUnitInfo      : No LoadTimeWeaver setup: ignoring JPA class transformer
2023-09-28T14:06:46.760-05:00  INFO 44934 --- [    Test worker] o.h.b.i.BytecodeProviderInitiator        : HHH000021: Bytecode provider name : bytebuddy
2023-09-28T14:06:46.775-05:00  INFO 44934 --- [    Test worker] o.h.e.t.j.p.i.JtaPlatformInitiator       : HHH000490: Using JtaPlatform implementation: [org.hibernate.engine.transaction.jta.platform.internal.NoJtaPlatform]
2023-09-28T14:06:46.778-05:00  INFO 44934 --- [    Test worker] j.LocalContainerEntityManagerFactoryBean : Initialized JPA EntityManagerFactory for persistence unit 'default'
2023-09-28T14:06:46.793-05:00  WARN 44934 --- [    Test worker] JpaBaseConfiguration$JpaWebConfiguration : spring.jpa.open-in-view is enabled by default. Therefore, database queries may be performed during view rendering. Explicitly configure spring.jpa.open-in-view to disable this warning
2023-09-28T14:06:46.819-05:00  INFO 44934 --- [    Test worker] o.a.c.c.C.[Tomcat].[localhost].[/]       : Initializing Spring TestDispatcherServlet ''
2023-09-28T14:06:46.819-05:00  INFO 44934 --- [    Test worker] o.s.t.web.servlet.TestDispatcherServlet  : Initializing Servlet ''
2023-09-28T14:06:46.819-05:00  INFO 44934 --- [    Test worker] o.s.t.web.servlet.TestDispatcherServlet  : Completed initialization in 0 ms
2023-09-28T14:06:46.822-05:00  INFO 44934 --- [    Test worker] o.s.b.w.embedded.tomcat.TomcatWebServer  : Tomcat started on port(s): 52096 (http) with context path ''
2023-09-28T14:06:46.823-05:00  INFO 44934 --- [    Test worker] ientContactInfoControllerIntegrationTest : Started ClientContactInfoControllerIntegrationTest in 0.168 seconds (process running for 6.138)

MockHttpServletRequest:
      HTTP Method = GET
      Request URI = /clientContactInfo/return/1
       Parameters = {}
          Headers = []
             Body = null
    Session Attrs = {}

Handler:
             Type = com.outreachmappingsolutions.controllers.ClientContactInfoController
           Method = com.outreachmappingsolutions.controllers.ClientContactInfoController#returnClientContactInfoByClientId(Integer)

Async:
    Async started = false
     Async result = null

Resolved Exception:
             Type = null

ModelAndView:
        View name = null
             View = null
            Model = null

FlashMap:
       Attributes = null

MockHttpServletResponse:
           Status = 200
    Error message = null
          Headers = [Content-Type:"application/json"]
     Content type = application/json
             Body = {"id":1,"phonePrimary":"111-111-1111","phoneSecondary":"111-111-1112","email":"miles@test.com","iceName":"Keiko O'Brien","iceRelationship":"Ex-Wife","icePhonePrimary":"111-111-1113","icePhoneSecondary":"111-111-1114","iceEmail":"keiko@test.com"}
    Forwarded URL = null
   Redirected URL = null
          Cookies = []
2023-09-28T14:06:46.836-05:00  INFO 44934 --- [    Test worker] o.apache.catalina.core.StandardService   : Stopping service [Tomcat]
2023-09-28T14:06:46.837-05:00  INFO 44934 --- [    Test worker] j.LocalContainerEntityManagerFactoryBean : Closing JPA EntityManagerFactory for persistence unit 'default'
2023-09-28T14:06:46.838-05:00  INFO 44934 --- [    Test worker] com.zaxxer.hikari.HikariDataSource       : HikariPool-14 - Shutdown initiated...
2023-09-28T14:06:46.838-05:00  INFO 44934 --- [    Test worker] com.zaxxer.hikari.HikariDataSource       : HikariPool-14 - Shutdown completed.

  .   ____          _            __ _ _
 /\\ / ___'_ __ _ _(_)_ __  __ _ \ \ \ \
( ( )\___ | '_ | '_| | '_ \/ _` | \ \ \ \
 \\/  ___)| |_)| | | | | || (_| |  ) ) ) )
  '  |____| .__|_| |_|_| |_\__, | / / / /
 =========|_|==============|___/=/_/_/_/
 :: Spring Boot ::                (v3.1.1)

2023-09-28T14:06:46.847-05:00  INFO 44934 --- [    Test worker] ientContactInfoControllerIntegrationTest : Starting ClientContactInfoControllerIntegrationTest using Java 17.0.7 with PID 44934 (started by joshjennemann in /Users/joshjennemann/Desktop/Personal_Projects/outreach-mapping-solutions-back-end/Outreach-Mapping-Solutions/outreach-mapping-solutions-BE)
2023-09-28T14:06:46.847-05:00  INFO 44934 --- [    Test worker] ientContactInfoControllerIntegrationTest : No active profile set, falling back to 1 default profile: "default"
2023-09-28T14:06:46.889-05:00  INFO 44934 --- [    Test worker] .s.d.r.c.RepositoryConfigurationDelegate : Multiple Spring Data modules found, entering strict repository configuration mode
2023-09-28T14:06:46.889-05:00  INFO 44934 --- [    Test worker] .s.d.r.c.RepositoryConfigurationDelegate : Bootstrapping Spring Data JDBC repositories in DEFAULT mode.
2023-09-28T14:06:46.890-05:00  INFO 44934 --- [    Test worker] .RepositoryConfigurationExtensionSupport : Spring Data JDBC - Could not safely identify store assignment for repository candidate interface com.outreachmappingsolutions.repositories.ClientBaseRepository; If you want this repository to be a JDBC repository, consider annotating your entities with one of these annotations: org.springframework.data.relational.core.mapping.Table.
2023-09-28T14:06:46.890-05:00  INFO 44934 --- [    Test worker] .RepositoryConfigurationExtensionSupport : Spring Data JDBC - Could not safely identify store assignment for repository candidate interface com.outreachmappingsolutions.repositories.ClientContactInfoRepository; If you want this repository to be a JDBC repository, consider annotating your entities with one of these annotations: org.springframework.data.relational.core.mapping.Table.
2023-09-28T14:06:46.890-05:00  INFO 44934 --- [    Test worker] .RepositoryConfigurationExtensionSupport : Spring Data JDBC - Could not safely identify store assignment for repository candidate interface com.outreachmappingsolutions.repositories.ClientDemographicsRepository; If you want this repository to be a JDBC repository, consider annotating your entities with one of these annotations: org.springframework.data.relational.core.mapping.Table.
2023-09-28T14:06:46.890-05:00  INFO 44934 --- [    Test worker] .s.d.r.c.RepositoryConfigurationDelegate : Finished Spring Data repository scanning in 1 ms. Found 0 JDBC repository interfaces.
2023-09-28T14:06:46.891-05:00  INFO 44934 --- [    Test worker] .s.d.r.c.RepositoryConfigurationDelegate : Multiple Spring Data modules found, entering strict repository configuration mode
2023-09-28T14:06:46.891-05:00  INFO 44934 --- [    Test worker] .s.d.r.c.RepositoryConfigurationDelegate : Bootstrapping Spring Data JPA repositories in DEFAULT mode.
2023-09-28T14:06:46.895-05:00  INFO 44934 --- [    Test worker] .s.d.r.c.RepositoryConfigurationDelegate : Finished Spring Data repository scanning in 2 ms. Found 3 JPA repository interfaces.
2023-09-28T14:06:46.912-05:00  INFO 44934 --- [    Test worker] o.s.b.w.embedded.tomcat.TomcatWebServer  : Tomcat initialized with port(s): 0 (http)
2023-09-28T14:06:46.913-05:00  INFO 44934 --- [    Test worker] o.apache.catalina.core.StandardService   : Starting service [Tomcat]
2023-09-28T14:06:46.913-05:00  INFO 44934 --- [    Test worker] o.apache.catalina.core.StandardEngine    : Starting Servlet engine: [Apache Tomcat/10.1.10]
2023-09-28T14:06:46.919-05:00  INFO 44934 --- [    Test worker] o.a.c.c.C.[Tomcat].[localhost].[/]       : Initializing Spring embedded WebApplicationContext
2023-09-28T14:06:46.919-05:00  INFO 44934 --- [    Test worker] w.s.c.ServletWebServerApplicationContext : Root WebApplicationContext: initialization completed in 72 ms
2023-09-28T14:06:46.921-05:00  INFO 44934 --- [    Test worker] com.zaxxer.hikari.HikariDataSource       : HikariPool-15 - Starting...
2023-09-28T14:06:46.921-05:00  INFO 44934 --- [    Test worker] com.zaxxer.hikari.pool.HikariPool        : HikariPool-15 - Added connection conn61: url=jdbc:h2:mem:testdb user=SA
2023-09-28T14:06:46.921-05:00  INFO 44934 --- [    Test worker] com.zaxxer.hikari.HikariDataSource       : HikariPool-15 - Start completed.
2023-09-28T14:06:46.921-05:00  INFO 44934 --- [    Test worker] o.s.b.a.h2.H2ConsoleAutoConfiguration    : H2 console available at '/h2-console'. Database available at 'jdbc:h2:mem:testdb'
2023-09-28T14:06:46.929-05:00  INFO 44934 --- [    Test worker] o.hibernate.jpa.internal.util.LogHelper  : HHH000204: Processing PersistenceUnitInfo [name: default]
2023-09-28T14:06:46.931-05:00  INFO 44934 --- [    Test worker] o.h.b.i.BytecodeProviderInitiator        : HHH000021: Bytecode provider name : bytebuddy
2023-09-28T14:06:46.931-05:00  INFO 44934 --- [    Test worker] o.s.o.j.p.SpringPersistenceUnitInfo      : No LoadTimeWeaver setup: ignoring JPA class transformer
2023-09-28T14:06:46.936-05:00  INFO 44934 --- [    Test worker] o.h.b.i.BytecodeProviderInitiator        : HHH000021: Bytecode provider name : bytebuddy
2023-09-28T14:06:46.949-05:00  INFO 44934 --- [    Test worker] o.h.e.t.j.p.i.JtaPlatformInitiator       : HHH000490: Using JtaPlatform implementation: [org.hibernate.engine.transaction.jta.platform.internal.NoJtaPlatform]
2023-09-28T14:06:46.952-05:00  INFO 44934 --- [    Test worker] j.LocalContainerEntityManagerFactoryBean : Initialized JPA EntityManagerFactory for persistence unit 'default'
2023-09-28T14:06:46.966-05:00  WARN 44934 --- [    Test worker] JpaBaseConfiguration$JpaWebConfiguration : spring.jpa.open-in-view is enabled by default. Therefore, database queries may be performed during view rendering. Explicitly configure spring.jpa.open-in-view to disable this warning
2023-09-28T14:06:46.996-05:00  INFO 44934 --- [    Test worker] o.a.c.c.C.[Tomcat].[localhost].[/]       : Initializing Spring TestDispatcherServlet ''
2023-09-28T14:06:46.996-05:00  INFO 44934 --- [    Test worker] o.s.t.web.servlet.TestDispatcherServlet  : Initializing Servlet ''
2023-09-28T14:06:46.996-05:00  INFO 44934 --- [    Test worker] o.s.t.web.servlet.TestDispatcherServlet  : Completed initialization in 0 ms
2023-09-28T14:06:46.999-05:00  INFO 44934 --- [    Test worker] o.s.b.w.embedded.tomcat.TomcatWebServer  : Tomcat started on port(s): 52102 (http) with context path ''
2023-09-28T14:06:47.000-05:00  INFO 44934 --- [    Test worker] ientContactInfoControllerIntegrationTest : Started ClientContactInfoControllerIntegrationTest in 0.16 seconds (process running for 6.315)

MockHttpServletRequest:
      HTTP Method = GET
      Request URI = /clientContactInfo/returnAll
       Parameters = {}
          Headers = []
             Body = null
    Session Attrs = {}

Handler:
             Type = com.outreachmappingsolutions.controllers.ClientContactInfoController
           Method = com.outreachmappingsolutions.controllers.ClientContactInfoController#returnAllClientContactInfo()

Async:
    Async started = false
     Async result = null

Resolved Exception:
             Type = null

ModelAndView:
        View name = null
             View = null
            Model = null

FlashMap:
       Attributes = null

MockHttpServletResponse:
           Status = 200
    Error message = null
          Headers = [Content-Type:"application/json"]
     Content type = application/json
             Body = [{"id":1,"phonePrimary":"111-111-1111","phoneSecondary":"111-111-1112","email":"miles@test.com","iceName":"Keiko O'Brien","iceRelationship":"Ex-Wife","icePhonePrimary":"111-111-1113","icePhoneSecondary":"111-111-1114","iceEmail":"keiko@test.com"},{"id":2,"phonePrimary":"222-222-2221","phoneSecondary":"222-222-2222","email":"wesley@test.com","iceName":"Beverly Crusher","iceRelationship":"Mother","icePhonePrimary":"222-222-2223","icePhoneSecondary":"222-222-2224","iceEmail":"dr.crusher@email.com"},{"id":3,"phonePrimary":"111-111-1111","phoneSecondary":"222-222-2222","email":"thomas@test.com","iceName":"Will Riker","iceRelationship":"Brother","icePhonePrimary":"333-333-3333","icePhoneSecondary":"444-444-4444","iceEmail":"will@email.com"}]
    Forwarded URL = null
   Redirected URL = null
          Cookies = []
2023-09-28T14:06:47.017-05:00  INFO 44934 --- [    Test worker] o.apache.catalina.core.StandardService   : Stopping service [Tomcat]
2023-09-28T14:06:47.018-05:00  INFO 44934 --- [    Test worker] j.LocalContainerEntityManagerFactoryBean : Closing JPA EntityManagerFactory for persistence unit 'default'
2023-09-28T14:06:47.019-05:00  INFO 44934 --- [    Test worker] com.zaxxer.hikari.HikariDataSource       : HikariPool-15 - Shutdown initiated...
2023-09-28T14:06:47.019-05:00  INFO 44934 --- [    Test worker] com.zaxxer.hikari.HikariDataSource       : HikariPool-15 - Shutdown completed.
]]></system-out>
  <system-err><![CDATA[]]></system-err>
</testsuite>
