<?xml version="1.0" encoding="UTF-8"?>
<testsuite name="com.outreachmappingsolutions.Services.ClientDemographicsServiceUnitTest" tests="9" skipped="0" failures="0" errors="0" timestamp="2023-07-28T14:40:45" hostname="Joshs-Air.lan" time="0.013">
  <properties/>
  <testcase name="testUpdateClientDemographicsSuccess()" classname="com.outreachmappingsolutions.Services.ClientDemographicsServiceUnitTest" time="0.005"/>
  <testcase name="testReturnAllClientDemographicsSuccess()" classname="com.outreachmappingsolutions.Services.ClientDemographicsServiceUnitTest" time="0.001"/>
  <testcase name="testReturnAllClientDemographicsError()" classname="com.outreachmappingsolutions.Services.ClientDemographicsServiceUnitTest" time="0.001"/>
  <testcase name="testUpdateClientDemographicsNotFound()" classname="com.outreachmappingsolutions.Services.ClientDemographicsServiceUnitTest" time="0.001"/>
  <testcase name="testReturnClientDemographicsByClientIdError()" classname="com.outreachmappingsolutions.Services.ClientDemographicsServiceUnitTest" time="0.001"/>
  <testcase name="testReturnAllClientDemographicsNotFound()" classname="com.outreachmappingsolutions.Services.ClientDemographicsServiceUnitTest" time="0.001"/>
  <testcase name="testReturnClientDemographicsByClientIdSuccess()" classname="com.outreachmappingsolutions.Services.ClientDemographicsServiceUnitTest" time="0.001"/>
  <testcase name="testReturnClientDemographicsByClientIdNotFound()" classname="com.outreachmappingsolutions.Services.ClientDemographicsServiceUnitTest" time="0.0"/>
  <testcase name="testUpdateClientDemographicsError()" classname="com.outreachmappingsolutions.Services.ClientDemographicsServiceUnitTest" time="0.001"/>
  <system-out><![CDATA[]]></system-out>
  <system-err><![CDATA[]]></system-err>
</testsuite>
